RUN	botiqueClass.Boutiquee	boutiquee	1683040007052	 	3.9.0
USER	MultipleRequests	START	1683040008828
USER	MultipleRequests	START	1683040008828
USER	MultipleRequests	START	1683040008828
USER	MultipleRequests	START	1683040008828
USER	MultipleRequests	START	1683040008831
USER	MultipleRequests	START	1683040008831
USER	MultipleRequests	START	1683040008832
USER	MultipleRequests	START	1683040008832
USER	MultipleRequests	START	1683040008832
USER	MultipleRequests	START	1683040008828
USER	MultipleRequests	START	1683040008833
USER	MultipleRequests	START	1683040008833
USER	MultipleRequests	START	1683040008834
USER	MultipleRequests	START	1683040008834
USER	MultipleRequests	START	1683040008834
USER	MultipleRequests	START	1683040008835
USER	MultipleRequests	START	1683040008835
USER	MultipleRequests	START	1683040008836
USER	MultipleRequests	START	1683040008836
USER	MultipleRequests	START	1683040008836
USER	MultipleRequests	START	1683040008828
USER	MultipleRequests	START	1683040008837
USER	MultipleRequests	START	1683040008837
USER	MultipleRequests	START	1683040008837
USER	MultipleRequests	START	1683040008838
USER	MultipleRequests	START	1683040008838
USER	MultipleRequests	START	1683040008838
USER	MultipleRequests	START	1683040008837
USER	MultipleRequests	START	1683040008839
USER	MultipleRequests	START	1683040008839
USER	MultipleRequests	START	1683040008839
USER	MultipleRequests	START	1683040008839
USER	MultipleRequests	START	1683040008839
USER	MultipleRequests	START	1683040008840
USER	MultipleRequests	START	1683040008828
USER	MultipleRequests	START	1683040008842
USER	MultipleRequests	START	1683040008842
USER	MultipleRequests	START	1683040008842
USER	MultipleRequests	START	1683040008842
USER	MultipleRequests	START	1683040008843
USER	MultipleRequests	START	1683040008843
USER	MultipleRequests	START	1683040008843
USER	MultipleRequests	START	1683040008843
USER	MultipleRequests	START	1683040008843
USER	MultipleRequests	START	1683040008844
USER	MultipleRequests	START	1683040008828
USER	MultipleRequests	START	1683040008845
USER	MultipleRequests	START	1683040008845
USER	MultipleRequests	START	1683040008845
USER	MultipleRequests	START	1683040008847
USER	MultipleRequests	START	1683040008848
USER	MultipleRequests	START	1683040008850
USER	MultipleRequests	START	1683040008850
USER	MultipleRequests	START	1683040008850
USER	MultipleRequests	START	1683040008850
USER	MultipleRequests	START	1683040008851
USER	MultipleRequests	START	1683040008851
USER	MultipleRequests	START	1683040008851
USER	MultipleRequests	START	1683040008851
USER	MultipleRequests	START	1683040008852
USER	MultipleRequests	START	1683040008853
USER	MultipleRequests	START	1683040008855
USER	MultipleRequests	START	1683040008856
USER	MultipleRequests	START	1683040008858
USER	MultipleRequests	START	1683040008860
USER	MultipleRequests	START	1683040008860
USER	MultipleRequests	START	1683040008860
USER	MultipleRequests	START	1683040008860
USER	MultipleRequests	START	1683040008861
USER	MultipleRequests	START	1683040008861
USER	MultipleRequests	START	1683040008861
USER	MultipleRequests	START	1683040008861
USER	MultipleRequests	START	1683040008862
USER	MultipleRequests	START	1683040008862
USER	MultipleRequests	START	1683040008862
USER	MultipleRequests	START	1683040008862
USER	MultipleRequests	START	1683040008864
USER	MultipleRequests	START	1683040008865
USER	MultipleRequests	START	1683040008867
USER	MultipleRequests	START	1683040008869
USER	MultipleRequests	START	1683040008869
USER	MultipleRequests	START	1683040008869
USER	MultipleRequests	START	1683040008869
USER	MultipleRequests	START	1683040008870
USER	MultipleRequests	START	1683040008872
USER	MultipleRequests	START	1683040008873
USER	MultipleRequests	START	1683040008874
USER	MultipleRequests	START	1683040008874
USER	MultipleRequests	START	1683040008875
USER	MultipleRequests	START	1683040008875
USER	MultipleRequests	START	1683040008875
USER	MultipleRequests	START	1683040008875
USER	MultipleRequests	START	1683040008876
USER	MultipleRequests	START	1683040008876
USER	MultipleRequests	START	1683040008877
USER	MultipleRequests	START	1683040008878
USER	MultipleRequests	START	1683040008879
USER	MultipleRequests	START	1683040008880
USER	MultipleRequests	START	1683040008880
USER	MultipleRequests	START	1683040008880
USER	MultipleRequests	START	1683040008881
USER	MultipleRequests	START	1683040008882
USER	MultipleRequests	START	1683040008884
USER	MultipleRequests	START	1683040008885
USER	MultipleRequests	START	1683040008887
USER	MultipleRequests	START	1683040008881
USER	MultipleRequests	START	1683040008890
USER	MultipleRequests	START	1683040008890
USER	MultipleRequests	START	1683040008890
USER	MultipleRequests	START	1683040008890
USER	MultipleRequests	START	1683040008891
USER	MultipleRequests	START	1683040008891
USER	MultipleRequests	START	1683040008891
USER	MultipleRequests	START	1683040008892
USER	MultipleRequests	START	1683040008892
USER	MultipleRequests	START	1683040008892
USER	MultipleRequests	START	1683040008892
USER	MultipleRequests	START	1683040008893
USER	MultipleRequests	START	1683040008894
USER	MultipleRequests	START	1683040008894
USER	MultipleRequests	START	1683040008894
USER	MultipleRequests	START	1683040008895
USER	MultipleRequests	START	1683040008895
USER	MultipleRequests	START	1683040008895
USER	MultipleRequests	START	1683040008895
USER	MultipleRequests	START	1683040008895
USER	MultipleRequests	START	1683040008896
USER	MultipleRequests	START	1683040008896
USER	MultipleRequests	START	1683040008898
USER	MultipleRequests	START	1683040008898
USER	MultipleRequests	START	1683040008898
USER	MultipleRequests	START	1683040008898
USER	MultipleRequests	START	1683040008899
USER	MultipleRequests	START	1683040008900
USER	MultipleRequests	START	1683040008901
USER	MultipleRequests	START	1683040008902
USER	MultipleRequests	START	1683040008903
USER	MultipleRequests	START	1683040008905
USER	MultipleRequests	START	1683040008906
USER	MultipleRequests	START	1683040008908
USER	MultipleRequests	START	1683040008909
USER	MultipleRequests	START	1683040008910
USER	MultipleRequests	START	1683040008912
USER	MultipleRequests	START	1683040008913
USER	MultipleRequests	START	1683040008913
USER	MultipleRequests	START	1683040008913
USER	MultipleRequests	START	1683040008914
USER	MultipleRequests	START	1683040008914
USER	MultipleRequests	START	1683040008915
USER	MultipleRequests	START	1683040008915
USER	MultipleRequests	START	1683040008916
USER	MultipleRequests	START	1683040008916
USER	MultipleRequests	START	1683040008917
USER	MultipleRequests	START	1683040008917
USER	MultipleRequests	START	1683040008917
USER	MultipleRequests	START	1683040008917
USER	MultipleRequests	START	1683040008918
USER	MultipleRequests	START	1683040008918
USER	MultipleRequests	START	1683040008918
USER	MultipleRequests	START	1683040008918
USER	MultipleRequests	START	1683040008918
USER	MultipleRequests	START	1683040008919
USER	MultipleRequests	START	1683040008919
USER	MultipleRequests	START	1683040008919
USER	MultipleRequests	START	1683040008919
USER	MultipleRequests	START	1683040008919
USER	MultipleRequests	START	1683040008920
USER	MultipleRequests	START	1683040008921
USER	MultipleRequests	START	1683040008921
USER	MultipleRequests	START	1683040008921
USER	MultipleRequests	START	1683040008921
USER	MultipleRequests	START	1683040008922
USER	MultipleRequests	START	1683040008923
USER	MultipleRequests	START	1683040008923
USER	MultipleRequests	START	1683040008924
USER	MultipleRequests	START	1683040008925
USER	MultipleRequests	START	1683040008926
USER	MultipleRequests	START	1683040008930
USER	MultipleRequests	START	1683040008931
USER	MultipleRequests	START	1683040008932
USER	MultipleRequests	START	1683040008933
USER	MultipleRequests	START	1683040008933
USER	MultipleRequests	START	1683040008934
USER	MultipleRequests	START	1683040008935
USER	MultipleRequests	START	1683040008937
USER	MultipleRequests	START	1683040008937
USER	MultipleRequests	START	1683040008937
USER	MultipleRequests	START	1683040008937
USER	MultipleRequests	START	1683040008938
USER	MultipleRequests	START	1683040008938
USER	MultipleRequests	START	1683040008938
USER	MultipleRequests	START	1683040008939
USER	MultipleRequests	START	1683040008941
USER	MultipleRequests	START	1683040008942
USER	MultipleRequests	START	1683040008943
USER	MultipleRequests	START	1683040008944
USER	MultipleRequests	START	1683040008944
USER	MultipleRequests	START	1683040008945
USER	MultipleRequests	START	1683040008946
USER	MultipleRequests	START	1683040008946
USER	MultipleRequests	START	1683040008946
USER	MultipleRequests	START	1683040008947
USER	MultipleRequests	START	1683040008947
USER	MultipleRequests	START	1683040008948
USER	MultipleRequests	START	1683040008948
USER	MultipleRequests	START	1683040008958
USER	MultipleRequests	START	1683040008970
USER	MultipleRequests	START	1683040008991
USER	MultipleRequests	START	1683040008994
USER	MultipleRequests	START	1683040009080
USER	MultipleRequests	START	1683040009082
USER	MultipleRequests	START	1683040009104
USER	MultipleRequests	START	1683040009144
USER	MultipleRequests	START	1683040009146
USER	MultipleRequests	START	1683040009148
USER	MultipleRequests	START	1683040009151
USER	MultipleRequests	START	1683040009152
USER	MultipleRequests	START	1683040009153
USER	MultipleRequests	START	1683040009155
USER	MultipleRequests	START	1683040009157
USER	MultipleRequests	START	1683040009158
USER	MultipleRequests	START	1683040009163
USER	MultipleRequests	START	1683040009198
USER	MultipleRequests	START	1683040009199
USER	MultipleRequests	START	1683040009201
USER	MultipleRequests	START	1683040009201
USER	MultipleRequests	START	1683040009249
USER	MultipleRequests	START	1683040009252
USER	MultipleRequests	START	1683040009252
USER	MultipleRequests	START	1683040009253
USER	MultipleRequests	START	1683040009254
USER	MultipleRequests	START	1683040009255
USER	MultipleRequests	START	1683040009255
USER	MultipleRequests	START	1683040009257
USER	MultipleRequests	START	1683040009257
USER	MultipleRequests	START	1683040009258
USER	MultipleRequests	START	1683040009259
USER	MultipleRequests	START	1683040009261
USER	MultipleRequests	START	1683040009262
USER	MultipleRequests	START	1683040009264
USER	MultipleRequests	START	1683040009305
USER	MultipleRequests	START	1683040009308
USER	MultipleRequests	START	1683040009310
USER	MultipleRequests	START	1683040009311
USER	MultipleRequests	START	1683040009313
USER	MultipleRequests	START	1683040009315
USER	MultipleRequests	START	1683040009325
USER	MultipleRequests	START	1683040009346
USER	MultipleRequests	START	1683040009348
USER	MultipleRequests	START	1683040009349
REQUEST		T10_Home	1683040008812	1683040009467	OK	 
REQUEST		T10_Home	1683040008811	1683040009462	OK	 
REQUEST		T10_Home	1683040008833	1683040009520	OK	 
REQUEST		T10_Home	1683040008831	1683040009522	OK	 
REQUEST		T10_Home	1683040008837	1683040009535	OK	 
REQUEST		T10_Home	1683040008845	1683040009609	OK	 
REQUEST		T10_Home	1683040008834	1683040009610	OK	 
REQUEST		T10_Home	1683040008836	1683040009613	OK	 
REQUEST		T10_Home	1683040008841	1683040009696	OK	 
REQUEST		T10_Home	1683040008868	1683040009705	OK	 
REQUEST		T10_Home	1683040008876	1683040009706	OK	 
REQUEST		T10_Home	1683040008846	1683040009708	OK	 
REQUEST		T10_Home	1683040008851	1683040009711	OK	 
REQUEST		T10_Home	1683040008850	1683040009710	OK	 
REQUEST		T10_Home	1683040008866	1683040009782	OK	 
REQUEST		T10_Home	1683040008876	1683040009783	OK	 
REQUEST		T20_Home	1683040009614	1683040010072	KO	status.find.in([200, 209], 304), found 404
REQUEST		T20_Home	1683040009610	1683040010072	KO	status.find.in([200, 209], 304), found 404
USER	MultipleRequests	END	1683040010088
USER	MultipleRequests	END	1683040010089
REQUEST		T20_Home	1683040009529	1683040010091	KO	status.find.in([200, 209], 304), found 404
USER	MultipleRequests	END	1683040010095
REQUEST		T20_Home	1683040009706	1683040010096	KO	status.find.in([200, 209], 304), found 404
USER	MultipleRequests	END	1683040010099
REQUEST		T20_Home	1683040009697	1683040010100	KO	status.find.in([200, 209], 304), found 404
USER	MultipleRequests	END	1683040010103
REQUEST		T20_Home	1683040009709	1683040010104	KO	status.find.in([200, 209], 304), found 404
USER	MultipleRequests	END	1683040010107
REQUEST		T20_Home	1683040009710	1683040010177	KO	status.find.in([200, 209], 304), found 404
REQUEST		T20_Home	1683040009784	1683040010178	KO	status.find.in([200, 209], 304), found 404
USER	MultipleRequests	END	1683040010181
USER	MultipleRequests	END	1683040010181
REQUEST		T20_Home	1683040009711	1683040010185	KO	status.find.in([200, 209], 304), found 404
USER	MultipleRequests	END	1683040010188
REQUEST		T20_Home	1683040009713	1683040010281	KO	status.find.in([200, 209], 304), found 404
USER	MultipleRequests	END	1683040010284
REQUEST		T10_Home	1683040008893	1683040010298	OK	 
REQUEST		T20_Home	1683040009539	1683040010300	KO	status.find.in([200, 209], 304), found 404
REQUEST		T20_Home	1683040009521	1683040010303	KO	status.find.in([200, 209], 304), found 404
REQUEST		T10_Home	1683040008870	1683040010305	OK	 
USER	MultipleRequests	END	1683040010310
USER	MultipleRequests	END	1683040010310
REQUEST		T10_Home	1683040008883	1683040010310	OK	 
REQUEST		T10_Home	1683040008858	1683040010313	OK	 
REQUEST		T20_Home	1683040009506	1683040010317	KO	status.find.in([200, 209], 304), found 404
USER	MultipleRequests	END	1683040010322
REQUEST		T20_Home	1683040009517	1683040010375	KO	status.find.in([200, 209], 304), found 404
USER	MultipleRequests	END	1683040010378
REQUEST		T10_Home	1683040008920	1683040010506	OK	 
REQUEST		T20_Home	1683040009610	1683040010506	KO	status.find.in([200, 209], 304), found 404
USER	MultipleRequests	END	1683040010510
REQUEST		T10_Home	1683040008859	1683040010527	OK	 
REQUEST		T20_Home	1683040009783	1683040010528	KO	status.find.in([200, 209], 304), found 404
USER	MultipleRequests	END	1683040010531
REQUEST		T10_Home	1683040008886	1683040010531	OK	 
REQUEST		T10_Home	1683040008861	1683040010531	OK	 
REQUEST		T10_Home	1683040008838	1683040010534	OK	 
REQUEST		T10_Home	1683040008880	1683040010536	OK	 
REQUEST		T10_Home	1683040008918	1683040010594	OK	 
REQUEST		T10_Home	1683040008894	1683040010607	OK	 
REQUEST		T10_Home	1683040008872	1683040010610	OK	 
REQUEST		T10_Home	1683040008919	1683040010613	OK	 
REQUEST		T10_Home	1683040008916	1683040010614	OK	 
REQUEST		T10_Home	1683040008880	1683040010632	OK	 
REQUEST		T10_Home	1683040008843	1683040010631	OK	 
REQUEST		T10_Home	1683040008862	1683040010635	OK	 
REQUEST		T10_Home	1683040008896	1683040010636	OK	 
REQUEST		T10_Home	1683040008922	1683040010638	OK	 
REQUEST		T10_Home	1683040008918	1683040010641	OK	 
REQUEST		T20_Home	1683040010301	1683040010642	KO	status.find.in([200, 209], 304), found 404
REQUEST		T10_Home	1683040008837	1683040010643	OK	 
REQUEST		T20_Home	1683040010307	1683040010646	KO	status.find.in([200, 209], 304), found 404
USER	MultipleRequests	END	1683040010653
REQUEST		T10_Home	1683040008892	1683040010650	OK	 
USER	MultipleRequests	END	1683040010656
REQUEST		T20_Home	1683040010311	1683040010680	KO	status.find.in([200, 209], 304), found 404
REQUEST		T10_Home	1683040008895	1683040010682	OK	 
USER	MultipleRequests	END	1683040010685
REQUEST		T10_Home	1683040008833	1683040010685	OK	 
REQUEST		T10_Home	1683040008844	1683040010689	OK	 
REQUEST		T20_Home	1683040010315	1683040010789	KO	status.find.in([200, 209], 304), found 404
REQUEST		T10_Home	1683040008897	1683040010793	OK	 
REQUEST		T10_Home	1683040008919	1683040010794	OK	 
REQUEST		T10_Home	1683040008854	1683040010793	OK	 
REQUEST		T10_Home	1683040008931	1683040010797	OK	 
REQUEST		T10_Home	1683040008937	1683040010801	OK	 
USER	MultipleRequests	END	1683040010805
REQUEST		T10_Home	1683040008917	1683040010806	OK	 
REQUEST		T10_Home	1683040008830	1683040010888	OK	 
REQUEST		T20_Home	1683040010535	1683040010888	KO	status.find.in([200, 209], 304), found 404
REQUEST		T20_Home	1683040010596	1683040010892	KO	status.find.in([200, 209], 304), found 404
REQUEST		T10_Home	1683040008938	1683040010895	OK	 
REQUEST		T20_Home	1683040010532	1683040010894	KO	status.find.in([200, 209], 304), found 404
REQUEST		T10_Home	1683040008933	1683040010898	OK	 
REQUEST		T10_Home	1683040008922	1683040010900	OK	 
REQUEST		T10_Home	1683040008937	1683040010902	OK	 
REQUEST		T20_Home	1683040010613	1683040010904	KO	status.find.in([200, 209], 304), found 404
REQUEST		T10_Home	1683040008921	1683040010906	OK	 
REQUEST		T10_Home	1683040008941	1683040010909	OK	 
REQUEST		T20_Home	1683040010529	1683040010909	KO	status.find.in([200, 209], 304), found 404
REQUEST		T20_Home	1683040010538	1683040010912	KO	status.find.in([200, 209], 304), found 404
REQUEST		T10_Home	1683040008926	1683040010912	OK	 
REQUEST		T20_Home	1683040010533	1683040010915	KO	status.find.in([200, 209], 304), found 404
REQUEST		T10_Home	1683040008811	1683040010916	OK	 
REQUEST		T10_Home	1683040008849	1683040010917	OK	 
REQUEST		T10_Home	1683040008833	1683040010918	OK	 
REQUEST		T10_Home	1683040008933	1683040010919	OK	 
USER	MultipleRequests	END	1683040010922
USER	MultipleRequests	END	1683040010922
USER	MultipleRequests	END	1683040010922
USER	MultipleRequests	END	1683040010922
USER	MultipleRequests	END	1683040010922
USER	MultipleRequests	END	1683040010922
USER	MultipleRequests	END	1683040010922
REQUEST		T10_Home	1683040008835	1683040010934	OK	 
REQUEST		T10_Home	1683040008830	1683040010934	OK	 
REQUEST		T10_Home	1683040008863	1683040010935	OK	 
REQUEST		T10_Home	1683040008948	1683040010936	OK	 
REQUEST		T10_Home	1683040008924	1683040010937	OK	 
REQUEST		T20_Home	1683040010508	1683040010938	KO	status.find.in([200, 209], 304), found 404
USER	MultipleRequests	END	1683040010939
REQUEST		T20_Home	1683040010609	1683040010977	KO	status.find.in([200, 209], 304), found 404
USER	MultipleRequests	END	1683040010979
REQUEST		T10_Home	1683040008945	1683040010980	OK	 
REQUEST		T20_Home	1683040010640	1683040010981	KO	status.find.in([200, 209], 304), found 404
USER	MultipleRequests	END	1683040010982
REQUEST		T20_Home	1683040010633	1683040010983	KO	status.find.in([200, 209], 304), found 404
REQUEST		T20_Home	1683040010637	1683040010984	KO	status.find.in([200, 209], 304), found 404
REQUEST		T20_Home	1683040010637	1683040010985	KO	status.find.in([200, 209], 304), found 404
REQUEST		T20_Home	1683040010645	1683040010987	KO	status.find.in([200, 209], 304), found 404
REQUEST		T20_Home	1683040010615	1683040010988	KO	status.find.in([200, 209], 304), found 404
USER	MultipleRequests	END	1683040010991
REQUEST		T20_Home	1683040010691	1683040010990	KO	status.find.in([200, 209], 304), found 404
USER	MultipleRequests	END	1683040010992
USER	MultipleRequests	END	1683040010992
USER	MultipleRequests	END	1683040010992
USER	MultipleRequests	END	1683040010992
USER	MultipleRequests	END	1683040010992
REQUEST		T10_Home	1683040008831	1683040010992	OK	 
REQUEST		T20_Home	1683040010687	1683040010995	KO	status.find.in([200, 209], 304), found 404
USER	MultipleRequests	END	1683040010997
REQUEST		T20_Home	1683040010684	1683040010998	KO	status.find.in([200, 209], 304), found 404
USER	MultipleRequests	END	1683040011001
REQUEST		T20_Home	1683040010615	1683040011004	KO	status.find.in([200, 209], 304), found 404
USER	MultipleRequests	END	1683040011006
REQUEST		T10_Home	1683040008811	1683040011007	OK	 
REQUEST		T10_Home	1683040008862	1683040011007	OK	 
REQUEST		T10_Home	1683040008898	1683040011011	OK	 
REQUEST		T10_Home	1683040008842	1683040011010	OK	 
REQUEST		T10_Home	1683040008880	1683040011008	OK	 
REQUEST		T10_Home	1683040008811	1683040011013	OK	 
REQUEST		T10_Home	1683040008891	1683040011015	OK	 
REQUEST		T10_Home	1683040008836	1683040011015	OK	 
REQUEST		T10_Home	1683040008920	1683040011017	OK	 
REQUEST		T10_Home	1683040008838	1683040011081	OK	 
REQUEST		T20_Home	1683040010796	1683040011080	KO	status.find.in([200, 209], 304), found 404
REQUEST		T20_Home	1683040010799	1683040011085	KO	status.find.in([200, 209], 304), found 404
REQUEST		T20_Home	1683040010656	1683040011085	KO	status.find.in([200, 209], 304), found 404
REQUEST		T20_Home	1683040010795	1683040011090	KO	status.find.in([200, 209], 304), found 404
REQUEST		T10_Home	1683040008840	1683040011092	OK	 
USER	MultipleRequests	END	1683040011094
USER	MultipleRequests	END	1683040011094
USER	MultipleRequests	END	1683040011096
USER	MultipleRequests	END	1683040011096
REQUEST		T20_Home	1683040010803	1683040011098	KO	status.find.in([200, 209], 304), found 404
REQUEST		T10_Home	1683040008945	1683040011099	OK	 
REQUEST		T20_Home	1683040010808	1683040011103	KO	status.find.in([200, 209], 304), found 404
REQUEST		T10_Home	1683040008913	1683040011105	OK	 
USER	MultipleRequests	END	1683040011110
USER	MultipleRequests	END	1683040011110
REQUEST		T10_Home	1683040009312	1683040011111	OK	 
REQUEST		T10_Home	1683040008875	1683040011113	OK	 
REQUEST		T20_Home	1683040010633	1683040011116	KO	status.find.in([200, 209], 304), found 404
REQUEST		T10_Home	1683040009199	1683040011117	OK	 
REQUEST		T10_Home	1683040008845	1683040011117	OK	 
REQUEST		T10_Home	1683040008894	1683040011120	OK	 
REQUEST		T10_Home	1683040008851	1683040011120	OK	 
REQUEST		T20_Home	1683040010644	1683040011122	KO	status.find.in([200, 209], 304), found 404
REQUEST		T10_Home	1683040008842	1683040011122	OK	 
REQUEST		T10_Home	1683040008850	1683040011123	OK	 
REQUEST		T10_Home	1683040008876	1683040011126	OK	 
REQUEST		T20_Home	1683040010797	1683040011126	KO	status.find.in([200, 209], 304), found 404
REQUEST		T10_Home	1683040008891	1683040011129	OK	 
REQUEST		T10_Home	1683040008835	1683040011130	OK	 
USER	MultipleRequests	END	1683040011133
USER	MultipleRequests	END	1683040011134
USER	MultipleRequests	END	1683040011134
REQUEST		T20_Home	1683040010904	1683040011175	KO	status.find.in([200, 209], 304), found 404
REQUEST		T20_Home	1683040010901	1683040011176	KO	status.find.in([200, 209], 304), found 404
REQUEST		T20_Home	1683040010900	1683040011178	KO	status.find.in([200, 209], 304), found 404
REQUEST		T20_Home	1683040010890	1683040011180	KO	status.find.in([200, 209], 304), found 404
REQUEST		T20_Home	1683040010896	1683040011180	KO	status.find.in([200, 209], 304), found 404
USER	MultipleRequests	END	1683040011181
USER	MultipleRequests	END	1683040011182
USER	MultipleRequests	END	1683040011182
USER	MultipleRequests	END	1683040011184
USER	MultipleRequests	END	1683040011184
REQUEST		T20_Home	1683040010910	1683040011184	KO	status.find.in([200, 209], 304), found 404
USER	MultipleRequests	END	1683040011186
REQUEST		T10_Home	1683040009155	1683040011195	OK	 
REQUEST		T10_Home	1683040008959	1683040011230	OK	 
REQUEST		T20_Home	1683040010908	1683040011233	KO	status.find.in([200, 209], 304), found 404
REQUEST		T20_Home	1683040010913	1683040011234	KO	status.find.in([200, 209], 304), found 404
USER	MultipleRequests	END	1683040011236
USER	MultipleRequests	END	1683040011236
REQUEST		T10_Home	1683040009309	1683040011242	OK	 
REQUEST		T10_Home	1683040008921	1683040011241	OK	 
REQUEST		T10_Home	1683040008949	1683040011246	OK	 
REQUEST		T10_Home	1683040009156	1683040011246	OK	 
REQUEST		T10_Home	1683040009258	1683040011246	OK	 
REQUEST		T10_Home	1683040008838	1683040011248	OK	 
REQUEST		T10_Home	1683040008938	1683040011250	OK	 
REQUEST		T10_Home	1683040009254	1683040011250	OK	 
REQUEST		T10_Home	1683040008940	1683040011254	OK	 
REQUEST		T10_Home	1683040008812	1683040011254	OK	 
REQUEST		T10_Home	1683040008856	1683040011256	OK	 
REQUEST		T10_Home	1683040008851	1683040011257	OK	 
REQUEST		T10_Home	1683040008881	1683040011260	OK	 
REQUEST		T10_Home	1683040009202	1683040011263	OK	 
REQUEST		T20_Home	1683040010993	1683040011277	KO	status.find.in([200, 209], 304), found 404
USER	MultipleRequests	END	1683040011279
REQUEST		T20_Home	1683040010936	1683040011283	KO	status.find.in([200, 209], 304), found 404
REQUEST		T20_Home	1683040010917	1683040011285	KO	status.find.in([200, 209], 304), found 404
USER	MultipleRequests	END	1683040011285
USER	MultipleRequests	END	1683040011287
REQUEST		T20_Home	1683040010920	1683040011291	KO	status.find.in([200, 209], 304), found 404
REQUEST		T10_Home	1683040008870	1683040011295	OK	 
REQUEST		T20_Home	1683040010937	1683040011296	KO	status.find.in([200, 209], 304), found 404
USER	MultipleRequests	END	1683040011299
USER	MultipleRequests	END	1683040011299
REQUEST		T20_Home	1683040010919	1683040011298	KO	status.find.in([200, 209], 304), found 404
REQUEST		T20_Home	1683040010934	1683040011299	KO	status.find.in([200, 209], 304), found 404
REQUEST		T10_Home	1683040008945	1683040011303	OK	 
REQUEST		T10_Home	1683040008908	1683040011303	OK	 
REQUEST		T20_Home	1683040010936	1683040011306	KO	status.find.in([200, 209], 304), found 404
REQUEST		T10_Home	1683040009347	1683040011307	OK	 
REQUEST		T20_Home	1683040010982	1683040011310	KO	status.find.in([200, 209], 304), found 404
REQUEST		T20_Home	1683040010934	1683040011312	KO	status.find.in([200, 209], 304), found 404
REQUEST		T10_Home	1683040008863	1683040011315	OK	 
REQUEST		T10_Home	1683040009158	1683040011315	OK	 
REQUEST		T10_Home	1683040009202	1683040011317	OK	 
REQUEST		T20_Home	1683040010918	1683040011320	KO	status.find.in([200, 209], 304), found 404
REQUEST		T10_Home	1683040009259	1683040011320	OK	 
REQUEST		T10_Home	1683040008870	1683040011325	OK	 
REQUEST		T10_Home	1683040008851	1683040011325	OK	 
USER	MultipleRequests	END	1683040011330
USER	MultipleRequests	END	1683040011330
USER	MultipleRequests	END	1683040011330
REQUEST		T20_Home	1683040011008	1683040011339	KO	status.find.in([200, 209], 304), found 404
REQUEST		T10_Home	1683040008862	1683040011343	OK	 
REQUEST		T10_Home	1683040009150	1683040011329	OK	 
REQUEST		T10_Home	1683040009153	1683040011344	OK	 
REQUEST		T10_Home	1683040008921	1683040011329	OK	 
REQUEST		T10_Home	1683040008876	1683040011328	OK	 
REQUEST		T10_Home	1683040008877	1683040011347	OK	 
USER	MultipleRequests	END	1683040011349
USER	MultipleRequests	END	1683040011349
USER	MultipleRequests	END	1683040011349
REQUEST		T10_Home	1683040009250	1683040011349	OK	 
USER	MultipleRequests	END	1683040011349
REQUEST		T10_Home	1683040008861	1683040011350	OK	 
REQUEST		T10_Home	1683040008863	1683040011352	OK	 
REQUEST		T10_Home	1683040008891	1683040011354	OK	 
REQUEST		T10_Home	1683040009263	1683040011356	OK	 
REQUEST		T10_Home	1683040009200	1683040011358	OK	 
REQUEST		T20_Home	1683040011094	1683040011376	KO	status.find.in([200, 209], 304), found 404
USER	MultipleRequests	END	1683040011377
REQUEST		T20_Home	1683040011012	1683040011382	KO	status.find.in([200, 209], 304), found 404
REQUEST		T20_Home	1683040011012	1683040011382	KO	status.find.in([200, 209], 304), found 404
REQUEST		T20_Home	1683040011016	1683040011382	KO	status.find.in([200, 209], 304), found 404
REQUEST		T20_Home	1683040011009	1683040011384	KO	status.find.in([200, 209], 304), found 404
USER	MultipleRequests	END	1683040011386
USER	MultipleRequests	END	1683040011386
USER	MultipleRequests	END	1683040011386
USER	MultipleRequests	END	1683040011386
REQUEST		T10_Home	1683040009152	1683040011403	OK	 
REQUEST		T10_Home	1683040008856	1683040011403	OK	 
REQUEST		T10_Home	1683040008914	1683040011405	OK	 
REQUEST		T10_Home	1683040009255	1683040011405	OK	 
REQUEST		T10_Home	1683040008916	1683040011406	OK	 
REQUEST		T10_Home	1683040008839	1683040011406	OK	 
REQUEST		T10_Home	1683040008907	1683040011406	OK	 
REQUEST		T20_Home	1683040011121	1683040011483	KO	status.find.in([200, 209], 304), found 404
REQUEST		T20_Home	1683040011101	1683040011483	KO	status.find.in([200, 209], 304), found 404
USER	MultipleRequests	END	1683040011484
USER	MultipleRequests	END	1683040011485
REQUEST		T10_Home	1683040008904	1683040011489	OK	 
REQUEST		T10_Home	1683040009313	1683040011490	OK	 
REQUEST		T10_Home	1683040008847	1683040011491	OK	 
REQUEST		T10_Home	1683040008863	1683040011492	OK	 
REQUEST		T10_Home	1683040008896	1683040011493	OK	 
REQUEST		T10_Home	1683040009305	1683040011496	OK	 
REQUEST		T20_Home	1683040011264	1683040011576	KO	status.find.in([200, 209], 304), found 404
REQUEST		T20_Home	1683040011245	1683040011576	KO	status.find.in([200, 209], 304), found 404
REQUEST		T20_Home	1683040011245	1683040011578	KO	status.find.in([200, 209], 304), found 404
REQUEST		T20_Home	1683040011249	1683040011578	KO	status.find.in([200, 209], 304), found 404
REQUEST		T20_Home	1683040011255	1683040011579	KO	status.find.in([200, 209], 304), found 404
REQUEST		T20_Home	1683040011118	1683040011580	KO	status.find.in([200, 209], 304), found 404
REQUEST		T20_Home	1683040011297	1683040011583	KO	status.find.in([200, 209], 304), found 404
REQUEST		T20_Home	1683040011118	1683040011583	KO	status.find.in([200, 209], 304), found 404
REQUEST		T20_Home	1683040011305	1683040011584	KO	status.find.in([200, 209], 304), found 404
REQUEST		T20_Home	1683040011132	1683040011584	KO	status.find.in([200, 209], 304), found 404
REQUEST		T20_Home	1683040011014	1683040011585	KO	status.find.in([200, 209], 304), found 404
REQUEST		T10_Home	1683040008862	1683040011585	OK	 
REQUEST		T20_Home	1683040011018	1683040011586	KO	status.find.in([200, 209], 304), found 404
REQUEST		T20_Home	1683040011232	1683040011587	KO	status.find.in([200, 209], 304), found 404
REQUEST		T20_Home	1683040011305	1683040011588	KO	status.find.in([200, 209], 304), found 404
REQUEST		T20_Home	1683040011016	1683040011588	KO	status.find.in([200, 209], 304), found 404
REQUEST		T20_Home	1683040011124	1683040011589	KO	status.find.in([200, 209], 304), found 404
REQUEST		T20_Home	1683040011197	1683040011590	KO	status.find.in([200, 209], 304), found 404
REQUEST		T10_Home	1683040009319	1683040011591	OK	 
REQUEST		T20_Home	1683040011247	1683040011593	KO	status.find.in([200, 209], 304), found 404
REQUEST		T20_Home	1683040011114	1683040011594	KO	status.find.in([200, 209], 304), found 404
REQUEST		T20_Home	1683040011082	1683040011596	KO	status.find.in([200, 209], 304), found 404
REQUEST		T20_Home	1683040011127	1683040011597	KO	status.find.in([200, 209], 304), found 404
REQUEST		T20_Home	1683040011107	1683040011599	KO	status.find.in([200, 209], 304), found 404
REQUEST		T20_Home	1683040011130	1683040011600	KO	status.find.in([200, 209], 304), found 404
REQUEST		T20_Home	1683040011255	1683040011600	KO	status.find.in([200, 209], 304), found 404
REQUEST		T20_Home	1683040011014	1683040011600	KO	status.find.in([200, 209], 304), found 404
REQUEST		T20_Home	1683040011115	1683040011601	KO	status.find.in([200, 209], 304), found 404
REQUEST		T20_Home	1683040011247	1683040011601	KO	status.find.in([200, 209], 304), found 404
REQUEST		T20_Home	1683040011251	1683040011601	KO	status.find.in([200, 209], 304), found 404
REQUEST		T20_Home	1683040011259	1683040011602	KO	status.find.in([200, 209], 304), found 404
REQUEST		T20_Home	1683040011252	1683040011599	KO	status.find.in([200, 209], 304), found 404
REQUEST		T20_Home	1683040011121	1683040011582	KO	status.find.in([200, 209], 304), found 404
REQUEST		T20_Home	1683040011124	1683040011605	KO	status.find.in([200, 209], 304), found 404
REQUEST		T20_Home	1683040011252	1683040011607	KO	status.find.in([200, 209], 304), found 404
REQUEST		T10_Home	1683040008871	1683040011608	OK	 
REQUEST		T20_Home	1683040011258	1683040011609	KO	status.find.in([200, 209], 304), found 404
REQUEST		T20_Home	1683040011262	1683040011610	KO	status.find.in([200, 209], 304), found 404
USER	MultipleRequests	END	1683040011613
USER	MultipleRequests	END	1683040011613
USER	MultipleRequests	END	1683040011613
USER	MultipleRequests	END	1683040011613
USER	MultipleRequests	END	1683040011613
USER	MultipleRequests	END	1683040011613
USER	MultipleRequests	END	1683040011613
USER	MultipleRequests	END	1683040011613
USER	MultipleRequests	END	1683040011613
USER	MultipleRequests	END	1683040011613
USER	MultipleRequests	END	1683040011614
USER	MultipleRequests	END	1683040011614
USER	MultipleRequests	END	1683040011614
USER	MultipleRequests	END	1683040011614
USER	MultipleRequests	END	1683040011614
USER	MultipleRequests	END	1683040011614
USER	MultipleRequests	END	1683040011614
USER	MultipleRequests	END	1683040011614
USER	MultipleRequests	END	1683040011614
USER	MultipleRequests	END	1683040011614
USER	MultipleRequests	END	1683040011614
USER	MultipleRequests	END	1683040011614
USER	MultipleRequests	END	1683040011614
USER	MultipleRequests	END	1683040011614
USER	MultipleRequests	END	1683040011614
USER	MultipleRequests	END	1683040011614
USER	MultipleRequests	END	1683040011614
USER	MultipleRequests	END	1683040011614
USER	MultipleRequests	END	1683040011614
USER	MultipleRequests	END	1683040011614
USER	MultipleRequests	END	1683040011614
USER	MultipleRequests	END	1683040011614
USER	MultipleRequests	END	1683040011614
USER	MultipleRequests	END	1683040011614
USER	MultipleRequests	END	1683040011614
REQUEST		T20_Home	1683040011346	1683040011682	KO	status.find.in([200, 209], 304), found 404
USER	MultipleRequests	END	1683040011683
REQUEST		T20_Home	1683040011328	1683040011688	KO	status.find.in([200, 209], 304), found 404
USER	MultipleRequests	END	1683040011690
REQUEST		T20_Home	1683040011407	1683040011692	KO	status.find.in([200, 209], 304), found 404
USER	MultipleRequests	END	1683040011695
REQUEST		T20_Home	1683040011348	1683040011703	KO	status.find.in([200, 209], 304), found 404
REQUEST		T10_Home	1683040008811	1683040011703	OK	 
REQUEST		T20_Home	1683040011308	1683040011704	KO	status.find.in([200, 209], 304), found 404
REQUEST		T20_Home	1683040011344	1683040011705	KO	status.find.in([200, 209], 304), found 404
REQUEST		T20_Home	1683040011345	1683040011705	KO	status.find.in([200, 209], 304), found 404
REQUEST		T20_Home	1683040011405	1683040011706	KO	status.find.in([200, 209], 304), found 404
REQUEST		T20_Home	1683040011351	1683040011706	KO	status.find.in([200, 209], 304), found 404
REQUEST		T20_Home	1683040011318	1683040011707	KO	status.find.in([200, 209], 304), found 404
REQUEST		T20_Home	1683040011359	1683040011707	KO	status.find.in([200, 209], 304), found 404
REQUEST		T10_Home	1683040008895	1683040011707	OK	 
REQUEST		T20_Home	1683040011353	1683040011708	KO	status.find.in([200, 209], 304), found 404
REQUEST		T20_Home	1683040011346	1683040011709	KO	status.find.in([200, 209], 304), found 404
REQUEST		T20_Home	1683040011321	1683040011709	KO	status.find.in([200, 209], 304), found 404
REQUEST		T10_Home	1683040008850	1683040011710	OK	 
REQUEST		T20_Home	1683040011404	1683040011710	KO	status.find.in([200, 209], 304), found 404
REQUEST		T20_Home	1683040011316	1683040011711	KO	status.find.in([200, 209], 304), found 404
REQUEST		T20_Home	1683040011357	1683040011711	KO	status.find.in([200, 209], 304), found 404
REQUEST		T20_Home	1683040011344	1683040011712	KO	status.find.in([200, 209], 304), found 404
REQUEST		T10_Home	1683040009253	1683040011713	OK	 
REQUEST		T10_Home	1683040009256	1683040011713	OK	 
REQUEST		T20_Home	1683040011350	1683040011713	KO	status.find.in([200, 209], 304), found 404
REQUEST		T10_Home	1683040008896	1683040011714	OK	 
REQUEST		T20_Home	1683040011355	1683040011716	KO	status.find.in([200, 209], 304), found 404
REQUEST		T10_Home	1683040008845	1683040011715	OK	 
REQUEST		T10_Home	1683040009255	1683040011717	OK	 
REQUEST		T10_Home	1683040009161	1683040011717	OK	 
REQUEST		T20_Home	1683040011319	1683040011719	KO	status.find.in([200, 209], 304), found 404
REQUEST		T20_Home	1683040011405	1683040011719	KO	status.find.in([200, 209], 304), found 404
REQUEST		T20_Home	1683040011406	1683040011719	KO	status.find.in([200, 209], 304), found 404
REQUEST		T20_Home	1683040011326	1683040011720	KO	status.find.in([200, 209], 304), found 404
REQUEST		T20_Home	1683040011406	1683040011720	KO	status.find.in([200, 209], 304), found 404
REQUEST		T20_Home	1683040011404	1683040011714	KO	status.find.in([200, 209], 304), found 404
REQUEST		T10_Home	1683040009311	1683040011722	OK	 
USER	MultipleRequests	END	1683040011723
USER	MultipleRequests	END	1683040011723
USER	MultipleRequests	END	1683040011723
USER	MultipleRequests	END	1683040011723
USER	MultipleRequests	END	1683040011723
USER	MultipleRequests	END	1683040011723
USER	MultipleRequests	END	1683040011723
USER	MultipleRequests	END	1683040011723
USER	MultipleRequests	END	1683040011723
USER	MultipleRequests	END	1683040011723
USER	MultipleRequests	END	1683040011723
USER	MultipleRequests	END	1683040011723
USER	MultipleRequests	END	1683040011723
USER	MultipleRequests	END	1683040011724
USER	MultipleRequests	END	1683040011724
USER	MultipleRequests	END	1683040011724
USER	MultipleRequests	END	1683040011724
USER	MultipleRequests	END	1683040011724
USER	MultipleRequests	END	1683040011724
USER	MultipleRequests	END	1683040011724
USER	MultipleRequests	END	1683040011724
USER	MultipleRequests	END	1683040011724
USER	MultipleRequests	END	1683040011724
REQUEST		T20_Home	1683040011496	1683040011776	KO	status.find.in([200, 209], 304), found 404
USER	MultipleRequests	END	1683040011778
REQUEST		T20_Home	1683040011490	1683040011783	KO	status.find.in([200, 209], 304), found 404
REQUEST		T20_Home	1683040011494	1683040011783	KO	status.find.in([200, 209], 304), found 404
USER	MultipleRequests	END	1683040011788
USER	MultipleRequests	END	1683040011788
REQUEST		T20_Home	1683040011492	1683040011789	KO	status.find.in([200, 209], 304), found 404
USER	MultipleRequests	END	1683040011792
REQUEST		T10_Home	1683040008942	1683040011796	OK	 
REQUEST		T20_Home	1683040011491	1683040011797	KO	status.find.in([200, 209], 304), found 404
REQUEST		T10_Home	1683040008892	1683040011800	OK	 
USER	MultipleRequests	END	1683040011805
REQUEST		T10_Home	1683040008893	1683040011814	OK	 
REQUEST		T10_Home	1683040008885	1683040011815	OK	 
REQUEST		T10_Home	1683040008912	1683040011819	OK	 
REQUEST		T10_Home	1683040008915	1683040011819	OK	 
REQUEST		T10_Home	1683040008919	1683040011821	OK	 
REQUEST		T10_Home	1683040009103	1683040011821	OK	 
REQUEST		T10_Home	1683040008893	1683040011828	OK	 
REQUEST		T10_Home	1683040008909	1683040011829	OK	 
REQUEST		T10_Home	1683040008836	1683040011830	OK	 
REQUEST		T10_Home	1683040008933	1683040011831	OK	 
REQUEST		T20_Home	1683040011491	1683040011832	KO	status.find.in([200, 209], 304), found 404
REQUEST		T10_Home	1683040008835	1683040011832	OK	 
REQUEST		T10_Home	1683040008834	1683040011834	OK	 
REQUEST		T10_Home	1683040008838	1683040011834	OK	 
REQUEST		T10_Home	1683040009264	1683040011835	OK	 
USER	MultipleRequests	END	1683040011837
REQUEST		T20_Home	1683040011586	1683040011879	KO	status.find.in([200, 209], 304), found 404
USER	MultipleRequests	END	1683040011880
REQUEST		T10_Home	1683040008911	1683040011885	OK	 
REQUEST		T20_Home	1683040011592	1683040011890	KO	status.find.in([200, 209], 304), found 404
USER	MultipleRequests	END	1683040011891
REQUEST		T10_Home	1683040008905	1683040011905	OK	 
REQUEST		T10_Home	1683040008919	1683040011907	OK	 
REQUEST		T10_Home	1683040008915	1683040011909	OK	 
REQUEST		T10_Home	1683040008850	1683040011920	OK	 
REQUEST		T10_Home	1683040008877	1683040011922	OK	 
REQUEST		T10_Home	1683040008837	1683040011922	OK	 
REQUEST		T10_Home	1683040008834	1683040011940	OK	 
REQUEST		T10_Home	1683040008912	1683040011940	OK	 
REQUEST		T10_Home	1683040008842	1683040011941	OK	 
REQUEST		T10_Home	1683040008915	1683040011941	OK	 
REQUEST		T10_Home	1683040008845	1683040011941	OK	 
REQUEST		T10_Home	1683040008894	1683040011942	OK	 
REQUEST		T10_Home	1683040008914	1683040011942	OK	 
REQUEST		T10_Home	1683040008877	1683040011942	OK	 
REQUEST		T10_Home	1683040008898	1683040011941	OK	 
REQUEST		T10_Home	1683040008922	1683040011943	OK	 
REQUEST		T10_Home	1683040008896	1683040011943	OK	 
REQUEST		T10_Home	1683040008898	1683040011944	OK	 
REQUEST		T10_Home	1683040008879	1683040011946	OK	 
REQUEST		T10_Home	1683040009345	1683040011946	OK	 
REQUEST		T10_Home	1683040008935	1683040011947	OK	 
REQUEST		T10_Home	1683040009146	1683040011948	OK	 
REQUEST		T10_Home	1683040009201	1683040011950	OK	 
REQUEST		T10_Home	1683040009261	1683040011951	OK	 
REQUEST		T10_Home	1683040008903	1683040011949	OK	 
REQUEST		T20_Home	1683040011704	1683040011982	KO	status.find.in([200, 209], 304), found 404
USER	MultipleRequests	END	1683040011984
REQUEST		T10_Home	1683040008870	1683040011989	OK	 
REQUEST		T10_Home	1683040008914	1683040011997	OK	 
REQUEST		T10_Home	1683040008944	1683040011997	OK	 
REQUEST		T10_Home	1683040008938	1683040011999	OK	 
REQUEST		T10_Home	1683040008896	1683040012004	OK	 
REQUEST		T20_Home	1683040011608	1683040012004	KO	status.find.in([200, 209], 304), found 404
USER	MultipleRequests	END	1683040012006
REQUEST		T20_Home	1683040011708	1683040012008	KO	status.find.in([200, 209], 304), found 404
USER	MultipleRequests	END	1683040012011
REQUEST		T10_Home	1683040008842	1683040012019	OK	 
REQUEST		T10_Home	1683040008918	1683040012018	OK	 
REQUEST		T10_Home	1683040008929	1683040012020	OK	 
REQUEST		T10_Home	1683040008892	1683040012025	OK	 
REQUEST		T10_Home	1683040008898	1683040012028	OK	 
REQUEST		T10_Home	1683040008937	1683040012030	OK	 
REQUEST		T20_Home	1683040011713	1683040012031	KO	status.find.in([200, 209], 304), found 404
REQUEST		T10_Home	1683040008889	1683040012031	OK	 
REQUEST		T10_Home	1683040008831	1683040012035	OK	 
REQUEST		T10_Home	1683040009148	1683040012039	OK	 
REQUEST		T10_Home	1683040008843	1683040012040	OK	 
REQUEST		T10_Home	1683040009349	1683040012041	OK	 
REQUEST		T10_Home	1683040008877	1683040012041	OK	 
REQUEST		T10_Home	1683040009260	1683040012041	OK	 
REQUEST		T10_Home	1683040008843	1683040012042	OK	 
REQUEST		T10_Home	1683040008917	1683040012042	OK	 
REQUEST		T10_Home	1683040008844	1683040012042	OK	 
REQUEST		T10_Home	1683040009081	1683040012044	OK	 
REQUEST		T10_Home	1683040008946	1683040012044	OK	 
USER	MultipleRequests	END	1683040012048
REQUEST		T20_Home	1683040011799	1683040012081	KO	status.find.in([200, 209], 304), found 404
REQUEST		T20_Home	1683040011718	1683040012081	KO	status.find.in([200, 209], 304), found 404
USER	MultipleRequests	END	1683040012083
USER	MultipleRequests	END	1683040012083
REQUEST		T20_Home	1683040011717	1683040012085	KO	status.find.in([200, 209], 304), found 404
USER	MultipleRequests	END	1683040012086
REQUEST		T20_Home	1683040011718	1683040012088	KO	status.find.in([200, 209], 304), found 404
REQUEST		T20_Home	1683040011710	1683040012088	KO	status.find.in([200, 209], 304), found 404
REQUEST		T20_Home	1683040011718	1683040012090	KO	status.find.in([200, 209], 304), found 404
REQUEST		T20_Home	1683040011722	1683040012090	KO	status.find.in([200, 209], 304), found 404
REQUEST		T10_Home	1683040008845	1683040012092	OK	 
REQUEST		T10_Home	1683040008869	1683040012092	OK	 
REQUEST		T10_Home	1683040008844	1683040012093	OK	 
REQUEST		T10_Home	1683040008920	1683040012093	OK	 
USER	MultipleRequests	END	1683040012094
USER	MultipleRequests	END	1683040012094
USER	MultipleRequests	END	1683040012094
USER	MultipleRequests	END	1683040012094
REQUEST		T20_Home	1683040011804	1683040012100	KO	status.find.in([200, 209], 304), found 404
USER	MultipleRequests	END	1683040012102
REQUEST		T20_Home	1683040011715	1683040012122	KO	status.find.in([200, 209], 304), found 404
USER	MultipleRequests	END	1683040012123
REQUEST		T20_Home	1683040011833	1683040012183	KO	status.find.in([200, 209], 304), found 404
REQUEST		T20_Home	1683040011831	1683040012183	KO	status.find.in([200, 209], 304), found 404
REQUEST		T20_Home	1683040011822	1683040012182	KO	status.find.in([200, 209], 304), found 404
REQUEST		T10_Home	1683040009143	1683040012186	OK	 
REQUEST		T20_Home	1683040011818	1683040012189	KO	status.find.in([200, 209], 304), found 404
REQUEST		T20_Home	1683040011906	1683040012190	KO	status.find.in([200, 209], 304), found 404
REQUEST		T20_Home	1683040011816	1683040012195	KO	status.find.in([200, 209], 304), found 404
REQUEST		T10_Home	1683040008918	1683040012200	OK	 
REQUEST		T10_Home	1683040008927	1683040012202	OK	 
REQUEST		T20_Home	1683040011820	1683040012204	KO	status.find.in([200, 209], 304), found 404
REQUEST		T10_Home	1683040008841	1683040012204	OK	 
REQUEST		T10_Home	1683040008891	1683040012207	OK	 
REQUEST		T20_Home	1683040011835	1683040012207	KO	status.find.in([200, 209], 304), found 404
REQUEST		T10_Home	1683040008917	1683040012209	OK	 
USER	MultipleRequests	END	1683040012214
USER	MultipleRequests	END	1683040012214
USER	MultipleRequests	END	1683040012214
USER	MultipleRequests	END	1683040012214
USER	MultipleRequests	END	1683040012214
USER	MultipleRequests	END	1683040012214
USER	MultipleRequests	END	1683040012214
USER	MultipleRequests	END	1683040012214
REQUEST		T20_Home	1683040012000	1683040012275	KO	status.find.in([200, 209], 304), found 404
USER	MultipleRequests	END	1683040012278
REQUEST		T20_Home	1683040011923	1683040012279	KO	status.find.in([200, 209], 304), found 404
REQUEST		T20_Home	1683040011947	1683040012281	KO	status.find.in([200, 209], 304), found 404
REQUEST		T20_Home	1683040011942	1683040012282	KO	status.find.in([200, 209], 304), found 404
REQUEST		T20_Home	1683040011908	1683040012284	KO	status.find.in([200, 209], 304), found 404
REQUEST		T20_Home	1683040011943	1683040012288	KO	status.find.in([200, 209], 304), found 404
REQUEST		T20_Home	1683040011941	1683040012292	KO	status.find.in([200, 209], 304), found 404
REQUEST		T20_Home	1683040011910	1683040012285	KO	status.find.in([200, 209], 304), found 404
REQUEST		T20_Home	1683040011943	1683040012294	KO	status.find.in([200, 209], 304), found 404
REQUEST		T20_Home	1683040011991	1683040012297	KO	status.find.in([200, 209], 304), found 404
REQUEST		T20_Home	1683040011941	1683040012297	KO	status.find.in([200, 209], 304), found 404
REQUEST		T20_Home	1683040011942	1683040012301	KO	status.find.in([200, 209], 304), found 404
REQUEST		T20_Home	1683040011831	1683040012305	KO	status.find.in([200, 209], 304), found 404
REQUEST		T20_Home	1683040011946	1683040012301	KO	status.find.in([200, 209], 304), found 404
REQUEST		T20_Home	1683040011943	1683040012309	KO	status.find.in([200, 209], 304), found 404
REQUEST		T10_Home	1683040008888	1683040012311	OK	 
REQUEST		T20_Home	1683040011943	1683040012312	KO	status.find.in([200, 209], 304), found 404
REQUEST		T20_Home	1683040011836	1683040012314	KO	status.find.in([200, 209], 304), found 404
REQUEST		T20_Home	1683040011832	1683040012314	KO	status.find.in([200, 209], 304), found 404
REQUEST		T20_Home	1683040011822	1683040012315	KO	status.find.in([200, 209], 304), found 404
REQUEST		T20_Home	1683040011941	1683040012315	KO	status.find.in([200, 209], 304), found 404
REQUEST		T20_Home	1683040011944	1683040012315	KO	status.find.in([200, 209], 304), found 404
REQUEST		T20_Home	1683040011835	1683040012316	KO	status.find.in([200, 209], 304), found 404
REQUEST		T20_Home	1683040011998	1683040012317	KO	status.find.in([200, 209], 304), found 404
REQUEST		T20_Home	1683040011951	1683040012317	KO	status.find.in([200, 209], 304), found 404
REQUEST		T20_Home	1683040011951	1683040012318	KO	status.find.in([200, 209], 304), found 404
REQUEST		T20_Home	1683040011948	1683040012318	KO	status.find.in([200, 209], 304), found 404
REQUEST		T10_Home	1683040009256	1683040012318	OK	 
REQUEST		T20_Home	1683040011950	1683040012319	KO	status.find.in([200, 209], 304), found 404
REQUEST		T10_Home	1683040008971	1683040012319	OK	 
REQUEST		T20_Home	1683040011942	1683040012320	KO	status.find.in([200, 209], 304), found 404
REQUEST		T20_Home	1683040011820	1683040012320	KO	status.find.in([200, 209], 304), found 404
REQUEST		T20_Home	1683040011923	1683040012322	KO	status.find.in([200, 209], 304), found 404
REQUEST		T10_Home	1683040008938	1683040012322	OK	 
REQUEST		T10_Home	1683040008840	1683040012322	OK	 
REQUEST		T20_Home	1683040012005	1683040012323	KO	status.find.in([200, 209], 304), found 404
REQUEST		T20_Home	1683040011920	1683040012324	KO	status.find.in([200, 209], 304), found 404
REQUEST		T20_Home	1683040011943	1683040012324	KO	status.find.in([200, 209], 304), found 404
REQUEST		T20_Home	1683040011829	1683040012326	KO	status.find.in([200, 209], 304), found 404
REQUEST		T20_Home	1683040011952	1683040012326	KO	status.find.in([200, 209], 304), found 404
REQUEST		T20_Home	1683040011998	1683040012327	KO	status.find.in([200, 209], 304), found 404
REQUEST		T10_Home	1683040008916	1683040012328	OK	 
REQUEST		T20_Home	1683040011886	1683040012333	KO	status.find.in([200, 209], 304), found 404
USER	MultipleRequests	END	1683040012339
USER	MultipleRequests	END	1683040012339
USER	MultipleRequests	END	1683040012339
USER	MultipleRequests	END	1683040012339
USER	MultipleRequests	END	1683040012339
USER	MultipleRequests	END	1683040012339
USER	MultipleRequests	END	1683040012339
USER	MultipleRequests	END	1683040012339
USER	MultipleRequests	END	1683040012339
USER	MultipleRequests	END	1683040012339
USER	MultipleRequests	END	1683040012339
USER	MultipleRequests	END	1683040012339
USER	MultipleRequests	END	1683040012339
USER	MultipleRequests	END	1683040012339
USER	MultipleRequests	END	1683040012339
USER	MultipleRequests	END	1683040012339
USER	MultipleRequests	END	1683040012339
USER	MultipleRequests	END	1683040012339
USER	MultipleRequests	END	1683040012339
USER	MultipleRequests	END	1683040012339
USER	MultipleRequests	END	1683040012340
USER	MultipleRequests	END	1683040012340
USER	MultipleRequests	END	1683040012340
USER	MultipleRequests	END	1683040012340
USER	MultipleRequests	END	1683040012340
USER	MultipleRequests	END	1683040012340
USER	MultipleRequests	END	1683040012340
USER	MultipleRequests	END	1683040012340
USER	MultipleRequests	END	1683040012340
USER	MultipleRequests	END	1683040012340
USER	MultipleRequests	END	1683040012340
USER	MultipleRequests	END	1683040012340
USER	MultipleRequests	END	1683040012340
USER	MultipleRequests	END	1683040012340
USER	MultipleRequests	END	1683040012340
USER	MultipleRequests	END	1683040012340
REQUEST		T20_Home	1683040012042	1683040012375	KO	status.find.in([200, 209], 304), found 404
USER	MultipleRequests	END	1683040012376
REQUEST		T20_Home	1683040012033	1683040012377	KO	status.find.in([200, 209], 304), found 404
REQUEST		T20_Home	1683040012019	1683040012377	KO	status.find.in([200, 209], 304), found 404
REQUEST		T20_Home	1683040012093	1683040012378	KO	status.find.in([200, 209], 304), found 404
REQUEST		T20_Home	1683040012037	1683040012378	KO	status.find.in([200, 209], 304), found 404
USER	MultipleRequests	END	1683040012378
USER	MultipleRequests	END	1683040012379
USER	MultipleRequests	END	1683040012379
USER	MultipleRequests	END	1683040012379
REQUEST		T20_Home	1683040012029	1683040012388	KO	status.find.in([200, 209], 304), found 404
REQUEST		T20_Home	1683040012094	1683040012389	KO	status.find.in([200, 209], 304), found 404
REQUEST		T10_Home	1683040008946	1683040012390	OK	 
REQUEST		T20_Home	1683040012040	1683040012390	KO	status.find.in([200, 209], 304), found 404
REQUEST		T20_Home	1683040012019	1683040012391	KO	status.find.in([200, 209], 304), found 404
REQUEST		T20_Home	1683040012026	1683040012391	KO	status.find.in([200, 209], 304), found 404
REQUEST		T20_Home	1683040012042	1683040012391	KO	status.find.in([200, 209], 304), found 404
REQUEST		T20_Home	1683040012092	1683040012392	KO	status.find.in([200, 209], 304), found 404
REQUEST		T20_Home	1683040012043	1683040012393	KO	status.find.in([200, 209], 304), found 404
REQUEST		T20_Home	1683040012021	1683040012393	KO	status.find.in([200, 209], 304), found 404
USER	MultipleRequests	END	1683040012395
USER	MultipleRequests	END	1683040012395
USER	MultipleRequests	END	1683040012395
USER	MultipleRequests	END	1683040012395
USER	MultipleRequests	END	1683040012395
USER	MultipleRequests	END	1683040012395
USER	MultipleRequests	END	1683040012395
USER	MultipleRequests	END	1683040012395
USER	MultipleRequests	END	1683040012395
REQUEST		T20_Home	1683040012036	1683040012410	KO	status.find.in([200, 209], 304), found 404
USER	MultipleRequests	END	1683040012411
REQUEST		T10_Home	1683040008948	1683040012417	OK	 
REQUEST		T20_Home	1683040012094	1683040012417	KO	status.find.in([200, 209], 304), found 404
REQUEST		T20_Home	1683040012044	1683040012418	KO	status.find.in([200, 209], 304), found 404
REQUEST		T10_Home	1683040008875	1683040012419	OK	 
REQUEST		T10_Home	1683040008936	1683040012420	OK	 
USER	MultipleRequests	END	1683040012421
USER	MultipleRequests	END	1683040012421
REQUEST		T20_Home	1683040012043	1683040012421	KO	status.find.in([200, 209], 304), found 404
USER	MultipleRequests	END	1683040012423
REQUEST		T20_Home	1683040012041	1683040012426	KO	status.find.in([200, 209], 304), found 404
REQUEST		T10_Home	1683040008830	1683040012427	OK	 
USER	MultipleRequests	END	1683040012430
REQUEST		T10_Home	1683040008892	1683040012436	OK	 
REQUEST		T10_Home	1683040008888	1683040012436	OK	 
REQUEST		T20_Home	1683040012042	1683040012440	KO	status.find.in([200, 209], 304), found 404
REQUEST		T20_Home	1683040012043	1683040012440	KO	status.find.in([200, 209], 304), found 404
REQUEST		T10_Home	1683040008812	1683040012442	OK	 
REQUEST		T10_Home	1683040008837	1683040012444	OK	 
REQUEST		T10_Home	1683040008836	1683040012444	OK	 
REQUEST		T10_Home	1683040008861	1683040012445	OK	 
REQUEST		T10_Home	1683040008932	1683040012446	OK	 
REQUEST		T20_Home	1683040012044	1683040012446	KO	status.find.in([200, 209], 304), found 404
REQUEST		T10_Home	1683040008924	1683040012447	OK	 
USER	MultipleRequests	END	1683040012448
USER	MultipleRequests	END	1683040012448
USER	MultipleRequests	END	1683040012448
REQUEST		T20_Home	1683040012203	1683040012475	KO	status.find.in([200, 209], 304), found 404
REQUEST		T20_Home	1683040012187	1683040012476	KO	status.find.in([200, 209], 304), found 404
REQUEST		T10_Home	1683040008865	1683040012477	OK	 
REQUEST		T20_Home	1683040012205	1683040012478	KO	status.find.in([200, 209], 304), found 404
USER	MultipleRequests	END	1683040012479
USER	MultipleRequests	END	1683040012479
USER	MultipleRequests	END	1683040012479
REQUEST		T20_Home	1683040012208	1683040012485	KO	status.find.in([200, 209], 304), found 404
USER	MultipleRequests	END	1683040012487
REQUEST		T20_Home	1683040012202	1683040012490	KO	status.find.in([200, 209], 304), found 404
REQUEST		T20_Home	1683040012211	1683040012491	KO	status.find.in([200, 209], 304), found 404
USER	MultipleRequests	END	1683040012493
USER	MultipleRequests	END	1683040012494
REQUEST		T20_Home	1683040012312	1683040012587	KO	status.find.in([200, 209], 304), found 404
USER	MultipleRequests	END	1683040012589
REQUEST		T20_Home	1683040012320	1683040012593	KO	status.find.in([200, 209], 304), found 404
USER	MultipleRequests	END	1683040012596
REQUEST		T20_Home	1683040012323	1683040012599	KO	status.find.in([200, 209], 304), found 404
USER	MultipleRequests	END	1683040012601
REQUEST		T20_Home	1683040012322	1683040012601	KO	status.find.in([200, 209], 304), found 404
USER	MultipleRequests	END	1683040012605
REQUEST		T20_Home	1683040012319	1683040012606	KO	status.find.in([200, 209], 304), found 404
USER	MultipleRequests	END	1683040012610
REQUEST		T20_Home	1683040012390	1683040012674	KO	status.find.in([200, 209], 304), found 404
USER	MultipleRequests	END	1683040012676
REQUEST		T20_Home	1683040012420	1683040012691	KO	status.find.in([200, 209], 304), found 404
USER	MultipleRequests	END	1683040012693
REQUEST		T20_Home	1683040012418	1683040012695	KO	status.find.in([200, 209], 304), found 404
USER	MultipleRequests	END	1683040012696
REQUEST		T20_Home	1683040012421	1683040012697	KO	status.find.in([200, 209], 304), found 404
USER	MultipleRequests	END	1683040012699
REQUEST		T20_Home	1683040012428	1683040012704	KO	status.find.in([200, 209], 304), found 404
USER	MultipleRequests	END	1683040012706
REQUEST		T20_Home	1683040012438	1683040012713	KO	status.find.in([200, 209], 304), found 404
USER	MultipleRequests	END	1683040012715
REQUEST		T20_Home	1683040012446	1683040012715	KO	status.find.in([200, 209], 304), found 404
REQUEST		T20_Home	1683040012438	1683040012715	KO	status.find.in([200, 209], 304), found 404
USER	MultipleRequests	END	1683040012717
USER	MultipleRequests	END	1683040012717
REQUEST		T20_Home	1683040012445	1683040012720	KO	status.find.in([200, 209], 304), found 404
USER	MultipleRequests	END	1683040012722
REQUEST		T20_Home	1683040012443	1683040012726	KO	status.find.in([200, 209], 304), found 404
USER	MultipleRequests	END	1683040012728
REQUEST		T20_Home	1683040012445	1683040012729	KO	status.find.in([200, 209], 304), found 404
USER	MultipleRequests	END	1683040012731
REQUEST		T20_Home	1683040012446	1683040012744	KO	status.find.in([200, 209], 304), found 404
USER	MultipleRequests	END	1683040012746
REQUEST		T20_Home	1683040012447	1683040012755	KO	status.find.in([200, 209], 304), found 404
USER	MultipleRequests	END	1683040012758
REQUEST		T20_Home	1683040012478	1683040012775	KO	status.find.in([200, 209], 304), found 404
USER	MultipleRequests	END	1683040012777
REQUEST		T20_Home	1683040012329	1683040012803	KO	status.find.in([200, 209], 304), found 404
USER	MultipleRequests	END	1683040012805
