RUN	botiqueClass.Boutiquee	boutiquee	1683104299432	testing	3.9.0
USER	MultipleRequests	START	1683104301442
USER	MultipleRequests	START	1683104301444
USER	MultipleRequests	START	1683104301445
USER	MultipleRequests	START	1683104301445
USER	MultipleRequests	START	1683104301446
USER	MultipleRequests	START	1683104301446
USER	MultipleRequests	START	1683104301447
USER	MultipleRequests	START	1683104301447
USER	MultipleRequests	START	1683104301448
USER	MultipleRequests	START	1683104301448
USER	MultipleRequests	START	1683104301450
USER	MultipleRequests	START	1683104301450
USER	MultipleRequests	START	1683104301450
USER	MultipleRequests	START	1683104301450
USER	MultipleRequests	START	1683104301451
USER	MultipleRequests	START	1683104301451
USER	MultipleRequests	START	1683104301451
USER	MultipleRequests	START	1683104301451
USER	MultipleRequests	START	1683104301452
USER	MultipleRequests	START	1683104301452
USER	MultipleRequests	START	1683104301452
USER	MultipleRequests	START	1683104301452
USER	MultipleRequests	START	1683104301452
USER	MultipleRequests	START	1683104301453
USER	MultipleRequests	START	1683104301453
USER	MultipleRequests	START	1683104301453
USER	MultipleRequests	START	1683104301453
USER	MultipleRequests	START	1683104301454
USER	MultipleRequests	START	1683104301454
USER	MultipleRequests	START	1683104301455
USER	MultipleRequests	START	1683104301455
USER	MultipleRequests	START	1683104301455
USER	MultipleRequests	START	1683104301455
USER	MultipleRequests	START	1683104301455
USER	MultipleRequests	START	1683104301456
USER	MultipleRequests	START	1683104301456
USER	MultipleRequests	START	1683104301456
USER	MultipleRequests	START	1683104301456
USER	MultipleRequests	START	1683104301457
USER	MultipleRequests	START	1683104301457
USER	MultipleRequests	START	1683104301458
USER	MultipleRequests	START	1683104301458
USER	MultipleRequests	START	1683104301458
USER	MultipleRequests	START	1683104301458
USER	MultipleRequests	START	1683104301460
USER	MultipleRequests	START	1683104301460
USER	MultipleRequests	START	1683104301460
USER	MultipleRequests	START	1683104301460
USER	MultipleRequests	START	1683104301461
USER	MultipleRequests	START	1683104301462
USER	MultipleRequests	START	1683104301462
USER	MultipleRequests	START	1683104301462
USER	MultipleRequests	START	1683104301461
USER	MultipleRequests	START	1683104301463
USER	MultipleRequests	START	1683104301463
USER	MultipleRequests	START	1683104301464
USER	MultipleRequests	START	1683104301465
USER	MultipleRequests	START	1683104301465
USER	MultipleRequests	START	1683104301467
USER	MultipleRequests	START	1683104301467
USER	MultipleRequests	START	1683104301468
USER	MultipleRequests	START	1683104301468
USER	MultipleRequests	START	1683104301468
USER	MultipleRequests	START	1683104301469
USER	MultipleRequests	START	1683104301469
USER	MultipleRequests	START	1683104301469
USER	MultipleRequests	START	1683104301470
USER	MultipleRequests	START	1683104301470
USER	MultipleRequests	START	1683104301470
USER	MultipleRequests	START	1683104301470
USER	MultipleRequests	START	1683104301470
USER	MultipleRequests	START	1683104301471
USER	MultipleRequests	START	1683104301471
USER	MultipleRequests	START	1683104301471
USER	MultipleRequests	START	1683104301471
USER	MultipleRequests	START	1683104301473
USER	MultipleRequests	START	1683104301474
USER	MultipleRequests	START	1683104301476
USER	MultipleRequests	START	1683104301477
USER	MultipleRequests	START	1683104301477
USER	MultipleRequests	START	1683104301478
USER	MultipleRequests	START	1683104301478
USER	MultipleRequests	START	1683104301479
USER	MultipleRequests	START	1683104301479
USER	MultipleRequests	START	1683104301480
USER	MultipleRequests	START	1683104301480
USER	MultipleRequests	START	1683104301480
USER	MultipleRequests	START	1683104301481
USER	MultipleRequests	START	1683104301481
USER	MultipleRequests	START	1683104301482
USER	MultipleRequests	START	1683104301484
USER	MultipleRequests	START	1683104301485
USER	MultipleRequests	START	1683104301486
USER	MultipleRequests	START	1683104301486
USER	MultipleRequests	START	1683104301487
USER	MultipleRequests	START	1683104301488
USER	MultipleRequests	START	1683104301488
USER	MultipleRequests	START	1683104301490
USER	MultipleRequests	START	1683104301490
USER	MultipleRequests	START	1683104301491
USER	MultipleRequests	START	1683104301491
USER	MultipleRequests	START	1683104301492
USER	MultipleRequests	START	1683104301492
USER	MultipleRequests	START	1683104301492
USER	MultipleRequests	START	1683104301493
USER	MultipleRequests	START	1683104301493
USER	MultipleRequests	START	1683104301493
USER	MultipleRequests	START	1683104301494
USER	MultipleRequests	START	1683104301494
USER	MultipleRequests	START	1683104301494
USER	MultipleRequests	START	1683104301495
USER	MultipleRequests	START	1683104301495
USER	MultipleRequests	START	1683104301495
USER	MultipleRequests	START	1683104301496
USER	MultipleRequests	START	1683104301496
USER	MultipleRequests	START	1683104301497
USER	MultipleRequests	START	1683104301497
USER	MultipleRequests	START	1683104301497
USER	MultipleRequests	START	1683104301497
USER	MultipleRequests	START	1683104301499
USER	MultipleRequests	START	1683104301500
USER	MultipleRequests	START	1683104301501
USER	MultipleRequests	START	1683104301502
USER	MultipleRequests	START	1683104301502
USER	MultipleRequests	START	1683104301503
USER	MultipleRequests	START	1683104301504
USER	MultipleRequests	START	1683104301504
USER	MultipleRequests	START	1683104301505
USER	MultipleRequests	START	1683104301505
USER	MultipleRequests	START	1683104301505
USER	MultipleRequests	START	1683104301506
USER	MultipleRequests	START	1683104301506
USER	MultipleRequests	START	1683104301508
USER	MultipleRequests	START	1683104301509
USER	MultipleRequests	START	1683104301510
USER	MultipleRequests	START	1683104301511
USER	MultipleRequests	START	1683104301511
USER	MultipleRequests	START	1683104301512
USER	MultipleRequests	START	1683104301512
USER	MultipleRequests	START	1683104301513
USER	MultipleRequests	START	1683104301516
USER	MultipleRequests	START	1683104301516
USER	MultipleRequests	START	1683104301517
USER	MultipleRequests	START	1683104301517
USER	MultipleRequests	START	1683104301518
USER	MultipleRequests	START	1683104301518
USER	MultipleRequests	START	1683104301519
USER	MultipleRequests	START	1683104301519
USER	MultipleRequests	START	1683104301520
USER	MultipleRequests	START	1683104301521
USER	MultipleRequests	START	1683104301522
USER	MultipleRequests	START	1683104301522
USER	MultipleRequests	START	1683104301523
USER	MultipleRequests	START	1683104301523
USER	MultipleRequests	START	1683104301524
USER	MultipleRequests	START	1683104301524
USER	MultipleRequests	START	1683104301525
USER	MultipleRequests	START	1683104301525
USER	MultipleRequests	START	1683104301529
USER	MultipleRequests	START	1683104301531
USER	MultipleRequests	START	1683104301531
USER	MultipleRequests	START	1683104301531
USER	MultipleRequests	START	1683104301532
USER	MultipleRequests	START	1683104301533
USER	MultipleRequests	START	1683104301533
USER	MultipleRequests	START	1683104301535
USER	MultipleRequests	START	1683104301535
USER	MultipleRequests	START	1683104301535
USER	MultipleRequests	START	1683104301536
USER	MultipleRequests	START	1683104301536
USER	MultipleRequests	START	1683104301537
USER	MultipleRequests	START	1683104301538
USER	MultipleRequests	START	1683104301539
USER	MultipleRequests	START	1683104301539
USER	MultipleRequests	START	1683104301540
USER	MultipleRequests	START	1683104301540
USER	MultipleRequests	START	1683104301541
USER	MultipleRequests	START	1683104301541
USER	MultipleRequests	START	1683104301542
USER	MultipleRequests	START	1683104301542
USER	MultipleRequests	START	1683104301543
USER	MultipleRequests	START	1683104301543
USER	MultipleRequests	START	1683104301544
USER	MultipleRequests	START	1683104301544
USER	MultipleRequests	START	1683104301548
USER	MultipleRequests	START	1683104301549
USER	MultipleRequests	START	1683104301550
USER	MultipleRequests	START	1683104301551
USER	MultipleRequests	START	1683104301553
USER	MultipleRequests	START	1683104301557
USER	MultipleRequests	START	1683104301557
USER	MultipleRequests	START	1683104301559
USER	MultipleRequests	START	1683104301561
USER	MultipleRequests	START	1683104301563
USER	MultipleRequests	START	1683104301564
USER	MultipleRequests	START	1683104301565
USER	MultipleRequests	START	1683104301565
USER	MultipleRequests	START	1683104301566
USER	MultipleRequests	START	1683104301567
USER	MultipleRequests	START	1683104301568
USER	MultipleRequests	START	1683104301568
USER	MultipleRequests	START	1683104301569
USER	MultipleRequests	START	1683104301569
USER	MultipleRequests	START	1683104301570
USER	MultipleRequests	START	1683104301571
USER	MultipleRequests	START	1683104301571
USER	MultipleRequests	START	1683104301572
USER	MultipleRequests	START	1683104301574
USER	MultipleRequests	START	1683104301574
USER	MultipleRequests	START	1683104301575
USER	MultipleRequests	START	1683104301575
USER	MultipleRequests	START	1683104301576
USER	MultipleRequests	START	1683104301576
USER	MultipleRequests	START	1683104301576
USER	MultipleRequests	START	1683104301578
USER	MultipleRequests	START	1683104301579
USER	MultipleRequests	START	1683104301581
USER	MultipleRequests	START	1683104301582
USER	MultipleRequests	START	1683104301583
USER	MultipleRequests	START	1683104301585
USER	MultipleRequests	START	1683104301586
USER	MultipleRequests	START	1683104301587
USER	MultipleRequests	START	1683104301589
USER	MultipleRequests	START	1683104301589
USER	MultipleRequests	START	1683104301591
USER	MultipleRequests	START	1683104301592
USER	MultipleRequests	START	1683104301593
USER	MultipleRequests	START	1683104301595
USER	MultipleRequests	START	1683104301596
USER	MultipleRequests	START	1683104301597
USER	MultipleRequests	START	1683104301599
USER	MultipleRequests	START	1683104301599
USER	MultipleRequests	START	1683104301600
USER	MultipleRequests	START	1683104301602
USER	MultipleRequests	START	1683104301602
USER	MultipleRequests	START	1683104301602
USER	MultipleRequests	START	1683104301605
USER	MultipleRequests	START	1683104301605
USER	MultipleRequests	START	1683104301606
USER	MultipleRequests	START	1683104301607
USER	MultipleRequests	START	1683104301608
USER	MultipleRequests	START	1683104301608
USER	MultipleRequests	START	1683104301610
USER	MultipleRequests	START	1683104301611
USER	MultipleRequests	START	1683104301613
USER	MultipleRequests	START	1683104301613
USER	MultipleRequests	START	1683104301619
USER	MultipleRequests	START	1683104301620
USER	MultipleRequests	START	1683104301620
USER	MultipleRequests	START	1683104301623
REQUEST		T10_Home	1683104301439	1683104302841	OK	 
REQUEST		T10_Home	1683104301459	1683104302964	OK	 
REQUEST		T10_Home	1683104301440	1683104302843	OK	 
REQUEST		T10_Home	1683104301451	1683104302981	OK	 
REQUEST		T10_Home	1683104301447	1683104302981	OK	 
REQUEST		T10_Home	1683104301448	1683104302983	OK	 
REQUEST		T10_Home	1683104301446	1683104302982	OK	 
REQUEST		T10_Home	1683104301449	1683104302984	OK	 
REQUEST		T10_Home	1683104301457	1683104302984	OK	 
REQUEST		T10_Home	1683104301453	1683104302986	OK	 
REQUEST		T10_Home	1683104301456	1683104302989	OK	 
REQUEST		T10_Home	1683104301450	1683104302986	OK	 
REQUEST		T10_Home	1683104301448	1683104302992	OK	 
REQUEST		T10_Home	1683104301459	1683104302994	OK	 
REQUEST		T10_Home	1683104301461	1683104302997	OK	 
REQUEST		T10_Home	1683104301461	1683104302995	OK	 
REQUEST		T10_Home	1683104301455	1683104302999	OK	 
REQUEST		T10_Home	1683104301439	1683104303014	OK	 
REQUEST		T10_Home	1683104301469	1683104303016	OK	 
REQUEST		T10_Home	1683104301472	1683104303021	OK	 
REQUEST		T10_Home	1683104301449	1683104303023	OK	 
REQUEST		T10_Home	1683104301445	1683104303025	OK	 
REQUEST		T10_Home	1683104301462	1683104303029	OK	 
REQUEST		T10_Home	1683104301469	1683104303044	OK	 
REQUEST		T10_Home	1683104301459	1683104303018	OK	 
REQUEST		T10_Home	1683104301451	1683104303054	OK	 
REQUEST		T10_Home	1683104301462	1683104303064	OK	 
REQUEST		T10_Home	1683104301457	1683104303071	OK	 
REQUEST		T10_Home	1683104301481	1683104303073	OK	 
REQUEST		T10_Home	1683104301470	1683104303077	OK	 
REQUEST		T10_Home	1683104301476	1683104303144	OK	 
REQUEST		T10_Home	1683104301467	1683104303162	OK	 
REQUEST		T10_Home	1683104301452	1683104303337	OK	 
REQUEST		T10_Home	1683104301501	1683104303339	OK	 
REQUEST		T10_Home	1683104301450	1683104303339	OK	 
REQUEST		T10_Home	1683104301452	1683104303340	OK	 
REQUEST		T10_Home	1683104301450	1683104303341	OK	 
REQUEST		T10_Home	1683104301469	1683104303341	OK	 
REQUEST		T20_Home	1683104302982	1683104303430	KO	status.find.in([200, 209], 304), found 404
REQUEST		T10_Home	1683104301455	1683104303436	OK	 
REQUEST		T10_Home	1683104301456	1683104303441	OK	 
USER	MultipleRequests	END	1683104303444
REQUEST		T20_Home	1683104303000	1683104303443	KO	status.find.in([200, 209], 304), found 404
USER	MultipleRequests	END	1683104303446
REQUEST		T10_Home	1683104301495	1683104303446	OK	 
REQUEST		T20_Home	1683104303023	1683104303526	KO	status.find.in([200, 209], 304), found 404
USER	MultipleRequests	END	1683104303528
REQUEST		T20_Home	1683104302983	1683104303531	KO	status.find.in([200, 209], 304), found 404
USER	MultipleRequests	END	1683104303532
REQUEST		T20_Home	1683104302994	1683104303533	KO	status.find.in([200, 209], 304), found 404
REQUEST		T10_Home	1683104301444	1683104303534	OK	 
REQUEST		T10_Home	1683104301451	1683104303535	OK	 
REQUEST		T10_Home	1683104301462	1683104303536	OK	 
REQUEST		T10_Home	1683104301492	1683104303536	OK	 
REQUEST		T20_Home	1683104303017	1683104303538	KO	status.find.in([200, 209], 304), found 404
REQUEST		T20_Home	1683104303163	1683104303538	KO	status.find.in([200, 209], 304), found 404
REQUEST		T20_Home	1683104303022	1683104303540	KO	status.find.in([200, 209], 304), found 404
USER	MultipleRequests	END	1683104303541
USER	MultipleRequests	END	1683104303542
USER	MultipleRequests	END	1683104303542
USER	MultipleRequests	END	1683104303542
REQUEST		T20_Home	1683104303030	1683104303542	KO	status.find.in([200, 209], 304), found 404
USER	MultipleRequests	END	1683104303543
REQUEST		T20_Home	1683104302980	1683104303544	KO	status.find.in([200, 209], 304), found 404
USER	MultipleRequests	END	1683104303545
REQUEST		T10_Home	1683104301498	1683104303546	OK	 
REQUEST		T10_Home	1683104301487	1683104303548	OK	 
REQUEST		T10_Home	1683104301485	1683104303549	OK	 
REQUEST		T20_Home	1683104302982	1683104303751	KO	status.find.in([200, 209], 304), found 404
REQUEST		T20_Home	1683104302979	1683104303751	KO	status.find.in([200, 209], 304), found 404
REQUEST		T20_Home	1683104302983	1683104303751	KO	status.find.in([200, 209], 304), found 404
REQUEST		T20_Home	1683104303145	1683104303754	KO	status.find.in([200, 209], 304), found 404
REQUEST		T20_Home	1683104303342	1683104303757	KO	status.find.in([200, 209], 304), found 404
REQUEST		T20_Home	1683104302993	1683104303755	KO	status.find.in([200, 209], 304), found 404
REQUEST		T10_Home	1683104301466	1683104303759	OK	 
REQUEST		T20_Home	1683104302985	1683104303763	KO	status.find.in([200, 209], 304), found 404
REQUEST		T20_Home	1683104302990	1683104303767	KO	status.find.in([200, 209], 304), found 404
REQUEST		T20_Home	1683104302996	1683104303771	KO	status.find.in([200, 209], 304), found 404
USER	MultipleRequests	END	1683104303772
USER	MultipleRequests	END	1683104303772
USER	MultipleRequests	END	1683104303773
USER	MultipleRequests	END	1683104303773
USER	MultipleRequests	END	1683104303773
USER	MultipleRequests	END	1683104303773
USER	MultipleRequests	END	1683104303773
USER	MultipleRequests	END	1683104303773
USER	MultipleRequests	END	1683104303774
REQUEST		T20_Home	1683104303342	1683104303775	KO	status.find.in([200, 209], 304), found 404
USER	MultipleRequests	END	1683104303778
REQUEST		T20_Home	1683104303535	1683104303850	KO	status.find.in([200, 209], 304), found 404
REQUEST		T20_Home	1683104303060	1683104303851	KO	status.find.in([200, 209], 304), found 404
REQUEST		T20_Home	1683104303045	1683104303852	KO	status.find.in([200, 209], 304), found 404
REQUEST		T20_Home	1683104302998	1683104303853	KO	status.find.in([200, 209], 304), found 404
REQUEST		T20_Home	1683104303339	1683104303854	KO	status.find.in([200, 209], 304), found 404
REQUEST		T20_Home	1683104303071	1683104303854	KO	status.find.in([200, 209], 304), found 404
REQUEST		T20_Home	1683104303341	1683104303856	KO	status.find.in([200, 209], 304), found 404
REQUEST		T20_Home	1683104303537	1683104303857	KO	status.find.in([200, 209], 304), found 404
REQUEST		T20_Home	1683104302980	1683104303856	KO	status.find.in([200, 209], 304), found 404
REQUEST		T20_Home	1683104303339	1683104303859	KO	status.find.in([200, 209], 304), found 404
REQUEST		T20_Home	1683104303053	1683104303861	KO	status.find.in([200, 209], 304), found 404
REQUEST		T20_Home	1683104303536	1683104303862	KO	status.find.in([200, 209], 304), found 404
USER	MultipleRequests	END	1683104303872
USER	MultipleRequests	END	1683104303872
USER	MultipleRequests	END	1683104303872
USER	MultipleRequests	END	1683104303872
USER	MultipleRequests	END	1683104303872
USER	MultipleRequests	END	1683104303872
USER	MultipleRequests	END	1683104303873
USER	MultipleRequests	END	1683104303876
USER	MultipleRequests	END	1683104303876
USER	MultipleRequests	END	1683104303876
USER	MultipleRequests	END	1683104303876
USER	MultipleRequests	END	1683104303876
REQUEST		T20_Home	1683104303078	1683104303920	KO	status.find.in([200, 209], 304), found 404
USER	MultipleRequests	END	1683104303921
REQUEST		T20_Home	1683104303547	1683104303943	KO	status.find.in([200, 209], 304), found 404
USER	MultipleRequests	END	1683104303946
REQUEST		T20_Home	1683104303447	1683104303946	KO	status.find.in([200, 209], 304), found 404
USER	MultipleRequests	END	1683104303947
REQUEST		T20_Home	1683104303548	1683104303948	KO	status.find.in([200, 209], 304), found 404
USER	MultipleRequests	END	1683104303949
REQUEST		T20_Home	1683104303550	1683104303950	KO	status.find.in([200, 209], 304), found 404
USER	MultipleRequests	END	1683104303951
REQUEST		T20_Home	1683104302985	1683104304014	KO	status.find.in([200, 209], 304), found 404
REQUEST		T20_Home	1683104303442	1683104304015	KO	status.find.in([200, 209], 304), found 404
REQUEST		T20_Home	1683104303537	1683104304016	KO	status.find.in([200, 209], 304), found 404
REQUEST		T20_Home	1683104303069	1683104304016	KO	status.find.in([200, 209], 304), found 404
REQUEST		T20_Home	1683104302998	1683104304018	KO	status.find.in([200, 209], 304), found 404
REQUEST		T20_Home	1683104303437	1683104304018	KO	status.find.in([200, 209], 304), found 404
REQUEST		T10_Home	1683104301512	1683104304019	OK	 
REQUEST		T20_Home	1683104303338	1683104304021	KO	status.find.in([200, 209], 304), found 404
REQUEST		T10_Home	1683104301505	1683104304022	OK	 
USER	MultipleRequests	END	1683104304022
USER	MultipleRequests	END	1683104304022
USER	MultipleRequests	END	1683104304022
USER	MultipleRequests	END	1683104304022
REQUEST		T10_Home	1683104301461	1683104304023	OK	 
USER	MultipleRequests	END	1683104304024
USER	MultipleRequests	END	1683104304025
USER	MultipleRequests	END	1683104304025
REQUEST		T20_Home	1683104303015	1683104304025	KO	status.find.in([200, 209], 304), found 404
REQUEST		T10_Home	1683104301465	1683104304026	OK	 
REQUEST		T10_Home	1683104301439	1683104304026	OK	 
REQUEST		T10_Home	1683104301439	1683104304028	OK	 
REQUEST		T10_Home	1683104301498	1683104304029	OK	 
REQUEST		T10_Home	1683104301483	1683104304029	OK	 
REQUEST		T20_Home	1683104303075	1683104304030	KO	status.find.in([200, 209], 304), found 404
REQUEST		T10_Home	1683104301478	1683104304030	OK	 
REQUEST		T10_Home	1683104301472	1683104304030	OK	 
REQUEST		T20_Home	1683104302987	1683104304032	KO	status.find.in([200, 209], 304), found 404
REQUEST		T10_Home	1683104301477	1683104304033	OK	 
REQUEST		T10_Home	1683104301493	1683104304034	OK	 
REQUEST		T20_Home	1683104303026	1683104304035	KO	status.find.in([200, 209], 304), found 404
USER	MultipleRequests	END	1683104304036
USER	MultipleRequests	END	1683104304036
REQUEST		T10_Home	1683104301480	1683104304036	OK	 
USER	MultipleRequests	END	1683104304036
USER	MultipleRequests	END	1683104304039
REQUEST		T10_Home	1683104301489	1683104304102	OK	 
REQUEST		T10_Home	1683104301575	1683104304147	OK	 
REQUEST		T10_Home	1683104301493	1683104304147	OK	 
REQUEST		T10_Home	1683104301484	1683104304147	OK	 
REQUEST		T10_Home	1683104301450	1683104304149	OK	 
REQUEST		T10_Home	1683104301472	1683104304150	OK	 
REQUEST		T10_Home	1683104301450	1683104304150	OK	 
REQUEST		T10_Home	1683104301470	1683104304151	OK	 
REQUEST		T10_Home	1683104301457	1683104304151	OK	 
REQUEST		T10_Home	1683104301555	1683104304151	OK	 
REQUEST		T10_Home	1683104301558	1683104304152	OK	 
REQUEST		T10_Home	1683104301462	1683104304152	OK	 
REQUEST		T10_Home	1683104301445	1683104304152	OK	 
REQUEST		T10_Home	1683104301496	1683104304148	OK	 
REQUEST		T10_Home	1683104301455	1683104304154	OK	 
REQUEST		T10_Home	1683104301489	1683104304154	OK	 
REQUEST		T10_Home	1683104301452	1683104304155	OK	 
REQUEST		T20_Home	1683104303763	1683104304218	KO	status.find.in([200, 209], 304), found 404
USER	MultipleRequests	END	1683104304221
REQUEST		T10_Home	1683104301497	1683104304225	OK	 
REQUEST		T10_Home	1683104301609	1683104304227	OK	 
REQUEST		T10_Home	1683104301511	1683104304227	OK	 
REQUEST		T10_Home	1683104301461	1683104304227	OK	 
REQUEST		T10_Home	1683104301451	1683104304230	OK	 
REQUEST		T10_Home	1683104301457	1683104304250	OK	 
REQUEST		T10_Home	1683104301567	1683104304333	OK	 
REQUEST		T10_Home	1683104301605	1683104304338	OK	 
REQUEST		T10_Home	1683104301466	1683104304340	OK	 
REQUEST		T20_Home	1683104304024	1683104304338	KO	status.find.in([200, 209], 304), found 404
REQUEST		T10_Home	1683104301456	1683104304342	OK	 
REQUEST		T20_Home	1683104304037	1683104304343	KO	status.find.in([200, 209], 304), found 404
REQUEST		T10_Home	1683104301504	1683104304344	OK	 
REQUEST		T20_Home	1683104304035	1683104304344	KO	status.find.in([200, 209], 304), found 404
REQUEST		T10_Home	1683104301463	1683104304345	OK	 
REQUEST		T10_Home	1683104301512	1683104304346	OK	 
REQUEST		T10_Home	1683104301549	1683104304347	OK	 
REQUEST		T10_Home	1683104301477	1683104304348	OK	 
REQUEST		T10_Home	1683104301513	1683104304348	OK	 
REQUEST		T20_Home	1683104304033	1683104304350	KO	status.find.in([200, 209], 304), found 404
REQUEST		T10_Home	1683104301532	1683104304350	OK	 
REQUEST		T20_Home	1683104304028	1683104304350	KO	status.find.in([200, 209], 304), found 404
REQUEST		T20_Home	1683104304030	1683104304351	KO	status.find.in([200, 209], 304), found 404
REQUEST		T20_Home	1683104304030	1683104304351	KO	status.find.in([200, 209], 304), found 404
REQUEST		T10_Home	1683104301571	1683104304353	OK	 
REQUEST		T20_Home	1683104304023	1683104304354	KO	status.find.in([200, 209], 304), found 404
REQUEST		T20_Home	1683104304028	1683104304355	KO	status.find.in([200, 209], 304), found 404
REQUEST		T20_Home	1683104304021	1683104304355	KO	status.find.in([200, 209], 304), found 404
REQUEST		T20_Home	1683104304030	1683104304356	KO	status.find.in([200, 209], 304), found 404
REQUEST		T20_Home	1683104304032	1683104304352	KO	status.find.in([200, 209], 304), found 404
REQUEST		T10_Home	1683104301493	1683104304357	OK	 
REQUEST		T20_Home	1683104304031	1683104304357	KO	status.find.in([200, 209], 304), found 404
REQUEST		T10_Home	1683104301504	1683104304358	OK	 
REQUEST		T10_Home	1683104301572	1683104304359	OK	 
REQUEST		T10_Home	1683104301540	1683104304359	OK	 
REQUEST		T10_Home	1683104301598	1683104304359	OK	 
REQUEST		T10_Home	1683104301505	1683104304360	OK	 
REQUEST		T10_Home	1683104301488	1683104304361	OK	 
REQUEST		T10_Home	1683104301574	1683104304361	OK	 
REQUEST		T10_Home	1683104301525	1683104304362	OK	 
USER	MultipleRequests	END	1683104304364
USER	MultipleRequests	END	1683104304364
USER	MultipleRequests	END	1683104304364
USER	MultipleRequests	END	1683104304364
USER	MultipleRequests	END	1683104304364
USER	MultipleRequests	END	1683104304364
USER	MultipleRequests	END	1683104304364
USER	MultipleRequests	END	1683104304364
USER	MultipleRequests	END	1683104304364
USER	MultipleRequests	END	1683104304364
USER	MultipleRequests	END	1683104304364
USER	MultipleRequests	END	1683104304364
USER	MultipleRequests	END	1683104304364
REQUEST		T20_Home	1683104304103	1683104304434	KO	status.find.in([200, 209], 304), found 404
USER	MultipleRequests	END	1683104304438
REQUEST		T10_Home	1683104301577	1683104304537	OK	 
REQUEST		T10_Home	1683104301588	1683104304538	OK	 
REQUEST		T10_Home	1683104301541	1683104304539	OK	 
REQUEST		T10_Home	1683104301602	1683104304539	OK	 
REQUEST		T10_Home	1683104301602	1683104304540	OK	 
REQUEST		T10_Home	1683104301485	1683104304537	OK	 
REQUEST		T10_Home	1683104301487	1683104304565	OK	 
REQUEST		T10_Home	1683104301469	1683104304565	OK	 
REQUEST		T10_Home	1683104301453	1683104304565	OK	 
REQUEST		T10_Home	1683104301503	1683104304566	OK	 
REQUEST		T10_Home	1683104301491	1683104304566	OK	 
REQUEST		T10_Home	1683104301534	1683104304566	OK	 
REQUEST		T10_Home	1683104301504	1683104304567	OK	 
REQUEST		T10_Home	1683104301485	1683104304567	OK	 
REQUEST		T10_Home	1683104301532	1683104304567	OK	 
REQUEST		T10_Home	1683104301569	1683104304568	OK	 
REQUEST		T10_Home	1683104301605	1683104304568	OK	 
REQUEST		T10_Home	1683104301470	1683104304568	OK	 
REQUEST		T20_Home	1683104304148	1683104304587	KO	status.find.in([200, 209], 304), found 404
REQUEST		T20_Home	1683104304152	1683104304587	KO	status.find.in([200, 209], 304), found 404
REQUEST		T10_Home	1683104301612	1683104304586	OK	 
REQUEST		T20_Home	1683104304228	1683104304588	KO	status.find.in([200, 209], 304), found 404
REQUEST		T20_Home	1683104304150	1683104304588	KO	status.find.in([200, 209], 304), found 404
REQUEST		T20_Home	1683104304153	1683104304589	KO	status.find.in([200, 209], 304), found 404
REQUEST		T20_Home	1683104304150	1683104304589	KO	status.find.in([200, 209], 304), found 404
REQUEST		T20_Home	1683104304155	1683104304590	KO	status.find.in([200, 209], 304), found 404
REQUEST		T20_Home	1683104304152	1683104304590	KO	status.find.in([200, 209], 304), found 404
REQUEST		T20_Home	1683104304148	1683104304591	KO	status.find.in([200, 209], 304), found 404
REQUEST		T20_Home	1683104304153	1683104304591	KO	status.find.in([200, 209], 304), found 404
REQUEST		T20_Home	1683104304229	1683104304592	KO	status.find.in([200, 209], 304), found 404
REQUEST		T20_Home	1683104304226	1683104304592	KO	status.find.in([200, 209], 304), found 404
REQUEST		T20_Home	1683104304155	1683104304593	KO	status.find.in([200, 209], 304), found 404
REQUEST		T20_Home	1683104304152	1683104304594	KO	status.find.in([200, 209], 304), found 404
REQUEST		T20_Home	1683104304155	1683104304594	KO	status.find.in([200, 209], 304), found 404
REQUEST		T20_Home	1683104304154	1683104304595	KO	status.find.in([200, 209], 304), found 404
USER	MultipleRequests	END	1683104304596
USER	MultipleRequests	END	1683104304596
USER	MultipleRequests	END	1683104304596
USER	MultipleRequests	END	1683104304596
USER	MultipleRequests	END	1683104304596
USER	MultipleRequests	END	1683104304596
USER	MultipleRequests	END	1683104304596
USER	MultipleRequests	END	1683104304596
USER	MultipleRequests	END	1683104304596
USER	MultipleRequests	END	1683104304596
USER	MultipleRequests	END	1683104304596
USER	MultipleRequests	END	1683104304596
USER	MultipleRequests	END	1683104304596
USER	MultipleRequests	END	1683104304596
USER	MultipleRequests	END	1683104304596
USER	MultipleRequests	END	1683104304596
REQUEST		T20_Home	1683104304151	1683104304643	KO	status.find.in([200, 209], 304), found 404
REQUEST		T20_Home	1683104304228	1683104304643	KO	status.find.in([200, 209], 304), found 404
REQUEST		T20_Home	1683104304156	1683104304644	KO	status.find.in([200, 209], 304), found 404
REQUEST		T20_Home	1683104304148	1683104304644	KO	status.find.in([200, 209], 304), found 404
REQUEST		T20_Home	1683104304231	1683104304645	KO	status.find.in([200, 209], 304), found 404
USER	MultipleRequests	END	1683104304645
USER	MultipleRequests	END	1683104304645
USER	MultipleRequests	END	1683104304645
USER	MultipleRequests	END	1683104304645
USER	MultipleRequests	END	1683104304646
REQUEST		T10_Home	1683104301577	1683104304668	OK	 
REQUEST		T10_Home	1683104301472	1683104304668	OK	 
REQUEST		T10_Home	1683104301508	1683104304668	OK	 
REQUEST		T10_Home	1683104301562	1683104304668	OK	 
REQUEST		T10_Home	1683104301509	1683104304669	OK	 
REQUEST		T10_Home	1683104301499	1683104304670	OK	 
REQUEST		T10_Home	1683104301613	1683104304670	OK	 
REQUEST		T20_Home	1683104304252	1683104304671	KO	status.find.in([200, 209], 304), found 404
REQUEST		T20_Home	1683104304343	1683104304671	KO	status.find.in([200, 209], 304), found 404
REQUEST		T20_Home	1683104304339	1683104304672	KO	status.find.in([200, 209], 304), found 404
REQUEST		T20_Home	1683104304344	1683104304673	KO	status.find.in([200, 209], 304), found 404
REQUEST		T10_Home	1683104301536	1683104304670	OK	 
REQUEST		T20_Home	1683104304341	1683104304674	KO	status.find.in([200, 209], 304), found 404
REQUEST		T10_Home	1683104301537	1683104304670	OK	 
REQUEST		T20_Home	1683104304336	1683104304675	KO	status.find.in([200, 209], 304), found 404
USER	MultipleRequests	END	1683104304675
USER	MultipleRequests	END	1683104304675
USER	MultipleRequests	END	1683104304675
USER	MultipleRequests	END	1683104304675
USER	MultipleRequests	END	1683104304675
REQUEST		T20_Home	1683104304351	1683104304675	KO	status.find.in([200, 209], 304), found 404
USER	MultipleRequests	END	1683104304676
USER	MultipleRequests	END	1683104304677
REQUEST		T20_Home	1683104304349	1683104304678	KO	status.find.in([200, 209], 304), found 404
REQUEST		T20_Home	1683104304349	1683104304678	KO	status.find.in([200, 209], 304), found 404
USER	MultipleRequests	END	1683104304679
USER	MultipleRequests	END	1683104304679
REQUEST		T10_Home	1683104301600	1683104304730	OK	 
REQUEST		T10_Home	1683104301460	1683104304768	OK	 
REQUEST		T10_Home	1683104301623	1683104304804	OK	 
REQUEST		T10_Home	1683104301498	1683104304804	OK	 
REQUEST		T10_Home	1683104301503	1683104304805	OK	 
REQUEST		T10_Home	1683104301607	1683104304807	OK	 
REQUEST		T10_Home	1683104301566	1683104304807	OK	 
REQUEST		T10_Home	1683104301543	1683104304808	OK	 
REQUEST		T10_Home	1683104301524	1683104304809	OK	 
REQUEST		T10_Home	1683104301475	1683104304809	OK	 
REQUEST		T10_Home	1683104301535	1683104304815	OK	 
REQUEST		T10_Home	1683104301481	1683104304816	OK	 
REQUEST		T20_Home	1683104304346	1683104304820	KO	status.find.in([200, 209], 304), found 404
REQUEST		T10_Home	1683104301454	1683104304821	OK	 
REQUEST		T10_Home	1683104301520	1683104304824	OK	 
REQUEST		T10_Home	1683104301538	1683104304825	OK	 
REQUEST		T10_Home	1683104301507	1683104304829	OK	 
REQUEST		T10_Home	1683104301517	1683104304830	OK	 
REQUEST		T10_Home	1683104301580	1683104304832	OK	 
REQUEST		T10_Home	1683104301537	1683104304835	OK	 
REQUEST		T20_Home	1683104304354	1683104304834	KO	status.find.in([200, 209], 304), found 404
REQUEST		T20_Home	1683104304348	1683104304836	KO	status.find.in([200, 209], 304), found 404
REQUEST		T20_Home	1683104304361	1683104304838	KO	status.find.in([200, 209], 304), found 404
REQUEST		T10_Home	1683104301582	1683104304838	OK	 
REQUEST		T10_Home	1683104301452	1683104304840	OK	 
REQUEST		T10_Home	1683104301472	1683104304841	OK	 
REQUEST		T10_Home	1683104301574	1683104304843	OK	 
REQUEST		T10_Home	1683104301611	1683104304848	OK	 
REQUEST		T10_Home	1683104301594	1683104304850	OK	 
REQUEST		T20_Home	1683104304359	1683104304851	KO	status.find.in([200, 209], 304), found 404
REQUEST		T20_Home	1683104304360	1683104304853	KO	status.find.in([200, 209], 304), found 404
REQUEST		T10_Home	1683104301546	1683104304853	OK	 
REQUEST		T20_Home	1683104304360	1683104304839	KO	status.find.in([200, 209], 304), found 404
REQUEST		T20_Home	1683104304358	1683104304854	KO	status.find.in([200, 209], 304), found 404
REQUEST		T10_Home	1683104301560	1683104304856	OK	 
REQUEST		T10_Home	1683104301619	1683104304856	OK	 
REQUEST		T10_Home	1683104301533	1683104304859	OK	 
REQUEST		T10_Home	1683104301600	1683104304847	OK	 
REQUEST		T10_Home	1683104301517	1683104304860	OK	 
REQUEST		T20_Home	1683104304347	1683104304862	KO	status.find.in([200, 209], 304), found 404
REQUEST		T10_Home	1683104301494	1683104304862	OK	 
REQUEST		T10_Home	1683104301489	1683104304864	OK	 
REQUEST		T10_Home	1683104301570	1683104304864	OK	 
REQUEST		T20_Home	1683104304361	1683104304872	KO	status.find.in([200, 209], 304), found 404
REQUEST		T20_Home	1683104304359	1683104304880	KO	status.find.in([200, 209], 304), found 404
REQUEST		T10_Home	1683104301552	1683104304884	OK	 
REQUEST		T10_Home	1683104301573	1683104304847	OK	 
REQUEST		T20_Home	1683104304362	1683104304886	KO	status.find.in([200, 209], 304), found 404
REQUEST		T20_Home	1683104304361	1683104304887	KO	status.find.in([200, 209], 304), found 404
REQUEST		T10_Home	1683104301494	1683104304889	OK	 
REQUEST		T10_Home	1683104301491	1683104304891	OK	 
REQUEST		T10_Home	1683104301596	1683104304892	OK	 
REQUEST		T10_Home	1683104301494	1683104304893	OK	 
REQUEST		T10_Home	1683104301516	1683104304893	OK	 
REQUEST		T10_Home	1683104301578	1683104304894	OK	 
REQUEST		T10_Home	1683104301534	1683104304895	OK	 
REQUEST		T10_Home	1683104301471	1683104304895	OK	 
REQUEST		T10_Home	1683104301456	1683104304895	OK	 
REQUEST		T10_Home	1683104301608	1683104304895	OK	 
REQUEST		T10_Home	1683104301458	1683104304896	OK	 
REQUEST		T10_Home	1683104301518	1683104304896	OK	 
USER	MultipleRequests	END	1683104304891
USER	MultipleRequests	END	1683104304897
USER	MultipleRequests	END	1683104304897
USER	MultipleRequests	END	1683104304897
USER	MultipleRequests	END	1683104304897
USER	MultipleRequests	END	1683104304897
USER	MultipleRequests	END	1683104304897
USER	MultipleRequests	END	1683104304897
USER	MultipleRequests	END	1683104304897
USER	MultipleRequests	END	1683104304897
USER	MultipleRequests	END	1683104304897
USER	MultipleRequests	END	1683104304897
USER	MultipleRequests	END	1683104304897
REQUEST		T10_Home	1683104301514	1683104304898	OK	 
REQUEST		T10_Home	1683104301554	1683104304903	OK	 
REQUEST		T10_Home	1683104301469	1683104304904	OK	 
REQUEST		T10_Home	1683104301497	1683104304905	OK	 
REQUEST		T10_Home	1683104301510	1683104304905	OK	 
REQUEST		T10_Home	1683104301590	1683104304906	OK	 
REQUEST		T10_Home	1683104301496	1683104304907	OK	 
REQUEST		T10_Home	1683104301472	1683104304907	OK	 
REQUEST		T10_Home	1683104301567	1683104304907	OK	 
REQUEST		T10_Home	1683104301495	1683104304908	OK	 
REQUEST		T10_Home	1683104301498	1683104304910	OK	 
REQUEST		T20_Home	1683104304539	1683104304921	KO	status.find.in([200, 209], 304), found 404
REQUEST		T20_Home	1683104304539	1683104304925	KO	status.find.in([200, 209], 304), found 404
REQUEST		T20_Home	1683104304537	1683104304929	KO	status.find.in([200, 209], 304), found 404
REQUEST		T20_Home	1683104304540	1683104304930	KO	status.find.in([200, 209], 304), found 404
REQUEST		T20_Home	1683104304540	1683104304932	KO	status.find.in([200, 209], 304), found 404
REQUEST		T20_Home	1683104304567	1683104304933	KO	status.find.in([200, 209], 304), found 404
REQUEST		T20_Home	1683104304540	1683104304934	KO	status.find.in([200, 209], 304), found 404
REQUEST		T20_Home	1683104304566	1683104304936	KO	status.find.in([200, 209], 304), found 404
REQUEST		T20_Home	1683104304567	1683104304938	KO	status.find.in([200, 209], 304), found 404
REQUEST		T20_Home	1683104304565	1683104304944	KO	status.find.in([200, 209], 304), found 404
REQUEST		T20_Home	1683104304568	1683104304947	KO	status.find.in([200, 209], 304), found 404
REQUEST		T10_Home	1683104301572	1683104304947	OK	 
REQUEST		T20_Home	1683104304566	1683104304949	KO	status.find.in([200, 209], 304), found 404
REQUEST		T20_Home	1683104304566	1683104304950	KO	status.find.in([200, 209], 304), found 404
REQUEST		T20_Home	1683104304569	1683104304950	KO	status.find.in([200, 209], 304), found 404
REQUEST		T10_Home	1683104301469	1683104304952	OK	 
REQUEST		T20_Home	1683104304565	1683104304953	KO	status.find.in([200, 209], 304), found 404
USER	MultipleRequests	END	1683104304956
USER	MultipleRequests	END	1683104304956
USER	MultipleRequests	END	1683104304956
USER	MultipleRequests	END	1683104304956
USER	MultipleRequests	END	1683104304956
USER	MultipleRequests	END	1683104304956
USER	MultipleRequests	END	1683104304956
USER	MultipleRequests	END	1683104304956
USER	MultipleRequests	END	1683104304956
USER	MultipleRequests	END	1683104304956
USER	MultipleRequests	END	1683104304956
USER	MultipleRequests	END	1683104304956
USER	MultipleRequests	END	1683104304956
USER	MultipleRequests	END	1683104304956
USER	MultipleRequests	END	1683104304956
REQUEST		T10_Home	1683104301522	1683104305016	OK	 
REQUEST		T10_Home	1683104301593	1683104305016	OK	 
REQUEST		T10_Home	1683104301559	1683104305017	OK	 
REQUEST		T10_Home	1683104301533	1683104305018	OK	 
REQUEST		T10_Home	1683104301569	1683104305019	OK	 
REQUEST		T20_Home	1683104304674	1683104305075	KO	status.find.in([200, 209], 304), found 404
REQUEST		T20_Home	1683104304568	1683104305075	KO	status.find.in([200, 209], 304), found 404
REQUEST		T20_Home	1683104304670	1683104305075	KO	status.find.in([200, 209], 304), found 404
REQUEST		T20_Home	1683104304669	1683104305075	KO	status.find.in([200, 209], 304), found 404
REQUEST		T20_Home	1683104304669	1683104305077	KO	status.find.in([200, 209], 304), found 404
REQUEST		T20_Home	1683104304568	1683104305077	KO	status.find.in([200, 209], 304), found 404
REQUEST		T20_Home	1683104304670	1683104305078	KO	status.find.in([200, 209], 304), found 404
REQUEST		T20_Home	1683104304674	1683104305079	KO	status.find.in([200, 209], 304), found 404
REQUEST		T20_Home	1683104304668	1683104305081	KO	status.find.in([200, 209], 304), found 404
USER	MultipleRequests	END	1683104305085
USER	MultipleRequests	END	1683104305085
USER	MultipleRequests	END	1683104305085
REQUEST		T20_Home	1683104304595	1683104305084	KO	status.find.in([200, 209], 304), found 404
USER	MultipleRequests	END	1683104305085
USER	MultipleRequests	END	1683104305085
USER	MultipleRequests	END	1683104305085
USER	MultipleRequests	END	1683104305085
USER	MultipleRequests	END	1683104305085
USER	MultipleRequests	END	1683104305085
REQUEST		T20_Home	1683104304668	1683104305090	KO	status.find.in([200, 209], 304), found 404
REQUEST		T20_Home	1683104304668	1683104305091	KO	status.find.in([200, 209], 304), found 404
REQUEST		T20_Home	1683104304566	1683104305094	KO	status.find.in([200, 209], 304), found 404
USER	MultipleRequests	END	1683104305101
USER	MultipleRequests	END	1683104305101
USER	MultipleRequests	END	1683104305101
USER	MultipleRequests	END	1683104305101
REQUEST		T10_Home	1683104301609	1683104305133	OK	 
REQUEST		T10_Home	1683104301497	1683104305133	OK	 
REQUEST		T10_Home	1683104301439	1683104305135	OK	 
REQUEST		T10_Home	1683104301453	1683104305135	OK	 
REQUEST		T10_Home	1683104301542	1683104305137	OK	 
REQUEST		T10_Home	1683104301523	1683104305137	OK	 
REQUEST		T10_Home	1683104301520	1683104305137	OK	 
REQUEST		T10_Home	1683104301578	1683104305138	OK	 
REQUEST		T10_Home	1683104301552	1683104305138	OK	 
REQUEST		T10_Home	1683104301525	1683104305139	OK	 
REQUEST		T10_Home	1683104301575	1683104305140	OK	 
REQUEST		T10_Home	1683104301536	1683104305141	OK	 
REQUEST		T20_Home	1683104304769	1683104305191	KO	status.find.in([200, 209], 304), found 404
USER	MultipleRequests	END	1683104305194
REQUEST		T20_Home	1683104304731	1683104305195	KO	status.find.in([200, 209], 304), found 404
USER	MultipleRequests	END	1683104305197
REQUEST		T10_Home	1683104301502	1683104305204	OK	 
REQUEST		T10_Home	1683104301464	1683104305204	OK	 
REQUEST		T20_Home	1683104304892	1683104305234	KO	status.find.in([200, 209], 304), found 404
REQUEST		T20_Home	1683104304896	1683104305234	KO	status.find.in([200, 209], 304), found 404
USER	MultipleRequests	END	1683104305236
USER	MultipleRequests	END	1683104305237
REQUEST		T20_Home	1683104304911	1683104305242	KO	status.find.in([200, 209], 304), found 404
USER	MultipleRequests	END	1683104305245
REQUEST		T10_Home	1683104301473	1683104305272	OK	 
REQUEST		T10_Home	1683104301478	1683104305272	OK	 
REQUEST		T10_Home	1683104301590	1683104305273	OK	 
REQUEST		T10_Home	1683104301524	1683104305274	OK	 
REQUEST		T10_Home	1683104301521	1683104305274	OK	 
REQUEST		T10_Home	1683104301570	1683104305274	OK	 
REQUEST		T10_Home	1683104301527	1683104305276	OK	 
REQUEST		T10_Home	1683104301439	1683104305289	OK	 
REQUEST		T10_Home	1683104301584	1683104305289	OK	 
REQUEST		T10_Home	1683104301513	1683104305291	OK	 
REQUEST		T10_Home	1683104301496	1683104305291	OK	 
REQUEST		T10_Home	1683104301534	1683104305292	OK	 
REQUEST		T10_Home	1683104301515	1683104305292	OK	 
REQUEST		T10_Home	1683104301586	1683104305293	OK	 
REQUEST		T20_Home	1683104304953	1683104305340	KO	status.find.in([200, 209], 304), found 404
REQUEST		T20_Home	1683104305018	1683104305340	KO	status.find.in([200, 209], 304), found 404
REQUEST		T20_Home	1683104305019	1683104305341	KO	status.find.in([200, 209], 304), found 404
REQUEST		T20_Home	1683104304863	1683104305341	KO	status.find.in([200, 209], 304), found 404
REQUEST		T20_Home	1683104304896	1683104305341	KO	status.find.in([200, 209], 304), found 404
REQUEST		T20_Home	1683104304856	1683104305342	KO	status.find.in([200, 209], 304), found 404
REQUEST		T20_Home	1683104304813	1683104305343	KO	status.find.in([200, 209], 304), found 404
REQUEST		T20_Home	1683104304896	1683104305343	KO	status.find.in([200, 209], 304), found 404
USER	MultipleRequests	END	1683104305344
USER	MultipleRequests	END	1683104305345
USER	MultipleRequests	END	1683104305345
USER	MultipleRequests	END	1683104305345
USER	MultipleRequests	END	1683104305345
USER	MultipleRequests	END	1683104305345
USER	MultipleRequests	END	1683104305345
USER	MultipleRequests	END	1683104305345
REQUEST		T20_Home	1683104304860	1683104305375	KO	status.find.in([200, 209], 304), found 404
REQUEST		T20_Home	1683104304908	1683104305376	KO	status.find.in([200, 209], 304), found 404
REQUEST		T20_Home	1683104304948	1683104305377	KO	status.find.in([200, 209], 304), found 404
REQUEST		T20_Home	1683104304805	1683104305378	KO	status.find.in([200, 209], 304), found 404
REQUEST		T20_Home	1683104304885	1683104305378	KO	status.find.in([200, 209], 304), found 404
REQUEST		T20_Home	1683104304897	1683104305379	KO	status.find.in([200, 209], 304), found 404
REQUEST		T20_Home	1683104304823	1683104305380	KO	status.find.in([200, 209], 304), found 404
REQUEST		T20_Home	1683104304808	1683104305381	KO	status.find.in([200, 209], 304), found 404
REQUEST		T20_Home	1683104305017	1683104305381	KO	status.find.in([200, 209], 304), found 404
REQUEST		T20_Home	1683104304845	1683104305382	KO	status.find.in([200, 209], 304), found 404
REQUEST		T20_Home	1683104304816	1683104305382	KO	status.find.in([200, 209], 304), found 404
REQUEST		T20_Home	1683104304849	1683104305383	KO	status.find.in([200, 209], 304), found 404
REQUEST		T20_Home	1683104304809	1683104305383	KO	status.find.in([200, 209], 304), found 404
REQUEST		T20_Home	1683104304805	1683104305383	KO	status.find.in([200, 209], 304), found 404
REQUEST		T20_Home	1683104304895	1683104305385	KO	status.find.in([200, 209], 304), found 404
REQUEST		T20_Home	1683104304829	1683104305385	KO	status.find.in([200, 209], 304), found 404
REQUEST		T20_Home	1683104304828	1683104305385	KO	status.find.in([200, 209], 304), found 404
REQUEST		T20_Home	1683104305018	1683104305385	KO	status.find.in([200, 209], 304), found 404
REQUEST		T20_Home	1683104304825	1683104305386	KO	status.find.in([200, 209], 304), found 404
REQUEST		T20_Home	1683104304818	1683104305386	KO	status.find.in([200, 209], 304), found 404
REQUEST		T20_Home	1683104304815	1683104305387	KO	status.find.in([200, 209], 304), found 404
REQUEST		T20_Home	1683104304851	1683104305384	KO	status.find.in([200, 209], 304), found 404
REQUEST		T20_Home	1683104304807	1683104305389	KO	status.find.in([200, 209], 304), found 404
REQUEST		T20_Home	1683104304905	1683104305390	KO	status.find.in([200, 209], 304), found 404
REQUEST		T20_Home	1683104304835	1683104305390	KO	status.find.in([200, 209], 304), found 404
REQUEST		T10_Home	1683104301540	1683104305390	OK	 
REQUEST		T10_Home	1683104301463	1683104305390	OK	 
REQUEST		T20_Home	1683104304859	1683104305391	KO	status.find.in([200, 209], 304), found 404
REQUEST		T20_Home	1683104304846	1683104305391	KO	status.find.in([200, 209], 304), found 404
REQUEST		T20_Home	1683104304897	1683104305392	KO	status.find.in([200, 209], 304), found 404
REQUEST		T10_Home	1683104301543	1683104305392	OK	 
REQUEST		T10_Home	1683104301459	1683104305392	OK	 
REQUEST		T10_Home	1683104301601	1683104305392	OK	 
REQUEST		T10_Home	1683104301523	1683104305392	OK	 
REQUEST		T10_Home	1683104301566	1683104305394	OK	 
USER	MultipleRequests	END	1683104305395
USER	MultipleRequests	END	1683104305395
USER	MultipleRequests	END	1683104305395
USER	MultipleRequests	END	1683104305395
USER	MultipleRequests	END	1683104305395
USER	MultipleRequests	END	1683104305395
USER	MultipleRequests	END	1683104305395
USER	MultipleRequests	END	1683104305395
USER	MultipleRequests	END	1683104305395
USER	MultipleRequests	END	1683104305395
USER	MultipleRequests	END	1683104305395
USER	MultipleRequests	END	1683104305395
USER	MultipleRequests	END	1683104305395
USER	MultipleRequests	END	1683104305395
USER	MultipleRequests	END	1683104305395
USER	MultipleRequests	END	1683104305395
USER	MultipleRequests	END	1683104305395
USER	MultipleRequests	END	1683104305395
USER	MultipleRequests	END	1683104305395
USER	MultipleRequests	END	1683104305395
USER	MultipleRequests	END	1683104305395
USER	MultipleRequests	END	1683104305395
USER	MultipleRequests	END	1683104305395
USER	MultipleRequests	END	1683104305395
USER	MultipleRequests	END	1683104305395
USER	MultipleRequests	END	1683104305395
USER	MultipleRequests	END	1683104305395
USER	MultipleRequests	END	1683104305395
REQUEST		T10_Home	1683104301539	1683104305421	OK	 
REQUEST		T10_Home	1683104301539	1683104305421	OK	 
REQUEST		T20_Home	1683104304895	1683104305424	KO	status.find.in([200, 209], 304), found 404
REQUEST		T20_Home	1683104304909	1683104305424	KO	status.find.in([200, 209], 304), found 404
REQUEST		T20_Home	1683104304885	1683104305425	KO	status.find.in([200, 209], 304), found 404
REQUEST		T20_Home	1683104304904	1683104305425	KO	status.find.in([200, 209], 304), found 404
REQUEST		T20_Home	1683104304894	1683104305425	KO	status.find.in([200, 209], 304), found 404
REQUEST		T20_Home	1683104304907	1683104305424	KO	status.find.in([200, 209], 304), found 404
REQUEST		T20_Home	1683104304905	1683104305426	KO	status.find.in([200, 209], 304), found 404
REQUEST		T20_Home	1683104304907	1683104305426	KO	status.find.in([200, 209], 304), found 404
USER	MultipleRequests	END	1683104305427
USER	MultipleRequests	END	1683104305427
USER	MultipleRequests	END	1683104305427
USER	MultipleRequests	END	1683104305427
USER	MultipleRequests	END	1683104305427
USER	MultipleRequests	END	1683104305427
USER	MultipleRequests	END	1683104305427
USER	MultipleRequests	END	1683104305427
REQUEST		T20_Home	1683104304833	1683104305429	KO	status.find.in([200, 209], 304), found 404
REQUEST		T20_Home	1683104304895	1683104305429	KO	status.find.in([200, 209], 304), found 404
USER	MultipleRequests	END	1683104305432
USER	MultipleRequests	END	1683104305432
REQUEST		T20_Home	1683104304831	1683104305438	KO	status.find.in([200, 209], 304), found 404
USER	MultipleRequests	END	1683104305439
REQUEST		T20_Home	1683104304906	1683104305444	KO	status.find.in([200, 209], 304), found 404
REQUEST		T20_Home	1683104304858	1683104305445	KO	status.find.in([200, 209], 304), found 404
REQUEST		T20_Home	1683104304898	1683104305445	KO	status.find.in([200, 209], 304), found 404
REQUEST		T20_Home	1683104304862	1683104305446	KO	status.find.in([200, 209], 304), found 404
REQUEST		T20_Home	1683104304840	1683104305446	KO	status.find.in([200, 209], 304), found 404
REQUEST		T20_Home	1683104304908	1683104305446	KO	status.find.in([200, 209], 304), found 404
REQUEST		T20_Home	1683104304864	1683104305447	KO	status.find.in([200, 209], 304), found 404
REQUEST		T20_Home	1683104304842	1683104305447	KO	status.find.in([200, 209], 304), found 404
REQUEST		T20_Home	1683104305017	1683104305447	KO	status.find.in([200, 209], 304), found 404
REQUEST		T20_Home	1683104304889	1683104305447	KO	status.find.in([200, 209], 304), found 404
REQUEST		T20_Home	1683104304854	1683104305448	KO	status.find.in([200, 209], 304), found 404
REQUEST		T20_Home	1683104304864	1683104305448	KO	status.find.in([200, 209], 304), found 404
REQUEST		T20_Home	1683104304806	1683104305448	KO	status.find.in([200, 209], 304), found 404
USER	MultipleRequests	END	1683104305450
USER	MultipleRequests	END	1683104305450
USER	MultipleRequests	END	1683104305450
USER	MultipleRequests	END	1683104305450
USER	MultipleRequests	END	1683104305450
USER	MultipleRequests	END	1683104305450
USER	MultipleRequests	END	1683104305450
USER	MultipleRequests	END	1683104305450
USER	MultipleRequests	END	1683104305450
USER	MultipleRequests	END	1683104305450
USER	MultipleRequests	END	1683104305450
USER	MultipleRequests	END	1683104305450
USER	MultipleRequests	END	1683104305450
REQUEST		T10_Home	1683104301528	1683104305453	OK	 
REQUEST		T10_Home	1683104301458	1683104305454	OK	 
REQUEST		T20_Home	1683104304897	1683104305454	KO	status.find.in([200, 209], 304), found 404
USER	MultipleRequests	END	1683104305456
REQUEST		T10_Home	1683104301542	1683104305490	OK	 
REQUEST		T10_Home	1683104301564	1683104305491	OK	 
REQUEST		T10_Home	1683104301586	1683104305491	OK	 
REQUEST		T10_Home	1683104301538	1683104305494	OK	 
REQUEST		T10_Home	1683104301508	1683104305493	OK	 
REQUEST		T10_Home	1683104301522	1683104305495	OK	 
REQUEST		T10_Home	1683104301439	1683104305497	OK	 
REQUEST		T10_Home	1683104301596	1683104305503	OK	 
REQUEST		T10_Home	1683104301518	1683104305520	OK	 
REQUEST		T10_Home	1683104301485	1683104305520	OK	 
REQUEST		T10_Home	1683104301592	1683104305522	OK	 
REQUEST		T20_Home	1683104305205	1683104305536	KO	status.find.in([200, 209], 304), found 404
REQUEST		T20_Home	1683104305136	1683104305536	KO	status.find.in([200, 209], 304), found 404
USER	MultipleRequests	END	1683104305538
USER	MultipleRequests	END	1683104305538
REQUEST		T20_Home	1683104305134	1683104305547	KO	status.find.in([200, 209], 304), found 404
REQUEST		T20_Home	1683104305139	1683104305547	KO	status.find.in([200, 209], 304), found 404
REQUEST		T20_Home	1683104305138	1683104305547	KO	status.find.in([200, 209], 304), found 404
REQUEST		T20_Home	1683104305134	1683104305548	KO	status.find.in([200, 209], 304), found 404
REQUEST		T20_Home	1683104305205	1683104305549	KO	status.find.in([200, 209], 304), found 404
REQUEST		T20_Home	1683104305139	1683104305549	KO	status.find.in([200, 209], 304), found 404
REQUEST		T20_Home	1683104305138	1683104305550	KO	status.find.in([200, 209], 304), found 404
REQUEST		T20_Home	1683104305142	1683104305550	KO	status.find.in([200, 209], 304), found 404
REQUEST		T20_Home	1683104305139	1683104305550	KO	status.find.in([200, 209], 304), found 404
REQUEST		T20_Home	1683104305140	1683104305551	KO	status.find.in([200, 209], 304), found 404
REQUEST		T20_Home	1683104305136	1683104305550	KO	status.find.in([200, 209], 304), found 404
REQUEST		T20_Home	1683104305138	1683104305552	KO	status.find.in([200, 209], 304), found 404
USER	MultipleRequests	END	1683104305554
USER	MultipleRequests	END	1683104305554
USER	MultipleRequests	END	1683104305554
USER	MultipleRequests	END	1683104305554
USER	MultipleRequests	END	1683104305554
USER	MultipleRequests	END	1683104305554
USER	MultipleRequests	END	1683104305554
USER	MultipleRequests	END	1683104305554
USER	MultipleRequests	END	1683104305554
USER	MultipleRequests	END	1683104305554
USER	MultipleRequests	END	1683104305554
USER	MultipleRequests	END	1683104305554
REQUEST		T20_Home	1683104305292	1683104305628	KO	status.find.in([200, 209], 304), found 404
REQUEST		T20_Home	1683104305292	1683104305628	KO	status.find.in([200, 209], 304), found 404
REQUEST		T20_Home	1683104305290	1683104305628	KO	status.find.in([200, 209], 304), found 404
REQUEST		T20_Home	1683104305274	1683104305631	KO	status.find.in([200, 209], 304), found 404
REQUEST		T20_Home	1683104305291	1683104305628	KO	status.find.in([200, 209], 304), found 404
REQUEST		T20_Home	1683104305277	1683104305634	KO	status.find.in([200, 209], 304), found 404
REQUEST		T20_Home	1683104305290	1683104305634	KO	status.find.in([200, 209], 304), found 404
REQUEST		T20_Home	1683104305274	1683104305635	KO	status.find.in([200, 209], 304), found 404
REQUEST		T20_Home	1683104305276	1683104305637	KO	status.find.in([200, 209], 304), found 404
REQUEST		T20_Home	1683104305295	1683104305637	KO	status.find.in([200, 209], 304), found 404
REQUEST		T20_Home	1683104305273	1683104305639	KO	status.find.in([200, 209], 304), found 404
REQUEST		T20_Home	1683104305275	1683104305642	KO	status.find.in([200, 209], 304), found 404
USER	MultipleRequests	END	1683104305644
USER	MultipleRequests	END	1683104305644
USER	MultipleRequests	END	1683104305644
USER	MultipleRequests	END	1683104305644
USER	MultipleRequests	END	1683104305644
USER	MultipleRequests	END	1683104305644
USER	MultipleRequests	END	1683104305644
USER	MultipleRequests	END	1683104305644
USER	MultipleRequests	END	1683104305644
REQUEST		T20_Home	1683104305291	1683104305645	KO	status.find.in([200, 209], 304), found 404
REQUEST		T20_Home	1683104305275	1683104305645	KO	status.find.in([200, 209], 304), found 404
USER	MultipleRequests	END	1683104305644
USER	MultipleRequests	END	1683104305649
USER	MultipleRequests	END	1683104305649
USER	MultipleRequests	END	1683104305649
USER	MultipleRequests	END	1683104305649
REQUEST		T20_Home	1683104305393	1683104305683	KO	status.find.in([200, 209], 304), found 404
REQUEST		T20_Home	1683104305390	1683104305683	KO	status.find.in([200, 209], 304), found 404
REQUEST		T20_Home	1683104305391	1683104305683	KO	status.find.in([200, 209], 304), found 404
USER	MultipleRequests	END	1683104305684
USER	MultipleRequests	END	1683104305684
USER	MultipleRequests	END	1683104305684
REQUEST		T20_Home	1683104305393	1683104305688	KO	status.find.in([200, 209], 304), found 404
REQUEST		T20_Home	1683104305392	1683104305688	KO	status.find.in([200, 209], 304), found 404
REQUEST		T20_Home	1683104305394	1683104305688	KO	status.find.in([200, 209], 304), found 404
USER	MultipleRequests	END	1683104305690
USER	MultipleRequests	END	1683104305690
USER	MultipleRequests	END	1683104305691
REQUEST		T20_Home	1683104305393	1683104305691	KO	status.find.in([200, 209], 304), found 404
USER	MultipleRequests	END	1683104305692
REQUEST		T20_Home	1683104305422	1683104305697	KO	status.find.in([200, 209], 304), found 404
REQUEST		T20_Home	1683104305422	1683104305697	KO	status.find.in([200, 209], 304), found 404
USER	MultipleRequests	END	1683104305698
USER	MultipleRequests	END	1683104305698
REQUEST		T20_Home	1683104305454	1683104305840	KO	status.find.in([200, 209], 304), found 404
REQUEST		T20_Home	1683104305454	1683104305840	KO	status.find.in([200, 209], 304), found 404
REQUEST		T20_Home	1683104305493	1683104305842	KO	status.find.in([200, 209], 304), found 404
REQUEST		T20_Home	1683104305491	1683104305842	KO	status.find.in([200, 209], 304), found 404
REQUEST		T20_Home	1683104305495	1683104305843	KO	status.find.in([200, 209], 304), found 404
REQUEST		T20_Home	1683104305492	1683104305843	KO	status.find.in([200, 209], 304), found 404
REQUEST		T20_Home	1683104305496	1683104305844	KO	status.find.in([200, 209], 304), found 404
REQUEST		T20_Home	1683104305496	1683104305845	KO	status.find.in([200, 209], 304), found 404
USER	MultipleRequests	END	1683104305846
USER	MultipleRequests	END	1683104305846
USER	MultipleRequests	END	1683104305846
USER	MultipleRequests	END	1683104305846
USER	MultipleRequests	END	1683104305846
USER	MultipleRequests	END	1683104305846
USER	MultipleRequests	END	1683104305847
USER	MultipleRequests	END	1683104305847
REQUEST		T20_Home	1683104305505	1683104305872	KO	status.find.in([200, 209], 304), found 404
REQUEST		T20_Home	1683104305498	1683104305872	KO	status.find.in([200, 209], 304), found 404
REQUEST		T20_Home	1683104305521	1683104305875	KO	status.find.in([200, 209], 304), found 404
REQUEST		T20_Home	1683104305522	1683104305877	KO	status.find.in([200, 209], 304), found 404
REQUEST		T20_Home	1683104305523	1683104305880	KO	status.find.in([200, 209], 304), found 404
USER	MultipleRequests	END	1683104305886
USER	MultipleRequests	END	1683104305889
USER	MultipleRequests	END	1683104305889
USER	MultipleRequests	END	1683104305889
USER	MultipleRequests	END	1683104305889
