RUN	botiqueClass.Boutiquee	boutiquee	1682418357336	test	3.9.0
USER	Online Boutique Home Page	START	1682418359305
USER	MultipleRequests	START	1682418359305
USER	MultipleRequests	START	1682418359307
USER	MultipleRequests	START	1682418359307
USER	Online Boutique Home Page	START	1682418359307
USER	Online Boutique Home Page	START	1682418359308
USER	Online Boutique Home Page	START	1682418359308
USER	Online Boutique Home Page	START	1682418359309
USER	MultipleRequests	START	1682418359309
USER	MultipleRequests	START	1682418359310
REQUEST		T10_Home	1682418359302	1682418359767	OK	 
REQUEST		T10_Home	1682418359302	1682418359762	OK	 
REQUEST		To_Home	1682418359302	1682418359819	OK	 
REQUEST		To_Home	1682418359302	1682418359826	OK	 
REQUEST		To_Home	1682418359302	1682418359828	OK	 
USER	Online Boutique Home Page	END	1682418359831
USER	Online Boutique Home Page	END	1682418359831
USER	Online Boutique Home Page	END	1682418359831
REQUEST		To_Home	1682418359302	1682418359841	OK	 
USER	Online Boutique Home Page	END	1682418359842
REQUEST		T10_Home	1682418359309	1682418359951	OK	 
REQUEST		T10_Home	1682418359303	1682418359951	OK	 
REQUEST		T10_Home	1682418359306	1682418359954	OK	 
REQUEST		To_Home	1682418359302	1682418359956	OK	 
USER	Online Boutique Home Page	END	1682418359958
REQUEST		T20_Home	1682418359823	1682418360105	KO	status.find.in([200, 209], 304), found 404
REQUEST		T20_Home	1682418359825	1682418360107	KO	status.find.in([200, 209], 304), found 404
USER	MultipleRequests	END	1682418360109
USER	MultipleRequests	END	1682418360109
REQUEST		T20_Home	1682418359952	1682418360293	KO	status.find.in([200, 209], 304), found 404
USER	MultipleRequests	END	1682418360297
REQUEST		T20_Home	1682418359955	1682418360309	KO	status.find.in([200, 209], 304), found 404
REQUEST		T20_Home	1682418359951	1682418360309	KO	status.find.in([200, 209], 304), found 404
USER	MultipleRequests	END	1682418360314
USER	MultipleRequests	END	1682418360314
