RUN	botiqueClass.Boutiquee	boutiquee	1682420782081	test	3.9.0
REQUEST		T10_Home	1682420782725	1682420782726	KO	j.n.UnknownHostException: onlineboutique.dev
REQUEST		T10_Home	1682420782725	1682420782726	KO	j.n.UnknownHostException: onlineboutique.dev
REQUEST		T10_Home	1682420782724	1682420782726	KO	j.n.UnknownHostException: onlineboutique.dev
REQUEST		To_Home	1682420782745	1682420782745	KO	j.n.UnknownHostException: onlineboutique.dev
REQUEST		To_Home	1682420782745	1682420782745	KO	j.n.UnknownHostException: onlineboutique.dev
REQUEST		To_Home	1682420782745	1682420782745	KO	j.n.UnknownHostException: onlineboutique.dev
REQUEST		T10_Home	1682420782725	1682420782727	KO	j.n.UnknownHostException: onlineboutique.dev
REQUEST		T10_Home	1682420782725	1682420782726	KO	j.n.UnknownHostException: onlineboutique.dev
REQUEST		To_Home	1682420782746	1682420782746	KO	j.n.UnknownHostException: onlineboutique.dev
REQUEST		To_Home	1682420782746	1682420782746	KO	j.n.UnknownHostException: onlineboutique.dev
REQUEST		T10_Home	1682420782724	1682420782726	KO	j.n.UnknownHostException: onlineboutique.dev
REQUEST		To_Home	1682420782746	1682420782746	KO	j.n.UnknownHostException: onlineboutique.dev
REQUEST		T10_Home	1682420782724	1682420782726	KO	j.n.UnknownHostException: onlineboutique.dev
REQUEST		T10_Home	1682420782724	1682420782726	KO	j.n.UnknownHostException: onlineboutique.dev
REQUEST		To_Home	1682420782747	1682420782747	KO	j.n.UnknownHostException: onlineboutique.dev
REQUEST		To_Home	1682420782747	1682420782747	KO	j.n.UnknownHostException: onlineboutique.dev
USER	MultipleRequests	START	1682420782759
USER	MultipleRequests	START	1682420782759
REQUEST		T10_Home	1682420782760	1682420782760	KO	j.n.UnknownHostException: onlineboutique.dev
REQUEST		T10_Home	1682420782760	1682420782760	KO	j.n.UnknownHostException: onlineboutique.dev
REQUEST		To_Home	1682420782760	1682420782760	KO	j.n.UnknownHostException: onlineboutique.dev
USER	MultipleRequests	START	1682420782760
USER	MultipleRequests	START	1682420782760
USER	MultipleRequests	START	1682420782761
REQUEST		T10_Home	1682420782761	1682420782761	KO	j.n.UnknownHostException: onlineboutique.dev
REQUEST		T10_Home	1682420782761	1682420782761	KO	j.n.UnknownHostException: onlineboutique.dev
REQUEST		T10_Home	1682420782761	1682420782761	KO	j.n.UnknownHostException: onlineboutique.dev
REQUEST		To_Home	1682420782762	1682420782762	KO	j.n.UnknownHostException: onlineboutique.dev
REQUEST		To_Home	1682420782762	1682420782762	KO	j.n.UnknownHostException: onlineboutique.dev
REQUEST		To_Home	1682420782762	1682420782762	KO	j.n.UnknownHostException: onlineboutique.dev
USER	MultipleRequests	START	1682420782762
USER	MultipleRequests	START	1682420782762
USER	MultipleRequests	START	1682420782762
REQUEST		T10_Home	1682420782762	1682420782763	KO	j.n.UnknownHostException: onlineboutique.dev
REQUEST		T10_Home	1682420782762	1682420782763	KO	j.n.UnknownHostException: onlineboutique.dev
REQUEST		T10_Home	1682420782762	1682420782763	KO	j.n.UnknownHostException: onlineboutique.dev
REQUEST		To_Home	1682420782760	1682420782760	KO	j.n.UnknownHostException: onlineboutique.dev
REQUEST		To_Home	1682420782763	1682420782763	KO	j.n.UnknownHostException: onlineboutique.dev
REQUEST		To_Home	1682420782763	1682420782763	KO	j.n.UnknownHostException: onlineboutique.dev
REQUEST		To_Home	1682420782763	1682420782763	KO	j.n.UnknownHostException: onlineboutique.dev
USER	MultipleRequests	START	1682420782763
USER	MultipleRequests	START	1682420782763
USER	MultipleRequests	START	1682420782763
USER	MultipleRequests	START	1682420782763
REQUEST		T10_Home	1682420782764	1682420782764	KO	j.n.UnknownHostException: onlineboutique.dev
REQUEST		T10_Home	1682420782764	1682420782764	KO	j.n.UnknownHostException: onlineboutique.dev
REQUEST		T10_Home	1682420782764	1682420782764	KO	j.n.UnknownHostException: onlineboutique.dev
REQUEST		T10_Home	1682420782764	1682420782764	KO	j.n.UnknownHostException: onlineboutique.dev
REQUEST		To_Home	1682420782764	1682420782764	KO	j.n.UnknownHostException: onlineboutique.dev
REQUEST		To_Home	1682420782764	1682420782764	KO	j.n.UnknownHostException: onlineboutique.dev
REQUEST		To_Home	1682420782764	1682420782764	KO	j.n.UnknownHostException: onlineboutique.dev
USER	MultipleRequests	START	1682420782764
USER	MultipleRequests	START	1682420782764
REQUEST		To_Home	1682420782764	1682420782764	KO	j.n.UnknownHostException: onlineboutique.dev
USER	MultipleRequests	START	1682420782764
USER	MultipleRequests	START	1682420782764
REQUEST		T10_Home	1682420782765	1682420782765	KO	j.n.UnknownHostException: onlineboutique.dev
REQUEST		T10_Home	1682420782765	1682420782765	KO	j.n.UnknownHostException: onlineboutique.dev
REQUEST		T10_Home	1682420782765	1682420782765	KO	j.n.UnknownHostException: onlineboutique.dev
REQUEST		T10_Home	1682420782765	1682420782765	KO	j.n.UnknownHostException: onlineboutique.dev
REQUEST		To_Home	1682420782765	1682420782765	KO	j.n.UnknownHostException: onlineboutique.dev
REQUEST		To_Home	1682420782765	1682420782765	KO	j.n.UnknownHostException: onlineboutique.dev
REQUEST		To_Home	1682420782765	1682420782765	KO	j.n.UnknownHostException: onlineboutique.dev
REQUEST		To_Home	1682420782765	1682420782765	KO	j.n.UnknownHostException: onlineboutique.dev
USER	MultipleRequests	START	1682420782765
USER	MultipleRequests	START	1682420782765
USER	MultipleRequests	START	1682420782766
USER	MultipleRequests	START	1682420782765
REQUEST		T10_Home	1682420782766	1682420782766	KO	j.n.UnknownHostException: onlineboutique.dev
REQUEST		T10_Home	1682420782766	1682420782766	KO	j.n.UnknownHostException: onlineboutique.dev
REQUEST		T10_Home	1682420782766	1682420782766	KO	j.n.UnknownHostException: onlineboutique.dev
REQUEST		T10_Home	1682420782766	1682420782766	KO	j.n.UnknownHostException: onlineboutique.dev
REQUEST		To_Home	1682420782766	1682420782766	KO	j.n.UnknownHostException: onlineboutique.dev
REQUEST		To_Home	1682420782766	1682420782766	KO	j.n.UnknownHostException: onlineboutique.dev
REQUEST		To_Home	1682420782767	1682420782767	KO	j.n.UnknownHostException: onlineboutique.dev
REQUEST		To_Home	1682420782767	1682420782767	KO	j.n.UnknownHostException: onlineboutique.dev
USER	MultipleRequests	START	1682420782767
USER	MultipleRequests	START	1682420782767
USER	MultipleRequests	START	1682420782767
USER	MultipleRequests	START	1682420782767
REQUEST		T10_Home	1682420782767	1682420782767	KO	j.n.UnknownHostException: onlineboutique.dev
REQUEST		T10_Home	1682420782767	1682420782767	KO	j.n.UnknownHostException: onlineboutique.dev
REQUEST		T10_Home	1682420782767	1682420782768	KO	j.n.UnknownHostException: onlineboutique.dev
REQUEST		To_Home	1682420782768	1682420782768	KO	j.n.UnknownHostException: onlineboutique.dev
REQUEST		To_Home	1682420782768	1682420782768	KO	j.n.UnknownHostException: onlineboutique.dev
REQUEST		To_Home	1682420782768	1682420782768	KO	j.n.UnknownHostException: onlineboutique.dev
USER	MultipleRequests	START	1682420782768
USER	MultipleRequests	START	1682420782768
USER	MultipleRequests	START	1682420782768
REQUEST		T10_Home	1682420782769	1682420782769	KO	j.n.UnknownHostException: onlineboutique.dev
REQUEST		T10_Home	1682420782769	1682420782769	KO	j.n.UnknownHostException: onlineboutique.dev
REQUEST		T10_Home	1682420782769	1682420782769	KO	j.n.UnknownHostException: onlineboutique.dev
REQUEST		To_Home	1682420782769	1682420782769	KO	j.n.UnknownHostException: onlineboutique.dev
REQUEST		T10_Home	1682420782769	1682420782769	KO	j.n.UnknownHostException: onlineboutique.dev
USER	MultipleRequests	START	1682420782769
REQUEST		To_Home	1682420782769	1682420782769	KO	j.n.UnknownHostException: onlineboutique.dev
REQUEST		To_Home	1682420782769	1682420782769	KO	j.n.UnknownHostException: onlineboutique.dev
REQUEST		To_Home	1682420782769	1682420782769	KO	j.n.UnknownHostException: onlineboutique.dev
USER	MultipleRequests	START	1682420782769
USER	MultipleRequests	START	1682420782769
USER	MultipleRequests	START	1682420782769
REQUEST		T10_Home	1682420782770	1682420782770	KO	j.n.UnknownHostException: onlineboutique.dev
REQUEST		T10_Home	1682420782770	1682420782770	KO	j.n.UnknownHostException: onlineboutique.dev
REQUEST		T10_Home	1682420782770	1682420782770	KO	j.n.UnknownHostException: onlineboutique.dev
REQUEST		T10_Home	1682420782770	1682420782770	KO	j.n.UnknownHostException: onlineboutique.dev
REQUEST		To_Home	1682420782770	1682420782770	KO	j.n.UnknownHostException: onlineboutique.dev
REQUEST		To_Home	1682420782770	1682420782770	KO	j.n.UnknownHostException: onlineboutique.dev
REQUEST		To_Home	1682420782770	1682420782770	KO	j.n.UnknownHostException: onlineboutique.dev
REQUEST		To_Home	1682420782770	1682420782770	KO	j.n.UnknownHostException: onlineboutique.dev
USER	MultipleRequests	START	1682420782770
USER	MultipleRequests	START	1682420782771
USER	MultipleRequests	START	1682420782771
USER	MultipleRequests	START	1682420782771
REQUEST		T10_Home	1682420782771	1682420782771	KO	j.n.UnknownHostException: onlineboutique.dev
REQUEST		T10_Home	1682420782771	1682420782771	KO	j.n.UnknownHostException: onlineboutique.dev
REQUEST		T10_Home	1682420782771	1682420782771	KO	j.n.UnknownHostException: onlineboutique.dev
REQUEST		T10_Home	1682420782771	1682420782771	KO	j.n.UnknownHostException: onlineboutique.dev
REQUEST		To_Home	1682420782771	1682420782771	KO	j.n.UnknownHostException: onlineboutique.dev
REQUEST		To_Home	1682420782771	1682420782771	KO	j.n.UnknownHostException: onlineboutique.dev
REQUEST		To_Home	1682420782771	1682420782771	KO	j.n.UnknownHostException: onlineboutique.dev
REQUEST		To_Home	1682420782771	1682420782771	KO	j.n.UnknownHostException: onlineboutique.dev
USER	MultipleRequests	START	1682420782772
USER	MultipleRequests	START	1682420782772
USER	MultipleRequests	START	1682420782772
USER	MultipleRequests	START	1682420782772
REQUEST		T10_Home	1682420782772	1682420782772	KO	j.n.UnknownHostException: onlineboutique.dev
REQUEST		T10_Home	1682420782772	1682420782772	KO	j.n.UnknownHostException: onlineboutique.dev
REQUEST		T10_Home	1682420782772	1682420782772	KO	j.n.UnknownHostException: onlineboutique.dev
REQUEST		T10_Home	1682420782772	1682420782772	KO	j.n.UnknownHostException: onlineboutique.dev
REQUEST		To_Home	1682420782772	1682420782773	KO	j.n.UnknownHostException: onlineboutique.dev
USER	MultipleRequests	START	1682420782773
REQUEST		To_Home	1682420782772	1682420782773	KO	j.n.UnknownHostException: onlineboutique.dev
REQUEST		To_Home	1682420782773	1682420782773	KO	j.n.UnknownHostException: onlineboutique.dev
USER	MultipleRequests	START	1682420782774
USER	MultipleRequests	START	1682420782774
USER	MultipleRequests	START	1682420782774
REQUEST		T10_Home	1682420782774	1682420782774	KO	j.n.UnknownHostException: onlineboutique.dev
REQUEST		T10_Home	1682420782774	1682420782774	KO	j.n.UnknownHostException: onlineboutique.dev
REQUEST		T10_Home	1682420782774	1682420782774	KO	j.n.UnknownHostException: onlineboutique.dev
REQUEST		To_Home	1682420782775	1682420782775	KO	j.n.UnknownHostException: onlineboutique.dev
REQUEST		To_Home	1682420782775	1682420782775	KO	j.n.UnknownHostException: onlineboutique.dev
REQUEST		To_Home	1682420782775	1682420782775	KO	j.n.UnknownHostException: onlineboutique.dev
USER	MultipleRequests	START	1682420782775
USER	MultipleRequests	START	1682420782775
USER	MultipleRequests	START	1682420782775
USER	MultipleRequests	START	1682420782775
REQUEST		T10_Home	1682420782776	1682420782776	KO	j.n.UnknownHostException: onlineboutique.dev
REQUEST		T10_Home	1682420782776	1682420782776	KO	j.n.UnknownHostException: onlineboutique.dev
REQUEST		T10_Home	1682420782776	1682420782776	KO	j.n.UnknownHostException: onlineboutique.dev
REQUEST		To_Home	1682420782776	1682420782776	KO	j.n.UnknownHostException: onlineboutique.dev
REQUEST		To_Home	1682420782776	1682420782776	KO	j.n.UnknownHostException: onlineboutique.dev
REQUEST		To_Home	1682420782776	1682420782776	KO	j.n.UnknownHostException: onlineboutique.dev
USER	MultipleRequests	START	1682420782776
USER	MultipleRequests	START	1682420782776
USER	MultipleRequests	START	1682420782776
USER	MultipleRequests	START	1682420782777
REQUEST		T10_Home	1682420782777	1682420782777	KO	j.n.UnknownHostException: onlineboutique.dev
REQUEST		T10_Home	1682420782777	1682420782777	KO	j.n.UnknownHostException: onlineboutique.dev
REQUEST		T10_Home	1682420782777	1682420782777	KO	j.n.UnknownHostException: onlineboutique.dev
REQUEST		To_Home	1682420782777	1682420782778	KO	j.n.UnknownHostException: onlineboutique.dev
REQUEST		To_Home	1682420782777	1682420782778	KO	j.n.UnknownHostException: onlineboutique.dev
REQUEST		To_Home	1682420782777	1682420782778	KO	j.n.UnknownHostException: onlineboutique.dev
USER	MultipleRequests	START	1682420782778
USER	MultipleRequests	START	1682420782778
USER	MultipleRequests	START	1682420782778
USER	MultipleRequests	START	1682420782778
REQUEST		T10_Home	1682420782778	1682420782778	KO	j.n.UnknownHostException: onlineboutique.dev
REQUEST		T10_Home	1682420782778	1682420782778	KO	j.n.UnknownHostException: onlineboutique.dev
REQUEST		T10_Home	1682420782778	1682420782778	KO	j.n.UnknownHostException: onlineboutique.dev
REQUEST		To_Home	1682420782779	1682420782779	KO	j.n.UnknownHostException: onlineboutique.dev
REQUEST		To_Home	1682420782779	1682420782779	KO	j.n.UnknownHostException: onlineboutique.dev
REQUEST		To_Home	1682420782779	1682420782779	KO	j.n.UnknownHostException: onlineboutique.dev
USER	MultipleRequests	START	1682420782779
USER	MultipleRequests	START	1682420782779
USER	MultipleRequests	START	1682420782779
REQUEST		T10_Home	1682420782780	1682420782780	KO	j.n.UnknownHostException: onlineboutique.dev
REQUEST		T10_Home	1682420782780	1682420782780	KO	j.n.UnknownHostException: onlineboutique.dev
REQUEST		T10_Home	1682420782780	1682420782780	KO	j.n.UnknownHostException: onlineboutique.dev
REQUEST		To_Home	1682420782780	1682420782780	KO	j.n.UnknownHostException: onlineboutique.dev
REQUEST		To_Home	1682420782780	1682420782780	KO	j.n.UnknownHostException: onlineboutique.dev
REQUEST		To_Home	1682420782780	1682420782780	KO	j.n.UnknownHostException: onlineboutique.dev
USER	MultipleRequests	START	1682420782780
USER	MultipleRequests	START	1682420782780
USER	MultipleRequests	START	1682420782780
REQUEST		T10_Home	1682420782781	1682420782781	KO	j.n.UnknownHostException: onlineboutique.dev
REQUEST		T10_Home	1682420782781	1682420782781	KO	j.n.UnknownHostException: onlineboutique.dev
REQUEST		T10_Home	1682420782781	1682420782781	KO	j.n.UnknownHostException: onlineboutique.dev
REQUEST		To_Home	1682420782781	1682420782782	KO	j.n.UnknownHostException: onlineboutique.dev
REQUEST		To_Home	1682420782781	1682420782782	KO	j.n.UnknownHostException: onlineboutique.dev
REQUEST		To_Home	1682420782782	1682420782782	KO	j.n.UnknownHostException: onlineboutique.dev
USER	MultipleRequests	START	1682420782782
USER	MultipleRequests	START	1682420782782
USER	MultipleRequests	START	1682420782782
REQUEST		T10_Home	1682420782783	1682420782783	KO	j.n.UnknownHostException: onlineboutique.dev
REQUEST		T10_Home	1682420782783	1682420782783	KO	j.n.UnknownHostException: onlineboutique.dev
REQUEST		T10_Home	1682420782783	1682420782783	KO	j.n.UnknownHostException: onlineboutique.dev
REQUEST		To_Home	1682420782783	1682420782783	KO	j.n.UnknownHostException: onlineboutique.dev
REQUEST		To_Home	1682420782783	1682420782783	KO	j.n.UnknownHostException: onlineboutique.dev
REQUEST		To_Home	1682420782783	1682420782783	KO	j.n.UnknownHostException: onlineboutique.dev
USER	MultipleRequests	START	1682420782783
USER	MultipleRequests	START	1682420782783
USER	MultipleRequests	START	1682420782783
REQUEST		T10_Home	1682420782784	1682420782784	KO	j.n.UnknownHostException: onlineboutique.dev
REQUEST		T10_Home	1682420782784	1682420782784	KO	j.n.UnknownHostException: onlineboutique.dev
REQUEST		T10_Home	1682420782784	1682420782784	KO	j.n.UnknownHostException: onlineboutique.dev
REQUEST		To_Home	1682420782784	1682420782784	KO	j.n.UnknownHostException: onlineboutique.dev
REQUEST		To_Home	1682420782785	1682420782785	KO	j.n.UnknownHostException: onlineboutique.dev
REQUEST		To_Home	1682420782784	1682420782785	KO	j.n.UnknownHostException: onlineboutique.dev
USER	MultipleRequests	START	1682420782785
USER	MultipleRequests	START	1682420782785
USER	MultipleRequests	START	1682420782785
REQUEST		T10_Home	1682420782786	1682420782786	KO	j.n.UnknownHostException: onlineboutique.dev
REQUEST		T10_Home	1682420782786	1682420782786	KO	j.n.UnknownHostException: onlineboutique.dev
USER	MultipleRequests	END	1682420782786
REQUEST		To_Home	1682420782786	1682420782786	KO	j.n.UnknownHostException: onlineboutique.dev
REQUEST		To_Home	1682420782786	1682420782786	KO	j.n.UnknownHostException: onlineboutique.dev
USER	MultipleRequests	START	1682420782787
USER	MultipleRequests	START	1682420782787
REQUEST		T10_Home	1682420782787	1682420782788	KO	j.n.UnknownHostException: onlineboutique.dev
REQUEST		To_Home	1682420782788	1682420782788	KO	j.n.UnknownHostException: onlineboutique.dev
USER	MultipleRequests	START	1682420782790
REQUEST		T10_Home	1682420782791	1682420782791	KO	j.n.UnknownHostException: onlineboutique.dev
REQUEST		To_Home	1682420782791	1682420782792	KO	j.n.UnknownHostException: onlineboutique.dev
USER	MultipleRequests	START	1682420782792
REQUEST		T10_Home	1682420782793	1682420782793	KO	j.n.UnknownHostException: onlineboutique.dev
REQUEST		To_Home	1682420782794	1682420782794	KO	j.n.UnknownHostException: onlineboutique.dev
USER	MultipleRequests	START	1682420782794
USER	MultipleRequests	END	1682420782794
USER	MultipleRequests	END	1682420782795
USER	MultipleRequests	END	1682420782795
USER	MultipleRequests	END	1682420782795
USER	MultipleRequests	END	1682420782795
USER	MultipleRequests	END	1682420782795
USER	MultipleRequests	END	1682420782795
USER	MultipleRequests	END	1682420782796
USER	MultipleRequests	END	1682420782796
USER	MultipleRequests	END	1682420782796
USER	MultipleRequests	END	1682420782796
USER	MultipleRequests	END	1682420782796
USER	MultipleRequests	END	1682420782796
USER	MultipleRequests	END	1682420782796
USER	MultipleRequests	END	1682420782796
USER	MultipleRequests	END	1682420782797
USER	MultipleRequests	END	1682420782797
USER	MultipleRequests	END	1682420782797
USER	MultipleRequests	END	1682420782797
USER	MultipleRequests	END	1682420782797
USER	MultipleRequests	END	1682420782798
USER	MultipleRequests	END	1682420782798
USER	MultipleRequests	END	1682420782798
USER	MultipleRequests	END	1682420782798
USER	MultipleRequests	END	1682420782798
USER	MultipleRequests	END	1682420782798
USER	MultipleRequests	END	1682420782798
USER	MultipleRequests	END	1682420782799
USER	MultipleRequests	END	1682420782799
USER	MultipleRequests	END	1682420782799
USER	MultipleRequests	END	1682420782799
USER	MultipleRequests	END	1682420782799
USER	MultipleRequests	END	1682420782799
USER	MultipleRequests	END	1682420782799
USER	MultipleRequests	END	1682420782799
USER	MultipleRequests	END	1682420782799
USER	MultipleRequests	END	1682420782799
USER	MultipleRequests	END	1682420782799
USER	MultipleRequests	END	1682420782799
USER	MultipleRequests	END	1682420782800
USER	MultipleRequests	END	1682420782800
USER	MultipleRequests	END	1682420782800
USER	MultipleRequests	END	1682420782800
USER	MultipleRequests	END	1682420782800
USER	MultipleRequests	END	1682420782800
USER	MultipleRequests	END	1682420782800
USER	MultipleRequests	END	1682420782800
USER	MultipleRequests	END	1682420782800
USER	MultipleRequests	END	1682420782801
USER	MultipleRequests	END	1682420782801
USER	MultipleRequests	END	1682420782801
USER	MultipleRequests	END	1682420782802
USER	MultipleRequests	END	1682420782802
REQUEST		To_Home	1682420782773	1682420782802	KO	j.n.UnknownHostException: onlineboutique.dev
USER	MultipleRequests	END	1682420782802
USER	MultipleRequests	END	1682420782802
USER	MultipleRequests	END	1682420782803
USER	MultipleRequests	END	1682420782803
USER	MultipleRequests	END	1682420782803
USER	MultipleRequests	END	1682420782803
USER	MultipleRequests	END	1682420782803
REQUEST		T10_Home	1682420782803	1682420782803	KO	j.n.UnknownHostException: onlineboutique.dev
USER	MultipleRequests	END	1682420782804
USER	MultipleRequests	END	1682420782804
USER	MultipleRequests	END	1682420782804
USER	MultipleRequests	END	1682420782804
USER	MultipleRequests	END	1682420782804
USER	MultipleRequests	END	1682420782804
USER	MultipleRequests	END	1682420782804
USER	MultipleRequests	END	1682420782804
USER	MultipleRequests	END	1682420782804
USER	MultipleRequests	END	1682420782804
REQUEST		To_Home	1682420782804	1682420782804	KO	j.n.UnknownHostException: onlineboutique.dev
USER	MultipleRequests	END	1682420782804
USER	MultipleRequests	END	1682420782805
USER	MultipleRequests	END	1682420782805
USER	MultipleRequests	END	1682420782805
USER	MultipleRequests	START	1682420782805
USER	MultipleRequests	END	1682420782805
REQUEST		T10_Home	1682420782806	1682420782806	KO	j.n.UnknownHostException: onlineboutique.dev
REQUEST		To_Home	1682420782808	1682420782808	KO	j.n.UnknownHostException: onlineboutique.dev
USER	MultipleRequests	START	1682420782808
USER	MultipleRequests	END	1682420782808
REQUEST		T10_Home	1682420782809	1682420782809	KO	j.n.UnknownHostException: onlineboutique.dev
REQUEST		T10_Home	1682420783044	1682420783044	KO	j.n.UnknownHostException: onlineboutique.dev
REQUEST		To_Home	1682420783066	1682420783066	KO	j.n.UnknownHostException: onlineboutique.dev
USER	MultipleRequests	END	1682420783069
USER	MultipleRequests	START	1682420783071
USER	MultipleRequests	END	1682420783072
USER	MultipleRequests	START	1682420783073
REQUEST		T10_Home	1682420782788	1682420782789	KO	j.n.UnknownHostException: onlineboutique.dev
REQUEST		T10_Home	1682420783080	1682420783081	KO	j.n.UnknownHostException: onlineboutique.dev
REQUEST		To_Home	1682420783081	1682420783082	KO	j.n.UnknownHostException: onlineboutique.dev
USER	MultipleRequests	END	1682420783082
USER	MultipleRequests	START	1682420783083
REQUEST		T10_Home	1682420783084	1682420783085	KO	j.n.UnknownHostException: onlineboutique.dev
REQUEST		To_Home	1682420783086	1682420783087	KO	j.n.UnknownHostException: onlineboutique.dev
USER	MultipleRequests	START	1682420783087
REQUEST		T10_Home	1682420783088	1682420783088	KO	j.n.UnknownHostException: onlineboutique.dev
USER	MultipleRequests	END	1682420783088
REQUEST		To_Home	1682420783089	1682420783089	KO	j.n.UnknownHostException: onlineboutique.dev
USER	MultipleRequests	START	1682420783089
USER	MultipleRequests	END	1682420783090
REQUEST		To_Home	1682420783090	1682420783090	KO	j.n.UnknownHostException: onlineboutique.dev
USER	MultipleRequests	END	1682420783091
USER	MultipleRequests	START	1682420783091
REQUEST		T10_Home	1682420783084	1682420783090	KO	j.n.UnknownHostException: onlineboutique.dev
REQUEST		To_Home	1682420783091	1682420783091	KO	j.n.UnknownHostException: onlineboutique.dev
USER	MultipleRequests	END	1682420783092
REQUEST		T10_Home	1682420783092	1682420783092	KO	j.n.UnknownHostException: onlineboutique.dev
REQUEST		To_Home	1682420783093	1682420783093	KO	j.n.UnknownHostException: onlineboutique.dev
USER	MultipleRequests	START	1682420783092
USER	MultipleRequests	END	1682420783094
USER	MultipleRequests	START	1682420783095
REQUEST		T10_Home	1682420783095	1682420783095	KO	j.n.UnknownHostException: onlineboutique.dev
REQUEST		To_Home	1682420783097	1682420783097	KO	j.n.UnknownHostException: onlineboutique.dev
USER	MultipleRequests	START	1682420783097
USER	MultipleRequests	END	1682420783097
REQUEST		T10_Home	1682420783099	1682420783099	KO	j.n.UnknownHostException: onlineboutique.dev
REQUEST		To_Home	1682420783102	1682420783102	KO	j.n.UnknownHostException: onlineboutique.dev
USER	MultipleRequests	END	1682420783104
REQUEST		To_Home	1682420782809	1682420783104	KO	j.n.UnknownHostException: onlineboutique.dev
USER	MultipleRequests	START	1682420783104
REQUEST		T10_Home	1682420783105	1682420783105	KO	j.n.UnknownHostException: onlineboutique.dev
USER	MultipleRequests	END	1682420783106
REQUEST		To_Home	1682420783106	1682420783106	KO	j.n.UnknownHostException: onlineboutique.dev
USER	MultipleRequests	END	1682420783107
USER	MultipleRequests	START	1682420783107
REQUEST		T10_Home	1682420783108	1682420783108	KO	j.n.UnknownHostException: onlineboutique.dev
REQUEST		To_Home	1682420783109	1682420783109	KO	j.n.UnknownHostException: onlineboutique.dev
USER	MultipleRequests	END	1682420783110
USER	MultipleRequests	START	1682420783110
REQUEST		T10_Home	1682420783111	1682420783111	KO	j.n.UnknownHostException: onlineboutique.dev
USER	MultipleRequests	START	1682420783110
REQUEST		T10_Home	1682420783112	1682420783112	KO	j.n.UnknownHostException: onlineboutique.dev
REQUEST		To_Home	1682420783113	1682420783113	KO	j.n.UnknownHostException: onlineboutique.dev
USER	MultipleRequests	END	1682420783114
USER	MultipleRequests	START	1682420783114
REQUEST		T10_Home	1682420783115	1682420783115	KO	j.n.UnknownHostException: onlineboutique.dev
REQUEST		To_Home	1682420783115	1682420783115	KO	j.n.UnknownHostException: onlineboutique.dev
USER	MultipleRequests	END	1682420783116
USER	MultipleRequests	START	1682420783116
REQUEST		To_Home	1682420783112	1682420783113	KO	j.n.UnknownHostException: onlineboutique.dev
USER	MultipleRequests	END	1682420783118
USER	MultipleRequests	START	1682420783118
REQUEST		T10_Home	1682420783119	1682420783119	KO	j.n.UnknownHostException: onlineboutique.dev
REQUEST		To_Home	1682420783120	1682420783120	KO	j.n.UnknownHostException: onlineboutique.dev
USER	MultipleRequests	END	1682420783120
USER	MultipleRequests	START	1682420783120
REQUEST		T10_Home	1682420783121	1682420783121	KO	j.n.UnknownHostException: onlineboutique.dev
REQUEST		To_Home	1682420783122	1682420783122	KO	j.n.UnknownHostException: onlineboutique.dev
USER	MultipleRequests	END	1682420783123
USER	MultipleRequests	START	1682420783123
REQUEST		T10_Home	1682420783124	1682420783125	KO	j.n.UnknownHostException: onlineboutique.dev
REQUEST		To_Home	1682420783127	1682420783127	KO	j.n.UnknownHostException: onlineboutique.dev
USER	MultipleRequests	END	1682420783128
USER	MultipleRequests	START	1682420783128
REQUEST		T10_Home	1682420783129	1682420783129	KO	j.n.UnknownHostException: onlineboutique.dev
REQUEST		To_Home	1682420783130	1682420783130	KO	j.n.UnknownHostException: onlineboutique.dev
USER	MultipleRequests	END	1682420783130
USER	MultipleRequests	START	1682420783131
REQUEST		T10_Home	1682420783132	1682420783132	KO	j.n.UnknownHostException: onlineboutique.dev
REQUEST		To_Home	1682420783133	1682420783133	KO	j.n.UnknownHostException: onlineboutique.dev
USER	MultipleRequests	END	1682420783133
USER	MultipleRequests	START	1682420783133
REQUEST		T10_Home	1682420783135	1682420783135	KO	j.n.UnknownHostException: onlineboutique.dev
REQUEST		To_Home	1682420783136	1682420783136	KO	j.n.UnknownHostException: onlineboutique.dev
USER	MultipleRequests	START	1682420783137
USER	MultipleRequests	END	1682420783137
REQUEST		T10_Home	1682420783137	1682420783137	KO	j.n.UnknownHostException: onlineboutique.dev
REQUEST		To_Home	1682420783138	1682420783138	KO	j.n.UnknownHostException: onlineboutique.dev
USER	MultipleRequests	END	1682420783138
USER	MultipleRequests	START	1682420783139
