RUN	botiqueClass.Boutiquee	boutiquee	1681466341154	test	3.9.0
USER	Online Boutique Home Page	START	1681466342698
USER	Online Boutique Home Page	START	1681466342698
USER	MultipleRequests	START	1681466342698
USER	MultipleRequests	START	1681466342698
USER	MultipleRequests	START	1681466342699
USER	Online Boutique Home Page	START	1681466342699
REQUEST		Too_Home	1681466342694	1681466343160	OK	 
REQUEST		T10_Home	1681466342694	1681466343151	OK	 
REQUEST		T10_Home	1681466342694	1681466343151	OK	 
REQUEST		Too_Home	1681466342694	1681466343160	OK	 
REQUEST		T10_Home	1681466342695	1681466343162	OK	 
REQUEST		Too_Home	1681466342694	1681466343162	OK	 
USER	Online Boutique Home Page	END	1681466343205
USER	Online Boutique Home Page	END	1681466343206
USER	Online Boutique Home Page	END	1681466343206
REQUEST		T20_Home	1681466343202	1681466343473	KO	status.find.in([200, 209], 304), found 404
REQUEST		T20_Home	1681466343202	1681466343475	KO	status.find.in([200, 209], 304), found 404
REQUEST		T20_Home	1681466343202	1681466343481	KO	status.find.in([200, 209], 304), found 404
USER	MultipleRequests	END	1681466346485
USER	MultipleRequests	END	1681466346485
USER	MultipleRequests	END	1681466346487
