RUN	botiqueClass.Boutiquee	boutiquee	1683034295663	tsss	3.9.0
USER	MultipleRequests	START	1683034298027
USER	MultipleRequests	START	1683034298028
USER	MultipleRequests	START	1683034298029
USER	MultipleRequests	START	1683034298029
USER	MultipleRequests	START	1683034298030
USER	MultipleRequests	START	1683034298030
USER	MultipleRequests	START	1683034298031
USER	MultipleRequests	START	1683034298031
USER	MultipleRequests	START	1683034298032
USER	MultipleRequests	START	1683034298033
USER	MultipleRequests	START	1683034298033
USER	MultipleRequests	START	1683034298034
USER	MultipleRequests	START	1683034298035
USER	MultipleRequests	START	1683034298035
USER	MultipleRequests	START	1683034298036
USER	MultipleRequests	START	1683034298036
USER	MultipleRequests	START	1683034298037
USER	MultipleRequests	START	1683034298037
USER	MultipleRequests	START	1683034298038
USER	MultipleRequests	START	1683034298039
USER	MultipleRequests	START	1683034298039
USER	MultipleRequests	START	1683034298039
USER	MultipleRequests	START	1683034298039
USER	MultipleRequests	START	1683034298040
USER	MultipleRequests	START	1683034298040
USER	MultipleRequests	START	1683034298040
USER	MultipleRequests	START	1683034298040
USER	MultipleRequests	START	1683034298040
USER	MultipleRequests	START	1683034298041
USER	MultipleRequests	START	1683034298041
USER	MultipleRequests	START	1683034298041
USER	MultipleRequests	START	1683034298041
USER	MultipleRequests	START	1683034298042
USER	MultipleRequests	START	1683034298042
USER	MultipleRequests	START	1683034298043
USER	MultipleRequests	START	1683034298043
USER	MultipleRequests	START	1683034298044
USER	MultipleRequests	START	1683034298044
USER	MultipleRequests	START	1683034298044
USER	MultipleRequests	START	1683034298045
USER	MultipleRequests	START	1683034298046
USER	MultipleRequests	START	1683034298046
USER	MultipleRequests	START	1683034298046
USER	MultipleRequests	START	1683034298046
USER	MultipleRequests	START	1683034298046
USER	MultipleRequests	START	1683034298046
USER	MultipleRequests	START	1683034298047
USER	MultipleRequests	START	1683034298047
USER	MultipleRequests	START	1683034298047
USER	MultipleRequests	START	1683034298047
USER	MultipleRequests	START	1683034298049
USER	MultipleRequests	START	1683034298049
USER	MultipleRequests	START	1683034298049
USER	MultipleRequests	START	1683034298049
USER	MultipleRequests	START	1683034298050
USER	MultipleRequests	START	1683034298050
USER	MultipleRequests	START	1683034298050
USER	MultipleRequests	START	1683034298050
USER	MultipleRequests	START	1683034298051
USER	MultipleRequests	START	1683034298051
USER	MultipleRequests	START	1683034298051
USER	MultipleRequests	START	1683034298052
USER	MultipleRequests	START	1683034298052
USER	MultipleRequests	START	1683034298052
USER	MultipleRequests	START	1683034298052
USER	MultipleRequests	START	1683034298053
USER	MultipleRequests	START	1683034298053
USER	MultipleRequests	START	1683034298053
USER	MultipleRequests	START	1683034298053
USER	MultipleRequests	START	1683034298053
USER	MultipleRequests	START	1683034298054
USER	MultipleRequests	START	1683034298054
USER	MultipleRequests	START	1683034298055
USER	MultipleRequests	START	1683034298055
USER	MultipleRequests	START	1683034298055
USER	MultipleRequests	START	1683034298055
USER	MultipleRequests	START	1683034298057
USER	MultipleRequests	START	1683034298057
USER	MultipleRequests	START	1683034298058
USER	MultipleRequests	START	1683034298058
USER	MultipleRequests	START	1683034298059
USER	MultipleRequests	START	1683034298059
USER	MultipleRequests	START	1683034298060
USER	MultipleRequests	START	1683034298061
USER	MultipleRequests	START	1683034298062
USER	MultipleRequests	START	1683034298062
USER	MultipleRequests	START	1683034298064
USER	MultipleRequests	START	1683034298064
USER	MultipleRequests	START	1683034298065
USER	MultipleRequests	START	1683034298065
USER	MultipleRequests	START	1683034298065
USER	MultipleRequests	START	1683034298065
USER	MultipleRequests	START	1683034298066
USER	MultipleRequests	START	1683034298066
USER	MultipleRequests	START	1683034298066
USER	MultipleRequests	START	1683034298067
USER	MultipleRequests	START	1683034298067
USER	MultipleRequests	START	1683034298067
USER	MultipleRequests	START	1683034298067
USER	MultipleRequests	START	1683034298068
USER	MultipleRequests	START	1683034298068
USER	MultipleRequests	START	1683034298069
USER	MultipleRequests	START	1683034298069
USER	MultipleRequests	START	1683034298070
USER	MultipleRequests	START	1683034298070
USER	MultipleRequests	START	1683034298071
USER	MultipleRequests	START	1683034298072
USER	MultipleRequests	START	1683034298072
USER	MultipleRequests	START	1683034298073
USER	MultipleRequests	START	1683034298073
USER	MultipleRequests	START	1683034298074
USER	MultipleRequests	START	1683034298075
USER	MultipleRequests	START	1683034298075
USER	MultipleRequests	START	1683034298076
USER	MultipleRequests	START	1683034298076
USER	MultipleRequests	START	1683034298078
USER	MultipleRequests	START	1683034298078
USER	MultipleRequests	START	1683034298079
USER	MultipleRequests	START	1683034298079
USER	MultipleRequests	START	1683034298080
USER	MultipleRequests	START	1683034298080
USER	MultipleRequests	START	1683034298080
USER	MultipleRequests	START	1683034298081
USER	MultipleRequests	START	1683034298081
USER	MultipleRequests	START	1683034298082
USER	MultipleRequests	START	1683034298082
USER	MultipleRequests	START	1683034298083
USER	MultipleRequests	START	1683034298083
USER	MultipleRequests	START	1683034298084
USER	MultipleRequests	START	1683034298084
USER	MultipleRequests	START	1683034298085
USER	MultipleRequests	START	1683034298085
USER	MultipleRequests	START	1683034298086
USER	MultipleRequests	START	1683034298087
USER	MultipleRequests	START	1683034298087
USER	MultipleRequests	START	1683034298089
USER	MultipleRequests	START	1683034298089
USER	MultipleRequests	START	1683034298090
USER	MultipleRequests	START	1683034298090
USER	MultipleRequests	START	1683034298091
USER	MultipleRequests	START	1683034298091
USER	MultipleRequests	START	1683034298092
USER	MultipleRequests	START	1683034298093
USER	MultipleRequests	START	1683034298093
USER	MultipleRequests	START	1683034298094
USER	MultipleRequests	START	1683034298094
USER	MultipleRequests	START	1683034298095
USER	MultipleRequests	START	1683034298095
USER	MultipleRequests	START	1683034298097
USER	MultipleRequests	START	1683034298097
USER	MultipleRequests	START	1683034298098
USER	MultipleRequests	START	1683034298098
USER	MultipleRequests	START	1683034298099
USER	MultipleRequests	START	1683034298099
USER	MultipleRequests	START	1683034298100
USER	MultipleRequests	START	1683034298101
USER	MultipleRequests	START	1683034298101
USER	MultipleRequests	START	1683034298102
USER	MultipleRequests	START	1683034298102
USER	MultipleRequests	START	1683034298103
USER	MultipleRequests	START	1683034298105
USER	MultipleRequests	START	1683034298106
USER	MultipleRequests	START	1683034298107
USER	MultipleRequests	START	1683034298108
USER	MultipleRequests	START	1683034298108
USER	MultipleRequests	START	1683034298110
USER	MultipleRequests	START	1683034298110
USER	MultipleRequests	START	1683034298110
USER	MultipleRequests	START	1683034298110
USER	MultipleRequests	START	1683034298111
USER	MultipleRequests	START	1683034298112
USER	MultipleRequests	START	1683034298112
USER	MultipleRequests	START	1683034298113
USER	MultipleRequests	START	1683034298113
USER	MultipleRequests	START	1683034298114
USER	MultipleRequests	START	1683034298114
USER	MultipleRequests	START	1683034298115
USER	MultipleRequests	START	1683034298115
USER	MultipleRequests	START	1683034298116
USER	MultipleRequests	START	1683034298117
USER	MultipleRequests	START	1683034298117
USER	MultipleRequests	START	1683034298118
USER	MultipleRequests	START	1683034298118
USER	MultipleRequests	START	1683034298119
USER	MultipleRequests	START	1683034298119
USER	MultipleRequests	START	1683034298120
USER	MultipleRequests	START	1683034298120
USER	MultipleRequests	START	1683034298121
USER	MultipleRequests	START	1683034298121
USER	MultipleRequests	START	1683034298122
USER	MultipleRequests	START	1683034298122
USER	MultipleRequests	START	1683034298130
USER	MultipleRequests	START	1683034298132
USER	MultipleRequests	START	1683034298133
USER	MultipleRequests	START	1683034298134
USER	MultipleRequests	START	1683034298136
USER	MultipleRequests	START	1683034298137
USER	MultipleRequests	START	1683034298138
USER	MultipleRequests	START	1683034298139
USER	MultipleRequests	START	1683034298140
USER	MultipleRequests	START	1683034298140
USER	MultipleRequests	START	1683034298141
USER	MultipleRequests	START	1683034298141
USER	MultipleRequests	START	1683034298142
USER	MultipleRequests	START	1683034298142
USER	MultipleRequests	START	1683034298144
USER	MultipleRequests	START	1683034298145
USER	MultipleRequests	START	1683034298145
USER	MultipleRequests	START	1683034298146
USER	MultipleRequests	START	1683034298146
USER	MultipleRequests	START	1683034298147
USER	MultipleRequests	START	1683034298148
USER	MultipleRequests	START	1683034298149
USER	MultipleRequests	START	1683034298150
USER	MultipleRequests	START	1683034298150
USER	MultipleRequests	START	1683034298152
USER	MultipleRequests	START	1683034298152
USER	MultipleRequests	START	1683034298158
USER	MultipleRequests	START	1683034298159
USER	MultipleRequests	START	1683034298160
USER	MultipleRequests	START	1683034298164
USER	MultipleRequests	START	1683034298166
USER	MultipleRequests	START	1683034298167
USER	MultipleRequests	START	1683034298168
USER	MultipleRequests	START	1683034298170
USER	MultipleRequests	START	1683034298171
USER	MultipleRequests	START	1683034298172
USER	MultipleRequests	START	1683034298173
USER	MultipleRequests	START	1683034298175
USER	MultipleRequests	START	1683034298175
USER	MultipleRequests	START	1683034298178
USER	MultipleRequests	START	1683034298179
USER	MultipleRequests	START	1683034298176
USER	MultipleRequests	START	1683034298182
USER	MultipleRequests	START	1683034298183
USER	MultipleRequests	START	1683034298183
USER	MultipleRequests	START	1683034298184
USER	MultipleRequests	START	1683034298184
USER	MultipleRequests	START	1683034298184
USER	MultipleRequests	START	1683034298185
USER	MultipleRequests	START	1683034298185
USER	MultipleRequests	START	1683034298186
USER	MultipleRequests	START	1683034298187
USER	MultipleRequests	START	1683034298188
USER	MultipleRequests	START	1683034298188
USER	MultipleRequests	START	1683034298190
USER	MultipleRequests	START	1683034298191
USER	MultipleRequests	START	1683034298197
USER	MultipleRequests	START	1683034298198
USER	MultipleRequests	START	1683034298199
REQUEST		T10_Home	1683034298049	1683034309890	OK	 
REQUEST		T10_Home	1683034298039	1683034309936	OK	 
REQUEST		T10_Home	1683034298135	1683034310215	KO	i.n.h.s.SslHandshakeTimeoutException: handshake timed out after 10000ms
REQUEST		T10_Home	1683034298164	1683034310225	KO	i.n.h.s.SslHandshakeTimeoutException: handshake timed out after 10000ms
REQUEST		T10_Home	1683034298090	1683034310246	KO	i.n.h.s.SslHandshakeTimeoutException: handshake timed out after 10000ms
REQUEST		T10_Home	1683034298048	1683034310247	OK	 
REQUEST		T10_Home	1683034298119	1683034310481	KO	i.n.h.s.SslHandshakeTimeoutException: handshake timed out after 10000ms
REQUEST		T10_Home	1683034298053	1683034310519	OK	 
REQUEST		T10_Home	1683034298055	1683034310596	OK	 
REQUEST		T10_Home	1683034298087	1683034310615	OK	 
REQUEST		T10_Home	1683034298059	1683034311215	OK	 
REQUEST		T10_Home	1683034298051	1683034311290	OK	 
REQUEST		T10_Home	1683034298024	1683034311293	OK	 
REQUEST		T10_Home	1683034298058	1683034311296	OK	 
REQUEST		T10_Home	1683034298029	1683034311554	KO	i.n.h.s.SslHandshakeTimeoutException: handshake timed out after 10000ms
REQUEST		T10_Home	1683034298028	1683034311558	KO	i.n.h.s.SslHandshakeTimeoutException: handshake timed out after 10000ms
REQUEST		T10_Home	1683034298025	1683034311562	KO	i.n.h.s.SslHandshakeTimeoutException: handshake timed out after 10000ms
REQUEST		T10_Home	1683034298039	1683034311564	KO	i.n.h.s.SslHandshakeTimeoutException: handshake timed out after 10000ms
REQUEST		T10_Home	1683034298040	1683034311567	KO	i.n.h.s.SslHandshakeTimeoutException: handshake timed out after 10000ms
REQUEST		T10_Home	1683034298037	1683034311570	KO	i.n.h.s.SslHandshakeTimeoutException: handshake timed out after 10000ms
REQUEST		T10_Home	1683034298025	1683034311571	KO	i.n.h.s.SslHandshakeTimeoutException: handshake timed out after 10000ms
REQUEST		T10_Home	1683034298066	1683034311574	KO	i.n.h.s.SslHandshakeTimeoutException: handshake timed out after 10000ms
REQUEST		T10_Home	1683034298038	1683034311575	KO	i.n.h.s.SslHandshakeTimeoutException: handshake timed out after 10000ms
REQUEST		T10_Home	1683034298036	1683034311578	KO	i.n.h.s.SslHandshakeTimeoutException: handshake timed out after 10000ms
REQUEST		T10_Home	1683034298067	1683034311579	KO	i.n.h.s.SslHandshakeTimeoutException: handshake timed out after 10000ms
REQUEST		T10_Home	1683034298035	1683034311585	KO	i.n.h.s.SslHandshakeTimeoutException: handshake timed out after 10000ms
REQUEST		T10_Home	1683034298038	1683034311585	KO	i.n.h.s.SslHandshakeTimeoutException: handshake timed out after 10000ms
REQUEST		T10_Home	1683034298063	1683034311585	KO	i.n.h.s.SslHandshakeTimeoutException: handshake timed out after 10000ms
REQUEST		T10_Home	1683034298046	1683034311586	KO	i.n.h.s.SslHandshakeTimeoutException: handshake timed out after 10000ms
REQUEST		T10_Home	1683034298073	1683034311586	KO	i.n.h.s.SslHandshakeTimeoutException: handshake timed out after 10000ms
REQUEST		T10_Home	1683034298034	1683034311586	KO	i.n.h.s.SslHandshakeTimeoutException: handshake timed out after 10000ms
REQUEST		T10_Home	1683034298040	1683034311587	KO	i.n.h.s.SslHandshakeTimeoutException: handshake timed out after 10000ms
REQUEST		T10_Home	1683034298055	1683034311649	OK	 
REQUEST		T10_Home	1683034298050	1683034311696	OK	 
REQUEST		T10_Home	1683034298062	1683034311729	OK	 
REQUEST		T10_Home	1683034298043	1683034311730	KO	i.n.h.s.SslHandshakeTimeoutException: handshake timed out after 10000ms
REQUEST		T10_Home	1683034298053	1683034311741	KO	i.n.h.s.SslHandshakeTimeoutException: handshake timed out after 10000ms
REQUEST		T10_Home	1683034298079	1683034311741	KO	i.n.h.s.SslHandshakeTimeoutException: handshake timed out after 10000ms
REQUEST		T10_Home	1683034298096	1683034311742	KO	i.n.h.s.SslHandshakeTimeoutException: handshake timed out after 10000ms
REQUEST		T10_Home	1683034298077	1683034311743	KO	i.n.h.s.SslHandshakeTimeoutException: handshake timed out after 10000ms
REQUEST		T10_Home	1683034298083	1683034311744	KO	i.n.h.s.SslHandshakeTimeoutException: handshake timed out after 10000ms
REQUEST		T10_Home	1683034298089	1683034311745	KO	i.n.h.s.SslHandshakeTimeoutException: handshake timed out after 10000ms
REQUEST		T10_Home	1683034298103	1683034311748	KO	i.n.h.s.SslHandshakeTimeoutException: handshake timed out after 10000ms
REQUEST		T10_Home	1683034298105	1683034311750	KO	i.n.h.s.SslHandshakeTimeoutException: handshake timed out after 10000ms
REQUEST		T10_Home	1683034298097	1683034311751	KO	i.n.h.s.SslHandshakeTimeoutException: handshake timed out after 10000ms
REQUEST		T10_Home	1683034298112	1683034311752	KO	i.n.h.s.SslHandshakeTimeoutException: handshake timed out after 10000ms
REQUEST		T10_Home	1683034298111	1683034312236	KO	i.n.h.s.SslHandshakeTimeoutException: handshake timed out after 10000ms
REQUEST		T10_Home	1683034298078	1683034314682	KO	j.i.IOException: Premature close
REQUEST		T10_Home	1683034298076	1683034314685	KO	j.i.IOException: Premature close
REQUEST		T10_Home	1683034298084	1683034314687	KO	j.i.IOException: Premature close
REQUEST		T10_Home	1683034298095	1683034314689	KO	j.i.IOException: Premature close
REQUEST		T10_Home	1683034298138	1683034314690	KO	j.i.IOException: Premature close
REQUEST		T10_Home	1683034298091	1683034314690	KO	j.i.IOException: Premature close
REQUEST		T10_Home	1683034298098	1683034314692	KO	j.i.IOException: Premature close
REQUEST		T10_Home	1683034298085	1683034314693	KO	j.i.IOException: Premature close
REQUEST		T10_Home	1683034298102	1683034314694	KO	j.i.IOException: Premature close
REQUEST		T10_Home	1683034298121	1683034314694	KO	j.i.IOException: Premature close
REQUEST		T10_Home	1683034298106	1683034314696	KO	j.i.IOException: Premature close
REQUEST		T10_Home	1683034298115	1683034314697	KO	j.i.IOException: Premature close
REQUEST		T10_Home	1683034298141	1683034314698	KO	j.i.IOException: Premature close
REQUEST		T10_Home	1683034298111	1683034314699	KO	j.i.IOException: Premature close
REQUEST		T10_Home	1683034298118	1683034314701	KO	j.i.IOException: Premature close
REQUEST		T10_Home	1683034298044	1683034314702	KO	j.i.IOException: Premature close
REQUEST		T10_Home	1683034298136	1683034314703	KO	j.i.IOException: Premature close
REQUEST		T10_Home	1683034298046	1683034314704	KO	j.i.IOException: Premature close
REQUEST		T10_Home	1683034298122	1683034314705	KO	j.i.IOException: Premature close
REQUEST		T10_Home	1683034298041	1683034314705	KO	j.i.IOException: Premature close
REQUEST		T10_Home	1683034298052	1683034314707	KO	j.i.IOException: Premature close
REQUEST		T10_Home	1683034298050	1683034314754	KO	j.i.IOException: Premature close
REQUEST		T10_Home	1683034298055	1683034314772	KO	j.i.IOException: Premature close
REQUEST		T10_Home	1683034298047	1683034314774	KO	j.i.IOException: Premature close
REQUEST		T10_Home	1683034298142	1683034314774	KO	j.i.IOException: Premature close
REQUEST		T10_Home	1683034298050	1683034314775	KO	j.i.IOException: Premature close
REQUEST		T10_Home	1683034298054	1683034314811	KO	j.i.IOException: Premature close
REQUEST		T10_Home	1683034298067	1683034314861	KO	j.i.IOException: Premature close
REQUEST		T10_Home	1683034298066	1683034314862	KO	j.i.IOException: Premature close
REQUEST		T10_Home	1683034298063	1683034314865	KO	j.i.IOException: Premature close
REQUEST		T10_Home	1683034298058	1683034314869	KO	j.i.IOException: Premature close
REQUEST		T10_Home	1683034298081	1683034314870	KO	j.i.IOException: Premature close
REQUEST		T10_Home	1683034298070	1683034314871	KO	j.i.IOException: Premature close
REQUEST		T10_Home	1683034298108	1683034314873	KO	j.i.IOException: Premature close
REQUEST		T10_Home	1683034298094	1683034314878	KO	j.i.IOException: Premature close
REQUEST		T10_Home	1683034298092	1683034314880	KO	j.i.IOException: Premature close
REQUEST		T10_Home	1683034298112	1683034314881	KO	j.i.IOException: Premature close
REQUEST		T10_Home	1683034298119	1683034314882	KO	j.i.IOException: Premature close
REQUEST		T10_Home	1683034298115	1683034314883	KO	j.i.IOException: Premature close
REQUEST		T10_Home	1683034298085	1683034314884	KO	j.i.IOException: Premature close
REQUEST		T10_Home	1683034298100	1683034314885	KO	j.i.IOException: Premature close
REQUEST		T10_Home	1683034298121	1683034314970	KO	j.i.IOException: Premature close
REQUEST		T10_Home	1683034298024	1683034314972	KO	j.i.IOException: Premature close
REQUEST		T10_Home	1683034298139	1683034314976	KO	j.i.IOException: Premature close
REQUEST		T10_Home	1683034298036	1683034314980	KO	j.i.IOException: Premature close
REQUEST		T10_Home	1683034298037	1683034314998	KO	j.i.IOException: Premature close
REQUEST		T10_Home	1683034298039	1683034315000	KO	j.i.IOException: Premature close
REQUEST		T10_Home	1683034298042	1683034315001	KO	j.i.IOException: Premature close
REQUEST		T10_Home	1683034298043	1683034315002	KO	j.i.IOException: Premature close
REQUEST		T10_Home	1683034298146	1683034315004	KO	j.i.IOException: Premature close
REQUEST		T10_Home	1683034298071	1683034315011	KO	j.i.IOException: Premature close
REQUEST		T10_Home	1683034298046	1683034315013	KO	j.i.IOException: Premature close
REQUEST		T10_Home	1683034298142	1683034315014	KO	j.i.IOException: Premature close
REQUEST		T10_Home	1683034298051	1683034315014	KO	j.i.IOException: Premature close
REQUEST		T10_Home	1683034298038	1683034315014	KO	j.i.IOException: Premature close
REQUEST		T10_Home	1683034298052	1683034315015	KO	j.i.IOException: Premature close
REQUEST		T10_Home	1683034298073	1683034315019	KO	j.i.IOException: Premature close
REQUEST		T10_Home	1683034298059	1683034315020	KO	j.i.IOException: Premature close
REQUEST		T10_Home	1683034298067	1683034315021	KO	j.i.IOException: Premature close
REQUEST		T10_Home	1683034298064	1683034315023	KO	j.i.IOException: Premature close
REQUEST		T10_Home	1683034298077	1683034315025	KO	j.i.IOException: Premature close
REQUEST		T10_Home	1683034298055	1683034315027	KO	j.i.IOException: Premature close
REQUEST		T10_Home	1683034298083	1683034315032	KO	j.i.IOException: Premature close
REQUEST		T10_Home	1683034298086	1683034315044	KO	j.i.IOException: Premature close
REQUEST		T10_Home	1683034298079	1683034315046	KO	j.i.IOException: Premature close
REQUEST		T10_Home	1683034298095	1683034315342	KO	j.i.IOException: Premature close
REQUEST		T10_Home	1683034298098	1683034315344	KO	j.i.IOException: Premature close
REQUEST		T10_Home	1683034298091	1683034315344	KO	j.i.IOException: Premature close
REQUEST		T10_Home	1683034298110	1683034315345	KO	j.i.IOException: Premature close
REQUEST		T10_Home	1683034298109	1683034315347	KO	j.i.IOException: Premature close
REQUEST		T10_Home	1683034298040	1683034315347	KO	j.i.IOException: Premature close
REQUEST		T10_Home	1683034298028	1683034315348	KO	j.i.IOException: Premature close
REQUEST		T10_Home	1683034298117	1683034315348	KO	j.i.IOException: Premature close
REQUEST		T10_Home	1683034298144	1683034315349	KO	j.i.IOException: Premature close
REQUEST		T10_Home	1683034298041	1683034315349	KO	j.i.IOException: Premature close
REQUEST		T10_Home	1683034298167	1683034315350	KO	j.i.IOException: Premature close
REQUEST		T10_Home	1683034298046	1683034315350	KO	j.i.IOException: Premature close
REQUEST		T10_Home	1683034298047	1683034315351	KO	j.i.IOException: Premature close
REQUEST		T10_Home	1683034298153	1683034315351	KO	j.i.IOException: Premature close
REQUEST		T10_Home	1683034298128	1683034315351	KO	j.i.IOException: Premature close
REQUEST		T10_Home	1683034298024	1683034315351	KO	j.i.IOException: Premature close
REQUEST		T10_Home	1683034298133	1683034315352	KO	j.i.IOException: Premature close
REQUEST		T10_Home	1683034298050	1683034315352	KO	j.i.IOException: Premature close
REQUEST		T10_Home	1683034298044	1683034315353	KO	j.i.IOException: Premature close
REQUEST		T10_Home	1683034298056	1683034315354	KO	j.i.IOException: Premature close
REQUEST		T10_Home	1683034298053	1683034315382	KO	j.i.IOException: Premature close
REQUEST		T10_Home	1683034298025	1683034315382	KO	j.i.IOException: Premature close
REQUEST		T10_Home	1683034298029	1683034315384	KO	j.i.IOException: Premature close
REQUEST		T10_Home	1683034298057	1683034315384	KO	j.i.IOException: Premature close
REQUEST		T10_Home	1683034298031	1683034315385	KO	j.i.IOException: Premature close
REQUEST		T10_Home	1683034298064	1683034315385	KO	j.i.IOException: Premature close
REQUEST		T10_Home	1683034298066	1683034315492	KO	j.i.IOException: Premature close
REQUEST		T10_Home	1683034298067	1683034315528	KO	j.i.IOException: Premature close
REQUEST		T10_Home	1683034298032	1683034315528	KO	j.i.IOException: Premature close
REQUEST		T10_Home	1683034298068	1683034315531	KO	j.i.IOException: Premature close
REQUEST		T10_Home	1683034298033	1683034315531	KO	j.i.IOException: Premature close
REQUEST		T10_Home	1683034298039	1683034315844	KO	j.i.IOException: Premature close
REQUEST		T10_Home	1683034298077	1683034316496	KO	j.i.IOException: Premature close
REQUEST		T10_Home	1683034298045	1683034316544	KO	j.i.IOException: Premature close
REQUEST		T10_Home	1683034298082	1683034316544	KO	j.i.IOException: Premature close
REQUEST		T10_Home	1683034298090	1683034316548	KO	j.i.IOException: Premature close
REQUEST		T10_Home	1683034298048	1683034316548	KO	j.i.IOException: Premature close
REQUEST		T10_Home	1683034298050	1683034316550	KO	j.i.IOException: Premature close
REQUEST		T10_Home	1683034298088	1683034316631	KO	j.i.IOException: Premature close
REQUEST		T10_Home	1683034298096	1683034316646	KO	j.i.IOException: Premature close
REQUEST		T10_Home	1683034298052	1683034316649	KO	j.i.IOException: Premature close
REQUEST		T10_Home	1683034298109	1683034316650	KO	j.i.IOException: Premature close
REQUEST		T10_Home	1683034298057	1683034316652	KO	j.i.IOException: Premature close
REQUEST		T10_Home	1683034298114	1683034318098	KO	j.i.IOException: Premature close
REQUEST		T10_Home	1683034298119	1683034318330	KO	j.i.IOException: Premature close
REQUEST		T10_Home	1683034298122	1683034318332	KO	j.i.IOException: Premature close
REQUEST		T10_Home	1683034298068	1683034318334	KO	j.i.IOException: Premature close
REQUEST		T10_Home	1683034298143	1683034318340	KO	j.i.IOException: Premature close
REQUEST		T10_Home	1683034298066	1683034318341	KO	j.i.IOException: Premature close
REQUEST		T10_Home	1683034298074	1683034318342	KO	j.i.IOException: Premature close
REQUEST		T10_Home	1683034298078	1683034318344	KO	j.i.IOException: Premature close
REQUEST		T10_Home	1683034298084	1683034318346	KO	j.i.IOException: Premature close
REQUEST		T10_Home	1683034298145	1683034318456	KO	j.i.IOException: Premature close
REQUEST		T10_Home	1683034298174	1683034318466	KO	j.i.IOException: Premature close
REQUEST		T10_Home	1683034298086	1683034318470	KO	j.i.IOException: Premature close
REQUEST		T10_Home	1683034298104	1683034318530	KO	j.i.IOException: Premature close
REQUEST		T10_Home	1683034298113	1683034318596	KO	j.i.IOException: Premature close
REQUEST		T10_Home	1683034298184	1683034318597	KO	j.i.IOException: Premature close
REQUEST		T10_Home	1683034298182	1683034318602	KO	j.i.IOException: Premature close
REQUEST		T10_Home	1683034298180	1683034318603	KO	j.i.IOException: Premature close
REQUEST		T10_Home	1683034298150	1683034318608	KO	j.i.IOException: Premature close
REQUEST		T10_Home	1683034298165	1683034318609	KO	j.i.IOException: Premature close
REQUEST		T10_Home	1683034298120	1683034318611	KO	j.i.IOException: Premature close
REQUEST		T10_Home	1683034298140	1683034318611	KO	j.i.IOException: Premature close
REQUEST		T10_Home	1683034298160	1683034318614	KO	j.i.IOException: Premature close
REQUEST		T10_Home	1683034298025	1683034318730	KO	j.i.IOException: Premature close
REQUEST		T10_Home	1683034298039	1683034318730	KO	j.i.IOException: Premature close
REQUEST		T10_Home	1683034298175	1683034318735	KO	j.i.IOException: Premature close
REQUEST		T10_Home	1683034298025	1683034318737	KO	j.i.IOException: Premature close
REQUEST		T10_Home	1683034298041	1683034318737	KO	j.i.IOException: Premature close
REQUEST		T10_Home	1683034298038	1683034318740	KO	j.i.IOException: Premature close
REQUEST		T10_Home	1683034298039	1683034318741	KO	j.i.IOException: Premature close
REQUEST		T10_Home	1683034298040	1683034318743	KO	j.i.IOException: Premature close
REQUEST		T10_Home	1683034298047	1683034318746	KO	j.i.IOException: Premature close
REQUEST		T10_Home	1683034298173	1683034318750	KO	j.i.IOException: Premature close
REQUEST		T10_Home	1683034298185	1683034318752	KO	j.i.IOException: Premature close
REQUEST		T10_Home	1683034298189	1683034318755	KO	j.i.IOException: Premature close
REQUEST		T10_Home	1683034298066	1683034318755	KO	j.i.IOException: Premature close
REQUEST		T10_Home	1683034298050	1683034318756	KO	j.i.IOException: Premature close
REQUEST		T10_Home	1683034298183	1683034318757	KO	j.i.IOException: Premature close
REQUEST		T10_Home	1683034298054	1683034318762	KO	j.i.IOException: Premature close
REQUEST		T10_Home	1683034298042	1683034318762	KO	j.i.IOException: Premature close
REQUEST		T10_Home	1683034298051	1683034318778	KO	j.i.IOException: Premature close
REQUEST		T10_Home	1683034298076	1683034318779	KO	j.i.IOException: Premature close
REQUEST		T10_Home	1683034298066	1683034318780	KO	j.i.IOException: Premature close
REQUEST		T10_Home	1683034298071	1683034318782	KO	j.i.IOException: Premature close
REQUEST		T10_Home	1683034298084	1683034318782	KO	j.i.IOException: Premature close
REQUEST		T10_Home	1683034298047	1683034318784	KO	j.i.IOException: Premature close
REQUEST		T10_Home	1683034298093	1683034318785	KO	j.i.IOException: Premature close
REQUEST		T10_Home	1683034298082	1683034318786	KO	j.i.IOException: Premature close
REQUEST		T10_Home	1683034298056	1683034318786	KO	j.i.IOException: Premature close
REQUEST		T10_Home	1683034298080	1683034318787	KO	j.i.IOException: Premature close
REQUEST		T10_Home	1683034298071	1683034318787	KO	j.i.IOException: Premature close
REQUEST		T10_Home	1683034298046	1683034318788	KO	j.i.IOException: Premature close
REQUEST		T10_Home	1683034298110	1683034318789	KO	j.i.IOException: Premature close
REQUEST		T10_Home	1683034298097	1683034318791	KO	j.i.IOException: Premature close
REQUEST		T10_Home	1683034298050	1683034318792	KO	j.i.IOException: Premature close
REQUEST		T10_Home	1683034298116	1683034318793	KO	j.i.IOException: Premature close
REQUEST		T10_Home	1683034298087	1683034318793	KO	j.i.IOException: Premature close
REQUEST		T10_Home	1683034298094	1683034318794	KO	j.i.IOException: Premature close
REQUEST		T10_Home	1683034298102	1683034318795	KO	j.i.IOException: Premature close
REQUEST		T10_Home	1683034298100	1683034318795	KO	j.i.IOException: Premature close
REQUEST		T10_Home	1683034298109	1683034318797	KO	j.i.IOException: Premature close
REQUEST		T10_Home	1683034298107	1683034318797	KO	j.i.IOException: Premature close
REQUEST		T10_Home	1683034298052	1683034318798	KO	j.i.IOException: Premature close
REQUEST		T10_Home	1683034298060	1683034318800	KO	j.i.IOException: Premature close
REQUEST		T10_Home	1683034298116	1683034318971	KO	j.i.IOException: Premature close
REQUEST		T10_Home	1683034298123	1683034318970	KO	j.i.IOException: Premature close
REQUEST		T10_Home	1683034298134	1683034318975	KO	j.i.IOException: Premature close
REQUEST		T10_Home	1683034298130	1683034318975	KO	j.i.IOException: Premature close
REQUEST		T10_Home	1683034298141	1683034318978	KO	j.i.IOException: Premature close
REQUEST		T10_Home	1683034298143	1683034318978	KO	j.i.IOException: Premature close
REQUEST		T10_Home	1683034298145	1683034318980	KO	j.i.IOException: Premature close
REQUEST		T10_Home	1683034298151	1683034319022	KO	j.i.IOException: Premature close
REQUEST		T10_Home	1683034298149	1683034319022	KO	j.i.IOException: Premature close
REQUEST		T10_Home	1683034298166	1683034319024	KO	j.i.IOException: Premature close
REQUEST		T10_Home	1683034298175	1683034319024	KO	j.i.IOException: Premature close
REQUEST		T10_Home	1683034298168	1683034319025	KO	j.i.IOException: Premature close
REQUEST		T10_Home	1683034298159	1683034319028	KO	j.i.IOException: Premature close
REQUEST		T10_Home	1683034298158	1683034319030	KO	j.i.IOException: Premature close
REQUEST		T10_Home	1683034298183	1683034319031	KO	j.i.IOException: Premature close
REQUEST		T10_Home	1683034298178	1683034319033	KO	j.i.IOException: Premature close
REQUEST		T10_Home	1683034298172	1683034319035	KO	j.i.IOException: Premature close
REQUEST		T10_Home	1683034298187	1683034319036	KO	j.i.IOException: Premature close
REQUEST		T10_Home	1683034298189	1683034319037	KO	j.i.IOException: Premature close
REQUEST		T10_Home	1683034298193	1683034319038	KO	j.i.IOException: Premature close
REQUEST		T10_Home	1683034298184	1683034319044	KO	j.i.IOException: Premature close
REQUEST		T10_Home	1683034298185	1683034319045	KO	j.i.IOException: Premature close
REQUEST		T10_Home	1683034298181	1683034319046	KO	j.i.IOException: Premature close
REQUEST		T10_Home	1683034298198	1683034319049	KO	j.i.IOException: Premature close
REQUEST		T10_Home	1683034298188	1683034319050	KO	j.i.IOException: Premature close
REQUEST		T20_Home	1683034310222	1683034320234	KO	i.n.c.ConnectTimeoutException: connection timed out: onlineboutique.dev/35.244.250.164:443
USER	MultipleRequests	END	1683034320239
REQUEST		T20_Home	1683034310227	1683034320239	KO	i.n.c.ConnectTimeoutException: connection timed out: onlineboutique.dev/35.244.250.164:443
USER	MultipleRequests	END	1683034320239
REQUEST		T20_Home	1683034310246	1683034320263	KO	i.n.c.ConnectTimeoutException: connection timed out: onlineboutique.dev/35.244.250.164:443
USER	MultipleRequests	END	1683034320264
REQUEST		T20_Home	1683034310481	1683034320496	KO	i.n.c.ConnectTimeoutException: connection timed out: onlineboutique.dev/35.244.250.164:443
USER	MultipleRequests	END	1683034320497
REQUEST		T20_Home	1683034311555	1683034321568	KO	i.n.c.ConnectTimeoutException: connection timed out: onlineboutique.dev/35.244.250.164:443
USER	MultipleRequests	END	1683034321569
REQUEST		T20_Home	1683034311558	1683034321569	KO	i.n.c.ConnectTimeoutException: connection timed out: onlineboutique.dev/35.244.250.164:443
USER	MultipleRequests	END	1683034321570
REQUEST		T20_Home	1683034311563	1683034321570	KO	i.n.c.ConnectTimeoutException: connection timed out: onlineboutique.dev/35.244.250.164:443
USER	MultipleRequests	END	1683034321571
REQUEST		T20_Home	1683034311565	1683034321572	KO	i.n.c.ConnectTimeoutException: connection timed out: onlineboutique.dev/35.244.250.164:443
USER	MultipleRequests	END	1683034321572
REQUEST		T20_Home	1683034311568	1683034321574	KO	i.n.c.ConnectTimeoutException: connection timed out: onlineboutique.dev/35.244.250.164:443
USER	MultipleRequests	END	1683034321575
REQUEST		T20_Home	1683034311570	1683034321583	KO	i.n.c.ConnectTimeoutException: connection timed out: onlineboutique.dev/35.244.250.164:443
USER	MultipleRequests	END	1683034321584
REQUEST		T20_Home	1683034311572	1683034321584	KO	i.n.c.ConnectTimeoutException: connection timed out: onlineboutique.dev/35.244.250.164:443
USER	MultipleRequests	END	1683034321585
REQUEST		T20_Home	1683034311574	1683034321586	KO	i.n.c.ConnectTimeoutException: connection timed out: onlineboutique.dev/35.244.250.164:443
USER	MultipleRequests	END	1683034321587
REQUEST		T20_Home	1683034311576	1683034321588	KO	i.n.c.ConnectTimeoutException: connection timed out: onlineboutique.dev/35.244.250.164:443
USER	MultipleRequests	END	1683034321588
REQUEST		T20_Home	1683034311578	1683034321589	KO	i.n.c.ConnectTimeoutException: connection timed out: onlineboutique.dev/35.244.250.164:443
USER	MultipleRequests	END	1683034321589
REQUEST		T20_Home	1683034311579	1683034321589	KO	i.n.c.ConnectTimeoutException: connection timed out: onlineboutique.dev/35.244.250.164:443
USER	MultipleRequests	END	1683034321590
REQUEST		T20_Home	1683034311585	1683034321592	KO	i.n.c.ConnectTimeoutException: connection timed out: onlineboutique.dev/35.244.250.164:443
USER	MultipleRequests	END	1683034321593
REQUEST		T20_Home	1683034311586	1683034321593	KO	i.n.c.ConnectTimeoutException: connection timed out: onlineboutique.dev/35.244.250.164:443
USER	MultipleRequests	END	1683034321594
REQUEST		T20_Home	1683034311585	1683034321598	KO	i.n.c.ConnectTimeoutException: connection timed out: onlineboutique.dev/35.244.250.164:443
USER	MultipleRequests	END	1683034321599
REQUEST		T20_Home	1683034311585	1683034321598	KO	i.n.c.ConnectTimeoutException: connection timed out: onlineboutique.dev/35.244.250.164:443
REQUEST		T20_Home	1683034311586	1683034321599	KO	i.n.c.ConnectTimeoutException: connection timed out: onlineboutique.dev/35.244.250.164:443
USER	MultipleRequests	END	1683034321599
USER	MultipleRequests	END	1683034321599
REQUEST		T20_Home	1683034311586	1683034321600	KO	i.n.c.ConnectTimeoutException: connection timed out: onlineboutique.dev/35.244.250.164:443
USER	MultipleRequests	END	1683034321600
REQUEST		T20_Home	1683034311588	1683034321600	KO	i.n.c.ConnectTimeoutException: connection timed out: onlineboutique.dev/35.244.250.164:443
USER	MultipleRequests	END	1683034321601
REQUEST		T20_Home	1683034311730	1683034321741	KO	i.n.c.ConnectTimeoutException: connection timed out: onlineboutique.dev/35.244.250.164:443
USER	MultipleRequests	END	1683034321741
REQUEST		T20_Home	1683034311741	1683034321757	KO	i.n.c.ConnectTimeoutException: connection timed out: onlineboutique.dev/35.244.250.164:443
USER	MultipleRequests	END	1683034321758
REQUEST		T20_Home	1683034311741	1683034321757	KO	i.n.c.ConnectTimeoutException: connection timed out: onlineboutique.dev/35.244.250.164:443
USER	MultipleRequests	END	1683034321759
REQUEST		T20_Home	1683034311742	1683034321759	KO	i.n.c.ConnectTimeoutException: connection timed out: onlineboutique.dev/35.244.250.164:443
USER	MultipleRequests	END	1683034321760
REQUEST		T20_Home	1683034311744	1683034321761	KO	i.n.c.ConnectTimeoutException: connection timed out: onlineboutique.dev/35.244.250.164:443
USER	MultipleRequests	END	1683034321761
REQUEST		T20_Home	1683034311745	1683034321761	KO	i.n.c.ConnectTimeoutException: connection timed out: onlineboutique.dev/35.244.250.164:443
USER	MultipleRequests	END	1683034321762
REQUEST		T20_Home	1683034311746	1683034321762	KO	i.n.c.ConnectTimeoutException: connection timed out: onlineboutique.dev/35.244.250.164:443
USER	MultipleRequests	END	1683034321762
REQUEST		T20_Home	1683034311749	1683034321762	KO	i.n.c.ConnectTimeoutException: connection timed out: onlineboutique.dev/35.244.250.164:443
USER	MultipleRequests	END	1683034321763
REQUEST		T20_Home	1683034311750	1683034321763	KO	i.n.c.ConnectTimeoutException: connection timed out: onlineboutique.dev/35.244.250.164:443
USER	MultipleRequests	END	1683034321764
REQUEST		T20_Home	1683034311751	1683034321764	KO	i.n.c.ConnectTimeoutException: connection timed out: onlineboutique.dev/35.244.250.164:443
USER	MultipleRequests	END	1683034321765
REQUEST		T20_Home	1683034311752	1683034321766	KO	i.n.c.ConnectTimeoutException: connection timed out: onlineboutique.dev/35.244.250.164:443
USER	MultipleRequests	END	1683034321770
REQUEST		T20_Home	1683034312238	1683034322247	KO	i.n.c.ConnectTimeoutException: connection timed out: onlineboutique.dev/35.244.250.164:443
USER	MultipleRequests	END	1683034322248
REQUEST		T20_Home	1683034314682	1683034324693	KO	i.n.c.ConnectTimeoutException: connection timed out: onlineboutique.dev/35.244.250.164:443
REQUEST		T20_Home	1683034314685	1683034324694	KO	i.n.c.ConnectTimeoutException: connection timed out: onlineboutique.dev/35.244.250.164:443
USER	MultipleRequests	END	1683034324694
REQUEST		T20_Home	1683034314687	1683034324695	KO	i.n.c.ConnectTimeoutException: connection timed out: onlineboutique.dev/35.244.250.164:443
USER	MultipleRequests	END	1683034324695
REQUEST		T20_Home	1683034314689	1683034324695	KO	i.n.c.ConnectTimeoutException: connection timed out: onlineboutique.dev/35.244.250.164:443
USER	MultipleRequests	END	1683034324695
USER	MultipleRequests	END	1683034324695
REQUEST		T20_Home	1683034314690	1683034324695	KO	i.n.c.ConnectTimeoutException: connection timed out: onlineboutique.dev/35.244.250.164:443
REQUEST		T20_Home	1683034314690	1683034324693	KO	i.n.c.ConnectTimeoutException: connection timed out: onlineboutique.dev/35.244.250.164:443
USER	MultipleRequests	END	1683034324696
USER	MultipleRequests	END	1683034324696
REQUEST		T20_Home	1683034314694	1683034324696	KO	i.n.c.ConnectTimeoutException: connection timed out: onlineboutique.dev/35.244.250.164:443
REQUEST		T20_Home	1683034314692	1683034324697	KO	i.n.c.ConnectTimeoutException: connection timed out: onlineboutique.dev/35.244.250.164:443
USER	MultipleRequests	END	1683034324697
USER	MultipleRequests	END	1683034324697
REQUEST		T20_Home	1683034314693	1683034324697	KO	i.n.c.ConnectTimeoutException: connection timed out: onlineboutique.dev/35.244.250.164:443
USER	MultipleRequests	END	1683034324698
REQUEST		T20_Home	1683034314694	1683034324698	KO	i.n.c.ConnectTimeoutException: connection timed out: onlineboutique.dev/35.244.250.164:443
USER	MultipleRequests	END	1683034324698
REQUEST		T10_Home	1683034298041	1683034324699	OK	 
REQUEST		T20_Home	1683034314699	1683034324701	KO	i.n.c.ConnectTimeoutException: connection timed out: onlineboutique.dev/35.244.250.164:443
USER	MultipleRequests	END	1683034324701
REQUEST		T20_Home	1683034314696	1683034324709	KO	i.n.c.ConnectTimeoutException: connection timed out: onlineboutique.dev/35.244.250.164:443
REQUEST		T20_Home	1683034314702	1683034324709	KO	i.n.c.ConnectTimeoutException: connection timed out: onlineboutique.dev/35.244.250.164:443
USER	MultipleRequests	END	1683034324709
REQUEST		T20_Home	1683034314697	1683034324709	KO	i.n.c.ConnectTimeoutException: connection timed out: onlineboutique.dev/35.244.250.164:443
USER	MultipleRequests	END	1683034324710
REQUEST		T20_Home	1683034314700	1683034324710	KO	i.n.c.ConnectTimeoutException: connection timed out: onlineboutique.dev/35.244.250.164:443
USER	MultipleRequests	END	1683034324711
USER	MultipleRequests	END	1683034324711
REQUEST		T20_Home	1683034314701	1683034324711	KO	i.n.c.ConnectTimeoutException: connection timed out: onlineboutique.dev/35.244.250.164:443
USER	MultipleRequests	END	1683034324712
REQUEST		T20_Home	1683034314704	1683034324712	KO	i.n.c.ConnectTimeoutException: connection timed out: onlineboutique.dev/35.244.250.164:443
REQUEST		T20_Home	1683034314704	1683034324711	KO	i.n.c.ConnectTimeoutException: connection timed out: onlineboutique.dev/35.244.250.164:443
REQUEST		T20_Home	1683034314705	1683034324712	KO	i.n.c.ConnectTimeoutException: connection timed out: onlineboutique.dev/35.244.250.164:443
USER	MultipleRequests	END	1683034324712
USER	MultipleRequests	END	1683034324713
USER	MultipleRequests	END	1683034324713
REQUEST		T20_Home	1683034314705	1683034324714	KO	i.n.c.ConnectTimeoutException: connection timed out: onlineboutique.dev/35.244.250.164:443
USER	MultipleRequests	END	1683034324714
REQUEST		T20_Home	1683034314707	1683034324714	KO	i.n.c.ConnectTimeoutException: connection timed out: onlineboutique.dev/35.244.250.164:443
USER	MultipleRequests	END	1683034324715
REQUEST		T20_Home	1683034314754	1683034324757	KO	i.n.c.ConnectTimeoutException: connection timed out: onlineboutique.dev/35.244.250.164:443
USER	MultipleRequests	END	1683034324758
REQUEST		T20_Home	1683034314772	1683034324787	KO	i.n.c.ConnectTimeoutException: connection timed out: onlineboutique.dev/35.244.250.164:443
REQUEST		T20_Home	1683034314775	1683034324787	KO	i.n.c.ConnectTimeoutException: connection timed out: onlineboutique.dev/35.244.250.164:443
USER	MultipleRequests	END	1683034324788
USER	MultipleRequests	END	1683034324788
REQUEST		T20_Home	1683034314774	1683034324788	KO	i.n.c.ConnectTimeoutException: connection timed out: onlineboutique.dev/35.244.250.164:443
USER	MultipleRequests	END	1683034324789
REQUEST		T20_Home	1683034314776	1683034324789	KO	i.n.c.ConnectTimeoutException: connection timed out: onlineboutique.dev/35.244.250.164:443
USER	MultipleRequests	END	1683034324789
REQUEST		T20_Home	1683034314812	1683034324818	KO	i.n.c.ConnectTimeoutException: connection timed out: onlineboutique.dev/35.244.250.164:443
USER	MultipleRequests	END	1683034324819
REQUEST		T20_Home	1683034314861	1683034324866	KO	i.n.c.ConnectTimeoutException: connection timed out: onlineboutique.dev/35.244.250.164:443
USER	MultipleRequests	END	1683034324866
REQUEST		T20_Home	1683034314862	1683034324867	KO	i.n.c.ConnectTimeoutException: connection timed out: onlineboutique.dev/35.244.250.164:443
USER	MultipleRequests	END	1683034324868
REQUEST		T20_Home	1683034314866	1683034324869	KO	i.n.c.ConnectTimeoutException: connection timed out: onlineboutique.dev/35.244.250.164:443
USER	MultipleRequests	END	1683034324870
REQUEST		T20_Home	1683034314869	1683034324870	KO	i.n.c.ConnectTimeoutException: connection timed out: onlineboutique.dev/35.244.250.164:443
USER	MultipleRequests	END	1683034324871
REQUEST		T20_Home	1683034314871	1683034324882	KO	i.n.c.ConnectTimeoutException: connection timed out: onlineboutique.dev/35.244.250.164:443
USER	MultipleRequests	END	1683034324883
REQUEST		T20_Home	1683034314872	1683034324883	KO	i.n.c.ConnectTimeoutException: connection timed out: onlineboutique.dev/35.244.250.164:443
USER	MultipleRequests	END	1683034324883
REQUEST		T20_Home	1683034314874	1683034324883	KO	i.n.c.ConnectTimeoutException: connection timed out: onlineboutique.dev/35.244.250.164:443
USER	MultipleRequests	END	1683034324884
REQUEST		T20_Home	1683034314879	1683034324885	KO	i.n.c.ConnectTimeoutException: connection timed out: onlineboutique.dev/35.244.250.164:443
USER	MultipleRequests	END	1683034324886
REQUEST		T20_Home	1683034314880	1683034324887	KO	i.n.c.ConnectTimeoutException: connection timed out: onlineboutique.dev/35.244.250.164:443
USER	MultipleRequests	END	1683034324887
REQUEST		T20_Home	1683034314881	1683034324887	KO	i.n.c.ConnectTimeoutException: connection timed out: onlineboutique.dev/35.244.250.164:443
USER	MultipleRequests	END	1683034324887
REQUEST		T20_Home	1683034314882	1683034324888	KO	i.n.c.ConnectTimeoutException: connection timed out: onlineboutique.dev/35.244.250.164:443
USER	MultipleRequests	END	1683034324888
REQUEST		T20_Home	1683034314883	1683034324888	KO	i.n.c.ConnectTimeoutException: connection timed out: onlineboutique.dev/35.244.250.164:443
USER	MultipleRequests	END	1683034324889
REQUEST		T20_Home	1683034314884	1683034324889	KO	i.n.c.ConnectTimeoutException: connection timed out: onlineboutique.dev/35.244.250.164:443
USER	MultipleRequests	END	1683034324889
REQUEST		T20_Home	1683034314885	1683034324889	KO	i.n.c.ConnectTimeoutException: connection timed out: onlineboutique.dev/35.244.250.164:443
USER	MultipleRequests	END	1683034324889
REQUEST		T20_Home	1683034314970	1683034324977	KO	i.n.c.ConnectTimeoutException: connection timed out: onlineboutique.dev/35.244.250.164:443
REQUEST		T20_Home	1683034314973	1683034324977	KO	i.n.c.ConnectTimeoutException: connection timed out: onlineboutique.dev/35.244.250.164:443
USER	MultipleRequests	END	1683034324977
USER	MultipleRequests	END	1683034324978
REQUEST		T20_Home	1683034314976	1683034324978	KO	i.n.c.ConnectTimeoutException: connection timed out: onlineboutique.dev/35.244.250.164:443
USER	MultipleRequests	END	1683034324979
REQUEST		T20_Home	1683034314980	1683034324993	KO	i.n.c.ConnectTimeoutException: connection timed out: onlineboutique.dev/35.244.250.164:443
USER	MultipleRequests	END	1683034324993
REQUEST		T20_Home	1683034314999	1683034325007	KO	i.n.c.ConnectTimeoutException: connection timed out: onlineboutique.dev/35.244.250.164:443
USER	MultipleRequests	END	1683034325008
REQUEST		T20_Home	1683034315000	1683034325008	KO	i.n.c.ConnectTimeoutException: connection timed out: onlineboutique.dev/35.244.250.164:443
USER	MultipleRequests	END	1683034325008
REQUEST		T20_Home	1683034315001	1683034325008	KO	i.n.c.ConnectTimeoutException: connection timed out: onlineboutique.dev/35.244.250.164:443
USER	MultipleRequests	END	1683034325008
REQUEST		T20_Home	1683034315003	1683034325008	KO	i.n.c.ConnectTimeoutException: connection timed out: onlineboutique.dev/35.244.250.164:443
USER	MultipleRequests	END	1683034325009
REQUEST		T20_Home	1683034315012	1683034325023	KO	i.n.c.ConnectTimeoutException: connection timed out: onlineboutique.dev/35.244.250.164:443
REQUEST		T20_Home	1683034315011	1683034325023	KO	i.n.c.ConnectTimeoutException: connection timed out: onlineboutique.dev/35.244.250.164:443
USER	MultipleRequests	END	1683034325023
USER	MultipleRequests	END	1683034325024
REQUEST		T20_Home	1683034315013	1683034325024	KO	i.n.c.ConnectTimeoutException: connection timed out: onlineboutique.dev/35.244.250.164:443
REQUEST		T20_Home	1683034315014	1683034325024	KO	i.n.c.ConnectTimeoutException: connection timed out: onlineboutique.dev/35.244.250.164:443
USER	MultipleRequests	END	1683034325024
REQUEST		T20_Home	1683034315014	1683034325024	KO	i.n.c.ConnectTimeoutException: connection timed out: onlineboutique.dev/35.244.250.164:443
USER	MultipleRequests	END	1683034325024
USER	MultipleRequests	END	1683034325025
REQUEST		T20_Home	1683034315015	1683034325025	KO	i.n.c.ConnectTimeoutException: connection timed out: onlineboutique.dev/35.244.250.164:443
USER	MultipleRequests	END	1683034325026
REQUEST		T20_Home	1683034315016	1683034325026	KO	i.n.c.ConnectTimeoutException: connection timed out: onlineboutique.dev/35.244.250.164:443
USER	MultipleRequests	END	1683034325026
REQUEST		T20_Home	1683034315020	1683034325027	KO	i.n.c.ConnectTimeoutException: connection timed out: onlineboutique.dev/35.244.250.164:443
USER	MultipleRequests	END	1683034325028
REQUEST		T20_Home	1683034315021	1683034325028	KO	i.n.c.ConnectTimeoutException: connection timed out: onlineboutique.dev/35.244.250.164:443
USER	MultipleRequests	END	1683034325028
REQUEST		T20_Home	1683034315021	1683034325030	KO	i.n.c.ConnectTimeoutException: connection timed out: onlineboutique.dev/35.244.250.164:443
USER	MultipleRequests	END	1683034325030
REQUEST		T20_Home	1683034315024	1683034325031	KO	i.n.c.ConnectTimeoutException: connection timed out: onlineboutique.dev/35.244.250.164:443
USER	MultipleRequests	END	1683034325031
REQUEST		T20_Home	1683034315025	1683034325031	KO	i.n.c.ConnectTimeoutException: connection timed out: onlineboutique.dev/35.244.250.164:443
USER	MultipleRequests	END	1683034325032
REQUEST		T20_Home	1683034315027	1683034325032	KO	i.n.c.ConnectTimeoutException: connection timed out: onlineboutique.dev/35.244.250.164:443
USER	MultipleRequests	END	1683034325032
REQUEST		T20_Home	1683034315032	1683034325038	KO	i.n.c.ConnectTimeoutException: connection timed out: onlineboutique.dev/35.244.250.164:443
USER	MultipleRequests	END	1683034325038
REQUEST		T20_Home	1683034315044	1683034325053	KO	i.n.c.ConnectTimeoutException: connection timed out: onlineboutique.dev/35.244.250.164:443
USER	MultipleRequests	END	1683034325054
REQUEST		T20_Home	1683034315047	1683034325054	KO	i.n.c.ConnectTimeoutException: connection timed out: onlineboutique.dev/35.244.250.164:443
USER	MultipleRequests	END	1683034325055
REQUEST		T20_Home	1683034315348	1683034325352	KO	i.n.c.ConnectTimeoutException: connection timed out: onlineboutique.dev/35.244.250.164:443
USER	MultipleRequests	END	1683034325353
REQUEST		T20_Home	1683034315348	1683034325353	KO	i.n.c.ConnectTimeoutException: connection timed out: onlineboutique.dev/35.244.250.164:443
USER	MultipleRequests	END	1683034325353
REQUEST		T20_Home	1683034315342	1683034325354	KO	i.n.c.ConnectTimeoutException: connection timed out: onlineboutique.dev/35.244.250.164:443
USER	MultipleRequests	END	1683034325355
REQUEST		T20_Home	1683034315344	1683034325355	KO	i.n.c.ConnectTimeoutException: connection timed out: onlineboutique.dev/35.244.250.164:443
USER	MultipleRequests	END	1683034325356
REQUEST		T20_Home	1683034315345	1683034325356	KO	i.n.c.ConnectTimeoutException: connection timed out: onlineboutique.dev/35.244.250.164:443
USER	MultipleRequests	END	1683034325356
REQUEST		T20_Home	1683034315345	1683034325356	KO	i.n.c.ConnectTimeoutException: connection timed out: onlineboutique.dev/35.244.250.164:443
USER	MultipleRequests	END	1683034325357
REQUEST		T20_Home	1683034315347	1683034325357	KO	i.n.c.ConnectTimeoutException: connection timed out: onlineboutique.dev/35.244.250.164:443
USER	MultipleRequests	END	1683034325357
REQUEST		T20_Home	1683034315349	1683034325357	KO	i.n.c.ConnectTimeoutException: connection timed out: onlineboutique.dev/35.244.250.164:443
USER	MultipleRequests	END	1683034325357
REQUEST		T20_Home	1683034315349	1683034325358	KO	i.n.c.ConnectTimeoutException: connection timed out: onlineboutique.dev/35.244.250.164:443
USER	MultipleRequests	END	1683034325358
REQUEST		T20_Home	1683034315350	1683034325358	KO	i.n.c.ConnectTimeoutException: connection timed out: onlineboutique.dev/35.244.250.164:443
USER	MultipleRequests	END	1683034325358
REQUEST		T20_Home	1683034315351	1683034325359	KO	i.n.c.ConnectTimeoutException: connection timed out: onlineboutique.dev/35.244.250.164:443
USER	MultipleRequests	END	1683034325362
REQUEST		T20_Home	1683034315352	1683034325362	KO	i.n.c.ConnectTimeoutException: connection timed out: onlineboutique.dev/35.244.250.164:443
USER	MultipleRequests	END	1683034325363
REQUEST		T20_Home	1683034315352	1683034325364	KO	i.n.c.ConnectTimeoutException: connection timed out: onlineboutique.dev/35.244.250.164:443
USER	MultipleRequests	END	1683034325364
REQUEST		T20_Home	1683034315350	1683034325368	KO	i.n.c.ConnectTimeoutException: connection timed out: onlineboutique.dev/35.244.250.164:443
USER	MultipleRequests	END	1683034325369
REQUEST		T20_Home	1683034315350	1683034325370	KO	i.n.c.ConnectTimeoutException: connection timed out: onlineboutique.dev/35.244.250.164:443
USER	MultipleRequests	END	1683034325370
REQUEST		T20_Home	1683034315351	1683034325370	KO	i.n.c.ConnectTimeoutException: connection timed out: onlineboutique.dev/35.244.250.164:443
USER	MultipleRequests	END	1683034325371
REQUEST		T20_Home	1683034315352	1683034325371	KO	i.n.c.ConnectTimeoutException: connection timed out: onlineboutique.dev/35.244.250.164:443
USER	MultipleRequests	END	1683034325373
REQUEST		T20_Home	1683034315352	1683034325373	KO	i.n.c.ConnectTimeoutException: connection timed out: onlineboutique.dev/35.244.250.164:443
USER	MultipleRequests	END	1683034325373
REQUEST		T20_Home	1683034315353	1683034325373	KO	i.n.c.ConnectTimeoutException: connection timed out: onlineboutique.dev/35.244.250.164:443
USER	MultipleRequests	END	1683034325374
REQUEST		T20_Home	1683034315354	1683034325374	KO	i.n.c.ConnectTimeoutException: connection timed out: onlineboutique.dev/35.244.250.164:443
USER	MultipleRequests	END	1683034325374
REQUEST		T20_Home	1683034315383	1683034325398	KO	i.n.c.ConnectTimeoutException: connection timed out: onlineboutique.dev/35.244.250.164:443
REQUEST		T20_Home	1683034315383	1683034325399	KO	i.n.c.ConnectTimeoutException: connection timed out: onlineboutique.dev/35.244.250.164:443
USER	MultipleRequests	END	1683034325399
USER	MultipleRequests	END	1683034325399
REQUEST		T20_Home	1683034315384	1683034325399	KO	i.n.c.ConnectTimeoutException: connection timed out: onlineboutique.dev/35.244.250.164:443
REQUEST		T20_Home	1683034315384	1683034325399	KO	i.n.c.ConnectTimeoutException: connection timed out: onlineboutique.dev/35.244.250.164:443
USER	MultipleRequests	END	1683034325399
USER	MultipleRequests	END	1683034325400
REQUEST		T20_Home	1683034315385	1683034325400	KO	i.n.c.ConnectTimeoutException: connection timed out: onlineboutique.dev/35.244.250.164:443
REQUEST		T20_Home	1683034315385	1683034325400	KO	i.n.c.ConnectTimeoutException: connection timed out: onlineboutique.dev/35.244.250.164:443
USER	MultipleRequests	END	1683034325400
USER	MultipleRequests	END	1683034325401
REQUEST		T20_Home	1683034315493	1683034325509	KO	i.n.c.ConnectTimeoutException: connection timed out: onlineboutique.dev/35.244.250.164:443
USER	MultipleRequests	END	1683034325509
REQUEST		T20_Home	1683034315529	1683034325540	KO	i.n.c.ConnectTimeoutException: connection timed out: onlineboutique.dev/35.244.250.164:443
REQUEST		T20_Home	1683034315528	1683034325540	KO	i.n.c.ConnectTimeoutException: connection timed out: onlineboutique.dev/35.244.250.164:443
USER	MultipleRequests	END	1683034325541
USER	MultipleRequests	END	1683034325541
REQUEST		T20_Home	1683034315531	1683034325541	KO	i.n.c.ConnectTimeoutException: connection timed out: onlineboutique.dev/35.244.250.164:443
REQUEST		T20_Home	1683034315532	1683034325541	KO	i.n.c.ConnectTimeoutException: connection timed out: onlineboutique.dev/35.244.250.164:443
USER	MultipleRequests	END	1683034325541
USER	MultipleRequests	END	1683034325541
REQUEST		T20_Home	1683034309934	1683034325681	KO	status.find.in([200, 209], 304), found 404
USER	MultipleRequests	END	1683034325682
REQUEST		T20_Home	1683034309937	1683034325683	KO	status.find.in([200, 209], 304), found 404
USER	MultipleRequests	END	1683034325683
REQUEST		T20_Home	1683034315844	1683034325849	KO	i.n.c.ConnectTimeoutException: connection timed out: onlineboutique.dev/35.244.250.164:443
USER	MultipleRequests	END	1683034325852
REQUEST		T20_Home	1683034310248	1683034326009	KO	status.find.in([200, 209], 304), found 404
USER	MultipleRequests	END	1683034326011
REQUEST		T20_Home	1683034310520	1683034326449	KO	status.find.in([200, 209], 304), found 404
USER	MultipleRequests	END	1683034326450
REQUEST		T20_Home	1683034316497	1683034326500	KO	i.n.c.ConnectTimeoutException: connection timed out: onlineboutique.dev/35.244.250.164:443
USER	MultipleRequests	END	1683034326501
REQUEST		T20_Home	1683034316545	1683034326562	KO	i.n.c.ConnectTimeoutException: connection timed out: onlineboutique.dev/35.244.250.164:443
REQUEST		T20_Home	1683034316545	1683034326562	KO	i.n.c.ConnectTimeoutException: connection timed out: onlineboutique.dev/35.244.250.164:443
USER	MultipleRequests	END	1683034326563
USER	MultipleRequests	END	1683034326563
REQUEST		T20_Home	1683034316549	1683034326563	KO	i.n.c.ConnectTimeoutException: connection timed out: onlineboutique.dev/35.244.250.164:443
REQUEST		T20_Home	1683034316549	1683034326563	KO	i.n.c.ConnectTimeoutException: connection timed out: onlineboutique.dev/35.244.250.164:443
USER	MultipleRequests	END	1683034326563
USER	MultipleRequests	END	1683034326564
REQUEST		T20_Home	1683034316551	1683034326564	KO	i.n.c.ConnectTimeoutException: connection timed out: onlineboutique.dev/35.244.250.164:443
USER	MultipleRequests	END	1683034326565
REQUEST		T20_Home	1683034316631	1683034326639	KO	i.n.c.ConnectTimeoutException: connection timed out: onlineboutique.dev/35.244.250.164:443
USER	MultipleRequests	END	1683034326640
REQUEST		T20_Home	1683034316646	1683034326655	KO	i.n.c.ConnectTimeoutException: connection timed out: onlineboutique.dev/35.244.250.164:443
REQUEST		T20_Home	1683034316650	1683034326655	KO	i.n.c.ConnectTimeoutException: connection timed out: onlineboutique.dev/35.244.250.164:443
USER	MultipleRequests	END	1683034326655
REQUEST		T20_Home	1683034316651	1683034326656	KO	i.n.c.ConnectTimeoutException: connection timed out: onlineboutique.dev/35.244.250.164:443
USER	MultipleRequests	END	1683034326656
USER	MultipleRequests	END	1683034326656
REQUEST		T20_Home	1683034316653	1683034326657	KO	i.n.c.ConnectTimeoutException: connection timed out: onlineboutique.dev/35.244.250.164:443
USER	MultipleRequests	END	1683034326657
REQUEST		T20_Home	1683034310616	1683034326811	KO	status.find.in([200, 209], 304), found 404
USER	MultipleRequests	END	1683034326813
REQUEST		T20_Home	1683034310597	1683034326814	KO	status.find.in([200, 209], 304), found 404
USER	MultipleRequests	END	1683034326816
REQUEST		T20_Home	1683034318099	1683034328115	KO	i.n.c.ConnectTimeoutException: connection timed out: onlineboutique.dev/35.244.250.164:443
USER	MultipleRequests	END	1683034328115
REQUEST		T20_Home	1683034311296	1683034328287	KO	status.find.in([200, 209], 304), found 404
USER	MultipleRequests	END	1683034328288
REQUEST		T20_Home	1683034311293	1683034328303	KO	status.find.in([200, 209], 304), found 404
REQUEST		T20_Home	1683034311291	1683034328303	KO	status.find.in([200, 209], 304), found 404
REQUEST		T20_Home	1683034311216	1683034328304	KO	status.find.in([200, 209], 304), found 404
USER	MultipleRequests	END	1683034328305
USER	MultipleRequests	END	1683034328305
USER	MultipleRequests	END	1683034328305
REQUEST		T20_Home	1683034318331	1683034328335	KO	i.n.c.ConnectTimeoutException: connection timed out: onlineboutique.dev/35.244.250.164:443
USER	MultipleRequests	END	1683034328336
REQUEST		T20_Home	1683034318334	1683034328351	KO	i.n.c.ConnectTimeoutException: connection timed out: onlineboutique.dev/35.244.250.164:443
USER	MultipleRequests	END	1683034328353
REQUEST		T20_Home	1683034318334	1683034328354	KO	i.n.c.ConnectTimeoutException: connection timed out: onlineboutique.dev/35.244.250.164:443
REQUEST		T20_Home	1683034318341	1683034328354	KO	i.n.c.ConnectTimeoutException: connection timed out: onlineboutique.dev/35.244.250.164:443
USER	MultipleRequests	END	1683034328354
USER	MultipleRequests	END	1683034328355
REQUEST		T20_Home	1683034318341	1683034328355	KO	i.n.c.ConnectTimeoutException: connection timed out: onlineboutique.dev/35.244.250.164:443
REQUEST		T20_Home	1683034318343	1683034328355	KO	i.n.c.ConnectTimeoutException: connection timed out: onlineboutique.dev/35.244.250.164:443
USER	MultipleRequests	END	1683034328355
USER	MultipleRequests	END	1683034328355
REQUEST		T20_Home	1683034318345	1683034328356	KO	i.n.c.ConnectTimeoutException: connection timed out: onlineboutique.dev/35.244.250.164:443
USER	MultipleRequests	END	1683034328357
REQUEST		T20_Home	1683034318347	1683034328357	KO	i.n.c.ConnectTimeoutException: connection timed out: onlineboutique.dev/35.244.250.164:443
USER	MultipleRequests	END	1683034328357
REQUEST		T20_Home	1683034311650	1683034328444	KO	status.find.in([200, 209], 304), found 404
USER	MultipleRequests	END	1683034328445
REQUEST		T20_Home	1683034311730	1683034328452	KO	status.find.in([200, 209], 304), found 404
USER	MultipleRequests	END	1683034328453
REQUEST		T20_Home	1683034311697	1683034328456	KO	status.find.in([200, 209], 304), found 404
USER	MultipleRequests	END	1683034328457
REQUEST		T20_Home	1683034318470	1683034328476	KO	i.n.c.ConnectTimeoutException: connection timed out: onlineboutique.dev/35.244.250.164:443
USER	MultipleRequests	END	1683034328476
REQUEST		T20_Home	1683034318458	1683034328476	KO	i.n.c.ConnectTimeoutException: connection timed out: onlineboutique.dev/35.244.250.164:443
USER	MultipleRequests	END	1683034328477
REQUEST		T20_Home	1683034318467	1683034328477	KO	i.n.c.ConnectTimeoutException: connection timed out: onlineboutique.dev/35.244.250.164:443
USER	MultipleRequests	END	1683034328477
REQUEST		T20_Home	1683034318531	1683034328538	KO	i.n.c.ConnectTimeoutException: connection timed out: onlineboutique.dev/35.244.250.164:443
USER	MultipleRequests	END	1683034328538
REQUEST		T20_Home	1683034318598	1683034328601	KO	i.n.c.ConnectTimeoutException: connection timed out: onlineboutique.dev/35.244.250.164:443
USER	MultipleRequests	END	1683034328602
REQUEST		T20_Home	1683034318601	1683034328617	KO	i.n.c.ConnectTimeoutException: connection timed out: onlineboutique.dev/35.244.250.164:443
REQUEST		T20_Home	1683034318602	1683034328617	KO	i.n.c.ConnectTimeoutException: connection timed out: onlineboutique.dev/35.244.250.164:443
USER	MultipleRequests	END	1683034328617
USER	MultipleRequests	END	1683034328617
REQUEST		T20_Home	1683034318604	1683034328618	KO	i.n.c.ConnectTimeoutException: connection timed out: onlineboutique.dev/35.244.250.164:443
REQUEST		T20_Home	1683034318609	1683034328618	KO	i.n.c.ConnectTimeoutException: connection timed out: onlineboutique.dev/35.244.250.164:443
USER	MultipleRequests	END	1683034328618
USER	MultipleRequests	END	1683034328618
REQUEST		T20_Home	1683034318610	1683034328618	KO	i.n.c.ConnectTimeoutException: connection timed out: onlineboutique.dev/35.244.250.164:443
USER	MultipleRequests	END	1683034328618
REQUEST		T20_Home	1683034318611	1683034328618	KO	i.n.c.ConnectTimeoutException: connection timed out: onlineboutique.dev/35.244.250.164:443
USER	MultipleRequests	END	1683034328618
REQUEST		T20_Home	1683034318613	1683034328618	KO	i.n.c.ConnectTimeoutException: connection timed out: onlineboutique.dev/35.244.250.164:443
USER	MultipleRequests	END	1683034328618
REQUEST		T20_Home	1683034318614	1683034328618	KO	i.n.c.ConnectTimeoutException: connection timed out: onlineboutique.dev/35.244.250.164:443
USER	MultipleRequests	END	1683034328619
REQUEST		T20_Home	1683034318731	1683034328742	KO	i.n.c.ConnectTimeoutException: connection timed out: onlineboutique.dev/35.244.250.164:443
REQUEST		T20_Home	1683034318731	1683034328742	KO	i.n.c.ConnectTimeoutException: connection timed out: onlineboutique.dev/35.244.250.164:443
USER	MultipleRequests	END	1683034328743
USER	MultipleRequests	END	1683034328743
REQUEST		T20_Home	1683034318738	1683034328743	KO	i.n.c.ConnectTimeoutException: connection timed out: onlineboutique.dev/35.244.250.164:443
USER	MultipleRequests	END	1683034328743
REQUEST		T20_Home	1683034318743	1683034328758	KO	i.n.c.ConnectTimeoutException: connection timed out: onlineboutique.dev/35.244.250.164:443
REQUEST		T20_Home	1683034318738	1683034328758	KO	i.n.c.ConnectTimeoutException: connection timed out: onlineboutique.dev/35.244.250.164:443
REQUEST		T20_Home	1683034318746	1683034328758	KO	i.n.c.ConnectTimeoutException: connection timed out: onlineboutique.dev/35.244.250.164:443
REQUEST		T20_Home	1683034318750	1683034328759	KO	i.n.c.ConnectTimeoutException: connection timed out: onlineboutique.dev/35.244.250.164:443
REQUEST		T20_Home	1683034318757	1683034328759	KO	i.n.c.ConnectTimeoutException: connection timed out: onlineboutique.dev/35.244.250.164:443
USER	MultipleRequests	END	1683034328759
USER	MultipleRequests	END	1683034328759
USER	MultipleRequests	END	1683034328759
USER	MultipleRequests	END	1683034328759
REQUEST		T20_Home	1683034318752	1683034328759	KO	i.n.c.ConnectTimeoutException: connection timed out: onlineboutique.dev/35.244.250.164:443
USER	MultipleRequests	END	1683034328759
REQUEST		T20_Home	1683034318756	1683034328759	KO	i.n.c.ConnectTimeoutException: connection timed out: onlineboutique.dev/35.244.250.164:443
USER	MultipleRequests	END	1683034328760
REQUEST		T20_Home	1683034318757	1683034328760	KO	i.n.c.ConnectTimeoutException: connection timed out: onlineboutique.dev/35.244.250.164:443
USER	MultipleRequests	END	1683034328760
REQUEST		T20_Home	1683034318740	1683034328760	KO	i.n.c.ConnectTimeoutException: connection timed out: onlineboutique.dev/35.244.250.164:443
USER	MultipleRequests	END	1683034328760
USER	MultipleRequests	END	1683034328760
REQUEST		T20_Home	1683034318742	1683034328760	KO	i.n.c.ConnectTimeoutException: connection timed out: onlineboutique.dev/35.244.250.164:443
USER	MultipleRequests	END	1683034328761
REQUEST		T20_Home	1683034318744	1683034328761	KO	i.n.c.ConnectTimeoutException: connection timed out: onlineboutique.dev/35.244.250.164:443
USER	MultipleRequests	END	1683034328761
REQUEST		T20_Home	1683034318756	1683034328761	KO	i.n.c.ConnectTimeoutException: connection timed out: onlineboutique.dev/35.244.250.164:443
USER	MultipleRequests	END	1683034328761
REQUEST		T20_Home	1683034318762	1683034328774	KO	i.n.c.ConnectTimeoutException: connection timed out: onlineboutique.dev/35.244.250.164:443
REQUEST		T20_Home	1683034318762	1683034328774	KO	i.n.c.ConnectTimeoutException: connection timed out: onlineboutique.dev/35.244.250.164:443
USER	MultipleRequests	END	1683034328774
USER	MultipleRequests	END	1683034328775
REQUEST		T20_Home	1683034318779	1683034328790	KO	i.n.c.ConnectTimeoutException: connection timed out: onlineboutique.dev/35.244.250.164:443
REQUEST		T20_Home	1683034318779	1683034328790	KO	i.n.c.ConnectTimeoutException: connection timed out: onlineboutique.dev/35.244.250.164:443
USER	MultipleRequests	END	1683034328790
USER	MultipleRequests	END	1683034328791
REQUEST		T20_Home	1683034318781	1683034328791	KO	i.n.c.ConnectTimeoutException: connection timed out: onlineboutique.dev/35.244.250.164:443
REQUEST		T20_Home	1683034318782	1683034328791	KO	i.n.c.ConnectTimeoutException: connection timed out: onlineboutique.dev/35.244.250.164:443
USER	MultipleRequests	END	1683034328791
USER	MultipleRequests	END	1683034328791
REQUEST		T20_Home	1683034318782	1683034328791	KO	i.n.c.ConnectTimeoutException: connection timed out: onlineboutique.dev/35.244.250.164:443
REQUEST		T20_Home	1683034318785	1683034328791	KO	i.n.c.ConnectTimeoutException: connection timed out: onlineboutique.dev/35.244.250.164:443
USER	MultipleRequests	END	1683034328791
USER	MultipleRequests	END	1683034328791
REQUEST		T20_Home	1683034318786	1683034328791	KO	i.n.c.ConnectTimeoutException: connection timed out: onlineboutique.dev/35.244.250.164:443
REQUEST		T20_Home	1683034318786	1683034328791	KO	i.n.c.ConnectTimeoutException: connection timed out: onlineboutique.dev/35.244.250.164:443
USER	MultipleRequests	END	1683034328791
REQUEST		T20_Home	1683034318786	1683034328791	KO	i.n.c.ConnectTimeoutException: connection timed out: onlineboutique.dev/35.244.250.164:443
USER	MultipleRequests	END	1683034328792
USER	MultipleRequests	END	1683034328792
REQUEST		T20_Home	1683034318787	1683034328792	KO	i.n.c.ConnectTimeoutException: connection timed out: onlineboutique.dev/35.244.250.164:443
REQUEST		T20_Home	1683034318787	1683034328792	KO	i.n.c.ConnectTimeoutException: connection timed out: onlineboutique.dev/35.244.250.164:443
USER	MultipleRequests	END	1683034328792
USER	MultipleRequests	END	1683034328792
REQUEST		T20_Home	1683034318788	1683034328792	KO	i.n.c.ConnectTimeoutException: connection timed out: onlineboutique.dev/35.244.250.164:443
USER	MultipleRequests	END	1683034328792
REQUEST		T20_Home	1683034318792	1683034328806	KO	i.n.c.ConnectTimeoutException: connection timed out: onlineboutique.dev/35.244.250.164:443
REQUEST		T20_Home	1683034318790	1683034328806	KO	i.n.c.ConnectTimeoutException: connection timed out: onlineboutique.dev/35.244.250.164:443
USER	MultipleRequests	END	1683034328806
USER	MultipleRequests	END	1683034328807
REQUEST		T20_Home	1683034318794	1683034328807	KO	i.n.c.ConnectTimeoutException: connection timed out: onlineboutique.dev/35.244.250.164:443
REQUEST		T20_Home	1683034318791	1683034328806	KO	i.n.c.ConnectTimeoutException: connection timed out: onlineboutique.dev/35.244.250.164:443
USER	MultipleRequests	END	1683034328807
USER	MultipleRequests	END	1683034328807
REQUEST		T20_Home	1683034318793	1683034328807	KO	i.n.c.ConnectTimeoutException: connection timed out: onlineboutique.dev/35.244.250.164:443
REQUEST		T20_Home	1683034318794	1683034328807	KO	i.n.c.ConnectTimeoutException: connection timed out: onlineboutique.dev/35.244.250.164:443
USER	MultipleRequests	END	1683034328807
USER	MultipleRequests	END	1683034328807
REQUEST		T20_Home	1683034318796	1683034328807	KO	i.n.c.ConnectTimeoutException: connection timed out: onlineboutique.dev/35.244.250.164:443
REQUEST		T20_Home	1683034318795	1683034328807	KO	i.n.c.ConnectTimeoutException: connection timed out: onlineboutique.dev/35.244.250.164:443
USER	MultipleRequests	END	1683034328807
REQUEST		T20_Home	1683034318797	1683034328807	KO	i.n.c.ConnectTimeoutException: connection timed out: onlineboutique.dev/35.244.250.164:443
USER	MultipleRequests	END	1683034328807
REQUEST		T20_Home	1683034318799	1683034328808	KO	i.n.c.ConnectTimeoutException: connection timed out: onlineboutique.dev/35.244.250.164:443
USER	MultipleRequests	END	1683034328808
USER	MultipleRequests	END	1683034328808
REQUEST		T20_Home	1683034318798	1683034328808	KO	i.n.c.ConnectTimeoutException: connection timed out: onlineboutique.dev/35.244.250.164:443
USER	MultipleRequests	END	1683034328809
REQUEST		T20_Home	1683034318800	1683034328809	KO	i.n.c.ConnectTimeoutException: connection timed out: onlineboutique.dev/35.244.250.164:443
USER	MultipleRequests	END	1683034328809
REQUEST		T20_Home	1683034318971	1683034328978	KO	i.n.c.ConnectTimeoutException: connection timed out: onlineboutique.dev/35.244.250.164:443
REQUEST		T20_Home	1683034318972	1683034328978	KO	i.n.c.ConnectTimeoutException: connection timed out: onlineboutique.dev/35.244.250.164:443
USER	MultipleRequests	END	1683034328978
USER	MultipleRequests	END	1683034328978
REQUEST		T20_Home	1683034318976	1683034328993	KO	i.n.c.ConnectTimeoutException: connection timed out: onlineboutique.dev/35.244.250.164:443
REQUEST		T20_Home	1683034318976	1683034328993	KO	i.n.c.ConnectTimeoutException: connection timed out: onlineboutique.dev/35.244.250.164:443
USER	MultipleRequests	END	1683034328993
REQUEST		T20_Home	1683034318979	1683034328993	KO	i.n.c.ConnectTimeoutException: connection timed out: onlineboutique.dev/35.244.250.164:443
USER	MultipleRequests	END	1683034328993
USER	MultipleRequests	END	1683034328993
REQUEST		T20_Home	1683034318979	1683034328993	KO	i.n.c.ConnectTimeoutException: connection timed out: onlineboutique.dev/35.244.250.164:443
USER	MultipleRequests	END	1683034328994
REQUEST		T20_Home	1683034318981	1683034328994	KO	i.n.c.ConnectTimeoutException: connection timed out: onlineboutique.dev/35.244.250.164:443
USER	MultipleRequests	END	1683034328994
REQUEST		T20_Home	1683034319023	1683034329025	KO	i.n.c.ConnectTimeoutException: connection timed out: onlineboutique.dev/35.244.250.164:443
REQUEST		T20_Home	1683034319022	1683034329025	KO	i.n.c.ConnectTimeoutException: connection timed out: onlineboutique.dev/35.244.250.164:443
USER	MultipleRequests	END	1683034329025
USER	MultipleRequests	END	1683034329025
REQUEST		T20_Home	1683034319024	1683034329026	KO	i.n.c.ConnectTimeoutException: connection timed out: onlineboutique.dev/35.244.250.164:443
USER	MultipleRequests	END	1683034329026
REQUEST		T20_Home	1683034319024	1683034329041	KO	i.n.c.ConnectTimeoutException: connection timed out: onlineboutique.dev/35.244.250.164:443
REQUEST		T20_Home	1683034319028	1683034329041	KO	i.n.c.ConnectTimeoutException: connection timed out: onlineboutique.dev/35.244.250.164:443
USER	MultipleRequests	END	1683034329041
USER	MultipleRequests	END	1683034329041
REQUEST		T20_Home	1683034319035	1683034329041	KO	i.n.c.ConnectTimeoutException: connection timed out: onlineboutique.dev/35.244.250.164:443
REQUEST		T20_Home	1683034319025	1683034329041	KO	i.n.c.ConnectTimeoutException: connection timed out: onlineboutique.dev/35.244.250.164:443
USER	MultipleRequests	END	1683034329041
USER	MultipleRequests	END	1683034329041
REQUEST		T20_Home	1683034319030	1683034329041	KO	i.n.c.ConnectTimeoutException: connection timed out: onlineboutique.dev/35.244.250.164:443
USER	MultipleRequests	END	1683034329041
REQUEST		T20_Home	1683034319039	1683034329041	KO	i.n.c.ConnectTimeoutException: connection timed out: onlineboutique.dev/35.244.250.164:443
REQUEST		T20_Home	1683034319031	1683034329041	KO	i.n.c.ConnectTimeoutException: connection timed out: onlineboutique.dev/35.244.250.164:443
USER	MultipleRequests	END	1683034329042
USER	MultipleRequests	END	1683034329042
REQUEST		T20_Home	1683034319034	1683034329042	KO	i.n.c.ConnectTimeoutException: connection timed out: onlineboutique.dev/35.244.250.164:443
USER	MultipleRequests	END	1683034329042
REQUEST		T20_Home	1683034319036	1683034329042	KO	i.n.c.ConnectTimeoutException: connection timed out: onlineboutique.dev/35.244.250.164:443
USER	MultipleRequests	END	1683034329042
REQUEST		T20_Home	1683034319037	1683034329042	KO	i.n.c.ConnectTimeoutException: connection timed out: onlineboutique.dev/35.244.250.164:443
USER	MultipleRequests	END	1683034329042
REQUEST		T20_Home	1683034319045	1683034329057	KO	i.n.c.ConnectTimeoutException: connection timed out: onlineboutique.dev/35.244.250.164:443
REQUEST		T20_Home	1683034319044	1683034329057	KO	i.n.c.ConnectTimeoutException: connection timed out: onlineboutique.dev/35.244.250.164:443
USER	MultipleRequests	END	1683034329057
USER	MultipleRequests	END	1683034329057
REQUEST		T20_Home	1683034319046	1683034329057	KO	i.n.c.ConnectTimeoutException: connection timed out: onlineboutique.dev/35.244.250.164:443
USER	MultipleRequests	END	1683034329058
REQUEST		T20_Home	1683034319050	1683034329058	KO	i.n.c.ConnectTimeoutException: connection timed out: onlineboutique.dev/35.244.250.164:443
USER	MultipleRequests	END	1683034329058
REQUEST		T20_Home	1683034319051	1683034329058	KO	i.n.c.ConnectTimeoutException: connection timed out: onlineboutique.dev/35.244.250.164:443
USER	MultipleRequests	END	1683034329058
REQUEST		T10_Home	1683034298070	1683034331126	OK	 
REQUEST		T20_Home	1683034331126	1683034331409	KO	status.find.in([200, 209], 304), found 404
USER	MultipleRequests	END	1683034331410
REQUEST		T20_Home	1683034324700	1683034337758	KO	status.find.in([200, 209], 304), found 404
USER	MultipleRequests	END	1683034337760
REQUEST		T10_Home	1683034298114	1683034353958	OK	 
REQUEST		T10_Home	1683034298120	1683034354000	OK	 
REQUEST		T10_Home	1683034298066	1683034354085	OK	 
REQUEST		T10_Home	1683034298074	1683034354308	OK	 
REQUEST		T20_Home	1683034354000	1683034354309	KO	status.find.in([200, 209], 304), found 404
USER	MultipleRequests	END	1683034354310
REQUEST		T20_Home	1683034354087	1683034354368	KO	status.find.in([200, 209], 304), found 404
USER	MultipleRequests	END	1683034354369
REQUEST		T20_Home	1683034353959	1683034354552	KO	status.find.in([200, 209], 304), found 404
USER	MultipleRequests	END	1683034354553
REQUEST		T20_Home	1683034354309	1683034354595	KO	status.find.in([200, 209], 304), found 404
USER	MultipleRequests	END	1683034354597
REQUEST		T10_Home	1683034298045	1683034358050	KO	Request timeout to onlineboutique.dev/35.244.250.164:443 after 60000 ms
REQUEST		T20_Home	1683034358050	1683034358536	KO	status.find.in([200, 209], 304), found 404
USER	MultipleRequests	END	1683034358537
