RUN	botiqueClass.Boutiquee	boutiquee	1681367282032	test	3.9.0
USER	MultipleRequests	START	1681367285647
USER	MultipleRequests	START	1681367285647
USER	Online Boutique Home Page	START	1681367285648
USER	Online Boutique Home Page	START	1681367285647
USER	Online Boutique Home Page	START	1681367285647
USER	MultipleRequests	START	1681367285647
REQUEST		T10_Home	1681367285643	1681367286375	OK	 
REQUEST		Too_Home	1681367285643	1681367286350	OK	 
REQUEST		T10_Home	1681367285643	1681367286368	OK	 
REQUEST		T10_Home	1681367285643	1681367286315	OK	 
REQUEST		Too_Home	1681367285643	1681367286368	OK	 
REQUEST		Too_Home	1681367285643	1681367286316	OK	 
USER	Online Boutique Home Page	END	1681367286442
USER	Online Boutique Home Page	END	1681367286442
USER	Online Boutique Home Page	END	1681367286442
REQUEST		T20_Home	1681367286436	1681367286708	KO	status.find.in([200, 209], 304), found 404
REQUEST		T20_Home	1681367286436	1681367286708	KO	status.find.in([200, 209], 304), found 404
REQUEST		T20_Home	1681367286436	1681367286708	KO	status.find.in([200, 209], 304), found 404
USER	MultipleRequests	END	1681367289737
USER	MultipleRequests	END	1681367289738
USER	MultipleRequests	END	1681367289740
