RUN	botiqueClass.Boutiquee	boutiquee	1681464392729	testdata	3.9.0
USER	MultipleRequests	START	1681464394386
USER	MultipleRequests	START	1681464394387
USER	Online Boutique Home Page	START	1681464394387
USER	MultipleRequests	START	1681464394387
USER	Online Boutique Home Page	START	1681464394387
USER	Online Boutique Home Page	START	1681464394386
REQUEST		T10_Home	1681464394381	1681464394853	OK	 
REQUEST		T10_Home	1681464394381	1681464394846	OK	 
REQUEST		Too_Home	1681464394382	1681464394849	OK	 
REQUEST		Too_Home	1681464394383	1681464394849	OK	 
REQUEST		T10_Home	1681464394381	1681464394846	OK	 
USER	Online Boutique Home Page	END	1681464394906
USER	Online Boutique Home Page	END	1681464394907
REQUEST		Too_Home	1681464394381	1681464394920	OK	 
USER	Online Boutique Home Page	END	1681464394922
REQUEST		T20_Home	1681464394902	1681464395180	KO	status.find.in([200, 209], 304), found 404
REQUEST		T20_Home	1681464394902	1681464395188	KO	status.find.in([200, 209], 304), found 404
REQUEST		T20_Home	1681464394902	1681464395191	KO	status.find.in([200, 209], 304), found 404
USER	MultipleRequests	END	1681464398194
USER	MultipleRequests	END	1681464398195
USER	MultipleRequests	END	1681464398207
