RUN	botiqueClass.Boutiquee	boutiquee	1681469621770	testdata	3.9.0
USER	Online Boutique Home Page	START	1681469623625
USER	Online Boutique Home Page	START	1681469623623
USER	Online Boutique Home Page	START	1681469623626
USER	Online Boutique Home Page	START	1681469623628
USER	Online Boutique Home Page	START	1681469623628
USER	Online Boutique Home Page	START	1681469623629
USER	Online Boutique Home Page	START	1681469623626
USER	Online Boutique Home Page	START	1681469623630
USER	Online Boutique Home Page	START	1681469623630
USER	Online Boutique Home Page	START	1681469623630
USER	Online Boutique Home Page	START	1681469623630
USER	Online Boutique Home Page	START	1681469623631
USER	Online Boutique Home Page	START	1681469623631
USER	Online Boutique Home Page	START	1681469623632
USER	MultipleRequests	START	1681469623632
USER	MultipleRequests	START	1681469623632
USER	MultipleRequests	START	1681469623632
USER	MultipleRequests	START	1681469623633
USER	MultipleRequests	START	1681469623633
USER	MultipleRequests	START	1681469623633
USER	MultipleRequests	START	1681469623633
USER	Online Boutique Home Page	START	1681469623626
USER	MultipleRequests	START	1681469623634
USER	MultipleRequests	START	1681469623634
USER	MultipleRequests	START	1681469623634
USER	Online Boutique Home Page	START	1681469623626
USER	Online Boutique Home Page	START	1681469623635
USER	MultipleRequests	START	1681469623635
USER	MultipleRequests	START	1681469623635
USER	Online Boutique Home Page	START	1681469623626
USER	Online Boutique Home Page	START	1681469623626
USER	MultipleRequests	START	1681469623636
USER	MultipleRequests	START	1681469623636
USER	MultipleRequests	START	1681469623637
USER	Online Boutique Home Page	START	1681469623637
USER	MultipleRequests	START	1681469623639
USER	Online Boutique Home Page	START	1681469623639
USER	Online Boutique Home Page	START	1681469623640
USER	Online Boutique Home Page	START	1681469623640
USER	Online Boutique Home Page	START	1681469623641
USER	Online Boutique Home Page	START	1681469623641
USER	Online Boutique Home Page	START	1681469623644
USER	Online Boutique Home Page	START	1681469623644
USER	Online Boutique Home Page	START	1681469623645
USER	MultipleRequests	START	1681469623646
USER	MultipleRequests	START	1681469623646
USER	Online Boutique Home Page	START	1681469623646
USER	Online Boutique Home Page	START	1681469623646
USER	MultipleRequests	START	1681469623647
USER	MultipleRequests	START	1681469623647
USER	MultipleRequests	START	1681469623647
USER	MultipleRequests	START	1681469623648
USER	MultipleRequests	START	1681469623648
USER	MultipleRequests	START	1681469623648
USER	MultipleRequests	START	1681469623648
USER	MultipleRequests	START	1681469623649
USER	MultipleRequests	START	1681469623649
USER	MultipleRequests	START	1681469623650
USER	MultipleRequests	START	1681469623651
USER	MultipleRequests	START	1681469623654
REQUEST		T10_Home	1681469623632	1681469625243	OK	 
REQUEST		To_Home	1681469623628	1681469625306	OK	 
USER	Online Boutique Home Page	END	1681469625311
REQUEST		To_Home	1681469623629	1681469625343	OK	 
USER	Online Boutique Home Page	END	1681469625345
REQUEST		To_Home	1681469623630	1681469625346	OK	 
USER	Online Boutique Home Page	END	1681469625348
REQUEST		To_Home	1681469623619	1681469625348	OK	 
USER	Online Boutique Home Page	END	1681469625349
REQUEST		To_Home	1681469623619	1681469625355	OK	 
USER	Online Boutique Home Page	END	1681469625357
REQUEST		To_Home	1681469623618	1681469625361	OK	 
USER	Online Boutique Home Page	END	1681469625363
REQUEST		To_Home	1681469623628	1681469625414	OK	 
USER	Online Boutique Home Page	END	1681469625416
REQUEST		T10_Home	1681469623633	1681469625416	OK	 
REQUEST		To_Home	1681469623631	1681469625445	OK	 
USER	Online Boutique Home Page	END	1681469625447
REQUEST		T10_Home	1681469623634	1681469625552	OK	 
REQUEST		T20_Home	1681469625293	1681469625618	KO	status.find.in([200, 209], 304), found 404
REQUEST		T10_Home	1681469623633	1681469625702	OK	 
REQUEST		T10_Home	1681469623634	1681469625710	OK	 
REQUEST		T10_Home	1681469623631	1681469625750	OK	 
REQUEST		T10_Home	1681469623631	1681469625761	OK	 
REQUEST		T10_Home	1681469623631	1681469625764	OK	 
REQUEST		T10_Home	1681469623648	1681469625776	OK	 
REQUEST		T10_Home	1681469623633	1681469625783	OK	 
REQUEST		T10_Home	1681469623633	1681469625794	OK	 
REQUEST		T10_Home	1681469623632	1681469625796	OK	 
REQUEST		T10_Home	1681469623632	1681469625796	OK	 
REQUEST		T10_Home	1681469623635	1681469625799	OK	 
REQUEST		T10_Home	1681469623651	1681469625802	OK	 
REQUEST		T20_Home	1681469625418	1681469625805	KO	status.find.in([200, 209], 304), found 404
REQUEST		T10_Home	1681469623646	1681469625804	OK	 
REQUEST		T10_Home	1681469623647	1681469625807	OK	 
REQUEST		T10_Home	1681469623635	1681469625808	OK	 
REQUEST		T10_Home	1681469623647	1681469625941	OK	 
REQUEST		T10_Home	1681469623647	1681469625949	OK	 
REQUEST		T10_Home	1681469623632	1681469625972	OK	 
REQUEST		T10_Home	1681469623645	1681469625983	OK	 
REQUEST		T10_Home	1681469623646	1681469625992	OK	 
REQUEST		T20_Home	1681469625553	1681469626002	KO	status.find.in([200, 209], 304), found 404
REQUEST		T10_Home	1681469623647	1681469626012	OK	 
REQUEST		T10_Home	1681469623645	1681469626016	OK	 
REQUEST		To_Home	1681469623630	1681469626020	OK	 
USER	Online Boutique Home Page	END	1681469626024
REQUEST		T10_Home	1681469623634	1681469626023	OK	 
REQUEST		To_Home	1681469623618	1681469626027	OK	 
USER	Online Boutique Home Page	END	1681469626030
REQUEST		T10_Home	1681469623646	1681469626051	OK	 
REQUEST		To_Home	1681469623630	1681469626051	OK	 
USER	Online Boutique Home Page	END	1681469626054
REQUEST		T10_Home	1681469623648	1681469626164	OK	 
REQUEST		To_Home	1681469623629	1681469626167	OK	 
USER	Online Boutique Home Page	END	1681469626173
REQUEST		To_Home	1681469623618	1681469626182	OK	 
REQUEST		To_Home	1681469623636	1681469626182	OK	 
USER	Online Boutique Home Page	END	1681469626186
USER	Online Boutique Home Page	END	1681469626186
REQUEST		To_Home	1681469623617	1681469626190	OK	 
REQUEST		T10_Home	1681469623649	1681469626194	OK	 
USER	Online Boutique Home Page	END	1681469626195
REQUEST		T20_Home	1681469625712	1681469626275	KO	status.find.in([200, 209], 304), found 404
REQUEST		T20_Home	1681469625704	1681469626276	KO	status.find.in([200, 209], 304), found 404
REQUEST		To_Home	1681469623635	1681469626389	OK	 
USER	Online Boutique Home Page	END	1681469626392
REQUEST		To_Home	1681469623617	1681469626396	OK	 
USER	Online Boutique Home Page	END	1681469626399
REQUEST		To_Home	1681469623641	1681469626449	OK	 
REQUEST		To_Home	1681469623643	1681469626450	OK	 
REQUEST		To_Home	1681469623629	1681469626450	OK	 
REQUEST		To_Home	1681469623639	1681469626449	OK	 
REQUEST		T10_Home	1681469623650	1681469626454	OK	 
USER	Online Boutique Home Page	END	1681469626457
USER	Online Boutique Home Page	END	1681469626457
USER	Online Boutique Home Page	END	1681469626457
USER	Online Boutique Home Page	END	1681469626458
REQUEST		To_Home	1681469623646	1681469626496	OK	 
REQUEST		To_Home	1681469623643	1681469626497	OK	 
REQUEST		To_Home	1681469623630	1681469626496	OK	 
REQUEST		To_Home	1681469623635	1681469626500	OK	 
USER	Online Boutique Home Page	END	1681469626503
USER	Online Boutique Home Page	END	1681469626504
USER	Online Boutique Home Page	END	1681469626504
USER	Online Boutique Home Page	END	1681469626504
REQUEST		T20_Home	1681469625763	1681469626526	KO	status.find.in([200, 209], 304), found 404
REQUEST		T20_Home	1681469625800	1681469626526	KO	status.find.in([200, 209], 304), found 404
REQUEST		T20_Home	1681469625784	1681469626526	KO	status.find.in([200, 209], 304), found 404
REQUEST		T20_Home	1681469625803	1681469626528	KO	status.find.in([200, 209], 304), found 404
REQUEST		T20_Home	1681469625752	1681469626529	KO	status.find.in([200, 209], 304), found 404
REQUEST		T20_Home	1681469625795	1681469626531	KO	status.find.in([200, 209], 304), found 404
REQUEST		T20_Home	1681469625806	1681469626530	KO	status.find.in([200, 209], 304), found 404
REQUEST		T20_Home	1681469625797	1681469626532	KO	status.find.in([200, 209], 304), found 404
REQUEST		T20_Home	1681469625766	1681469626534	KO	status.find.in([200, 209], 304), found 404
REQUEST		T20_Home	1681469625797	1681469626535	KO	status.find.in([200, 209], 304), found 404
REQUEST		To_Home	1681469623634	1681469626553	OK	 
REQUEST		T20_Home	1681469625778	1681469626553	KO	status.find.in([200, 209], 304), found 404
USER	Online Boutique Home Page	END	1681469626558
REQUEST		To_Home	1681469623636	1681469626870	OK	 
USER	Online Boutique Home Page	END	1681469626872
REQUEST		To_Home	1681469623640	1681469626873	OK	 
REQUEST		T20_Home	1681469625810	1681469626874	KO	status.find.in([200, 209], 304), found 404
USER	Online Boutique Home Page	END	1681469626876
REQUEST		To_Home	1681469623617	1681469626877	OK	 
REQUEST		T20_Home	1681469625943	1681469626877	KO	status.find.in([200, 209], 304), found 404
REQUEST		T20_Home	1681469625952	1681469626879	KO	status.find.in([200, 209], 304), found 404
USER	Online Boutique Home Page	END	1681469626880
REQUEST		T20_Home	1681469625808	1681469626880	KO	status.find.in([200, 209], 304), found 404
REQUEST		To_Home	1681469623644	1681469626882	OK	 
USER	Online Boutique Home Page	END	1681469626887
REQUEST		T20_Home	1681469625974	1681469626891	KO	status.find.in([200, 209], 304), found 404
REQUEST		T20_Home	1681469626025	1681469626893	KO	status.find.in([200, 209], 304), found 404
REQUEST		T20_Home	1681469625985	1681469626897	KO	status.find.in([200, 209], 304), found 404
REQUEST		T20_Home	1681469626166	1681469626897	KO	status.find.in([200, 209], 304), found 404
REQUEST		T20_Home	1681469625995	1681469626896	KO	status.find.in([200, 209], 304), found 404
REQUEST		T20_Home	1681469626052	1681469626899	KO	status.find.in([200, 209], 304), found 404
REQUEST		T20_Home	1681469626014	1681469626899	KO	status.find.in([200, 209], 304), found 404
REQUEST		T20_Home	1681469626196	1681469626901	KO	status.find.in([200, 209], 304), found 404
REQUEST		T20_Home	1681469626018	1681469626901	KO	status.find.in([200, 209], 304), found 404
REQUEST		T20_Home	1681469626456	1681469627065	KO	status.find.in([200, 209], 304), found 404
USER	MultipleRequests	END	1681469628642
USER	MultipleRequests	END	1681469628811
USER	MultipleRequests	END	1681469629014
USER	MultipleRequests	END	1681469629294
USER	MultipleRequests	END	1681469629294
USER	MultipleRequests	END	1681469629542
USER	MultipleRequests	END	1681469629542
USER	MultipleRequests	END	1681469629543
USER	MultipleRequests	END	1681469629544
USER	MultipleRequests	END	1681469629545
USER	MultipleRequests	END	1681469629547
USER	MultipleRequests	END	1681469629548
USER	MultipleRequests	END	1681469629550
USER	MultipleRequests	END	1681469629551
USER	MultipleRequests	END	1681469629555
USER	MultipleRequests	END	1681469629573
USER	MultipleRequests	END	1681469629885
USER	MultipleRequests	END	1681469629885
USER	MultipleRequests	END	1681469629886
USER	MultipleRequests	END	1681469629887
USER	MultipleRequests	END	1681469629901
USER	MultipleRequests	END	1681469629901
USER	MultipleRequests	END	1681469629903
USER	MultipleRequests	END	1681469629904
USER	MultipleRequests	END	1681469629916
USER	MultipleRequests	END	1681469629916
USER	MultipleRequests	END	1681469629916
USER	MultipleRequests	END	1681469629918
USER	MultipleRequests	END	1681469629920
USER	MultipleRequests	END	1681469630074
