RUN	botiqueClass.Boutiquee	boutiquee	1682421142837	testt	3.9.0
REQUEST		T10_Home	1682421143513	1682421143514	KO	j.n.UnknownHostException: onlineboutique.dev
REQUEST		To_Home	1682421143513	1682421143514	KO	j.n.UnknownHostException: onlineboutique.dev
REQUEST		To_Home	1682421143513	1682421143514	KO	j.n.UnknownHostException: onlineboutique.dev
REQUEST		To_Home	1682421143513	1682421143514	KO	j.n.UnknownHostException: onlineboutique.dev
REQUEST		To_Home	1682421143513	1682421143514	KO	j.n.UnknownHostException: onlineboutique.dev
REQUEST		T20_Home	1682421143527	1682421143528	KO	j.n.UnknownHostException: onlineboutique.dev
REQUEST		To_Home	1682421143513	1682421143514	KO	j.n.UnknownHostException: onlineboutique.dev
REQUEST		T10_Home	1682421143513	1682421143514	KO	j.n.UnknownHostException: onlineboutique.dev
REQUEST		T10_Home	1682421143513	1682421143514	KO	j.n.UnknownHostException: onlineboutique.dev
REQUEST		T20_Home	1682421143528	1682421143528	KO	j.n.UnknownHostException: onlineboutique.dev
REQUEST		T20_Home	1682421143528	1682421143528	KO	j.n.UnknownHostException: onlineboutique.dev
USER	Online Boutique Home Page	START	1682421143540
USER	Online Boutique Home Page	START	1682421143541
USER	Online Boutique Home Page	START	1682421143541
USER	MultipleRequests	START	1682421143541
USER	Online Boutique Home Page	START	1682421143541
USER	MultipleRequests	START	1682421143541
USER	Online Boutique Home Page	START	1682421143541
USER	MultipleRequests	START	1682421143541
REQUEST		T10_Home	1682421143541	1682421143542	KO	j.n.UnknownHostException: onlineboutique.dev
REQUEST		T10_Home	1682421143542	1682421143542	KO	j.n.UnknownHostException: onlineboutique.dev
USER	Online Boutique Home Page	END	1682421143542
REQUEST		T20_Home	1682421143542	1682421143542	KO	j.n.UnknownHostException: onlineboutique.dev
REQUEST		T20_Home	1682421143542	1682421143542	KO	j.n.UnknownHostException: onlineboutique.dev
USER	MultipleRequests	START	1682421143542
USER	MultipleRequests	START	1682421143542
USER	Online Boutique Home Page	END	1682421143543
USER	Online Boutique Home Page	END	1682421143543
USER	MultipleRequests	END	1682421143543
USER	Online Boutique Home Page	END	1682421143543
USER	MultipleRequests	END	1682421143543
USER	Online Boutique Home Page	END	1682421143543
USER	MultipleRequests	END	1682421143544
USER	MultipleRequests	END	1682421143544
USER	MultipleRequests	END	1682421143544
