RUN	botiqueClass.Boutiquee	boutiquee	1681719725159	test	3.9.0
USER	Online Boutique Home Page	START	1681719727397
USER	Online Boutique Home Page	START	1681719727397
USER	Online Boutique Home Page	START	1681719727397
USER	Online Boutique Home Page	START	1681719727397
USER	Online Boutique Home Page	START	1681719727400
USER	Online Boutique Home Page	START	1681719727400
USER	Online Boutique Home Page	START	1681719727400
USER	Online Boutique Home Page	START	1681719727397
USER	Online Boutique Home Page	START	1681719727401
USER	Online Boutique Home Page	START	1681719727401
USER	Online Boutique Home Page	START	1681719727401
USER	Online Boutique Home Page	START	1681719727401
USER	Online Boutique Home Page	START	1681719727397
USER	Online Boutique Home Page	START	1681719727401
USER	Online Boutique Home Page	START	1681719727397
USER	Online Boutique Home Page	START	1681719727402
USER	MultipleRequests	START	1681719727402
USER	Online Boutique Home Page	START	1681719727403
USER	Online Boutique Home Page	START	1681719727403
USER	Online Boutique Home Page	START	1681719727397
USER	Online Boutique Home Page	START	1681719727404
USER	Online Boutique Home Page	START	1681719727404
USER	MultipleRequests	START	1681719727404
USER	Online Boutique Home Page	START	1681719727405
USER	Online Boutique Home Page	START	1681719727405
USER	Online Boutique Home Page	START	1681719727405
USER	Online Boutique Home Page	START	1681719727405
USER	MultipleRequests	START	1681719727406
USER	MultipleRequests	START	1681719727406
USER	MultipleRequests	START	1681719727407
USER	Online Boutique Home Page	START	1681719727408
USER	MultipleRequests	START	1681719727409
USER	Online Boutique Home Page	START	1681719727409
USER	MultipleRequests	START	1681719727410
USER	Online Boutique Home Page	START	1681719727410
USER	MultipleRequests	START	1681719727411
USER	MultipleRequests	START	1681719727411
USER	MultipleRequests	START	1681719727413
USER	MultipleRequests	START	1681719727413
USER	MultipleRequests	START	1681719727413
USER	MultipleRequests	START	1681719727413
USER	Online Boutique Home Page	START	1681719727414
USER	MultipleRequests	START	1681719727414
USER	MultipleRequests	START	1681719727414
USER	MultipleRequests	START	1681719727415
USER	MultipleRequests	START	1681719727415
USER	MultipleRequests	START	1681719727415
USER	MultipleRequests	START	1681719727416
USER	MultipleRequests	START	1681719727417
USER	MultipleRequests	START	1681719727417
USER	MultipleRequests	START	1681719727419
USER	MultipleRequests	START	1681719727419
USER	MultipleRequests	START	1681719727419
USER	MultipleRequests	START	1681719727420
USER	MultipleRequests	START	1681719727422
USER	Online Boutique Home Page	START	1681719727422
USER	MultipleRequests	START	1681719727422
USER	MultipleRequests	START	1681719727426
USER	MultipleRequests	START	1681719727429
USER	MultipleRequests	START	1681719727435
REQUEST		To_Home	1681719727392	1681719728123	OK	 
REQUEST		To_Home	1681719727404	1681719728093	OK	 
REQUEST		To_Home	1681719727392	1681719728093	OK	 
REQUEST		T10_Home	1681719727413	1681719728125	OK	 
REQUEST		To_Home	1681719727400	1681719728093	OK	 
REQUEST		T10_Home	1681719727403	1681719728229	OK	 
USER	Online Boutique Home Page	END	1681719728231
USER	Online Boutique Home Page	END	1681719728231
USER	Online Boutique Home Page	END	1681719728231
USER	Online Boutique Home Page	END	1681719728231
REQUEST		T10_Home	1681719727408	1681719728231	OK	 
REQUEST		T10_Home	1681719727403	1681719728232	OK	 
REQUEST		T10_Home	1681719727411	1681719728236	OK	 
REQUEST		To_Home	1681719727393	1681719728236	OK	 
REQUEST		To_Home	1681719727403	1681719728240	OK	 
REQUEST		T10_Home	1681719727415	1681719728239	OK	 
REQUEST		T10_Home	1681719727406	1681719728243	OK	 
USER	Online Boutique Home Page	END	1681719728273
USER	Online Boutique Home Page	END	1681719728274
REQUEST		T10_Home	1681719727412	1681719728276	OK	 
REQUEST		T10_Home	1681719727402	1681719728296	OK	 
REQUEST		T10_Home	1681719727414	1681719728304	OK	 
REQUEST		T10_Home	1681719727408	1681719728306	OK	 
REQUEST		To_Home	1681719727402	1681719728308	OK	 
REQUEST		T10_Home	1681719727409	1681719728310	OK	 
USER	Online Boutique Home Page	END	1681719728312
REQUEST		T10_Home	1681719727414	1681719728313	OK	 
REQUEST		T10_Home	1681719727405	1681719728319	OK	 
REQUEST		T10_Home	1681719727418	1681719728322	OK	 
REQUEST		T10_Home	1681719727418	1681719728325	OK	 
REQUEST		T10_Home	1681719727405	1681719728325	OK	 
REQUEST		T10_Home	1681719727433	1681719728323	OK	 
REQUEST		T10_Home	1681719727407	1681719728327	OK	 
REQUEST		T10_Home	1681719727414	1681719728329	OK	 
REQUEST		T10_Home	1681719727414	1681719728426	OK	 
REQUEST		T10_Home	1681719727421	1681719728427	OK	 
REQUEST		T10_Home	1681719727405	1681719728429	OK	 
REQUEST		T10_Home	1681719727412	1681719728432	OK	 
REQUEST		To_Home	1681719727393	1681719728433	OK	 
REQUEST		To_Home	1681719727400	1681719728432	OK	 
REQUEST		To_Home	1681719727403	1681719728435	OK	 
REQUEST		T10_Home	1681719727417	1681719728435	OK	 
REQUEST		T10_Home	1681719727411	1681719728430	OK	 
REQUEST		T10_Home	1681719727425	1681719728438	OK	 
REQUEST		T10_Home	1681719727415	1681719728442	OK	 
REQUEST		T10_Home	1681719727427	1681719728442	OK	 
USER	Online Boutique Home Page	END	1681719728445
USER	Online Boutique Home Page	END	1681719728445
USER	Online Boutique Home Page	END	1681719728446
REQUEST		T10_Home	1681719727416	1681719728450	OK	 
REQUEST		T20_Home	1681719728221	1681719728502	KO	status.find.in([200, 209], 304), found 404
REQUEST		To_Home	1681719727399	1681719728513	OK	 
REQUEST		To_Home	1681719727400	1681719728517	OK	 
REQUEST		To_Home	1681719727399	1681719728521	OK	 
USER	Online Boutique Home Page	END	1681719728523
USER	Online Boutique Home Page	END	1681719728524
USER	Online Boutique Home Page	END	1681719728528
REQUEST		To_Home	1681719727399	1681719728534	OK	 
USER	Online Boutique Home Page	END	1681719728538
REQUEST		To_Home	1681719727392	1681719728541	OK	 
REQUEST		To_Home	1681719727402	1681719728541	OK	 
USER	Online Boutique Home Page	END	1681719728547
USER	Online Boutique Home Page	END	1681719728547
REQUEST		To_Home	1681719727400	1681719728545	OK	 
USER	Online Boutique Home Page	END	1681719728550
REQUEST		To_Home	1681719727404	1681719728551	OK	 
USER	Online Boutique Home Page	END	1681719728555
REQUEST		T20_Home	1681719728297	1681719728588	KO	status.find.in([200, 209], 304), found 404
REQUEST		T20_Home	1681719728233	1681719728590	KO	status.find.in([200, 209], 304), found 404
REQUEST		T20_Home	1681719728233	1681719728591	KO	status.find.in([200, 209], 304), found 404
REQUEST		T20_Home	1681719728244	1681719728592	KO	status.find.in([200, 209], 304), found 404
REQUEST		T20_Home	1681719728237	1681719728594	KO	status.find.in([200, 209], 304), found 404
REQUEST		T20_Home	1681719728308	1681719728594	KO	status.find.in([200, 209], 304), found 404
REQUEST		T20_Home	1681719728311	1681719728596	KO	status.find.in([200, 209], 304), found 404
REQUEST		T20_Home	1681719728241	1681719728596	KO	status.find.in([200, 209], 304), found 404
REQUEST		T20_Home	1681719728230	1681719728597	KO	status.find.in([200, 209], 304), found 404
REQUEST		T20_Home	1681719728315	1681719728598	KO	status.find.in([200, 209], 304), found 404
REQUEST		T20_Home	1681719728277	1681719728600	KO	status.find.in([200, 209], 304), found 404
REQUEST		T20_Home	1681719728305	1681719728605	KO	status.find.in([200, 209], 304), found 404
REQUEST		To_Home	1681719727409	1681719728621	OK	 
REQUEST		To_Home	1681719727392	1681719728621	OK	 
REQUEST		To_Home	1681719727403	1681719728621	OK	 
USER	Online Boutique Home Page	END	1681719728626
USER	Online Boutique Home Page	END	1681719728626
USER	Online Boutique Home Page	END	1681719728626
REQUEST		To_Home	1681719727403	1681719728702	OK	 
REQUEST		T20_Home	1681719728326	1681719728702	KO	status.find.in([200, 209], 304), found 404
REQUEST		To_Home	1681719727392	1681719728705	OK	 
REQUEST		T20_Home	1681719728326	1681719728709	KO	status.find.in([200, 209], 304), found 404
REQUEST		To_Home	1681719727402	1681719728711	OK	 
REQUEST		T20_Home	1681719728330	1681719728711	KO	status.find.in([200, 209], 304), found 404
REQUEST		T20_Home	1681719728324	1681719728713	KO	status.find.in([200, 209], 304), found 404
REQUEST		T20_Home	1681719728320	1681719728717	KO	status.find.in([200, 209], 304), found 404
REQUEST		To_Home	1681719727392	1681719728719	OK	 
REQUEST		T20_Home	1681719728428	1681719728724	KO	status.find.in([200, 209], 304), found 404
REQUEST		T20_Home	1681719728437	1681719728722	KO	status.find.in([200, 209], 304), found 404
REQUEST		T20_Home	1681719728431	1681719728725	KO	status.find.in([200, 209], 304), found 404
REQUEST		T20_Home	1681719728434	1681719728725	KO	status.find.in([200, 209], 304), found 404
REQUEST		T20_Home	1681719728437	1681719728727	KO	status.find.in([200, 209], 304), found 404
REQUEST		To_Home	1681719727406	1681719728727	OK	 
REQUEST		T20_Home	1681719728429	1681719728729	KO	status.find.in([200, 209], 304), found 404
REQUEST		T20_Home	1681719728328	1681719728730	KO	status.find.in([200, 209], 304), found 404
REQUEST		T20_Home	1681719728444	1681719728731	KO	status.find.in([200, 209], 304), found 404
REQUEST		To_Home	1681719727404	1681719728733	OK	 
REQUEST		To_Home	1681719727399	1681719728737	OK	 
USER	Online Boutique Home Page	END	1681719728742
USER	Online Boutique Home Page	END	1681719728742
REQUEST		To_Home	1681719727402	1681719728741	OK	 
USER	Online Boutique Home Page	END	1681719728742
USER	Online Boutique Home Page	END	1681719728743
USER	Online Boutique Home Page	END	1681719728743
USER	Online Boutique Home Page	END	1681719728745
USER	Online Boutique Home Page	END	1681719728745
USER	Online Boutique Home Page	END	1681719728745
REQUEST		T20_Home	1681719728451	1681719728804	KO	status.find.in([200, 209], 304), found 404
REQUEST		T20_Home	1681719728327	1681719728819	KO	status.find.in([200, 209], 304), found 404
REQUEST		To_Home	1681719727419	1681719728821	OK	 
REQUEST		T20_Home	1681719728439	1681719728825	KO	status.find.in([200, 209], 304), found 404
USER	Online Boutique Home Page	END	1681719728827
REQUEST		T20_Home	1681719728443	1681719728826	KO	status.find.in([200, 209], 304), found 404
USER	MultipleRequests	END	1681719731518
USER	MultipleRequests	END	1681719731596
USER	MultipleRequests	END	1681719731596
USER	MultipleRequests	END	1681719731596
USER	MultipleRequests	END	1681719731598
USER	MultipleRequests	END	1681719731598
USER	MultipleRequests	END	1681719731600
USER	MultipleRequests	END	1681719731612
USER	MultipleRequests	END	1681719731612
USER	MultipleRequests	END	1681719731613
USER	MultipleRequests	END	1681719731613
USER	MultipleRequests	END	1681719731615
USER	MultipleRequests	END	1681719731616
USER	MultipleRequests	END	1681719731721
USER	MultipleRequests	END	1681719731721
USER	MultipleRequests	END	1681719731722
USER	MultipleRequests	END	1681719731723
USER	MultipleRequests	END	1681719731725
USER	MultipleRequests	END	1681719731736
USER	MultipleRequests	END	1681719731736
USER	MultipleRequests	END	1681719731737
USER	MultipleRequests	END	1681719731738
USER	MultipleRequests	END	1681719731738
USER	MultipleRequests	END	1681719731739
USER	MultipleRequests	END	1681719731740
USER	MultipleRequests	END	1681719731741
USER	MultipleRequests	END	1681719731814
USER	MultipleRequests	END	1681719731829
USER	MultipleRequests	END	1681719731830
USER	MultipleRequests	END	1681719731831
