RUN	botiqueClass.Boutiquee	boutiquee	1682421396355	testt	3.9.0
USER	MultipleRequests	START	1682421398230
USER	Online Boutique Home Page	START	1682421398230
USER	MultipleRequests	START	1682421398230
USER	Online Boutique Home Page	START	1682421398230
USER	Online Boutique Home Page	START	1682421398230
USER	Online Boutique Home Page	START	1682421398230
USER	MultipleRequests	START	1682421398230
USER	Online Boutique Home Page	START	1682421398230
USER	MultipleRequests	START	1682421398233
USER	MultipleRequests	START	1682421398235
REQUEST		T10_Home	1682421398224	1682421398698	OK	 
REQUEST		T10_Home	1682421398224	1682421398706	OK	 
REQUEST		T10_Home	1682421398225	1682421398670	OK	 
REQUEST		To_Home	1682421398225	1682421398722	OK	 
REQUEST		To_Home	1682421398224	1682421398732	OK	 
USER	Online Boutique Home Page	END	1682421398734
USER	Online Boutique Home Page	END	1682421398734
REQUEST		T10_Home	1682421398232	1682421398812	OK	 
REQUEST		T10_Home	1682421398234	1682421398832	OK	 
REQUEST		To_Home	1682421398224	1682421398834	OK	 
REQUEST		To_Home	1682421398224	1682421398837	OK	 
REQUEST		To_Home	1682421398224	1682421398832	OK	 
USER	Online Boutique Home Page	END	1682421398841
USER	Online Boutique Home Page	END	1682421398841
USER	Online Boutique Home Page	END	1682421398841
REQUEST		T20_Home	1682421398709	1682421398990	KO	status.find.in([200, 209], 304), found 404
USER	MultipleRequests	END	1682421398994
REQUEST		T20_Home	1682421398712	1682421398998	KO	status.find.in([200, 209], 304), found 404
USER	MultipleRequests	END	1682421399000
REQUEST		T20_Home	1682421398714	1682421399013	KO	status.find.in([200, 209], 304), found 404
USER	MultipleRequests	END	1682421399015
REQUEST		T20_Home	1682421398813	1682421399123	KO	status.find.in([200, 209], 304), found 404
REQUEST		T20_Home	1682421398833	1682421399123	KO	status.find.in([200, 209], 304), found 404
USER	MultipleRequests	END	1682421399139
USER	MultipleRequests	END	1682421399139
