RUN	botiqueClass.Boutiquee	boutiquee	1681296964638	test	3.9.0
USER	MultipleRequests	START	1681296966357
USER	MultipleRequests	START	1681296966358
USER	Online Boutique Home Page	START	1681296966358
USER	Online Boutique Home Page	START	1681296966359
USER	MultipleRequests	START	1681296966359
USER	Online Boutique Home Page	START	1681296966358
REQUEST		T10_Home	1681296966354	1681296966854	OK	 
REQUEST		Too_Home	1681296966354	1681296966892	OK	 
REQUEST		Too_Home	1681296966354	1681296966890	OK	 
REQUEST		Too_Home	1681296966354	1681296966880	OK	 
REQUEST		T10_Home	1681296966354	1681296966854	OK	 
REQUEST		T10_Home	1681296966354	1681296966854	OK	 
USER	Online Boutique Home Page	END	1681296966901
USER	Online Boutique Home Page	END	1681296966901
USER	Online Boutique Home Page	END	1681296966901
REQUEST		T20_Home	1681296966899	1681296967185	KO	status.find.in([200, 209], 304), found 404
REQUEST		T20_Home	1681296966899	1681296967185	KO	status.find.in([200, 209], 304), found 404
REQUEST		T20_Home	1681296966899	1681296967188	KO	status.find.in([200, 209], 304), found 404
USER	MultipleRequests	END	1681296970210
USER	MultipleRequests	END	1681296970210
USER	MultipleRequests	END	1681296970211
