RUN	botiqueClass.Boutiquee	boutiquee	1681725141963	testt	3.9.0
USER	Online Boutique Home Page	START	1681725143263
USER	MultipleRequests	START	1681725143264
USER	MultipleRequests	START	1681725143264
USER	Online Boutique Home Page	START	1681725143265
USER	Online Boutique Home Page	START	1681725143266
USER	MultipleRequests	START	1681725143266
USER	Online Boutique Home Page	START	1681725143267
USER	MultipleRequests	START	1681725143267
USER	MultipleRequests	START	1681725143268
USER	Online Boutique Home Page	START	1681725143272
REQUEST		T10_Home	1681725143260	1681725143718	OK	 
REQUEST		T10_Home	1681725143260	1681725143716	OK	 
REQUEST		To_Home	1681725143259	1681725143769	OK	 
REQUEST		To_Home	1681725143259	1681725143717	OK	 
REQUEST		To_Home	1681725143260	1681725143776	OK	 
REQUEST		To_Home	1681725143260	1681725143720	OK	 
REQUEST		T10_Home	1681725143260	1681725143759	OK	 
REQUEST		T10_Home	1681725143266	1681725143789	OK	 
USER	Online Boutique Home Page	END	1681725143791
USER	Online Boutique Home Page	END	1681725143792
USER	Online Boutique Home Page	END	1681725143792
USER	Online Boutique Home Page	END	1681725143792
REQUEST		T10_Home	1681725143268	1681725143848	OK	 
REQUEST		To_Home	1681725143271	1681725143849	OK	 
USER	Online Boutique Home Page	END	1681725143850
REQUEST		T20_Home	1681725143787	1681725144060	KO	status.find.in([200, 209], 304), found 404
REQUEST		T20_Home	1681725143790	1681725144068	KO	status.find.in([200, 209], 304), found 404
REQUEST		T20_Home	1681725143789	1681725144071	KO	status.find.in([200, 209], 304), found 404
REQUEST		T20_Home	1681725143788	1681725144073	KO	status.find.in([200, 209], 304), found 404
REQUEST		T20_Home	1681725143849	1681725144120	KO	status.find.in([200, 209], 304), found 404
USER	MultipleRequests	END	1681725147084
USER	MultipleRequests	END	1681725147085
USER	MultipleRequests	END	1681725147085
USER	MultipleRequests	END	1681725147088
USER	MultipleRequests	END	1681725147130
