RUN	botiqueClass.Boutiquee	boutiquee	1682420703614	test	3.9.0
REQUEST		T10_Home	1682420704258	1682420704259	KO	j.n.UnknownHostException: onlineboutique.dev
REQUEST		T10_Home	1682420704257	1682420704259	KO	j.n.UnknownHostException: onlineboutique.dev
REQUEST		T10_Home	1682420704258	1682420704259	KO	j.n.UnknownHostException: onlineboutique.dev
REQUEST		T10_Home	1682420704257	1682420704259	KO	j.n.UnknownHostException: onlineboutique.dev
REQUEST		To_Home	1682420704272	1682420704272	KO	j.n.UnknownHostException: onlineboutique.dev
REQUEST		To_Home	1682420704272	1682420704272	KO	j.n.UnknownHostException: onlineboutique.dev
REQUEST		T10_Home	1682420704257	1682420704259	KO	j.n.UnknownHostException: onlineboutique.dev
REQUEST		To_Home	1682420704272	1682420704272	KO	j.n.UnknownHostException: onlineboutique.dev
REQUEST		T10_Home	1682420704257	1682420704259	KO	j.n.UnknownHostException: onlineboutique.dev
REQUEST		To_Home	1682420704273	1682420704273	KO	j.n.UnknownHostException: onlineboutique.dev
REQUEST		T10_Home	1682420704257	1682420704259	KO	j.n.UnknownHostException: onlineboutique.dev
REQUEST		To_Home	1682420704273	1682420704273	KO	j.n.UnknownHostException: onlineboutique.dev
REQUEST		T10_Home	1682420704257	1682420704259	KO	j.n.UnknownHostException: onlineboutique.dev
REQUEST		To_Home	1682420704273	1682420704273	KO	j.n.UnknownHostException: onlineboutique.dev
REQUEST		To_Home	1682420704273	1682420704273	KO	j.n.UnknownHostException: onlineboutique.dev
REQUEST		To_Home	1682420704273	1682420704273	KO	j.n.UnknownHostException: onlineboutique.dev
USER	MultipleRequests	END	1682420704282
USER	MultipleRequests	END	1682420704283
USER	MultipleRequests	END	1682420704283
USER	MultipleRequests	END	1682420704283
USER	MultipleRequests	END	1682420704283
USER	MultipleRequests	END	1682420704283
USER	MultipleRequests	END	1682420704283
USER	MultipleRequests	END	1682420704283
USER	MultipleRequests	START	1682420704283
USER	MultipleRequests	START	1682420704283
USER	MultipleRequests	START	1682420704284
USER	MultipleRequests	START	1682420704284
REQUEST		T10_Home	1682420704284	1682420704284	KO	j.n.UnknownHostException: onlineboutique.dev
REQUEST		T10_Home	1682420704284	1682420704284	KO	j.n.UnknownHostException: onlineboutique.dev
REQUEST		T10_Home	1682420704284	1682420704284	KO	j.n.UnknownHostException: onlineboutique.dev
REQUEST		To_Home	1682420704285	1682420704285	KO	j.n.UnknownHostException: onlineboutique.dev
REQUEST		To_Home	1682420704285	1682420704285	KO	j.n.UnknownHostException: onlineboutique.dev
REQUEST		To_Home	1682420704285	1682420704285	KO	j.n.UnknownHostException: onlineboutique.dev
USER	MultipleRequests	START	1682420704285
USER	MultipleRequests	START	1682420704285
USER	MultipleRequests	START	1682420704285
REQUEST		T10_Home	1682420704286	1682420704286	KO	j.n.UnknownHostException: onlineboutique.dev
REQUEST		T10_Home	1682420704286	1682420704286	KO	j.n.UnknownHostException: onlineboutique.dev
REQUEST		T10_Home	1682420704286	1682420704286	KO	j.n.UnknownHostException: onlineboutique.dev
REQUEST		T10_Home	1682420704286	1682420704286	KO	j.n.UnknownHostException: onlineboutique.dev
REQUEST		To_Home	1682420704286	1682420704286	KO	j.n.UnknownHostException: onlineboutique.dev
REQUEST		To_Home	1682420704286	1682420704286	KO	j.n.UnknownHostException: onlineboutique.dev
REQUEST		To_Home	1682420704286	1682420704286	KO	j.n.UnknownHostException: onlineboutique.dev
REQUEST		To_Home	1682420704286	1682420704286	KO	j.n.UnknownHostException: onlineboutique.dev
USER	MultipleRequests	START	1682420704286
USER	MultipleRequests	START	1682420704286
USER	MultipleRequests	START	1682420704286
USER	MultipleRequests	START	1682420704286
REQUEST		T10_Home	1682420704287	1682420704287	KO	j.n.UnknownHostException: onlineboutique.dev
REQUEST		T10_Home	1682420704287	1682420704287	KO	j.n.UnknownHostException: onlineboutique.dev
REQUEST		T10_Home	1682420704287	1682420704287	KO	j.n.UnknownHostException: onlineboutique.dev
REQUEST		T10_Home	1682420704287	1682420704287	KO	j.n.UnknownHostException: onlineboutique.dev
REQUEST		To_Home	1682420704287	1682420704287	KO	j.n.UnknownHostException: onlineboutique.dev
REQUEST		To_Home	1682420704287	1682420704287	KO	j.n.UnknownHostException: onlineboutique.dev
REQUEST		To_Home	1682420704287	1682420704287	KO	j.n.UnknownHostException: onlineboutique.dev
REQUEST		To_Home	1682420704287	1682420704287	KO	j.n.UnknownHostException: onlineboutique.dev
USER	MultipleRequests	START	1682420704287
USER	MultipleRequests	START	1682420704287
USER	MultipleRequests	START	1682420704287
USER	MultipleRequests	START	1682420704287
REQUEST		T10_Home	1682420704288	1682420704288	KO	j.n.UnknownHostException: onlineboutique.dev
REQUEST		T10_Home	1682420704288	1682420704288	KO	j.n.UnknownHostException: onlineboutique.dev
REQUEST		T10_Home	1682420704288	1682420704288	KO	j.n.UnknownHostException: onlineboutique.dev
REQUEST		T10_Home	1682420704288	1682420704288	KO	j.n.UnknownHostException: onlineboutique.dev
REQUEST		To_Home	1682420704288	1682420704288	KO	j.n.UnknownHostException: onlineboutique.dev
REQUEST		To_Home	1682420704288	1682420704288	KO	j.n.UnknownHostException: onlineboutique.dev
REQUEST		To_Home	1682420704288	1682420704288	KO	j.n.UnknownHostException: onlineboutique.dev
REQUEST		To_Home	1682420704288	1682420704288	KO	j.n.UnknownHostException: onlineboutique.dev
USER	MultipleRequests	START	1682420704289
USER	MultipleRequests	START	1682420704289
USER	MultipleRequests	START	1682420704289
USER	MultipleRequests	START	1682420704289
USER	MultipleRequests	START	1682420704289
REQUEST		T10_Home	1682420704289	1682420704289	KO	j.n.UnknownHostException: onlineboutique.dev
REQUEST		T10_Home	1682420704289	1682420704289	KO	j.n.UnknownHostException: onlineboutique.dev
REQUEST		T10_Home	1682420704289	1682420704289	KO	j.n.UnknownHostException: onlineboutique.dev
REQUEST		To_Home	1682420704290	1682420704290	KO	j.n.UnknownHostException: onlineboutique.dev
REQUEST		To_Home	1682420704290	1682420704290	KO	j.n.UnknownHostException: onlineboutique.dev
REQUEST		To_Home	1682420704290	1682420704290	KO	j.n.UnknownHostException: onlineboutique.dev
REQUEST		T10_Home	1682420704290	1682420704290	KO	j.n.UnknownHostException: onlineboutique.dev
USER	MultipleRequests	START	1682420704290
USER	MultipleRequests	START	1682420704290
USER	MultipleRequests	START	1682420704290
REQUEST		To_Home	1682420704290	1682420704290	KO	j.n.UnknownHostException: onlineboutique.dev
USER	MultipleRequests	START	1682420704290
REQUEST		T10_Home	1682420704291	1682420704291	KO	j.n.UnknownHostException: onlineboutique.dev
REQUEST		T10_Home	1682420704291	1682420704291	KO	j.n.UnknownHostException: onlineboutique.dev
REQUEST		T10_Home	1682420704291	1682420704291	KO	j.n.UnknownHostException: onlineboutique.dev
REQUEST		To_Home	1682420704291	1682420704291	KO	j.n.UnknownHostException: onlineboutique.dev
REQUEST		T10_Home	1682420704291	1682420704291	KO	j.n.UnknownHostException: onlineboutique.dev
REQUEST		To_Home	1682420704291	1682420704291	KO	j.n.UnknownHostException: onlineboutique.dev
REQUEST		To_Home	1682420704291	1682420704291	KO	j.n.UnknownHostException: onlineboutique.dev
USER	MultipleRequests	START	1682420704291
USER	MultipleRequests	START	1682420704291
USER	MultipleRequests	START	1682420704291
REQUEST		To_Home	1682420704291	1682420704291	KO	j.n.UnknownHostException: onlineboutique.dev
USER	MultipleRequests	START	1682420704291
REQUEST		T10_Home	1682420704292	1682420704292	KO	j.n.UnknownHostException: onlineboutique.dev
REQUEST		T10_Home	1682420704292	1682420704292	KO	j.n.UnknownHostException: onlineboutique.dev
REQUEST		T10_Home	1682420704292	1682420704292	KO	j.n.UnknownHostException: onlineboutique.dev
REQUEST		T10_Home	1682420704292	1682420704292	KO	j.n.UnknownHostException: onlineboutique.dev
REQUEST		To_Home	1682420704292	1682420704292	KO	j.n.UnknownHostException: onlineboutique.dev
REQUEST		To_Home	1682420704292	1682420704292	KO	j.n.UnknownHostException: onlineboutique.dev
REQUEST		To_Home	1682420704292	1682420704292	KO	j.n.UnknownHostException: onlineboutique.dev
REQUEST		To_Home	1682420704292	1682420704292	KO	j.n.UnknownHostException: onlineboutique.dev
USER	MultipleRequests	START	1682420704292
USER	MultipleRequests	START	1682420704292
USER	MultipleRequests	START	1682420704292
USER	MultipleRequests	START	1682420704292
REQUEST		T10_Home	1682420704293	1682420704293	KO	j.n.UnknownHostException: onlineboutique.dev
REQUEST		T10_Home	1682420704293	1682420704293	KO	j.n.UnknownHostException: onlineboutique.dev
REQUEST		T10_Home	1682420704293	1682420704293	KO	j.n.UnknownHostException: onlineboutique.dev
REQUEST		T10_Home	1682420704293	1682420704293	KO	j.n.UnknownHostException: onlineboutique.dev
USER	MultipleRequests	START	1682420704293
REQUEST		To_Home	1682420704293	1682420704293	KO	j.n.UnknownHostException: onlineboutique.dev
REQUEST		To_Home	1682420704293	1682420704293	KO	j.n.UnknownHostException: onlineboutique.dev
REQUEST		To_Home	1682420704293	1682420704293	KO	j.n.UnknownHostException: onlineboutique.dev
USER	MultipleRequests	START	1682420704293
USER	MultipleRequests	START	1682420704293
USER	MultipleRequests	START	1682420704293
REQUEST		T10_Home	1682420704294	1682420704294	KO	j.n.UnknownHostException: onlineboutique.dev
USER	MultipleRequests	END	1682420704294
USER	MultipleRequests	END	1682420704294
USER	MultipleRequests	END	1682420704294
REQUEST		T10_Home	1682420704294	1682420704294	KO	j.n.UnknownHostException: onlineboutique.dev
REQUEST		To_Home	1682420704294	1682420704294	KO	j.n.UnknownHostException: onlineboutique.dev
REQUEST		T10_Home	1682420704294	1682420704294	KO	j.n.UnknownHostException: onlineboutique.dev
USER	MultipleRequests	END	1682420704294
USER	MultipleRequests	END	1682420704294
USER	MultipleRequests	START	1682420704294
USER	MultipleRequests	END	1682420704294
USER	MultipleRequests	END	1682420704294
REQUEST		To_Home	1682420704294	1682420704294	KO	j.n.UnknownHostException: onlineboutique.dev
REQUEST		To_Home	1682420704294	1682420704294	KO	j.n.UnknownHostException: onlineboutique.dev
USER	MultipleRequests	END	1682420704295
USER	MultipleRequests	END	1682420704295
USER	MultipleRequests	START	1682420704295
USER	MultipleRequests	START	1682420704295
USER	MultipleRequests	END	1682420704295
USER	MultipleRequests	END	1682420704295
USER	MultipleRequests	END	1682420704295
USER	MultipleRequests	END	1682420704295
USER	MultipleRequests	END	1682420704295
REQUEST		T10_Home	1682420704295	1682420704295	KO	j.n.UnknownHostException: onlineboutique.dev
USER	MultipleRequests	END	1682420704295
USER	MultipleRequests	END	1682420704295
USER	MultipleRequests	END	1682420704295
USER	MultipleRequests	END	1682420704295
REQUEST		To_Home	1682420704295	1682420704295	KO	j.n.UnknownHostException: onlineboutique.dev
REQUEST		T10_Home	1682420704295	1682420704295	KO	j.n.UnknownHostException: onlineboutique.dev
REQUEST		T10_Home	1682420704295	1682420704295	KO	j.n.UnknownHostException: onlineboutique.dev
USER	MultipleRequests	END	1682420704295
USER	MultipleRequests	END	1682420704296
USER	MultipleRequests	START	1682420704296
USER	MultipleRequests	END	1682420704296
REQUEST		To_Home	1682420704296	1682420704296	KO	j.n.UnknownHostException: onlineboutique.dev
REQUEST		To_Home	1682420704296	1682420704296	KO	j.n.UnknownHostException: onlineboutique.dev
USER	MultipleRequests	END	1682420704296
USER	MultipleRequests	END	1682420704296
USER	MultipleRequests	START	1682420704296
USER	MultipleRequests	END	1682420704296
USER	MultipleRequests	END	1682420704296
USER	MultipleRequests	END	1682420704296
USER	MultipleRequests	END	1682420704296
USER	MultipleRequests	END	1682420704296
USER	MultipleRequests	END	1682420704296
REQUEST		T10_Home	1682420704296	1682420704296	KO	j.n.UnknownHostException: onlineboutique.dev
USER	MultipleRequests	END	1682420704296
USER	MultipleRequests	END	1682420704296
USER	MultipleRequests	END	1682420704297
REQUEST		T10_Home	1682420704297	1682420704297	KO	j.n.UnknownHostException: onlineboutique.dev
USER	MultipleRequests	END	1682420704297
REQUEST		To_Home	1682420704297	1682420704297	KO	j.n.UnknownHostException: onlineboutique.dev
USER	MultipleRequests	END	1682420704297
USER	MultipleRequests	END	1682420704297
USER	MultipleRequests	END	1682420704297
USER	MultipleRequests	START	1682420704297
REQUEST		To_Home	1682420704297	1682420704297	KO	j.n.UnknownHostException: onlineboutique.dev
USER	MultipleRequests	END	1682420704297
USER	MultipleRequests	START	1682420704297
USER	MultipleRequests	START	1682420704297
REQUEST		T10_Home	1682420704298	1682420704298	KO	j.n.UnknownHostException: onlineboutique.dev
REQUEST		T10_Home	1682420704298	1682420704298	KO	j.n.UnknownHostException: onlineboutique.dev
REQUEST		To_Home	1682420704298	1682420704298	KO	j.n.UnknownHostException: onlineboutique.dev
REQUEST		To_Home	1682420704298	1682420704298	KO	j.n.UnknownHostException: onlineboutique.dev
REQUEST		To_Home	1682420704298	1682420704298	KO	j.n.UnknownHostException: onlineboutique.dev
USER	MultipleRequests	START	1682420704298
USER	MultipleRequests	START	1682420704298
USER	MultipleRequests	START	1682420704298
REQUEST		T10_Home	1682420704299	1682420704299	KO	j.n.UnknownHostException: onlineboutique.dev
REQUEST		T10_Home	1682420704299	1682420704299	KO	j.n.UnknownHostException: onlineboutique.dev
REQUEST		T10_Home	1682420704299	1682420704299	KO	j.n.UnknownHostException: onlineboutique.dev
REQUEST		To_Home	1682420704300	1682420704300	KO	j.n.UnknownHostException: onlineboutique.dev
REQUEST		To_Home	1682420704300	1682420704300	KO	j.n.UnknownHostException: onlineboutique.dev
REQUEST		To_Home	1682420704300	1682420704300	KO	j.n.UnknownHostException: onlineboutique.dev
USER	MultipleRequests	END	1682420704300
USER	MultipleRequests	START	1682420704300
USER	MultipleRequests	START	1682420704300
USER	MultipleRequests	START	1682420704300
USER	MultipleRequests	END	1682420704300
USER	MultipleRequests	END	1682420704300
USER	MultipleRequests	END	1682420704300
USER	MultipleRequests	END	1682420704300
USER	MultipleRequests	END	1682420704300
USER	MultipleRequests	END	1682420704300
USER	MultipleRequests	START	1682420704301
REQUEST		T10_Home	1682420704301	1682420704301	KO	j.n.UnknownHostException: onlineboutique.dev
REQUEST		T10_Home	1682420704301	1682420704301	KO	j.n.UnknownHostException: onlineboutique.dev
REQUEST		T10_Home	1682420704301	1682420704301	KO	j.n.UnknownHostException: onlineboutique.dev
REQUEST		To_Home	1682420704301	1682420704301	KO	j.n.UnknownHostException: onlineboutique.dev
REQUEST		To_Home	1682420704301	1682420704301	KO	j.n.UnknownHostException: onlineboutique.dev
REQUEST		To_Home	1682420704301	1682420704301	KO	j.n.UnknownHostException: onlineboutique.dev
USER	MultipleRequests	START	1682420704301
USER	MultipleRequests	START	1682420704301
USER	MultipleRequests	START	1682420704301
REQUEST		T10_Home	1682420704301	1682420704301	KO	j.n.UnknownHostException: onlineboutique.dev
REQUEST		To_Home	1682420704302	1682420704302	KO	j.n.UnknownHostException: onlineboutique.dev
USER	MultipleRequests	START	1682420704302
REQUEST		T10_Home	1682420704302	1682420704302	KO	j.n.UnknownHostException: onlineboutique.dev
REQUEST		T10_Home	1682420704302	1682420704302	KO	j.n.UnknownHostException: onlineboutique.dev
REQUEST		T10_Home	1682420704302	1682420704302	KO	j.n.UnknownHostException: onlineboutique.dev
REQUEST		To_Home	1682420704302	1682420704302	KO	j.n.UnknownHostException: onlineboutique.dev
REQUEST		To_Home	1682420704302	1682420704302	KO	j.n.UnknownHostException: onlineboutique.dev
REQUEST		To_Home	1682420704302	1682420704302	KO	j.n.UnknownHostException: onlineboutique.dev
USER	MultipleRequests	START	1682420704303
USER	MultipleRequests	START	1682420704303
REQUEST		T10_Home	1682420704302	1682420704303	KO	j.n.UnknownHostException: onlineboutique.dev
USER	MultipleRequests	START	1682420704303
REQUEST		To_Home	1682420704303	1682420704303	KO	j.n.UnknownHostException: onlineboutique.dev
USER	MultipleRequests	START	1682420704303
REQUEST		T10_Home	1682420704303	1682420704303	KO	j.n.UnknownHostException: onlineboutique.dev
REQUEST		T10_Home	1682420704303	1682420704303	KO	j.n.UnknownHostException: onlineboutique.dev
REQUEST		T10_Home	1682420704303	1682420704303	KO	j.n.UnknownHostException: onlineboutique.dev
REQUEST		To_Home	1682420704303	1682420704304	KO	j.n.UnknownHostException: onlineboutique.dev
REQUEST		To_Home	1682420704303	1682420704304	KO	j.n.UnknownHostException: onlineboutique.dev
REQUEST		To_Home	1682420704303	1682420704304	KO	j.n.UnknownHostException: onlineboutique.dev
REQUEST		T10_Home	1682420704304	1682420704304	KO	j.n.UnknownHostException: onlineboutique.dev
USER	MultipleRequests	START	1682420704304
USER	MultipleRequests	START	1682420704304
USER	MultipleRequests	START	1682420704304
REQUEST		To_Home	1682420704304	1682420704304	KO	j.n.UnknownHostException: onlineboutique.dev
USER	MultipleRequests	START	1682420704304
REQUEST		T10_Home	1682420704304	1682420704304	KO	j.n.UnknownHostException: onlineboutique.dev
REQUEST		T10_Home	1682420704304	1682420704304	KO	j.n.UnknownHostException: onlineboutique.dev
REQUEST		T10_Home	1682420704304	1682420704304	KO	j.n.UnknownHostException: onlineboutique.dev
REQUEST		T10_Home	1682420704305	1682420704305	KO	j.n.UnknownHostException: onlineboutique.dev
REQUEST		To_Home	1682420704305	1682420704305	KO	j.n.UnknownHostException: onlineboutique.dev
REQUEST		To_Home	1682420704305	1682420704305	KO	j.n.UnknownHostException: onlineboutique.dev
REQUEST		To_Home	1682420704305	1682420704305	KO	j.n.UnknownHostException: onlineboutique.dev
USER	MultipleRequests	START	1682420704305
USER	MultipleRequests	START	1682420704305
REQUEST		To_Home	1682420704305	1682420704305	KO	j.n.UnknownHostException: onlineboutique.dev
USER	MultipleRequests	END	1682420704305
USER	MultipleRequests	END	1682420704305
USER	MultipleRequests	START	1682420704305
USER	MultipleRequests	END	1682420704305
USER	MultipleRequests	END	1682420704305
USER	MultipleRequests	END	1682420704305
USER	MultipleRequests	END	1682420704306
USER	MultipleRequests	END	1682420704306
USER	MultipleRequests	END	1682420704306
REQUEST		T10_Home	1682420704306	1682420704306	KO	j.n.UnknownHostException: onlineboutique.dev
REQUEST		T10_Home	1682420704306	1682420704306	KO	j.n.UnknownHostException: onlineboutique.dev
USER	MultipleRequests	END	1682420704306
REQUEST		T10_Home	1682420704306	1682420704306	KO	j.n.UnknownHostException: onlineboutique.dev
USER	MultipleRequests	END	1682420704306
USER	MultipleRequests	END	1682420704306
REQUEST		To_Home	1682420704306	1682420704306	KO	j.n.UnknownHostException: onlineboutique.dev
USER	MultipleRequests	END	1682420704306
REQUEST		To_Home	1682420704306	1682420704306	KO	j.n.UnknownHostException: onlineboutique.dev
REQUEST		To_Home	1682420704306	1682420704306	KO	j.n.UnknownHostException: onlineboutique.dev
USER	MultipleRequests	END	1682420704306
USER	MultipleRequests	START	1682420704306
USER	MultipleRequests	END	1682420704306
USER	MultipleRequests	START	1682420704306
USER	MultipleRequests	START	1682420704306
USER	MultipleRequests	END	1682420704306
USER	MultipleRequests	END	1682420704306
USER	MultipleRequests	END	1682420704306
USER	MultipleRequests	END	1682420704307
USER	MultipleRequests	END	1682420704307
USER	MultipleRequests	START	1682420704305
REQUEST		T10_Home	1682420704307	1682420704307	KO	j.n.UnknownHostException: onlineboutique.dev
REQUEST		T10_Home	1682420704307	1682420704307	KO	j.n.UnknownHostException: onlineboutique.dev
REQUEST		To_Home	1682420704307	1682420704307	KO	j.n.UnknownHostException: onlineboutique.dev
REQUEST		T10_Home	1682420704307	1682420704307	KO	j.n.UnknownHostException: onlineboutique.dev
REQUEST		To_Home	1682420704307	1682420704307	KO	j.n.UnknownHostException: onlineboutique.dev
USER	MultipleRequests	START	1682420704308
USER	MultipleRequests	START	1682420704308
USER	MultipleRequests	END	1682420704308
USER	MultipleRequests	END	1682420704308
REQUEST		T10_Home	1682420704309	1682420704309	KO	j.n.UnknownHostException: onlineboutique.dev
REQUEST		T10_Home	1682420704309	1682420704309	KO	j.n.UnknownHostException: onlineboutique.dev
REQUEST		To_Home	1682420704309	1682420704309	KO	j.n.UnknownHostException: onlineboutique.dev
REQUEST		To_Home	1682420704309	1682420704309	KO	j.n.UnknownHostException: onlineboutique.dev
USER	MultipleRequests	START	1682420704310
USER	MultipleRequests	START	1682420704310
USER	MultipleRequests	END	1682420704311
USER	MultipleRequests	END	1682420704311
REQUEST		T10_Home	1682420704311	1682420704311	KO	j.n.UnknownHostException: onlineboutique.dev
REQUEST		To_Home	1682420704312	1682420704312	KO	j.n.UnknownHostException: onlineboutique.dev
USER	MultipleRequests	START	1682420704313
USER	MultipleRequests	END	1682420704313
REQUEST		T10_Home	1682420704315	1682420704316	KO	j.n.UnknownHostException: onlineboutique.dev
REQUEST		To_Home	1682420704316	1682420704316	KO	j.n.UnknownHostException: onlineboutique.dev
USER	MultipleRequests	START	1682420704317
REQUEST		T10_Home	1682420704317	1682420704318	KO	j.n.UnknownHostException: onlineboutique.dev
REQUEST		To_Home	1682420704318	1682420704318	KO	j.n.UnknownHostException: onlineboutique.dev
USER	MultipleRequests	START	1682420704318
REQUEST		T10_Home	1682420704319	1682420704319	KO	j.n.UnknownHostException: onlineboutique.dev
REQUEST		To_Home	1682420704320	1682420704320	KO	j.n.UnknownHostException: onlineboutique.dev
USER	MultipleRequests	END	1682420704320
USER	MultipleRequests	END	1682420704320
REQUEST		T10_Home	1682420704343	1682420704343	KO	j.n.UnknownHostException: onlineboutique.dev
REQUEST		To_Home	1682420704344	1682420704344	KO	j.n.UnknownHostException: onlineboutique.dev
USER	MultipleRequests	END	1682420704345
USER	MultipleRequests	START	1682420704345
REQUEST		T10_Home	1682420704346	1682420704346	KO	j.n.UnknownHostException: onlineboutique.dev
REQUEST		To_Home	1682420704346	1682420704346	KO	j.n.UnknownHostException: onlineboutique.dev
USER	MultipleRequests	START	1682420704347
USER	MultipleRequests	END	1682420704347
REQUEST		T10_Home	1682420704347	1682420704347	KO	j.n.UnknownHostException: onlineboutique.dev
REQUEST		T10_Home	1682420704348	1682420704348	KO	j.n.UnknownHostException: onlineboutique.dev
REQUEST		To_Home	1682420704348	1682420704348	KO	j.n.UnknownHostException: onlineboutique.dev
USER	MultipleRequests	START	1682420704348
USER	MultipleRequests	END	1682420704348
REQUEST		To_Home	1682420704348	1682420704348	KO	j.n.UnknownHostException: onlineboutique.dev
USER	MultipleRequests	END	1682420704349
REQUEST		T10_Home	1682420704349	1682420704349	KO	j.n.UnknownHostException: onlineboutique.dev
USER	MultipleRequests	START	1682420704349
REQUEST		To_Home	1682420704350	1682420704350	KO	j.n.UnknownHostException: onlineboutique.dev
USER	MultipleRequests	START	1682420704350
USER	MultipleRequests	END	1682420704350
REQUEST		T10_Home	1682420704351	1682420704351	KO	j.n.UnknownHostException: onlineboutique.dev
REQUEST		To_Home	1682420704351	1682420704351	KO	j.n.UnknownHostException: onlineboutique.dev
USER	MultipleRequests	START	1682420704352
USER	MultipleRequests	END	1682420704352
REQUEST		T10_Home	1682420704353	1682420704353	KO	j.n.UnknownHostException: onlineboutique.dev
REQUEST		T10_Home	1682420704352	1682420704352	KO	j.n.UnknownHostException: onlineboutique.dev
REQUEST		To_Home	1682420704353	1682420704353	KO	j.n.UnknownHostException: onlineboutique.dev
USER	MultipleRequests	START	1682420704353
USER	MultipleRequests	END	1682420704353
REQUEST		To_Home	1682420704354	1682420704354	KO	j.n.UnknownHostException: onlineboutique.dev
USER	MultipleRequests	END	1682420704354
REQUEST		T10_Home	1682420704354	1682420704354	KO	j.n.UnknownHostException: onlineboutique.dev
REQUEST		To_Home	1682420704355	1682420704355	KO	j.n.UnknownHostException: onlineboutique.dev
USER	MultipleRequests	START	1682420704355
USER	MultipleRequests	END	1682420704355
USER	MultipleRequests	START	1682420704355
REQUEST		T10_Home	1682420704356	1682420704356	KO	j.n.UnknownHostException: onlineboutique.dev
REQUEST		To_Home	1682420704356	1682420704356	KO	j.n.UnknownHostException: onlineboutique.dev
REQUEST		T10_Home	1682420704356	1682420704356	KO	j.n.UnknownHostException: onlineboutique.dev
USER	MultipleRequests	END	1682420704356
USER	MultipleRequests	START	1682420704356
REQUEST		T10_Home	1682420704357	1682420704357	KO	j.n.UnknownHostException: onlineboutique.dev
REQUEST		To_Home	1682420704357	1682420704357	KO	j.n.UnknownHostException: onlineboutique.dev
REQUEST		To_Home	1682420704358	1682420704358	KO	j.n.UnknownHostException: onlineboutique.dev
USER	MultipleRequests	START	1682420704358
USER	MultipleRequests	END	1682420704358
USER	MultipleRequests	END	1682420704358
USER	MultipleRequests	START	1682420704359
REQUEST		T10_Home	1682420704359	1682420704359	KO	j.n.UnknownHostException: onlineboutique.dev
REQUEST		To_Home	1682420704359	1682420704359	KO	j.n.UnknownHostException: onlineboutique.dev
USER	MultipleRequests	START	1682420704360
USER	MultipleRequests	END	1682420704360
REQUEST		T10_Home	1682420704360	1682420704360	KO	j.n.UnknownHostException: onlineboutique.dev
REQUEST		To_Home	1682420704361	1682420704361	KO	j.n.UnknownHostException: onlineboutique.dev
USER	MultipleRequests	END	1682420704362
USER	MultipleRequests	START	1682420704362
REQUEST		T10_Home	1682420704361	1682420704362	KO	j.n.UnknownHostException: onlineboutique.dev
REQUEST		T10_Home	1682420704363	1682420704363	KO	j.n.UnknownHostException: onlineboutique.dev
REQUEST		To_Home	1682420704363	1682420704363	KO	j.n.UnknownHostException: onlineboutique.dev
REQUEST		To_Home	1682420704363	1682420704363	KO	j.n.UnknownHostException: onlineboutique.dev
USER	MultipleRequests	START	1682420704363
USER	MultipleRequests	END	1682420704363
USER	MultipleRequests	END	1682420704364
USER	MultipleRequests	START	1682420704364
REQUEST		T10_Home	1682420704364	1682420704364	KO	j.n.UnknownHostException: onlineboutique.dev
REQUEST		To_Home	1682420704365	1682420704365	KO	j.n.UnknownHostException: onlineboutique.dev
USER	MultipleRequests	END	1682420704365
USER	MultipleRequests	START	1682420704365
REQUEST		T10_Home	1682420704366	1682420704366	KO	j.n.UnknownHostException: onlineboutique.dev
REQUEST		T10_Home	1682420704366	1682420704366	KO	j.n.UnknownHostException: onlineboutique.dev
REQUEST		To_Home	1682420704366	1682420704366	KO	j.n.UnknownHostException: onlineboutique.dev
USER	MultipleRequests	END	1682420704367
USER	MultipleRequests	START	1682420704367
REQUEST		T10_Home	1682420704367	1682420704367	KO	j.n.UnknownHostException: onlineboutique.dev
REQUEST		To_Home	1682420704367	1682420704367	KO	j.n.UnknownHostException: onlineboutique.dev
REQUEST		To_Home	1682420704368	1682420704368	KO	j.n.UnknownHostException: onlineboutique.dev
USER	MultipleRequests	START	1682420704368
USER	MultipleRequests	END	1682420704368
USER	MultipleRequests	END	1682420704368
USER	MultipleRequests	START	1682420704369
REQUEST		T10_Home	1682420704369	1682420704369	KO	j.n.UnknownHostException: onlineboutique.dev
REQUEST		To_Home	1682420704369	1682420704369	KO	j.n.UnknownHostException: onlineboutique.dev
USER	MultipleRequests	START	1682420704370
USER	MultipleRequests	END	1682420704370
USER	MultipleRequests	START	1682420704370
REQUEST		T10_Home	1682420704370	1682420704370	KO	j.n.UnknownHostException: onlineboutique.dev
REQUEST		To_Home	1682420704371	1682420704371	KO	j.n.UnknownHostException: onlineboutique.dev
USER	MultipleRequests	START	1682420704371
USER	MultipleRequests	END	1682420704371
REQUEST		T10_Home	1682420704371	1682420704371	KO	j.n.UnknownHostException: onlineboutique.dev
REQUEST		T10_Home	1682420704372	1682420704372	KO	j.n.UnknownHostException: onlineboutique.dev
REQUEST		To_Home	1682420704372	1682420704372	KO	j.n.UnknownHostException: onlineboutique.dev
REQUEST		To_Home	1682420704372	1682420704372	KO	j.n.UnknownHostException: onlineboutique.dev
USER	MultipleRequests	END	1682420704373
USER	MultipleRequests	START	1682420704373
USER	MultipleRequests	END	1682420704373
USER	MultipleRequests	START	1682420704373
REQUEST		T10_Home	1682420704373	1682420704374	KO	j.n.UnknownHostException: onlineboutique.dev
REQUEST		To_Home	1682420704374	1682420704374	KO	j.n.UnknownHostException: onlineboutique.dev
USER	MultipleRequests	START	1682420704374
USER	MultipleRequests	END	1682420704374
REQUEST		T10_Home	1682420704375	1682420704375	KO	j.n.UnknownHostException: onlineboutique.dev
REQUEST		T10_Home	1682420704375	1682420704375	KO	j.n.UnknownHostException: onlineboutique.dev
REQUEST		To_Home	1682420704376	1682420704376	KO	j.n.UnknownHostException: onlineboutique.dev
USER	MultipleRequests	START	1682420704376
REQUEST		T10_Home	1682420704376	1682420704376	KO	j.n.UnknownHostException: onlineboutique.dev
REQUEST		To_Home	1682420704376	1682420704376	KO	j.n.UnknownHostException: onlineboutique.dev
USER	MultipleRequests	START	1682420704377
REQUEST		T10_Home	1682420704377	1682420704377	KO	j.n.UnknownHostException: onlineboutique.dev
REQUEST		To_Home	1682420704377	1682420704377	KO	j.n.UnknownHostException: onlineboutique.dev
REQUEST		T10_Home	1682420704377	1682420704377	KO	j.n.UnknownHostException: onlineboutique.dev
USER	MultipleRequests	START	1682420704378
REQUEST		To_Home	1682420704378	1682420704378	KO	j.n.UnknownHostException: onlineboutique.dev
USER	MultipleRequests	START	1682420704378
REQUEST		T10_Home	1682420704378	1682420704378	KO	j.n.UnknownHostException: onlineboutique.dev
REQUEST		To_Home	1682420704379	1682420704379	KO	j.n.UnknownHostException: onlineboutique.dev
REQUEST		T10_Home	1682420704379	1682420704379	KO	j.n.UnknownHostException: onlineboutique.dev
USER	MultipleRequests	START	1682420704379
REQUEST		To_Home	1682420704379	1682420704379	KO	j.n.UnknownHostException: onlineboutique.dev
USER	MultipleRequests	START	1682420704379
REQUEST		T10_Home	1682420704380	1682420704380	KO	j.n.UnknownHostException: onlineboutique.dev
REQUEST		To_Home	1682420704380	1682420704380	KO	j.n.UnknownHostException: onlineboutique.dev
REQUEST		T10_Home	1682420704380	1682420704380	KO	j.n.UnknownHostException: onlineboutique.dev
USER	MultipleRequests	START	1682420704380
REQUEST		To_Home	1682420704380	1682420704380	KO	j.n.UnknownHostException: onlineboutique.dev
USER	MultipleRequests	START	1682420704381
REQUEST		T10_Home	1682420704381	1682420704381	KO	j.n.UnknownHostException: onlineboutique.dev
REQUEST		To_Home	1682420704381	1682420704381	KO	j.n.UnknownHostException: onlineboutique.dev
REQUEST		T10_Home	1682420704381	1682420704381	KO	j.n.UnknownHostException: onlineboutique.dev
USER	MultipleRequests	START	1682420704382
REQUEST		To_Home	1682420704382	1682420704382	KO	j.n.UnknownHostException: onlineboutique.dev
USER	MultipleRequests	START	1682420704382
REQUEST		T10_Home	1682420704382	1682420704382	KO	j.n.UnknownHostException: onlineboutique.dev
REQUEST		T10_Home	1682420704382	1682420704382	KO	j.n.UnknownHostException: onlineboutique.dev
REQUEST		To_Home	1682420704383	1682420704383	KO	j.n.UnknownHostException: onlineboutique.dev
REQUEST		To_Home	1682420704383	1682420704383	KO	j.n.UnknownHostException: onlineboutique.dev
USER	MultipleRequests	START	1682420704383
USER	MultipleRequests	START	1682420704383
REQUEST		T10_Home	1682420704384	1682420704384	KO	j.n.UnknownHostException: onlineboutique.dev
REQUEST		T10_Home	1682420704384	1682420704384	KO	j.n.UnknownHostException: onlineboutique.dev
REQUEST		To_Home	1682420704384	1682420704384	KO	j.n.UnknownHostException: onlineboutique.dev
REQUEST		To_Home	1682420704384	1682420704384	KO	j.n.UnknownHostException: onlineboutique.dev
USER	MultipleRequests	START	1682420704384
USER	MultipleRequests	START	1682420704384
REQUEST		T10_Home	1682420704385	1682420704385	KO	j.n.UnknownHostException: onlineboutique.dev
REQUEST		T10_Home	1682420704385	1682420704385	KO	j.n.UnknownHostException: onlineboutique.dev
REQUEST		To_Home	1682420704385	1682420704385	KO	j.n.UnknownHostException: onlineboutique.dev
REQUEST		To_Home	1682420704385	1682420704385	KO	j.n.UnknownHostException: onlineboutique.dev
USER	MultipleRequests	START	1682420704386
USER	MultipleRequests	START	1682420704386
REQUEST		T10_Home	1682420704386	1682420704386	KO	j.n.UnknownHostException: onlineboutique.dev
REQUEST		T10_Home	1682420704386	1682420704386	KO	j.n.UnknownHostException: onlineboutique.dev
REQUEST		To_Home	1682420704387	1682420704387	KO	j.n.UnknownHostException: onlineboutique.dev
REQUEST		To_Home	1682420704387	1682420704387	KO	j.n.UnknownHostException: onlineboutique.dev
USER	MultipleRequests	START	1682420704387
USER	MultipleRequests	START	1682420704387
REQUEST		T10_Home	1682420704388	1682420704388	KO	j.n.UnknownHostException: onlineboutique.dev
REQUEST		T10_Home	1682420704388	1682420704388	KO	j.n.UnknownHostException: onlineboutique.dev
REQUEST		To_Home	1682420704388	1682420704388	KO	j.n.UnknownHostException: onlineboutique.dev
REQUEST		To_Home	1682420704388	1682420704388	KO	j.n.UnknownHostException: onlineboutique.dev
USER	MultipleRequests	START	1682420704388
USER	MultipleRequests	START	1682420704388
REQUEST		T10_Home	1682420704389	1682420704389	KO	j.n.UnknownHostException: onlineboutique.dev
REQUEST		T10_Home	1682420704389	1682420704389	KO	j.n.UnknownHostException: onlineboutique.dev
REQUEST		To_Home	1682420704389	1682420704389	KO	j.n.UnknownHostException: onlineboutique.dev
USER	MultipleRequests	START	1682420704390
REQUEST		T10_Home	1682420704390	1682420704390	KO	j.n.UnknownHostException: onlineboutique.dev
REQUEST		To_Home	1682420704391	1682420704391	KO	j.n.UnknownHostException: onlineboutique.dev
USER	MultipleRequests	START	1682420704391
REQUEST		To_Home	1682420704391	1682420704391	KO	j.n.UnknownHostException: onlineboutique.dev
USER	MultipleRequests	START	1682420704391
REQUEST		T10_Home	1682420704392	1682420704392	KO	j.n.UnknownHostException: onlineboutique.dev
REQUEST		T10_Home	1682420704392	1682420704392	KO	j.n.UnknownHostException: onlineboutique.dev
REQUEST		To_Home	1682420704392	1682420704392	KO	j.n.UnknownHostException: onlineboutique.dev
USER	MultipleRequests	START	1682420704392
REQUEST		To_Home	1682420704392	1682420704392	KO	j.n.UnknownHostException: onlineboutique.dev
USER	MultipleRequests	START	1682420704392
REQUEST		T10_Home	1682420704298	1682420704298	KO	j.n.UnknownHostException: onlineboutique.dev
REQUEST		T10_Home	1682420704393	1682420704393	KO	j.n.UnknownHostException: onlineboutique.dev
REQUEST		T10_Home	1682420704393	1682420704393	KO	j.n.UnknownHostException: onlineboutique.dev
REQUEST		To_Home	1682420704393	1682420704393	KO	j.n.UnknownHostException: onlineboutique.dev
REQUEST		To_Home	1682420704393	1682420704393	KO	j.n.UnknownHostException: onlineboutique.dev
USER	MultipleRequests	START	1682420704393
USER	MultipleRequests	START	1682420704393
REQUEST		T10_Home	1682420704394	1682420704394	KO	j.n.UnknownHostException: onlineboutique.dev
REQUEST		T10_Home	1682420704394	1682420704394	KO	j.n.UnknownHostException: onlineboutique.dev
REQUEST		To_Home	1682420704394	1682420704395	KO	j.n.UnknownHostException: onlineboutique.dev
REQUEST		To_Home	1682420704394	1682420704395	KO	j.n.UnknownHostException: onlineboutique.dev
USER	MultipleRequests	START	1682420704395
USER	MultipleRequests	START	1682420704395
REQUEST		T10_Home	1682420704395	1682420704396	KO	j.n.UnknownHostException: onlineboutique.dev
REQUEST		T10_Home	1682420704395	1682420704396	KO	j.n.UnknownHostException: onlineboutique.dev
REQUEST		To_Home	1682420704396	1682420704396	KO	j.n.UnknownHostException: onlineboutique.dev
REQUEST		To_Home	1682420704396	1682420704396	KO	j.n.UnknownHostException: onlineboutique.dev
USER	MultipleRequests	START	1682420704396
USER	MultipleRequests	START	1682420704396
REQUEST		T10_Home	1682420704397	1682420704397	KO	j.n.UnknownHostException: onlineboutique.dev
REQUEST		T10_Home	1682420704397	1682420704397	KO	j.n.UnknownHostException: onlineboutique.dev
REQUEST		To_Home	1682420704397	1682420704397	KO	j.n.UnknownHostException: onlineboutique.dev
REQUEST		To_Home	1682420704397	1682420704397	KO	j.n.UnknownHostException: onlineboutique.dev
USER	MultipleRequests	START	1682420704397
USER	MultipleRequests	START	1682420704397
REQUEST		To_Home	1682420704397	1682420704397	KO	j.n.UnknownHostException: onlineboutique.dev
USER	MultipleRequests	START	1682420704398
REQUEST		T10_Home	1682420704398	1682420704398	KO	j.n.UnknownHostException: onlineboutique.dev
REQUEST		To_Home	1682420704398	1682420704398	KO	j.n.UnknownHostException: onlineboutique.dev
REQUEST		T10_Home	1682420704398	1682420704398	KO	j.n.UnknownHostException: onlineboutique.dev
USER	MultipleRequests	START	1682420704398
REQUEST		To_Home	1682420704398	1682420704398	KO	j.n.UnknownHostException: onlineboutique.dev
USER	MultipleRequests	START	1682420704399
REQUEST		T10_Home	1682420704399	1682420704399	KO	j.n.UnknownHostException: onlineboutique.dev
REQUEST		T10_Home	1682420704399	1682420704399	KO	j.n.UnknownHostException: onlineboutique.dev
REQUEST		To_Home	1682420704399	1682420704399	KO	j.n.UnknownHostException: onlineboutique.dev
REQUEST		To_Home	1682420704399	1682420704399	KO	j.n.UnknownHostException: onlineboutique.dev
USER	MultipleRequests	START	1682420704400
USER	MultipleRequests	START	1682420704400
REQUEST		T10_Home	1682420704400	1682420704400	KO	j.n.UnknownHostException: onlineboutique.dev
REQUEST		T10_Home	1682420704400	1682420704400	KO	j.n.UnknownHostException: onlineboutique.dev
REQUEST		To_Home	1682420704401	1682420704401	KO	j.n.UnknownHostException: onlineboutique.dev
REQUEST		To_Home	1682420704401	1682420704401	KO	j.n.UnknownHostException: onlineboutique.dev
USER	MultipleRequests	START	1682420704401
USER	MultipleRequests	START	1682420704401
REQUEST		T10_Home	1682420704402	1682420704402	KO	j.n.UnknownHostException: onlineboutique.dev
REQUEST		T10_Home	1682420704402	1682420704402	KO	j.n.UnknownHostException: onlineboutique.dev
REQUEST		To_Home	1682420704402	1682420704402	KO	j.n.UnknownHostException: onlineboutique.dev
REQUEST		To_Home	1682420704402	1682420704402	KO	j.n.UnknownHostException: onlineboutique.dev
USER	MultipleRequests	START	1682420704402
USER	MultipleRequests	START	1682420704402
REQUEST		T10_Home	1682420704402	1682420704402	KO	j.n.UnknownHostException: onlineboutique.dev
REQUEST		To_Home	1682420704403	1682420704403	KO	j.n.UnknownHostException: onlineboutique.dev
REQUEST		T10_Home	1682420704403	1682420704403	KO	j.n.UnknownHostException: onlineboutique.dev
USER	MultipleRequests	START	1682420704403
REQUEST		To_Home	1682420704403	1682420704403	KO	j.n.UnknownHostException: onlineboutique.dev
USER	MultipleRequests	START	1682420704403
REQUEST		T10_Home	1682420704404	1682420704404	KO	j.n.UnknownHostException: onlineboutique.dev
REQUEST		T10_Home	1682420704404	1682420704404	KO	j.n.UnknownHostException: onlineboutique.dev
REQUEST		To_Home	1682420704404	1682420704404	KO	j.n.UnknownHostException: onlineboutique.dev
USER	MultipleRequests	START	1682420704404
REQUEST		To_Home	1682420704404	1682420704404	KO	j.n.UnknownHostException: onlineboutique.dev
USER	MultipleRequests	START	1682420704404
REQUEST		T10_Home	1682420704405	1682420704405	KO	j.n.UnknownHostException: onlineboutique.dev
REQUEST		T10_Home	1682420704405	1682420704405	KO	j.n.UnknownHostException: onlineboutique.dev
REQUEST		To_Home	1682420704405	1682420704405	KO	j.n.UnknownHostException: onlineboutique.dev
REQUEST		To_Home	1682420704405	1682420704405	KO	j.n.UnknownHostException: onlineboutique.dev
USER	MultipleRequests	START	1682420704405
USER	MultipleRequests	START	1682420704405
REQUEST		T10_Home	1682420704406	1682420704406	KO	j.n.UnknownHostException: onlineboutique.dev
REQUEST		T10_Home	1682420704406	1682420704406	KO	j.n.UnknownHostException: onlineboutique.dev
REQUEST		To_Home	1682420704406	1682420704406	KO	j.n.UnknownHostException: onlineboutique.dev
REQUEST		To_Home	1682420704406	1682420704406	KO	j.n.UnknownHostException: onlineboutique.dev
USER	MultipleRequests	START	1682420704406
USER	MultipleRequests	START	1682420704406
REQUEST		To_Home	1682420704308	1682420704308	KO	j.n.UnknownHostException: onlineboutique.dev
USER	MultipleRequests	START	1682420704407
REQUEST		T10_Home	1682420704407	1682420704407	KO	j.n.UnknownHostException: onlineboutique.dev
REQUEST		T10_Home	1682420704407	1682420704407	KO	j.n.UnknownHostException: onlineboutique.dev
REQUEST		To_Home	1682420704407	1682420704407	KO	j.n.UnknownHostException: onlineboutique.dev
REQUEST		To_Home	1682420704407	1682420704407	KO	j.n.UnknownHostException: onlineboutique.dev
USER	MultipleRequests	START	1682420704407
USER	MultipleRequests	START	1682420704407
REQUEST		T10_Home	1682420704408	1682420704408	KO	j.n.UnknownHostException: onlineboutique.dev
REQUEST		T10_Home	1682420704408	1682420704408	KO	j.n.UnknownHostException: onlineboutique.dev
REQUEST		T10_Home	1682420704407	1682420704407	KO	j.n.UnknownHostException: onlineboutique.dev
REQUEST		To_Home	1682420704408	1682420704408	KO	j.n.UnknownHostException: onlineboutique.dev
REQUEST		To_Home	1682420704408	1682420704408	KO	j.n.UnknownHostException: onlineboutique.dev
USER	MultipleRequests	START	1682420704409
REQUEST		To_Home	1682420704408	1682420704409	KO	j.n.UnknownHostException: onlineboutique.dev
USER	MultipleRequests	START	1682420704409
USER	MultipleRequests	START	1682420704409
REQUEST		T10_Home	1682420704409	1682420704409	KO	j.n.UnknownHostException: onlineboutique.dev
REQUEST		T10_Home	1682420704409	1682420704409	KO	j.n.UnknownHostException: onlineboutique.dev
REQUEST		T10_Home	1682420704409	1682420704409	KO	j.n.UnknownHostException: onlineboutique.dev
REQUEST		To_Home	1682420704409	1682420704409	KO	j.n.UnknownHostException: onlineboutique.dev
REQUEST		To_Home	1682420704409	1682420704409	KO	j.n.UnknownHostException: onlineboutique.dev
REQUEST		To_Home	1682420704409	1682420704410	KO	j.n.UnknownHostException: onlineboutique.dev
USER	MultipleRequests	START	1682420704410
USER	MultipleRequests	START	1682420704410
USER	MultipleRequests	START	1682420704410
REQUEST		T10_Home	1682420704410	1682420704410	KO	j.n.UnknownHostException: onlineboutique.dev
REQUEST		T10_Home	1682420704410	1682420704410	KO	j.n.UnknownHostException: onlineboutique.dev
REQUEST		To_Home	1682420704410	1682420704410	KO	j.n.UnknownHostException: onlineboutique.dev
REQUEST		To_Home	1682420704410	1682420704410	KO	j.n.UnknownHostException: onlineboutique.dev
REQUEST		T10_Home	1682420704410	1682420704411	KO	j.n.UnknownHostException: onlineboutique.dev
USER	MultipleRequests	START	1682420704411
USER	MultipleRequests	START	1682420704411
REQUEST		T10_Home	1682420704411	1682420704411	KO	j.n.UnknownHostException: onlineboutique.dev
REQUEST		T10_Home	1682420704411	1682420704411	KO	j.n.UnknownHostException: onlineboutique.dev
REQUEST		To_Home	1682420704411	1682420704411	KO	j.n.UnknownHostException: onlineboutique.dev
REQUEST		To_Home	1682420704411	1682420704411	KO	j.n.UnknownHostException: onlineboutique.dev
USER	MultipleRequests	START	1682420704412
USER	MultipleRequests	START	1682420704412
REQUEST		To_Home	1682420704412	1682420704412	KO	j.n.UnknownHostException: onlineboutique.dev
USER	MultipleRequests	START	1682420704412
REQUEST		T10_Home	1682420704412	1682420704412	KO	j.n.UnknownHostException: onlineboutique.dev
REQUEST		T10_Home	1682420704412	1682420704412	KO	j.n.UnknownHostException: onlineboutique.dev
REQUEST		To_Home	1682420704412	1682420704412	KO	j.n.UnknownHostException: onlineboutique.dev
USER	MultipleRequests	START	1682420704413
REQUEST		To_Home	1682420704412	1682420704413	KO	j.n.UnknownHostException: onlineboutique.dev
REQUEST		T10_Home	1682420704413	1682420704413	KO	j.n.UnknownHostException: onlineboutique.dev
REQUEST		To_Home	1682420704414	1682420704414	KO	j.n.UnknownHostException: onlineboutique.dev
USER	MultipleRequests	START	1682420704414
REQUEST		T10_Home	1682420704415	1682420704415	KO	j.n.UnknownHostException: onlineboutique.dev
REQUEST		T10_Home	1682420704415	1682420704415	KO	j.n.UnknownHostException: onlineboutique.dev
REQUEST		To_Home	1682420704415	1682420704415	KO	j.n.UnknownHostException: onlineboutique.dev
USER	MultipleRequests	START	1682420704415
REQUEST		To_Home	1682420704415	1682420704415	KO	j.n.UnknownHostException: onlineboutique.dev
USER	MultipleRequests	START	1682420704415
REQUEST		T10_Home	1682420704416	1682420704416	KO	j.n.UnknownHostException: onlineboutique.dev
REQUEST		To_Home	1682420704416	1682420704416	KO	j.n.UnknownHostException: onlineboutique.dev
USER	MultipleRequests	START	1682420704417
REQUEST		T10_Home	1682420704417	1682420704417	KO	j.n.UnknownHostException: onlineboutique.dev
REQUEST		To_Home	1682420704417	1682420704418	KO	j.n.UnknownHostException: onlineboutique.dev
USER	MultipleRequests	START	1682420704418
USER	MultipleRequests	START	1682420704418
REQUEST		T10_Home	1682420704418	1682420704419	KO	j.n.UnknownHostException: onlineboutique.dev
REQUEST		T10_Home	1682420704418	1682420704419	KO	j.n.UnknownHostException: onlineboutique.dev
REQUEST		To_Home	1682420704419	1682420704419	KO	j.n.UnknownHostException: onlineboutique.dev
USER	MultipleRequests	START	1682420704419
REQUEST		T10_Home	1682420704420	1682420704420	KO	j.n.UnknownHostException: onlineboutique.dev
REQUEST		To_Home	1682420704420	1682420704420	KO	j.n.UnknownHostException: onlineboutique.dev
USER	MultipleRequests	START	1682420704421
REQUEST		To_Home	1682420704421	1682420704421	KO	j.n.UnknownHostException: onlineboutique.dev
USER	MultipleRequests	START	1682420704421
REQUEST		T10_Home	1682420704421	1682420704421	KO	j.n.UnknownHostException: onlineboutique.dev
REQUEST		To_Home	1682420704422	1682420704422	KO	j.n.UnknownHostException: onlineboutique.dev
USER	MultipleRequests	START	1682420704422
REQUEST		T10_Home	1682420704423	1682420704423	KO	j.n.UnknownHostException: onlineboutique.dev
REQUEST		To_Home	1682420704423	1682420704423	KO	j.n.UnknownHostException: onlineboutique.dev
USER	MultipleRequests	START	1682420704423
REQUEST		T10_Home	1682420704424	1682420704424	KO	j.n.UnknownHostException: onlineboutique.dev
REQUEST		T10_Home	1682420704424	1682420704424	KO	j.n.UnknownHostException: onlineboutique.dev
REQUEST		To_Home	1682420704424	1682420704424	KO	j.n.UnknownHostException: onlineboutique.dev
USER	MultipleRequests	START	1682420704425
REQUEST		To_Home	1682420704425	1682420704425	KO	j.n.UnknownHostException: onlineboutique.dev
USER	MultipleRequests	START	1682420704425
REQUEST		T10_Home	1682420704426	1682420704426	KO	j.n.UnknownHostException: onlineboutique.dev
REQUEST		To_Home	1682420704426	1682420704426	KO	j.n.UnknownHostException: onlineboutique.dev
USER	MultipleRequests	START	1682420704426
REQUEST		T10_Home	1682420704427	1682420704427	KO	j.n.UnknownHostException: onlineboutique.dev
REQUEST		To_Home	1682420704428	1682420704428	KO	j.n.UnknownHostException: onlineboutique.dev
USER	MultipleRequests	START	1682420704428
REQUEST		T10_Home	1682420704428	1682420704429	KO	j.n.UnknownHostException: onlineboutique.dev
REQUEST		To_Home	1682420704429	1682420704429	KO	j.n.UnknownHostException: onlineboutique.dev
USER	MultipleRequests	START	1682420704429
REQUEST		T10_Home	1682420704430	1682420704430	KO	j.n.UnknownHostException: onlineboutique.dev
REQUEST		To_Home	1682420704430	1682420704430	KO	j.n.UnknownHostException: onlineboutique.dev
USER	MultipleRequests	START	1682420704430
REQUEST		T10_Home	1682420704431	1682420704431	KO	j.n.UnknownHostException: onlineboutique.dev
REQUEST		T10_Home	1682420704431	1682420704431	KO	j.n.UnknownHostException: onlineboutique.dev
REQUEST		To_Home	1682420704431	1682420704431	KO	j.n.UnknownHostException: onlineboutique.dev
USER	MultipleRequests	START	1682420704431
REQUEST		T10_Home	1682420704431	1682420704431	KO	j.n.UnknownHostException: onlineboutique.dev
REQUEST		T10_Home	1682420704432	1682420704432	KO	j.n.UnknownHostException: onlineboutique.dev
REQUEST		To_Home	1682420704432	1682420704432	KO	j.n.UnknownHostException: onlineboutique.dev
USER	MultipleRequests	START	1682420704432
REQUEST		T10_Home	1682420704433	1682420704433	KO	j.n.UnknownHostException: onlineboutique.dev
REQUEST		To_Home	1682420704433	1682420704433	KO	j.n.UnknownHostException: onlineboutique.dev
USER	MultipleRequests	START	1682420704434
REQUEST		To_Home	1682420704433	1682420704433	KO	j.n.UnknownHostException: onlineboutique.dev
USER	MultipleRequests	START	1682420704434
REQUEST		T10_Home	1682420704434	1682420704434	KO	j.n.UnknownHostException: onlineboutique.dev
REQUEST		To_Home	1682420704435	1682420704435	KO	j.n.UnknownHostException: onlineboutique.dev
USER	MultipleRequests	START	1682420704435
REQUEST		T10_Home	1682420704435	1682420704436	KO	j.n.UnknownHostException: onlineboutique.dev
REQUEST		To_Home	1682420704436	1682420704436	KO	j.n.UnknownHostException: onlineboutique.dev
USER	MultipleRequests	START	1682420704436
REQUEST		T10_Home	1682420704437	1682420704437	KO	j.n.UnknownHostException: onlineboutique.dev
REQUEST		To_Home	1682420704437	1682420704437	KO	j.n.UnknownHostException: onlineboutique.dev
USER	MultipleRequests	START	1682420704437
REQUEST		T10_Home	1682420704438	1682420704438	KO	j.n.UnknownHostException: onlineboutique.dev
REQUEST		To_Home	1682420704438	1682420704438	KO	j.n.UnknownHostException: onlineboutique.dev
USER	MultipleRequests	START	1682420704439
REQUEST		T10_Home	1682420704440	1682420704440	KO	j.n.UnknownHostException: onlineboutique.dev
REQUEST		To_Home	1682420704433	1682420704440	KO	j.n.UnknownHostException: onlineboutique.dev
REQUEST		To_Home	1682420704441	1682420704441	KO	j.n.UnknownHostException: onlineboutique.dev
USER	MultipleRequests	START	1682420704441
USER	MultipleRequests	START	1682420704442
REQUEST		T10_Home	1682420704442	1682420704442	KO	j.n.UnknownHostException: onlineboutique.dev
REQUEST		To_Home	1682420704442	1682420704442	KO	j.n.UnknownHostException: onlineboutique.dev
USER	MultipleRequests	START	1682420704442
REQUEST		T10_Home	1682420704443	1682420704443	KO	j.n.UnknownHostException: onlineboutique.dev
REQUEST		To_Home	1682420704443	1682420704443	KO	j.n.UnknownHostException: onlineboutique.dev
USER	MultipleRequests	START	1682420704443
REQUEST		T10_Home	1682420704444	1682420704444	KO	j.n.UnknownHostException: onlineboutique.dev
REQUEST		To_Home	1682420704445	1682420704445	KO	j.n.UnknownHostException: onlineboutique.dev
USER	MultipleRequests	START	1682420704445
REQUEST		T10_Home	1682420704445	1682420704446	KO	j.n.UnknownHostException: onlineboutique.dev
REQUEST		To_Home	1682420704446	1682420704446	KO	j.n.UnknownHostException: onlineboutique.dev
REQUEST		T10_Home	1682420704446	1682420704446	KO	j.n.UnknownHostException: onlineboutique.dev
USER	MultipleRequests	START	1682420704446
REQUEST		T10_Home	1682420704447	1682420704447	KO	j.n.UnknownHostException: onlineboutique.dev
REQUEST		To_Home	1682420704447	1682420704447	KO	j.n.UnknownHostException: onlineboutique.dev
USER	MultipleRequests	START	1682420704447
REQUEST		T10_Home	1682420704448	1682420704448	KO	j.n.UnknownHostException: onlineboutique.dev
REQUEST		To_Home	1682420704448	1682420704448	KO	j.n.UnknownHostException: onlineboutique.dev
USER	MultipleRequests	START	1682420704448
REQUEST		T10_Home	1682420704449	1682420704449	KO	j.n.UnknownHostException: onlineboutique.dev
REQUEST		To_Home	1682420704449	1682420704449	KO	j.n.UnknownHostException: onlineboutique.dev
USER	MultipleRequests	START	1682420704449
REQUEST		T10_Home	1682420704450	1682420704450	KO	j.n.UnknownHostException: onlineboutique.dev
REQUEST		To_Home	1682420704450	1682420704450	KO	j.n.UnknownHostException: onlineboutique.dev
USER	MultipleRequests	START	1682420704450
REQUEST		T10_Home	1682420704451	1682420704451	KO	j.n.UnknownHostException: onlineboutique.dev
REQUEST		To_Home	1682420704451	1682420704451	KO	j.n.UnknownHostException: onlineboutique.dev
USER	MultipleRequests	START	1682420704452
REQUEST		T10_Home	1682420704452	1682420704452	KO	j.n.UnknownHostException: onlineboutique.dev
REQUEST		To_Home	1682420704452	1682420704453	KO	j.n.UnknownHostException: onlineboutique.dev
USER	MultipleRequests	START	1682420704453
REQUEST		T10_Home	1682420704453	1682420704453	KO	j.n.UnknownHostException: onlineboutique.dev
REQUEST		To_Home	1682420704454	1682420704454	KO	j.n.UnknownHostException: onlineboutique.dev
USER	MultipleRequests	START	1682420704454
REQUEST		T10_Home	1682420704455	1682420704455	KO	j.n.UnknownHostException: onlineboutique.dev
REQUEST		To_Home	1682420704455	1682420704455	KO	j.n.UnknownHostException: onlineboutique.dev
USER	MultipleRequests	START	1682420704456
REQUEST		To_Home	1682420704456	1682420704456	KO	j.n.UnknownHostException: onlineboutique.dev
USER	MultipleRequests	START	1682420704456
REQUEST		T10_Home	1682420704457	1682420704457	KO	j.n.UnknownHostException: onlineboutique.dev
REQUEST		To_Home	1682420704457	1682420704457	KO	j.n.UnknownHostException: onlineboutique.dev
USER	MultipleRequests	START	1682420704457
REQUEST		T10_Home	1682420704458	1682420704458	KO	j.n.UnknownHostException: onlineboutique.dev
REQUEST		To_Home	1682420704458	1682420704458	KO	j.n.UnknownHostException: onlineboutique.dev
USER	MultipleRequests	START	1682420704459
REQUEST		T10_Home	1682420704459	1682420704459	KO	j.n.UnknownHostException: onlineboutique.dev
REQUEST		To_Home	1682420704459	1682420704459	KO	j.n.UnknownHostException: onlineboutique.dev
USER	MultipleRequests	START	1682420704460
REQUEST		T10_Home	1682420704460	1682420704461	KO	j.n.UnknownHostException: onlineboutique.dev
REQUEST		T10_Home	1682420704462	1682420704462	KO	j.n.UnknownHostException: onlineboutique.dev
REQUEST		To_Home	1682420704462	1682420704462	KO	j.n.UnknownHostException: onlineboutique.dev
USER	MultipleRequests	START	1682420704462
REQUEST		T10_Home	1682420704463	1682420704463	KO	j.n.UnknownHostException: onlineboutique.dev
REQUEST		To_Home	1682420704463	1682420704463	KO	j.n.UnknownHostException: onlineboutique.dev
USER	MultipleRequests	START	1682420704463
REQUEST		T10_Home	1682420704464	1682420704464	KO	j.n.UnknownHostException: onlineboutique.dev
REQUEST		To_Home	1682420704464	1682420704464	KO	j.n.UnknownHostException: onlineboutique.dev
USER	MultipleRequests	START	1682420704465
REQUEST		T10_Home	1682420704465	1682420704465	KO	j.n.UnknownHostException: onlineboutique.dev
REQUEST		To_Home	1682420704465	1682420704466	KO	j.n.UnknownHostException: onlineboutique.dev
USER	MultipleRequests	START	1682420704466
REQUEST		T10_Home	1682420704466	1682420704466	KO	j.n.UnknownHostException: onlineboutique.dev
REQUEST		To_Home	1682420704467	1682420704467	KO	j.n.UnknownHostException: onlineboutique.dev
USER	MultipleRequests	START	1682420704467
REQUEST		T10_Home	1682420704467	1682420704467	KO	j.n.UnknownHostException: onlineboutique.dev
REQUEST		To_Home	1682420704477	1682420704477	KO	j.n.UnknownHostException: onlineboutique.dev
USER	MultipleRequests	START	1682420704478
REQUEST		T10_Home	1682420704481	1682420704482	KO	j.n.UnknownHostException: onlineboutique.dev
REQUEST		To_Home	1682420704482	1682420704482	KO	j.n.UnknownHostException: onlineboutique.dev
USER	MultipleRequests	START	1682420704482
REQUEST		T10_Home	1682420704483	1682420704483	KO	j.n.UnknownHostException: onlineboutique.dev
REQUEST		To_Home	1682420704483	1682420704483	KO	j.n.UnknownHostException: onlineboutique.dev
USER	MultipleRequests	START	1682420704484
REQUEST		To_Home	1682420704484	1682420704484	KO	j.n.UnknownHostException: onlineboutique.dev
USER	MultipleRequests	START	1682420704484
REQUEST		T10_Home	1682420704485	1682420704485	KO	j.n.UnknownHostException: onlineboutique.dev
REQUEST		To_Home	1682420704485	1682420704485	KO	j.n.UnknownHostException: onlineboutique.dev
USER	MultipleRequests	START	1682420704485
REQUEST		T10_Home	1682420704486	1682420704486	KO	j.n.UnknownHostException: onlineboutique.dev
REQUEST		To_Home	1682420704486	1682420704486	KO	j.n.UnknownHostException: onlineboutique.dev
USER	MultipleRequests	START	1682420704487
REQUEST		T10_Home	1682420704487	1682420704487	KO	j.n.UnknownHostException: onlineboutique.dev
REQUEST		To_Home	1682420704488	1682420704488	KO	j.n.UnknownHostException: onlineboutique.dev
USER	MultipleRequests	START	1682420704488
REQUEST		T10_Home	1682420704489	1682420704489	KO	j.n.UnknownHostException: onlineboutique.dev
REQUEST		To_Home	1682420704489	1682420704489	KO	j.n.UnknownHostException: onlineboutique.dev
USER	MultipleRequests	START	1682420704489
REQUEST		T10_Home	1682420704490	1682420704490	KO	j.n.UnknownHostException: onlineboutique.dev
REQUEST		To_Home	1682420704490	1682420704490	KO	j.n.UnknownHostException: onlineboutique.dev
USER	MultipleRequests	START	1682420704491
REQUEST		T10_Home	1682420704491	1682420704491	KO	j.n.UnknownHostException: onlineboutique.dev
REQUEST		To_Home	1682420704492	1682420704492	KO	j.n.UnknownHostException: onlineboutique.dev
USER	MultipleRequests	START	1682420704492
REQUEST		T10_Home	1682420704492	1682420704492	KO	j.n.UnknownHostException: onlineboutique.dev
REQUEST		To_Home	1682420704493	1682420704493	KO	j.n.UnknownHostException: onlineboutique.dev
USER	MultipleRequests	START	1682420704493
REQUEST		T10_Home	1682420704495	1682420704495	KO	j.n.UnknownHostException: onlineboutique.dev
REQUEST		To_Home	1682420704495	1682420704495	KO	j.n.UnknownHostException: onlineboutique.dev
USER	MultipleRequests	START	1682420704496
USER	MultipleRequests	START	1682420704496
REQUEST		T10_Home	1682420704496	1682420704496	KO	j.n.UnknownHostException: onlineboutique.dev
REQUEST		To_Home	1682420704496	1682420704496	KO	j.n.UnknownHostException: onlineboutique.dev
USER	MultipleRequests	START	1682420704497
REQUEST		T10_Home	1682420704497	1682420704497	KO	j.n.UnknownHostException: onlineboutique.dev
REQUEST		To_Home	1682420704497	1682420704497	KO	j.n.UnknownHostException: onlineboutique.dev
REQUEST		T10_Home	1682420704497	1682420704498	KO	j.n.UnknownHostException: onlineboutique.dev
USER	MultipleRequests	START	1682420704498
REQUEST		T10_Home	1682420704498	1682420704498	KO	j.n.UnknownHostException: onlineboutique.dev
REQUEST		To_Home	1682420704498	1682420704499	KO	j.n.UnknownHostException: onlineboutique.dev
USER	MultipleRequests	START	1682420704499
REQUEST		To_Home	1682420704499	1682420704499	KO	j.n.UnknownHostException: onlineboutique.dev
REQUEST		T10_Home	1682420704499	1682420704499	KO	j.n.UnknownHostException: onlineboutique.dev
REQUEST		To_Home	1682420704499	1682420704500	KO	j.n.UnknownHostException: onlineboutique.dev
USER	MultipleRequests	START	1682420704500
USER	MultipleRequests	START	1682420704500
REQUEST		T10_Home	1682420704500	1682420704500	KO	j.n.UnknownHostException: onlineboutique.dev
REQUEST		To_Home	1682420704501	1682420704501	KO	j.n.UnknownHostException: onlineboutique.dev
USER	MultipleRequests	START	1682420704501
REQUEST		T10_Home	1682420704502	1682420704502	KO	j.n.UnknownHostException: onlineboutique.dev
REQUEST		To_Home	1682420704502	1682420704502	KO	j.n.UnknownHostException: onlineboutique.dev
USER	MultipleRequests	START	1682420704502
USER	MultipleRequests	END	1682420704502
USER	MultipleRequests	END	1682420704502
USER	MultipleRequests	END	1682420704502
USER	MultipleRequests	END	1682420704503
USER	MultipleRequests	END	1682420704503
USER	MultipleRequests	END	1682420704504
USER	MultipleRequests	END	1682420704504
USER	MultipleRequests	END	1682420704505
USER	MultipleRequests	END	1682420704505
USER	MultipleRequests	END	1682420704505
USER	MultipleRequests	END	1682420704505
USER	MultipleRequests	END	1682420704505
USER	MultipleRequests	END	1682420704505
USER	MultipleRequests	END	1682420704505
USER	MultipleRequests	END	1682420704505
USER	MultipleRequests	END	1682420704505
USER	MultipleRequests	END	1682420704505
USER	MultipleRequests	END	1682420704505
USER	MultipleRequests	END	1682420704505
USER	MultipleRequests	END	1682420704505
USER	MultipleRequests	END	1682420704505
USER	MultipleRequests	END	1682420704505
USER	MultipleRequests	END	1682420704512
USER	MultipleRequests	END	1682420704512
USER	MultipleRequests	END	1682420704512
USER	MultipleRequests	END	1682420704512
USER	MultipleRequests	END	1682420704512
USER	MultipleRequests	END	1682420704512
USER	MultipleRequests	END	1682420704512
USER	MultipleRequests	END	1682420704512
USER	MultipleRequests	END	1682420704512
USER	MultipleRequests	END	1682420704512
USER	MultipleRequests	END	1682420704512
USER	MultipleRequests	END	1682420704512
USER	MultipleRequests	END	1682420704512
USER	MultipleRequests	END	1682420704512
USER	MultipleRequests	END	1682420704512
USER	MultipleRequests	END	1682420704512
USER	MultipleRequests	END	1682420704512
USER	MultipleRequests	END	1682420704512
USER	MultipleRequests	END	1682420704512
USER	MultipleRequests	END	1682420704512
USER	MultipleRequests	END	1682420704512
USER	MultipleRequests	END	1682420704512
USER	MultipleRequests	END	1682420704512
USER	MultipleRequests	END	1682420704512
USER	MultipleRequests	END	1682420704512
USER	MultipleRequests	END	1682420704512
USER	MultipleRequests	END	1682420704512
USER	MultipleRequests	END	1682420704512
USER	MultipleRequests	END	1682420704512
USER	MultipleRequests	END	1682420704513
USER	MultipleRequests	END	1682420704513
USER	MultipleRequests	END	1682420704513
USER	MultipleRequests	END	1682420704513
USER	MultipleRequests	END	1682420704513
USER	MultipleRequests	END	1682420704513
USER	MultipleRequests	END	1682420704513
USER	MultipleRequests	END	1682420704513
USER	MultipleRequests	END	1682420704513
USER	MultipleRequests	END	1682420704513
USER	MultipleRequests	END	1682420704513
USER	MultipleRequests	END	1682420704513
USER	MultipleRequests	END	1682420704513
USER	MultipleRequests	END	1682420704513
USER	MultipleRequests	END	1682420704513
USER	MultipleRequests	END	1682420704513
USER	MultipleRequests	END	1682420704513
USER	MultipleRequests	END	1682420704513
USER	MultipleRequests	END	1682420704513
USER	MultipleRequests	END	1682420704513
USER	MultipleRequests	END	1682420704513
USER	MultipleRequests	END	1682420704513
USER	MultipleRequests	END	1682420704513
USER	MultipleRequests	END	1682420704513
USER	MultipleRequests	END	1682420704513
USER	MultipleRequests	END	1682420704513
USER	MultipleRequests	END	1682420704513
USER	MultipleRequests	END	1682420704513
USER	MultipleRequests	END	1682420704513
USER	MultipleRequests	END	1682420704513
USER	MultipleRequests	END	1682420704513
USER	MultipleRequests	END	1682420704513
USER	MultipleRequests	END	1682420704513
USER	MultipleRequests	END	1682420704513
USER	MultipleRequests	END	1682420704513
USER	MultipleRequests	END	1682420704514
USER	MultipleRequests	END	1682420704514
USER	MultipleRequests	END	1682420704514
USER	MultipleRequests	END	1682420704514
USER	MultipleRequests	END	1682420704514
USER	MultipleRequests	END	1682420704514
USER	MultipleRequests	END	1682420704514
USER	MultipleRequests	END	1682420704514
USER	MultipleRequests	END	1682420704514
USER	MultipleRequests	END	1682420704514
USER	MultipleRequests	END	1682420704514
USER	MultipleRequests	END	1682420704514
USER	MultipleRequests	END	1682420704514
USER	MultipleRequests	END	1682420704514
USER	MultipleRequests	END	1682420704514
USER	MultipleRequests	END	1682420704514
USER	MultipleRequests	END	1682420704514
USER	MultipleRequests	END	1682420704514
USER	MultipleRequests	END	1682420704514
USER	MultipleRequests	END	1682420704514
USER	MultipleRequests	END	1682420704514
USER	MultipleRequests	END	1682420704514
USER	MultipleRequests	END	1682420704514
USER	MultipleRequests	END	1682420704514
USER	MultipleRequests	END	1682420704514
USER	MultipleRequests	END	1682420704514
USER	MultipleRequests	END	1682420704514
USER	MultipleRequests	END	1682420704514
USER	MultipleRequests	END	1682420704514
USER	MultipleRequests	END	1682420704514
USER	MultipleRequests	END	1682420704514
USER	MultipleRequests	END	1682420704514
USER	MultipleRequests	END	1682420704514
USER	MultipleRequests	END	1682420704514
USER	MultipleRequests	END	1682420704515
USER	MultipleRequests	END	1682420704515
USER	MultipleRequests	END	1682420704515
USER	MultipleRequests	END	1682420704515
USER	MultipleRequests	END	1682420704515
USER	MultipleRequests	END	1682420704515
USER	MultipleRequests	END	1682420704515
USER	MultipleRequests	END	1682420704515
USER	MultipleRequests	END	1682420704515
USER	MultipleRequests	END	1682420704515
USER	MultipleRequests	END	1682420704515
USER	MultipleRequests	END	1682420704515
USER	MultipleRequests	END	1682420704515
REQUEST		To_Home	1682420704375	1682420704376	KO	j.n.UnknownHostException: onlineboutique.dev
USER	MultipleRequests	START	1682420704520
REQUEST		T10_Home	1682420704521	1682420704521	KO	j.n.UnknownHostException: onlineboutique.dev
REQUEST		To_Home	1682420704521	1682420704521	KO	j.n.UnknownHostException: onlineboutique.dev
USER	MultipleRequests	START	1682420704522
REQUEST		T10_Home	1682420704522	1682420704522	KO	j.n.UnknownHostException: onlineboutique.dev
REQUEST		To_Home	1682420704522	1682420704522	KO	j.n.UnknownHostException: onlineboutique.dev
REQUEST		T10_Home	1682420704523	1682420704523	KO	j.n.UnknownHostException: onlineboutique.dev
REQUEST		To_Home	1682420704523	1682420704523	KO	j.n.UnknownHostException: onlineboutique.dev
USER	MultipleRequests	START	1682420704523
REQUEST		T10_Home	1682420704524	1682420704524	KO	j.n.UnknownHostException: onlineboutique.dev
REQUEST		To_Home	1682420704524	1682420704524	KO	j.n.UnknownHostException: onlineboutique.dev
USER	MultipleRequests	START	1682420704524
USER	MultipleRequests	START	1682420704525
REQUEST		T10_Home	1682420704525	1682420704525	KO	j.n.UnknownHostException: onlineboutique.dev
REQUEST		To_Home	1682420704525	1682420704525	KO	j.n.UnknownHostException: onlineboutique.dev
REQUEST		T10_Home	1682420704526	1682420704526	KO	j.n.UnknownHostException: onlineboutique.dev
REQUEST		To_Home	1682420704526	1682420704526	KO	j.n.UnknownHostException: onlineboutique.dev
USER	MultipleRequests	START	1682420704526
USER	MultipleRequests	START	1682420704527
REQUEST		T10_Home	1682420704528	1682420704528	KO	j.n.UnknownHostException: onlineboutique.dev
REQUEST		To_Home	1682420704528	1682420704528	KO	j.n.UnknownHostException: onlineboutique.dev
USER	MultipleRequests	START	1682420704528
REQUEST		T10_Home	1682420704528	1682420704528	KO	j.n.UnknownHostException: onlineboutique.dev
REQUEST		T10_Home	1682420704529	1682420704529	KO	j.n.UnknownHostException: onlineboutique.dev
REQUEST		To_Home	1682420704529	1682420704529	KO	j.n.UnknownHostException: onlineboutique.dev
REQUEST		To_Home	1682420704528	1682420704529	KO	j.n.UnknownHostException: onlineboutique.dev
USER	MultipleRequests	START	1682420704529
USER	MultipleRequests	START	1682420704529
REQUEST		T10_Home	1682420704530	1682420704530	KO	j.n.UnknownHostException: onlineboutique.dev
REQUEST		T10_Home	1682420704530	1682420704530	KO	j.n.UnknownHostException: onlineboutique.dev
REQUEST		To_Home	1682420704530	1682420704530	KO	j.n.UnknownHostException: onlineboutique.dev
REQUEST		To_Home	1682420704530	1682420704530	KO	j.n.UnknownHostException: onlineboutique.dev
USER	MultipleRequests	START	1682420704530
USER	MultipleRequests	START	1682420704530
USER	MultipleRequests	END	1682420704530
REQUEST		T10_Home	1682420704531	1682420704531	KO	j.n.UnknownHostException: onlineboutique.dev
REQUEST		To_Home	1682420704531	1682420704531	KO	j.n.UnknownHostException: onlineboutique.dev
USER	MultipleRequests	START	1682420704531
REQUEST		T10_Home	1682420704532	1682420704532	KO	j.n.UnknownHostException: onlineboutique.dev
REQUEST		To_Home	1682420704532	1682420704532	KO	j.n.UnknownHostException: onlineboutique.dev
USER	MultipleRequests	START	1682420704532
USER	MultipleRequests	END	1682420704540
USER	MultipleRequests	END	1682420704540
USER	MultipleRequests	END	1682420704540
USER	MultipleRequests	END	1682420704540
USER	MultipleRequests	END	1682420704540
USER	MultipleRequests	END	1682420704540
USER	MultipleRequests	END	1682420704540
USER	MultipleRequests	END	1682420704540
USER	MultipleRequests	END	1682420704540
USER	MultipleRequests	END	1682420704540
USER	MultipleRequests	END	1682420704540
USER	MultipleRequests	END	1682420704540
USER	MultipleRequests	END	1682420704540
