RUN	botiqueClass.Boutiquee	boutiquee	1682420552656	test	3.9.0
REQUEST		T10_Home	1682420553342	1682420553343	KO	j.n.UnknownHostException: onlineboutique.dev
REQUEST		T10_Home	1682420553342	1682420553344	KO	j.n.UnknownHostException: onlineboutique.dev
REQUEST		T10_Home	1682420553342	1682420553344	KO	j.n.UnknownHostException: onlineboutique.dev
REQUEST		T20_Home	1682420553360	1682420553360	KO	j.n.UnknownHostException: onlineboutique.dev
REQUEST		T20_Home	1682420553360	1682420553360	KO	j.n.UnknownHostException: onlineboutique.dev
REQUEST		T20_Home	1682420553360	1682420553360	KO	j.n.UnknownHostException: onlineboutique.dev
REQUEST		T10_Home	1682420553342	1682420553343	KO	j.n.UnknownHostException: onlineboutique.dev
REQUEST		T10_Home	1682420553342	1682420553343	KO	j.n.UnknownHostException: onlineboutique.dev
REQUEST		T20_Home	1682420553360	1682420553360	KO	j.n.UnknownHostException: onlineboutique.dev
REQUEST		T20_Home	1682420553360	1682420553360	KO	j.n.UnknownHostException: onlineboutique.dev
REQUEST		T10_Home	1682420553342	1682420553343	KO	j.n.UnknownHostException: onlineboutique.dev
REQUEST		T20_Home	1682420553361	1682420553361	KO	j.n.UnknownHostException: onlineboutique.dev
REQUEST		T10_Home	1682420553342	1682420553343	KO	j.n.UnknownHostException: onlineboutique.dev
REQUEST		T10_Home	1682420553342	1682420553343	KO	j.n.UnknownHostException: onlineboutique.dev
REQUEST		T20_Home	1682420553361	1682420553361	KO	j.n.UnknownHostException: onlineboutique.dev
REQUEST		T20_Home	1682420553361	1682420553361	KO	j.n.UnknownHostException: onlineboutique.dev
USER	MultipleRequests	END	1682420553372
USER	MultipleRequests	END	1682420553373
USER	MultipleRequests	END	1682420553373
USER	MultipleRequests	END	1682420553373
USER	MultipleRequests	END	1682420553373
USER	MultipleRequests	END	1682420553374
USER	MultipleRequests	END	1682420553374
USER	MultipleRequests	END	1682420553374
USER	MultipleRequests	START	1682420553374
USER	MultipleRequests	START	1682420553374
USER	MultipleRequests	START	1682420553374
REQUEST		T10_Home	1682420553375	1682420553375	KO	j.n.UnknownHostException: onlineboutique.dev
REQUEST		T10_Home	1682420553375	1682420553375	KO	j.n.UnknownHostException: onlineboutique.dev
REQUEST		T10_Home	1682420553375	1682420553375	KO	j.n.UnknownHostException: onlineboutique.dev
USER	MultipleRequests	START	1682420553375
REQUEST		T20_Home	1682420553375	1682420553375	KO	j.n.UnknownHostException: onlineboutique.dev
REQUEST		T20_Home	1682420553375	1682420553375	KO	j.n.UnknownHostException: onlineboutique.dev
REQUEST		T20_Home	1682420553375	1682420553375	KO	j.n.UnknownHostException: onlineboutique.dev
USER	MultipleRequests	START	1682420553375
USER	MultipleRequests	START	1682420553375
USER	MultipleRequests	START	1682420553375
REQUEST		T10_Home	1682420553376	1682420553376	KO	j.n.UnknownHostException: onlineboutique.dev
REQUEST		T20_Home	1682420553376	1682420553376	KO	j.n.UnknownHostException: onlineboutique.dev
REQUEST		T10_Home	1682420553376	1682420553376	KO	j.n.UnknownHostException: onlineboutique.dev
REQUEST		T10_Home	1682420553376	1682420553376	KO	j.n.UnknownHostException: onlineboutique.dev
REQUEST		T10_Home	1682420553376	1682420553376	KO	j.n.UnknownHostException: onlineboutique.dev
USER	MultipleRequests	START	1682420553376
REQUEST		T20_Home	1682420553376	1682420553376	KO	j.n.UnknownHostException: onlineboutique.dev
REQUEST		T20_Home	1682420553376	1682420553376	KO	j.n.UnknownHostException: onlineboutique.dev
REQUEST		T20_Home	1682420553376	1682420553376	KO	j.n.UnknownHostException: onlineboutique.dev
USER	MultipleRequests	START	1682420553377
USER	MultipleRequests	START	1682420553377
USER	MultipleRequests	START	1682420553377
REQUEST		T10_Home	1682420553377	1682420553377	KO	j.n.UnknownHostException: onlineboutique.dev
REQUEST		T10_Home	1682420553377	1682420553377	KO	j.n.UnknownHostException: onlineboutique.dev
REQUEST		T10_Home	1682420553377	1682420553377	KO	j.n.UnknownHostException: onlineboutique.dev
REQUEST		T20_Home	1682420553377	1682420553377	KO	j.n.UnknownHostException: onlineboutique.dev
REQUEST		T10_Home	1682420553377	1682420553377	KO	j.n.UnknownHostException: onlineboutique.dev
USER	MultipleRequests	START	1682420553377
REQUEST		T20_Home	1682420553377	1682420553377	KO	j.n.UnknownHostException: onlineboutique.dev
REQUEST		T20_Home	1682420553377	1682420553377	KO	j.n.UnknownHostException: onlineboutique.dev
REQUEST		T20_Home	1682420553377	1682420553377	KO	j.n.UnknownHostException: onlineboutique.dev
USER	MultipleRequests	START	1682420553378
USER	MultipleRequests	START	1682420553378
USER	MultipleRequests	START	1682420553378
REQUEST		T10_Home	1682420553378	1682420553378	KO	j.n.UnknownHostException: onlineboutique.dev
REQUEST		T10_Home	1682420553378	1682420553378	KO	j.n.UnknownHostException: onlineboutique.dev
REQUEST		T10_Home	1682420553378	1682420553378	KO	j.n.UnknownHostException: onlineboutique.dev
REQUEST		T10_Home	1682420553378	1682420553378	KO	j.n.UnknownHostException: onlineboutique.dev
REQUEST		T20_Home	1682420553378	1682420553378	KO	j.n.UnknownHostException: onlineboutique.dev
USER	MultipleRequests	START	1682420553378
REQUEST		T20_Home	1682420553378	1682420553378	KO	j.n.UnknownHostException: onlineboutique.dev
REQUEST		T20_Home	1682420553378	1682420553378	KO	j.n.UnknownHostException: onlineboutique.dev
REQUEST		T20_Home	1682420553378	1682420553378	KO	j.n.UnknownHostException: onlineboutique.dev
USER	MultipleRequests	START	1682420553379
USER	MultipleRequests	START	1682420553379
USER	MultipleRequests	START	1682420553379
REQUEST		T10_Home	1682420553379	1682420553379	KO	j.n.UnknownHostException: onlineboutique.dev
REQUEST		T10_Home	1682420553379	1682420553379	KO	j.n.UnknownHostException: onlineboutique.dev
REQUEST		T10_Home	1682420553379	1682420553379	KO	j.n.UnknownHostException: onlineboutique.dev
REQUEST		T10_Home	1682420553379	1682420553379	KO	j.n.UnknownHostException: onlineboutique.dev
REQUEST		T20_Home	1682420553379	1682420553379	KO	j.n.UnknownHostException: onlineboutique.dev
USER	MultipleRequests	START	1682420553380
REQUEST		T20_Home	1682420553380	1682420553380	KO	j.n.UnknownHostException: onlineboutique.dev
REQUEST		T20_Home	1682420553380	1682420553380	KO	j.n.UnknownHostException: onlineboutique.dev
REQUEST		T20_Home	1682420553380	1682420553380	KO	j.n.UnknownHostException: onlineboutique.dev
USER	MultipleRequests	START	1682420553380
USER	MultipleRequests	START	1682420553380
USER	MultipleRequests	START	1682420553380
REQUEST		T10_Home	1682420553380	1682420553380	KO	j.n.UnknownHostException: onlineboutique.dev
REQUEST		T10_Home	1682420553380	1682420553380	KO	j.n.UnknownHostException: onlineboutique.dev
REQUEST		T10_Home	1682420553380	1682420553380	KO	j.n.UnknownHostException: onlineboutique.dev
REQUEST		T10_Home	1682420553380	1682420553380	KO	j.n.UnknownHostException: onlineboutique.dev
REQUEST		T20_Home	1682420553380	1682420553380	KO	j.n.UnknownHostException: onlineboutique.dev
USER	MultipleRequests	START	1682420553381
REQUEST		T20_Home	1682420553381	1682420553381	KO	j.n.UnknownHostException: onlineboutique.dev
REQUEST		T20_Home	1682420553381	1682420553381	KO	j.n.UnknownHostException: onlineboutique.dev
REQUEST		T20_Home	1682420553381	1682420553381	KO	j.n.UnknownHostException: onlineboutique.dev
USER	MultipleRequests	START	1682420553381
USER	MultipleRequests	START	1682420553381
USER	MultipleRequests	START	1682420553381
REQUEST		T10_Home	1682420553381	1682420553381	KO	j.n.UnknownHostException: onlineboutique.dev
REQUEST		T10_Home	1682420553381	1682420553381	KO	j.n.UnknownHostException: onlineboutique.dev
REQUEST		T10_Home	1682420553381	1682420553381	KO	j.n.UnknownHostException: onlineboutique.dev
REQUEST		T10_Home	1682420553381	1682420553381	KO	j.n.UnknownHostException: onlineboutique.dev
REQUEST		T20_Home	1682420553382	1682420553382	KO	j.n.UnknownHostException: onlineboutique.dev
REQUEST		T20_Home	1682420553382	1682420553382	KO	j.n.UnknownHostException: onlineboutique.dev
REQUEST		T20_Home	1682420553382	1682420553382	KO	j.n.UnknownHostException: onlineboutique.dev
REQUEST		T20_Home	1682420553382	1682420553382	KO	j.n.UnknownHostException: onlineboutique.dev
USER	MultipleRequests	START	1682420553382
USER	MultipleRequests	START	1682420553382
USER	MultipleRequests	START	1682420553382
USER	MultipleRequests	START	1682420553382
REQUEST		T10_Home	1682420553382	1682420553382	KO	j.n.UnknownHostException: onlineboutique.dev
REQUEST		T10_Home	1682420553383	1682420553383	KO	j.n.UnknownHostException: onlineboutique.dev
REQUEST		T10_Home	1682420553383	1682420553383	KO	j.n.UnknownHostException: onlineboutique.dev
REQUEST		T10_Home	1682420553383	1682420553383	KO	j.n.UnknownHostException: onlineboutique.dev
USER	MultipleRequests	START	1682420553383
USER	MultipleRequests	START	1682420553383
USER	MultipleRequests	END	1682420553383
USER	MultipleRequests	END	1682420553383
USER	MultipleRequests	END	1682420553383
USER	MultipleRequests	END	1682420553383
USER	MultipleRequests	END	1682420553383
USER	MultipleRequests	END	1682420553383
USER	MultipleRequests	END	1682420553383
USER	MultipleRequests	START	1682420553384
REQUEST		T10_Home	1682420553383	1682420553383	KO	j.n.UnknownHostException: onlineboutique.dev
USER	MultipleRequests	START	1682420553384
REQUEST		T20_Home	1682420553384	1682420553384	KO	j.n.UnknownHostException: onlineboutique.dev
USER	MultipleRequests	START	1682420553384
REQUEST		T10_Home	1682420553384	1682420553384	KO	j.n.UnknownHostException: onlineboutique.dev
REQUEST		T20_Home	1682420553385	1682420553385	KO	j.n.UnknownHostException: onlineboutique.dev
USER	MultipleRequests	START	1682420553385
REQUEST		T10_Home	1682420553386	1682420553386	KO	j.n.UnknownHostException: onlineboutique.dev
REQUEST		T20_Home	1682420553387	1682420553387	KO	j.n.UnknownHostException: onlineboutique.dev
USER	MultipleRequests	START	1682420553388
REQUEST		T20_Home	1682420553395	1682420553395	KO	j.n.UnknownHostException: onlineboutique.dev
USER	MultipleRequests	START	1682420553395
REQUEST		T10_Home	1682420553396	1682420553396	KO	j.n.UnknownHostException: onlineboutique.dev
REQUEST		T20_Home	1682420553396	1682420553396	KO	j.n.UnknownHostException: onlineboutique.dev
USER	MultipleRequests	START	1682420553397
REQUEST		T10_Home	1682420553397	1682420553397	KO	j.n.UnknownHostException: onlineboutique.dev
REQUEST		T20_Home	1682420553398	1682420553398	KO	j.n.UnknownHostException: onlineboutique.dev
USER	MultipleRequests	START	1682420553398
REQUEST		T10_Home	1682420553399	1682420553399	KO	j.n.UnknownHostException: onlineboutique.dev
REQUEST		T20_Home	1682420553400	1682420553400	KO	j.n.UnknownHostException: onlineboutique.dev
USER	MultipleRequests	START	1682420553401
REQUEST		T10_Home	1682420553409	1682420553409	KO	j.n.UnknownHostException: onlineboutique.dev
REQUEST		T20_Home	1682420553410	1682420553412	KO	j.n.UnknownHostException: onlineboutique.dev
USER	MultipleRequests	START	1682420553415
REQUEST		T10_Home	1682420553417	1682420553417	KO	j.n.UnknownHostException: onlineboutique.dev
REQUEST		T20_Home	1682420553418	1682420553418	KO	j.n.UnknownHostException: onlineboutique.dev
USER	MultipleRequests	START	1682420553419
REQUEST		T10_Home	1682420553420	1682420553421	KO	j.n.UnknownHostException: onlineboutique.dev
REQUEST		T20_Home	1682420553421	1682420553421	KO	j.n.UnknownHostException: onlineboutique.dev
USER	MultipleRequests	START	1682420553422
REQUEST		T10_Home	1682420553422	1682420553422	KO	j.n.UnknownHostException: onlineboutique.dev
REQUEST		T20_Home	1682420553423	1682420553423	KO	j.n.UnknownHostException: onlineboutique.dev
USER	MultipleRequests	START	1682420553423
REQUEST		T10_Home	1682420553428	1682420553428	KO	j.n.UnknownHostException: onlineboutique.dev
REQUEST		T20_Home	1682420553428	1682420553432	KO	j.n.UnknownHostException: onlineboutique.dev
USER	MultipleRequests	START	1682420553433
REQUEST		T10_Home	1682420553441	1682420553441	KO	j.n.UnknownHostException: onlineboutique.dev
REQUEST		T20_Home	1682420553441	1682420553441	KO	j.n.UnknownHostException: onlineboutique.dev
USER	MultipleRequests	START	1682420553442
REQUEST		T10_Home	1682420553442	1682420553443	KO	j.n.UnknownHostException: onlineboutique.dev
REQUEST		T20_Home	1682420553443	1682420553443	KO	j.n.UnknownHostException: onlineboutique.dev
USER	MultipleRequests	START	1682420553443
REQUEST		T10_Home	1682420553444	1682420553444	KO	j.n.UnknownHostException: onlineboutique.dev
REQUEST		T20_Home	1682420553445	1682420553445	KO	j.n.UnknownHostException: onlineboutique.dev
USER	MultipleRequests	START	1682420553445
REQUEST		T10_Home	1682420553447	1682420553447	KO	j.n.UnknownHostException: onlineboutique.dev
REQUEST		T20_Home	1682420553448	1682420553448	KO	j.n.UnknownHostException: onlineboutique.dev
USER	MultipleRequests	START	1682420553448
REQUEST		T10_Home	1682420553449	1682420553449	KO	j.n.UnknownHostException: onlineboutique.dev
REQUEST		T20_Home	1682420553450	1682420553450	KO	j.n.UnknownHostException: onlineboutique.dev
USER	MultipleRequests	START	1682420553450
REQUEST		T10_Home	1682420553451	1682420553451	KO	j.n.UnknownHostException: onlineboutique.dev
REQUEST		T20_Home	1682420553451	1682420553452	KO	j.n.UnknownHostException: onlineboutique.dev
USER	MultipleRequests	START	1682420553452
REQUEST		T10_Home	1682420553453	1682420553453	KO	j.n.UnknownHostException: onlineboutique.dev
REQUEST		T20_Home	1682420553453	1682420553454	KO	j.n.UnknownHostException: onlineboutique.dev
USER	MultipleRequests	START	1682420553454
REQUEST		T10_Home	1682420553455	1682420553455	KO	j.n.UnknownHostException: onlineboutique.dev
REQUEST		T20_Home	1682420553455	1682420553455	KO	j.n.UnknownHostException: onlineboutique.dev
USER	MultipleRequests	START	1682420553456
REQUEST		T10_Home	1682420553452	1682420553452	KO	j.n.UnknownHostException: onlineboutique.dev
REQUEST		T20_Home	1682420553457	1682420553457	KO	j.n.UnknownHostException: onlineboutique.dev
USER	MultipleRequests	START	1682420553457
REQUEST		T10_Home	1682420553458	1682420553458	KO	j.n.UnknownHostException: onlineboutique.dev
REQUEST		T20_Home	1682420553458	1682420553458	KO	j.n.UnknownHostException: onlineboutique.dev
USER	MultipleRequests	START	1682420553458
REQUEST		T10_Home	1682420553459	1682420553459	KO	j.n.UnknownHostException: onlineboutique.dev
REQUEST		T20_Home	1682420553460	1682420553460	KO	j.n.UnknownHostException: onlineboutique.dev
USER	MultipleRequests	START	1682420553460
REQUEST		T10_Home	1682420553461	1682420553461	KO	j.n.UnknownHostException: onlineboutique.dev
REQUEST		T20_Home	1682420553461	1682420553461	KO	j.n.UnknownHostException: onlineboutique.dev
USER	MultipleRequests	START	1682420553462
REQUEST		T10_Home	1682420553461	1682420553463	KO	j.n.UnknownHostException: onlineboutique.dev
REQUEST		T10_Home	1682420553463	1682420553463	KO	j.n.UnknownHostException: onlineboutique.dev
REQUEST		T20_Home	1682420553463	1682420553464	KO	j.n.UnknownHostException: onlineboutique.dev
USER	MultipleRequests	START	1682420553464
REQUEST		T10_Home	1682420553465	1682420553465	KO	j.n.UnknownHostException: onlineboutique.dev
REQUEST		T20_Home	1682420553465	1682420553465	KO	j.n.UnknownHostException: onlineboutique.dev
USER	MultipleRequests	START	1682420553465
REQUEST		T10_Home	1682420553466	1682420553466	KO	j.n.UnknownHostException: onlineboutique.dev
REQUEST		T20_Home	1682420553467	1682420553467	KO	j.n.UnknownHostException: onlineboutique.dev
USER	MultipleRequests	START	1682420553467
REQUEST		T10_Home	1682420553468	1682420553468	KO	j.n.UnknownHostException: onlineboutique.dev
REQUEST		T20_Home	1682420553468	1682420553468	KO	j.n.UnknownHostException: onlineboutique.dev
USER	MultipleRequests	START	1682420553469
REQUEST		T10_Home	1682420553469	1682420553469	KO	j.n.UnknownHostException: onlineboutique.dev
REQUEST		T20_Home	1682420553473	1682420553473	KO	j.n.UnknownHostException: onlineboutique.dev
USER	MultipleRequests	START	1682420553473
REQUEST		T10_Home	1682420553474	1682420553474	KO	j.n.UnknownHostException: onlineboutique.dev
REQUEST		T20_Home	1682420553475	1682420553475	KO	j.n.UnknownHostException: onlineboutique.dev
USER	MultipleRequests	START	1682420553475
REQUEST		T10_Home	1682420553476	1682420553476	KO	j.n.UnknownHostException: onlineboutique.dev
REQUEST		T20_Home	1682420553476	1682420553477	KO	j.n.UnknownHostException: onlineboutique.dev
USER	MultipleRequests	START	1682420553478
REQUEST		T10_Home	1682420553479	1682420553479	KO	j.n.UnknownHostException: onlineboutique.dev
REQUEST		T20_Home	1682420553479	1682420553479	KO	j.n.UnknownHostException: onlineboutique.dev
USER	MultipleRequests	START	1682420553480
REQUEST		T10_Home	1682420553480	1682420553480	KO	j.n.UnknownHostException: onlineboutique.dev
REQUEST		T20_Home	1682420553481	1682420553481	KO	j.n.UnknownHostException: onlineboutique.dev
USER	MultipleRequests	START	1682420553481
REQUEST		T10_Home	1682420553482	1682420553482	KO	j.n.UnknownHostException: onlineboutique.dev
REQUEST		T20_Home	1682420553482	1682420553482	KO	j.n.UnknownHostException: onlineboutique.dev
USER	MultipleRequests	START	1682420553483
REQUEST		T10_Home	1682420553483	1682420553483	KO	j.n.UnknownHostException: onlineboutique.dev
REQUEST		T20_Home	1682420553484	1682420553484	KO	j.n.UnknownHostException: onlineboutique.dev
USER	MultipleRequests	START	1682420553484
REQUEST		T10_Home	1682420553485	1682420553485	KO	j.n.UnknownHostException: onlineboutique.dev
REQUEST		T20_Home	1682420553485	1682420553485	KO	j.n.UnknownHostException: onlineboutique.dev
USER	MultipleRequests	START	1682420553486
REQUEST		T10_Home	1682420553486	1682420553486	KO	j.n.UnknownHostException: onlineboutique.dev
REQUEST		T20_Home	1682420553487	1682420553487	KO	j.n.UnknownHostException: onlineboutique.dev
USER	MultipleRequests	START	1682420553487
REQUEST		T20_Home	1682420553488	1682420553488	KO	j.n.UnknownHostException: onlineboutique.dev
USER	MultipleRequests	START	1682420553488
REQUEST		T10_Home	1682420553489	1682420553489	KO	j.n.UnknownHostException: onlineboutique.dev
REQUEST		T20_Home	1682420553490	1682420553490	KO	j.n.UnknownHostException: onlineboutique.dev
USER	MultipleRequests	START	1682420553490
REQUEST		T10_Home	1682420553383	1682420553383	KO	j.n.UnknownHostException: onlineboutique.dev
REQUEST		T20_Home	1682420553490	1682420553490	KO	j.n.UnknownHostException: onlineboutique.dev
USER	MultipleRequests	START	1682420553491
REQUEST		T10_Home	1682420553491	1682420553491	KO	j.n.UnknownHostException: onlineboutique.dev
REQUEST		T20_Home	1682420553491	1682420553491	KO	j.n.UnknownHostException: onlineboutique.dev
USER	MultipleRequests	START	1682420553491
REQUEST		T10_Home	1682420553492	1682420553492	KO	j.n.UnknownHostException: onlineboutique.dev
REQUEST		T20_Home	1682420553492	1682420553492	KO	j.n.UnknownHostException: onlineboutique.dev
USER	MultipleRequests	START	1682420553493
REQUEST		T10_Home	1682420553493	1682420553493	KO	j.n.UnknownHostException: onlineboutique.dev
REQUEST		T20_Home	1682420553494	1682420553494	KO	j.n.UnknownHostException: onlineboutique.dev
USER	MultipleRequests	START	1682420553494
REQUEST		T10_Home	1682420553495	1682420553495	KO	j.n.UnknownHostException: onlineboutique.dev
REQUEST		T20_Home	1682420553495	1682420553495	KO	j.n.UnknownHostException: onlineboutique.dev
USER	MultipleRequests	START	1682420553495
REQUEST		T10_Home	1682420553496	1682420553496	KO	j.n.UnknownHostException: onlineboutique.dev
REQUEST		T20_Home	1682420553496	1682420553497	KO	j.n.UnknownHostException: onlineboutique.dev
USER	MultipleRequests	START	1682420553497
REQUEST		T10_Home	1682420553497	1682420553498	KO	j.n.UnknownHostException: onlineboutique.dev
REQUEST		T20_Home	1682420553498	1682420553498	KO	j.n.UnknownHostException: onlineboutique.dev
USER	MultipleRequests	START	1682420553498
REQUEST		T10_Home	1682420553499	1682420553499	KO	j.n.UnknownHostException: onlineboutique.dev
REQUEST		T20_Home	1682420553499	1682420553499	KO	j.n.UnknownHostException: onlineboutique.dev
USER	MultipleRequests	START	1682420553499
REQUEST		T10_Home	1682420553500	1682420553501	KO	j.n.UnknownHostException: onlineboutique.dev
REQUEST		T20_Home	1682420553501	1682420553501	KO	j.n.UnknownHostException: onlineboutique.dev
USER	MultipleRequests	START	1682420553501
REQUEST		T10_Home	1682420553502	1682420553502	KO	j.n.UnknownHostException: onlineboutique.dev
REQUEST		T10_Home	1682420553503	1682420553503	KO	j.n.UnknownHostException: onlineboutique.dev
REQUEST		T20_Home	1682420553503	1682420553503	KO	j.n.UnknownHostException: onlineboutique.dev
USER	MultipleRequests	START	1682420553504
REQUEST		T10_Home	1682420553504	1682420553504	KO	j.n.UnknownHostException: onlineboutique.dev
REQUEST		T20_Home	1682420553505	1682420553505	KO	j.n.UnknownHostException: onlineboutique.dev
USER	MultipleRequests	START	1682420553505
REQUEST		T10_Home	1682420553506	1682420553506	KO	j.n.UnknownHostException: onlineboutique.dev
REQUEST		T20_Home	1682420553506	1682420553506	KO	j.n.UnknownHostException: onlineboutique.dev
USER	MultipleRequests	START	1682420553506
REQUEST		T10_Home	1682420553507	1682420553507	KO	j.n.UnknownHostException: onlineboutique.dev
REQUEST		T20_Home	1682420553507	1682420553507	KO	j.n.UnknownHostException: onlineboutique.dev
USER	MultipleRequests	START	1682420553508
REQUEST		T10_Home	1682420553509	1682420553509	KO	j.n.UnknownHostException: onlineboutique.dev
REQUEST		T20_Home	1682420553509	1682420553509	KO	j.n.UnknownHostException: onlineboutique.dev
USER	MultipleRequests	START	1682420553510
REQUEST		T10_Home	1682420553510	1682420553510	KO	j.n.UnknownHostException: onlineboutique.dev
REQUEST		T20_Home	1682420553511	1682420553511	KO	j.n.UnknownHostException: onlineboutique.dev
USER	MultipleRequests	START	1682420553511
REQUEST		T10_Home	1682420553512	1682420553515	KO	j.n.UnknownHostException: onlineboutique.dev
REQUEST		T20_Home	1682420553516	1682420553516	KO	j.n.UnknownHostException: onlineboutique.dev
USER	MultipleRequests	START	1682420553516
REQUEST		T10_Home	1682420553517	1682420553517	KO	j.n.UnknownHostException: onlineboutique.dev
REQUEST		T20_Home	1682420553517	1682420553517	KO	j.n.UnknownHostException: onlineboutique.dev
USER	MultipleRequests	START	1682420553517
REQUEST		T10_Home	1682420553518	1682420553518	KO	j.n.UnknownHostException: onlineboutique.dev
REQUEST		T20_Home	1682420553518	1682420553518	KO	j.n.UnknownHostException: onlineboutique.dev
USER	MultipleRequests	START	1682420553519
REQUEST		T10_Home	1682420553519	1682420553520	KO	j.n.UnknownHostException: onlineboutique.dev
REQUEST		T20_Home	1682420553520	1682420553520	KO	j.n.UnknownHostException: onlineboutique.dev
USER	MultipleRequests	START	1682420553520
REQUEST		T10_Home	1682420553521	1682420553521	KO	j.n.UnknownHostException: onlineboutique.dev
REQUEST		T20_Home	1682420553521	1682420553521	KO	j.n.UnknownHostException: onlineboutique.dev
USER	MultipleRequests	START	1682420553522
REQUEST		T10_Home	1682420553522	1682420553522	KO	j.n.UnknownHostException: onlineboutique.dev
REQUEST		T20_Home	1682420553523	1682420553523	KO	j.n.UnknownHostException: onlineboutique.dev
USER	MultipleRequests	START	1682420553523
REQUEST		T10_Home	1682420553523	1682420553523	KO	j.n.UnknownHostException: onlineboutique.dev
REQUEST		T20_Home	1682420553524	1682420553524	KO	j.n.UnknownHostException: onlineboutique.dev
USER	MultipleRequests	START	1682420553524
REQUEST		T10_Home	1682420553525	1682420553525	KO	j.n.UnknownHostException: onlineboutique.dev
REQUEST		T20_Home	1682420553525	1682420553525	KO	j.n.UnknownHostException: onlineboutique.dev
USER	MultipleRequests	START	1682420553525
REQUEST		T10_Home	1682420553526	1682420553526	KO	j.n.UnknownHostException: onlineboutique.dev
REQUEST		T20_Home	1682420553526	1682420553526	KO	j.n.UnknownHostException: onlineboutique.dev
USER	MultipleRequests	START	1682420553527
REQUEST		T10_Home	1682420553527	1682420553527	KO	j.n.UnknownHostException: onlineboutique.dev
REQUEST		T20_Home	1682420553528	1682420553528	KO	j.n.UnknownHostException: onlineboutique.dev
USER	MultipleRequests	START	1682420553528
REQUEST		T10_Home	1682420553528	1682420553529	KO	j.n.UnknownHostException: onlineboutique.dev
REQUEST		T20_Home	1682420553529	1682420553529	KO	j.n.UnknownHostException: onlineboutique.dev
USER	MultipleRequests	START	1682420553529
REQUEST		T10_Home	1682420553532	1682420553532	KO	j.n.UnknownHostException: onlineboutique.dev
REQUEST		T20_Home	1682420553532	1682420553532	KO	j.n.UnknownHostException: onlineboutique.dev
USER	MultipleRequests	START	1682420553533
REQUEST		T10_Home	1682420553533	1682420553533	KO	j.n.UnknownHostException: onlineboutique.dev
REQUEST		T20_Home	1682420553534	1682420553534	KO	j.n.UnknownHostException: onlineboutique.dev
USER	MultipleRequests	START	1682420553534
REQUEST		T10_Home	1682420553535	1682420553535	KO	j.n.UnknownHostException: onlineboutique.dev
REQUEST		T20_Home	1682420553535	1682420553535	KO	j.n.UnknownHostException: onlineboutique.dev
USER	MultipleRequests	START	1682420553536
REQUEST		T10_Home	1682420553536	1682420553536	KO	j.n.UnknownHostException: onlineboutique.dev
REQUEST		T20_Home	1682420553537	1682420553537	KO	j.n.UnknownHostException: onlineboutique.dev
USER	MultipleRequests	START	1682420553537
REQUEST		T10_Home	1682420553538	1682420553538	KO	j.n.UnknownHostException: onlineboutique.dev
REQUEST		T20_Home	1682420553538	1682420553538	KO	j.n.UnknownHostException: onlineboutique.dev
USER	MultipleRequests	START	1682420553538
REQUEST		T10_Home	1682420553539	1682420553539	KO	j.n.UnknownHostException: onlineboutique.dev
REQUEST		T10_Home	1682420553542	1682420553542	KO	j.n.UnknownHostException: onlineboutique.dev
REQUEST		T20_Home	1682420553542	1682420553542	KO	j.n.UnknownHostException: onlineboutique.dev
USER	MultipleRequests	START	1682420553542
REQUEST		T10_Home	1682420553543	1682420553543	KO	j.n.UnknownHostException: onlineboutique.dev
REQUEST		T20_Home	1682420553543	1682420553543	KO	j.n.UnknownHostException: onlineboutique.dev
USER	MultipleRequests	START	1682420553544
USER	MultipleRequests	END	1682420553547
USER	MultipleRequests	END	1682420553547
USER	MultipleRequests	END	1682420553547
USER	MultipleRequests	END	1682420553547
USER	MultipleRequests	END	1682420553547
USER	MultipleRequests	END	1682420553547
USER	MultipleRequests	END	1682420553547
USER	MultipleRequests	END	1682420553547
USER	MultipleRequests	END	1682420553547
USER	MultipleRequests	END	1682420553547
USER	MultipleRequests	END	1682420553547
USER	MultipleRequests	END	1682420553547
USER	MultipleRequests	END	1682420553547
USER	MultipleRequests	END	1682420553548
USER	MultipleRequests	END	1682420553548
USER	MultipleRequests	END	1682420553548
USER	MultipleRequests	END	1682420553548
USER	MultipleRequests	END	1682420553548
USER	MultipleRequests	END	1682420553548
USER	MultipleRequests	END	1682420553548
USER	MultipleRequests	END	1682420553548
USER	MultipleRequests	END	1682420553548
USER	MultipleRequests	END	1682420553548
USER	MultipleRequests	END	1682420553548
USER	MultipleRequests	END	1682420553548
USER	MultipleRequests	END	1682420553549
USER	MultipleRequests	END	1682420553549
USER	MultipleRequests	END	1682420553549
USER	MultipleRequests	END	1682420553549
USER	MultipleRequests	END	1682420553549
USER	MultipleRequests	END	1682420553549
USER	MultipleRequests	END	1682420553549
USER	MultipleRequests	END	1682420553549
USER	MultipleRequests	END	1682420553549
USER	MultipleRequests	END	1682420553549
USER	MultipleRequests	END	1682420553549
USER	MultipleRequests	END	1682420553549
USER	MultipleRequests	END	1682420553549
USER	MultipleRequests	END	1682420553549
USER	MultipleRequests	END	1682420553549
USER	MultipleRequests	END	1682420553549
USER	MultipleRequests	END	1682420553549
USER	MultipleRequests	END	1682420553549
USER	MultipleRequests	END	1682420553549
USER	MultipleRequests	END	1682420553549
USER	MultipleRequests	END	1682420553549
USER	MultipleRequests	END	1682420553549
USER	MultipleRequests	END	1682420553549
USER	MultipleRequests	END	1682420553549
USER	MultipleRequests	END	1682420553549
USER	MultipleRequests	END	1682420553549
USER	MultipleRequests	END	1682420553549
USER	MultipleRequests	END	1682420553549
USER	MultipleRequests	END	1682420553550
USER	MultipleRequests	END	1682420553550
USER	MultipleRequests	END	1682420553550
USER	MultipleRequests	END	1682420553550
USER	MultipleRequests	END	1682420553550
USER	MultipleRequests	END	1682420553550
USER	MultipleRequests	END	1682420553550
USER	MultipleRequests	END	1682420553550
USER	MultipleRequests	END	1682420553550
USER	MultipleRequests	END	1682420553550
USER	MultipleRequests	END	1682420553550
USER	MultipleRequests	END	1682420553550
USER	MultipleRequests	END	1682420553550
USER	MultipleRequests	END	1682420553550
USER	MultipleRequests	END	1682420553550
USER	MultipleRequests	END	1682420553550
USER	MultipleRequests	END	1682420553550
USER	MultipleRequests	END	1682420553550
USER	MultipleRequests	END	1682420553550
USER	MultipleRequests	END	1682420553550
USER	MultipleRequests	END	1682420553550
USER	MultipleRequests	END	1682420553550
USER	MultipleRequests	END	1682420553550
USER	MultipleRequests	END	1682420553550
USER	MultipleRequests	END	1682420553550
USER	MultipleRequests	END	1682420553550
USER	MultipleRequests	END	1682420553550
USER	MultipleRequests	END	1682420553551
USER	MultipleRequests	END	1682420553551
USER	MultipleRequests	END	1682420553551
USER	MultipleRequests	END	1682420553551
USER	MultipleRequests	END	1682420553551
USER	MultipleRequests	END	1682420553551
USER	MultipleRequests	END	1682420553551
USER	MultipleRequests	END	1682420553551
USER	MultipleRequests	END	1682420553551
USER	MultipleRequests	END	1682420553551
USER	MultipleRequests	END	1682420553551
USER	MultipleRequests	END	1682420553551
REQUEST		T20_Home	1682420553551	1682420553551	KO	j.n.UnknownHostException: onlineboutique.dev
USER	MultipleRequests	START	1682420553552
USER	MultipleRequests	END	1682420553552
REQUEST		T10_Home	1682420553552	1682420553553	KO	j.n.UnknownHostException: onlineboutique.dev
REQUEST		T20_Home	1682420553553	1682420553553	KO	j.n.UnknownHostException: onlineboutique.dev
USER	MultipleRequests	START	1682420553553
REQUEST		T10_Home	1682420553554	1682420553554	KO	j.n.UnknownHostException: onlineboutique.dev
REQUEST		T20_Home	1682420553555	1682420553555	KO	j.n.UnknownHostException: onlineboutique.dev
USER	MultipleRequests	START	1682420553555
REQUEST		T10_Home	1682420553556	1682420553556	KO	j.n.UnknownHostException: onlineboutique.dev
REQUEST		T20_Home	1682420553556	1682420553556	KO	j.n.UnknownHostException: onlineboutique.dev
USER	MultipleRequests	START	1682420553556
REQUEST		T10_Home	1682420553557	1682420553557	KO	j.n.UnknownHostException: onlineboutique.dev
REQUEST		T20_Home	1682420553558	1682420553558	KO	j.n.UnknownHostException: onlineboutique.dev
USER	MultipleRequests	START	1682420553558
USER	MultipleRequests	END	1682420553559
USER	MultipleRequests	END	1682420553559
USER	MultipleRequests	END	1682420553559
USER	MultipleRequests	END	1682420553559
REQUEST		T10_Home	1682420553559	1682420553559	KO	j.n.UnknownHostException: onlineboutique.dev
REQUEST		T20_Home	1682420553559	1682420553559	KO	j.n.UnknownHostException: onlineboutique.dev
USER	MultipleRequests	START	1682420553560
REQUEST		T10_Home	1682420553560	1682420553560	KO	j.n.UnknownHostException: onlineboutique.dev
REQUEST		T20_Home	1682420553560	1682420553561	KO	j.n.UnknownHostException: onlineboutique.dev
REQUEST		T20_Home	1682420553561	1682420553561	KO	j.n.UnknownHostException: onlineboutique.dev
USER	MultipleRequests	START	1682420553561
USER	MultipleRequests	START	1682420553561
REQUEST		T10_Home	1682420553562	1682420553562	KO	j.n.UnknownHostException: onlineboutique.dev
REQUEST		T20_Home	1682420553562	1682420553562	KO	j.n.UnknownHostException: onlineboutique.dev
USER	MultipleRequests	START	1682420553562
REQUEST		T10_Home	1682420553563	1682420553563	KO	j.n.UnknownHostException: onlineboutique.dev
REQUEST		T20_Home	1682420553563	1682420553563	KO	j.n.UnknownHostException: onlineboutique.dev
REQUEST		T10_Home	1682420553563	1682420553563	KO	j.n.UnknownHostException: onlineboutique.dev
REQUEST		T20_Home	1682420553564	1682420553564	KO	j.n.UnknownHostException: onlineboutique.dev
USER	MultipleRequests	START	1682420553564
USER	MultipleRequests	START	1682420553565
REQUEST		T10_Home	1682420553565	1682420553565	KO	j.n.UnknownHostException: onlineboutique.dev
REQUEST		T20_Home	1682420553565	1682420553565	KO	j.n.UnknownHostException: onlineboutique.dev
USER	MultipleRequests	START	1682420553565
REQUEST		T10_Home	1682420553566	1682420553566	KO	j.n.UnknownHostException: onlineboutique.dev
REQUEST		T20_Home	1682420553566	1682420553566	KO	j.n.UnknownHostException: onlineboutique.dev
USER	MultipleRequests	START	1682420553567
REQUEST		T10_Home	1682420553567	1682420553567	KO	j.n.UnknownHostException: onlineboutique.dev
REQUEST		T10_Home	1682420553568	1682420553568	KO	j.n.UnknownHostException: onlineboutique.dev
REQUEST		T20_Home	1682420553568	1682420553568	KO	j.n.UnknownHostException: onlineboutique.dev
USER	MultipleRequests	START	1682420553568
REQUEST		T20_Home	1682420553568	1682420553568	KO	j.n.UnknownHostException: onlineboutique.dev
REQUEST		T10_Home	1682420553569	1682420553569	KO	j.n.UnknownHostException: onlineboutique.dev
REQUEST		T20_Home	1682420553569	1682420553569	KO	j.n.UnknownHostException: onlineboutique.dev
USER	MultipleRequests	START	1682420553569
USER	MultipleRequests	START	1682420553570
REQUEST		T10_Home	1682420553570	1682420553570	KO	j.n.UnknownHostException: onlineboutique.dev
REQUEST		T20_Home	1682420553570	1682420553570	KO	j.n.UnknownHostException: onlineboutique.dev
USER	MultipleRequests	START	1682420553571
REQUEST		T10_Home	1682420553571	1682420553571	KO	j.n.UnknownHostException: onlineboutique.dev
REQUEST		T20_Home	1682420553572	1682420553572	KO	j.n.UnknownHostException: onlineboutique.dev
USER	MultipleRequests	START	1682420553572
REQUEST		T10_Home	1682420553573	1682420553573	KO	j.n.UnknownHostException: onlineboutique.dev
REQUEST		T20_Home	1682420553573	1682420553573	KO	j.n.UnknownHostException: onlineboutique.dev
USER	MultipleRequests	START	1682420553573
REQUEST		T10_Home	1682420553574	1682420553574	KO	j.n.UnknownHostException: onlineboutique.dev
REQUEST		T20_Home	1682420553574	1682420553574	KO	j.n.UnknownHostException: onlineboutique.dev
USER	MultipleRequests	START	1682420553575
REQUEST		T10_Home	1682420553575	1682420553575	KO	j.n.UnknownHostException: onlineboutique.dev
REQUEST		T20_Home	1682420553576	1682420553576	KO	j.n.UnknownHostException: onlineboutique.dev
USER	MultipleRequests	START	1682420553576
REQUEST		T10_Home	1682420553577	1682420553577	KO	j.n.UnknownHostException: onlineboutique.dev
REQUEST		T20_Home	1682420553577	1682420553577	KO	j.n.UnknownHostException: onlineboutique.dev
USER	MultipleRequests	START	1682420553577
REQUEST		T10_Home	1682420553578	1682420553578	KO	j.n.UnknownHostException: onlineboutique.dev
REQUEST		T20_Home	1682420553579	1682420553579	KO	j.n.UnknownHostException: onlineboutique.dev
USER	MultipleRequests	START	1682420553579
REQUEST		T10_Home	1682420553580	1682420553580	KO	j.n.UnknownHostException: onlineboutique.dev
USER	MultipleRequests	END	1682420553581
USER	MultipleRequests	END	1682420553581
USER	MultipleRequests	END	1682420553582
USER	MultipleRequests	END	1682420553582
USER	MultipleRequests	END	1682420553582
USER	MultipleRequests	END	1682420553582
USER	MultipleRequests	END	1682420553582
USER	MultipleRequests	END	1682420553582
USER	MultipleRequests	END	1682420553582
USER	MultipleRequests	END	1682420553582
USER	MultipleRequests	END	1682420553582
USER	MultipleRequests	END	1682420553582
USER	MultipleRequests	END	1682420553582
USER	MultipleRequests	END	1682420553582
USER	MultipleRequests	END	1682420553582
USER	MultipleRequests	END	1682420553582
USER	MultipleRequests	END	1682420553582
USER	MultipleRequests	END	1682420553582
REQUEST		T10_Home	1682420553583	1682420553583	KO	j.n.UnknownHostException: onlineboutique.dev
REQUEST		T20_Home	1682420553583	1682420553583	KO	j.n.UnknownHostException: onlineboutique.dev
USER	MultipleRequests	START	1682420553584
REQUEST		T10_Home	1682420553584	1682420553584	KO	j.n.UnknownHostException: onlineboutique.dev
REQUEST		T20_Home	1682420553585	1682420553585	KO	j.n.UnknownHostException: onlineboutique.dev
USER	MultipleRequests	START	1682420553585
USER	MultipleRequests	END	1682420553585
USER	MultipleRequests	END	1682420553586
REQUEST		T10_Home	1682420553586	1682420553586	KO	j.n.UnknownHostException: onlineboutique.dev
REQUEST		T20_Home	1682420553587	1682420553587	KO	j.n.UnknownHostException: onlineboutique.dev
USER	MultipleRequests	START	1682420553587
REQUEST		T10_Home	1682420553588	1682420553588	KO	j.n.UnknownHostException: onlineboutique.dev
REQUEST		T20_Home	1682420553588	1682420553588	KO	j.n.UnknownHostException: onlineboutique.dev
USER	MultipleRequests	START	1682420553588
USER	MultipleRequests	END	1682420553589
USER	MultipleRequests	END	1682420553589
REQUEST		T20_Home	1682420553589	1682420553589	KO	j.n.UnknownHostException: onlineboutique.dev
USER	MultipleRequests	START	1682420553589
REQUEST		T10_Home	1682420553590	1682420553590	KO	j.n.UnknownHostException: onlineboutique.dev
REQUEST		T20_Home	1682420553591	1682420553591	KO	j.n.UnknownHostException: onlineboutique.dev
USER	MultipleRequests	START	1682420553591
REQUEST		T10_Home	1682420553592	1682420553592	KO	j.n.UnknownHostException: onlineboutique.dev
REQUEST		T20_Home	1682420553592	1682420553592	KO	j.n.UnknownHostException: onlineboutique.dev
USER	MultipleRequests	START	1682420553592
USER	MultipleRequests	END	1682420553593
USER	MultipleRequests	END	1682420553593
USER	MultipleRequests	END	1682420553593
REQUEST		T10_Home	1682420553593	1682420553593	KO	j.n.UnknownHostException: onlineboutique.dev
REQUEST		T20_Home	1682420553593	1682420553593	KO	j.n.UnknownHostException: onlineboutique.dev
USER	MultipleRequests	START	1682420553593
REQUEST		T10_Home	1682420553594	1682420553594	KO	j.n.UnknownHostException: onlineboutique.dev
REQUEST		T20_Home	1682420553595	1682420553595	KO	j.n.UnknownHostException: onlineboutique.dev
USER	MultipleRequests	START	1682420553595
REQUEST		T10_Home	1682420553595	1682420553595	KO	j.n.UnknownHostException: onlineboutique.dev
REQUEST		T20_Home	1682420553596	1682420553596	KO	j.n.UnknownHostException: onlineboutique.dev
USER	MultipleRequests	START	1682420553596
REQUEST		T10_Home	1682420553597	1682420553597	KO	j.n.UnknownHostException: onlineboutique.dev
REQUEST		T20_Home	1682420553597	1682420553597	KO	j.n.UnknownHostException: onlineboutique.dev
USER	MultipleRequests	START	1682420553597
REQUEST		T10_Home	1682420553598	1682420553598	KO	j.n.UnknownHostException: onlineboutique.dev
REQUEST		T20_Home	1682420553598	1682420553598	KO	j.n.UnknownHostException: onlineboutique.dev
USER	MultipleRequests	START	1682420553599
REQUEST		T10_Home	1682420553598	1682420553599	KO	j.n.UnknownHostException: onlineboutique.dev
REQUEST		T10_Home	1682420553601	1682420553601	KO	j.n.UnknownHostException: onlineboutique.dev
REQUEST		T20_Home	1682420553601	1682420553601	KO	j.n.UnknownHostException: onlineboutique.dev
USER	MultipleRequests	START	1682420553602
REQUEST		T10_Home	1682420553602	1682420553602	KO	j.n.UnknownHostException: onlineboutique.dev
REQUEST		T20_Home	1682420553603	1682420553603	KO	j.n.UnknownHostException: onlineboutique.dev
USER	MultipleRequests	START	1682420553603
REQUEST		T10_Home	1682420553603	1682420553603	KO	j.n.UnknownHostException: onlineboutique.dev
REQUEST		T20_Home	1682420553604	1682420553604	KO	j.n.UnknownHostException: onlineboutique.dev
USER	MultipleRequests	START	1682420553604
USER	MultipleRequests	END	1682420553605
USER	MultipleRequests	END	1682420553605
USER	MultipleRequests	END	1682420553605
USER	MultipleRequests	END	1682420553605
USER	MultipleRequests	END	1682420553605
USER	MultipleRequests	END	1682420553605
USER	MultipleRequests	END	1682420553605
USER	MultipleRequests	END	1682420553605
REQUEST		T10_Home	1682420553605	1682420553605	KO	j.n.UnknownHostException: onlineboutique.dev
REQUEST		T20_Home	1682420553605	1682420553605	KO	j.n.UnknownHostException: onlineboutique.dev
USER	MultipleRequests	START	1682420553605
USER	MultipleRequests	END	1682420553606
REQUEST		T10_Home	1682420553606	1682420553606	KO	j.n.UnknownHostException: onlineboutique.dev
REQUEST		T20_Home	1682420553606	1682420553606	KO	j.n.UnknownHostException: onlineboutique.dev
REQUEST		T20_Home	1682420553606	1682420553606	KO	j.n.UnknownHostException: onlineboutique.dev
USER	MultipleRequests	START	1682420553606
USER	MultipleRequests	START	1682420553606
REQUEST		T10_Home	1682420553607	1682420553607	KO	j.n.UnknownHostException: onlineboutique.dev
REQUEST		T20_Home	1682420553607	1682420553607	KO	j.n.UnknownHostException: onlineboutique.dev
USER	MultipleRequests	START	1682420553607
REQUEST		T10_Home	1682420553607	1682420553608	KO	j.n.UnknownHostException: onlineboutique.dev
REQUEST		T20_Home	1682420553608	1682420553608	KO	j.n.UnknownHostException: onlineboutique.dev
USER	MultipleRequests	START	1682420553608
REQUEST		T10_Home	1682420553608	1682420553608	KO	j.n.UnknownHostException: onlineboutique.dev
REQUEST		T20_Home	1682420553608	1682420553608	KO	j.n.UnknownHostException: onlineboutique.dev
USER	MultipleRequests	START	1682420553608
REQUEST		T10_Home	1682420553608	1682420553608	KO	j.n.UnknownHostException: onlineboutique.dev
REQUEST		T20_Home	1682420553609	1682420553609	KO	j.n.UnknownHostException: onlineboutique.dev
USER	MultipleRequests	START	1682420553609
USER	MultipleRequests	END	1682420553609
USER	MultipleRequests	END	1682420553609
USER	MultipleRequests	END	1682420553609
REQUEST		T10_Home	1682420553609	1682420553609	KO	j.n.UnknownHostException: onlineboutique.dev
USER	MultipleRequests	END	1682420553609
USER	MultipleRequests	END	1682420553609
USER	MultipleRequests	END	1682420553609
REQUEST		T20_Home	1682420553609	1682420553609	KO	j.n.UnknownHostException: onlineboutique.dev
USER	MultipleRequests	START	1682420553609
REQUEST		T10_Home	1682420553610	1682420553610	KO	j.n.UnknownHostException: onlineboutique.dev
REQUEST		T20_Home	1682420553610	1682420553610	KO	j.n.UnknownHostException: onlineboutique.dev
USER	MultipleRequests	START	1682420553610
USER	MultipleRequests	END	1682420553610
USER	MultipleRequests	END	1682420553610
REQUEST		T20_Home	1682420553611	1682420553611	KO	j.n.UnknownHostException: onlineboutique.dev
USER	MultipleRequests	END	1682420553612
USER	MultipleRequests	START	1682420553612
REQUEST		T10_Home	1682420553620	1682420553620	KO	j.n.UnknownHostException: onlineboutique.dev
REQUEST		T20_Home	1682420553622	1682420553622	KO	j.n.UnknownHostException: onlineboutique.dev
USER	MultipleRequests	END	1682420553622
USER	MultipleRequests	START	1682420553622
REQUEST		T10_Home	1682420553623	1682420553623	KO	j.n.UnknownHostException: onlineboutique.dev
REQUEST		T20_Home	1682420553624	1682420553624	KO	j.n.UnknownHostException: onlineboutique.dev
USER	MultipleRequests	START	1682420553624
USER	MultipleRequests	END	1682420553624
REQUEST		T10_Home	1682420553624	1682420553624	KO	j.n.UnknownHostException: onlineboutique.dev
REQUEST		T10_Home	1682420553625	1682420553625	KO	j.n.UnknownHostException: onlineboutique.dev
REQUEST		T20_Home	1682420553625	1682420553625	KO	j.n.UnknownHostException: onlineboutique.dev
USER	MultipleRequests	START	1682420553625
USER	MultipleRequests	END	1682420553625
REQUEST		T10_Home	1682420553626	1682420553626	KO	j.n.UnknownHostException: onlineboutique.dev
REQUEST		T20_Home	1682420553626	1682420553626	KO	j.n.UnknownHostException: onlineboutique.dev
USER	MultipleRequests	END	1682420553627
USER	MultipleRequests	START	1682420553627
REQUEST		T10_Home	1682420553628	1682420553628	KO	j.n.UnknownHostException: onlineboutique.dev
REQUEST		T20_Home	1682420553628	1682420553628	KO	j.n.UnknownHostException: onlineboutique.dev
USER	MultipleRequests	END	1682420553629
USER	MultipleRequests	START	1682420553629
REQUEST		T20_Home	1682420553625	1682420553629	KO	j.n.UnknownHostException: onlineboutique.dev
USER	MultipleRequests	START	1682420553630
USER	MultipleRequests	END	1682420553630
REQUEST		T10_Home	1682420553630	1682420553630	KO	j.n.UnknownHostException: onlineboutique.dev
REQUEST		T20_Home	1682420553631	1682420553631	KO	j.n.UnknownHostException: onlineboutique.dev
USER	MultipleRequests	START	1682420553631
USER	MultipleRequests	END	1682420553631
REQUEST		T10_Home	1682420553631	1682420553631	KO	j.n.UnknownHostException: onlineboutique.dev
REQUEST		T10_Home	1682420553632	1682420553632	KO	j.n.UnknownHostException: onlineboutique.dev
REQUEST		T20_Home	1682420553632	1682420553632	KO	j.n.UnknownHostException: onlineboutique.dev
USER	MultipleRequests	END	1682420553632
USER	MultipleRequests	START	1682420553632
REQUEST		T20_Home	1682420553632	1682420553632	KO	j.n.UnknownHostException: onlineboutique.dev
USER	MultipleRequests	START	1682420553633
USER	MultipleRequests	END	1682420553633
REQUEST		T10_Home	1682420553633	1682420553633	KO	j.n.UnknownHostException: onlineboutique.dev
REQUEST		T20_Home	1682420553634	1682420553634	KO	j.n.UnknownHostException: onlineboutique.dev
REQUEST		T10_Home	1682420553634	1682420553634	KO	j.n.UnknownHostException: onlineboutique.dev
USER	MultipleRequests	START	1682420553634
USER	MultipleRequests	END	1682420553634
REQUEST		T20_Home	1682420553634	1682420553634	KO	j.n.UnknownHostException: onlineboutique.dev
REQUEST		T10_Home	1682420553635	1682420553635	KO	j.n.UnknownHostException: onlineboutique.dev
USER	MultipleRequests	END	1682420553635
USER	MultipleRequests	START	1682420553635
REQUEST		T20_Home	1682420553635	1682420553635	KO	j.n.UnknownHostException: onlineboutique.dev
USER	MultipleRequests	END	1682420553635
USER	MultipleRequests	START	1682420553636
REQUEST		T10_Home	1682420553636	1682420553636	KO	j.n.UnknownHostException: onlineboutique.dev
REQUEST		T10_Home	1682420553636	1682420553636	KO	j.n.UnknownHostException: onlineboutique.dev
REQUEST		T20_Home	1682420553636	1682420553637	KO	j.n.UnknownHostException: onlineboutique.dev
USER	MultipleRequests	START	1682420553637
USER	MultipleRequests	END	1682420553637
REQUEST		T20_Home	1682420553637	1682420553637	KO	j.n.UnknownHostException: onlineboutique.dev
USER	MultipleRequests	END	1682420553637
USER	MultipleRequests	START	1682420553637
REQUEST		T10_Home	1682420553638	1682420553638	KO	j.n.UnknownHostException: onlineboutique.dev
REQUEST		T10_Home	1682420553638	1682420553638	KO	j.n.UnknownHostException: onlineboutique.dev
REQUEST		T20_Home	1682420553638	1682420553638	KO	j.n.UnknownHostException: onlineboutique.dev
USER	MultipleRequests	START	1682420553638
REQUEST		T10_Home	1682420553639	1682420553639	KO	j.n.UnknownHostException: onlineboutique.dev
REQUEST		T20_Home	1682420553639	1682420553639	KO	j.n.UnknownHostException: onlineboutique.dev
USER	MultipleRequests	START	1682420553639
REQUEST		T10_Home	1682420553640	1682420553640	KO	j.n.UnknownHostException: onlineboutique.dev
REQUEST		T20_Home	1682420553640	1682420553640	KO	j.n.UnknownHostException: onlineboutique.dev
USER	MultipleRequests	START	1682420553640
REQUEST		T10_Home	1682420553641	1682420553641	KO	j.n.UnknownHostException: onlineboutique.dev
REQUEST		T20_Home	1682420553642	1682420553642	KO	j.n.UnknownHostException: onlineboutique.dev
USER	MultipleRequests	START	1682420553642
REQUEST		T10_Home	1682420553643	1682420553643	KO	j.n.UnknownHostException: onlineboutique.dev
REQUEST		T20_Home	1682420553643	1682420553643	KO	j.n.UnknownHostException: onlineboutique.dev
USER	MultipleRequests	START	1682420553643
REQUEST		T10_Home	1682420553644	1682420553644	KO	j.n.UnknownHostException: onlineboutique.dev
REQUEST		T20_Home	1682420553644	1682420553644	KO	j.n.UnknownHostException: onlineboutique.dev
USER	MultipleRequests	START	1682420553645
REQUEST		T10_Home	1682420553645	1682420553645	KO	j.n.UnknownHostException: onlineboutique.dev
REQUEST		T20_Home	1682420553646	1682420553646	KO	j.n.UnknownHostException: onlineboutique.dev
USER	MultipleRequests	END	1682420553647
USER	MultipleRequests	END	1682420553647
USER	MultipleRequests	END	1682420553647
USER	MultipleRequests	END	1682420553647
USER	MultipleRequests	END	1682420553647
USER	MultipleRequests	END	1682420553647
USER	MultipleRequests	START	1682420553663
REQUEST		T10_Home	1682420553663	1682420553663	KO	j.n.UnknownHostException: onlineboutique.dev
REQUEST		T20_Home	1682420553664	1682420553664	KO	j.n.UnknownHostException: onlineboutique.dev
USER	MultipleRequests	START	1682420553664
REQUEST		T10_Home	1682420553664	1682420553665	KO	j.n.UnknownHostException: onlineboutique.dev
REQUEST		T20_Home	1682420553665	1682420553665	KO	j.n.UnknownHostException: onlineboutique.dev
USER	MultipleRequests	START	1682420553665
REQUEST		T10_Home	1682420553665	1682420553665	KO	j.n.UnknownHostException: onlineboutique.dev
REQUEST		T20_Home	1682420553666	1682420553666	KO	j.n.UnknownHostException: onlineboutique.dev
USER	MultipleRequests	START	1682420553666
REQUEST		T10_Home	1682420553666	1682420553666	KO	j.n.UnknownHostException: onlineboutique.dev
REQUEST		T20_Home	1682420553666	1682420553666	KO	j.n.UnknownHostException: onlineboutique.dev
USER	MultipleRequests	START	1682420553667
REQUEST		T10_Home	1682420553667	1682420553667	KO	j.n.UnknownHostException: onlineboutique.dev
REQUEST		T20_Home	1682420553667	1682420553667	KO	j.n.UnknownHostException: onlineboutique.dev
USER	MultipleRequests	START	1682420553667
REQUEST		T10_Home	1682420553668	1682420553668	KO	j.n.UnknownHostException: onlineboutique.dev
REQUEST		T20_Home	1682420553668	1682420553668	KO	j.n.UnknownHostException: onlineboutique.dev
USER	MultipleRequests	START	1682420553668
REQUEST		T10_Home	1682420553669	1682420553669	KO	j.n.UnknownHostException: onlineboutique.dev
REQUEST		T20_Home	1682420553669	1682420553669	KO	j.n.UnknownHostException: onlineboutique.dev
USER	MultipleRequests	START	1682420553669
REQUEST		T10_Home	1682420553670	1682420553670	KO	j.n.UnknownHostException: onlineboutique.dev
REQUEST		T20_Home	1682420553670	1682420553670	KO	j.n.UnknownHostException: onlineboutique.dev
USER	MultipleRequests	START	1682420553670
REQUEST		T20_Home	1682420553670	1682420553670	KO	j.n.UnknownHostException: onlineboutique.dev
USER	MultipleRequests	START	1682420553670
REQUEST		T10_Home	1682420553671	1682420553671	KO	j.n.UnknownHostException: onlineboutique.dev
REQUEST		T20_Home	1682420553671	1682420553671	KO	j.n.UnknownHostException: onlineboutique.dev
USER	MultipleRequests	START	1682420553671
REQUEST		T10_Home	1682420553672	1682420553672	KO	j.n.UnknownHostException: onlineboutique.dev
REQUEST		T20_Home	1682420553672	1682420553672	KO	j.n.UnknownHostException: onlineboutique.dev
USER	MultipleRequests	START	1682420553672
REQUEST		T10_Home	1682420553673	1682420553673	KO	j.n.UnknownHostException: onlineboutique.dev
REQUEST		T20_Home	1682420553673	1682420553673	KO	j.n.UnknownHostException: onlineboutique.dev
USER	MultipleRequests	START	1682420553673
REQUEST		T10_Home	1682420553673	1682420553673	KO	j.n.UnknownHostException: onlineboutique.dev
REQUEST		T20_Home	1682420553674	1682420553674	KO	j.n.UnknownHostException: onlineboutique.dev
USER	MultipleRequests	START	1682420553674
REQUEST		T10_Home	1682420553674	1682420553674	KO	j.n.UnknownHostException: onlineboutique.dev
REQUEST		T20_Home	1682420553675	1682420553675	KO	j.n.UnknownHostException: onlineboutique.dev
USER	MultipleRequests	START	1682420553676
REQUEST		T10_Home	1682420553677	1682420553677	KO	j.n.UnknownHostException: onlineboutique.dev
REQUEST		T20_Home	1682420553678	1682420553678	KO	j.n.UnknownHostException: onlineboutique.dev
USER	MultipleRequests	START	1682420553679
REQUEST		T10_Home	1682420553681	1682420553681	KO	j.n.UnknownHostException: onlineboutique.dev
REQUEST		T20_Home	1682420553684	1682420553684	KO	j.n.UnknownHostException: onlineboutique.dev
USER	MultipleRequests	START	1682420553685
REQUEST		T10_Home	1682420553690	1682420553691	KO	j.n.UnknownHostException: onlineboutique.dev
REQUEST		T20_Home	1682420553691	1682420553691	KO	j.n.UnknownHostException: onlineboutique.dev
USER	MultipleRequests	START	1682420553691
REQUEST		T10_Home	1682420553692	1682420553692	KO	j.n.UnknownHostException: onlineboutique.dev
USER	MultipleRequests	END	1682420553692
USER	MultipleRequests	END	1682420553692
USER	MultipleRequests	END	1682420553692
USER	MultipleRequests	END	1682420553692
USER	MultipleRequests	END	1682420553692
USER	MultipleRequests	END	1682420553692
USER	MultipleRequests	END	1682420553692
USER	MultipleRequests	END	1682420553692
USER	MultipleRequests	END	1682420553692
USER	MultipleRequests	END	1682420553692
USER	MultipleRequests	END	1682420553692
USER	MultipleRequests	END	1682420553692
USER	MultipleRequests	END	1682420553692
USER	MultipleRequests	END	1682420553692
USER	MultipleRequests	END	1682420553692
USER	MultipleRequests	END	1682420553692
USER	MultipleRequests	END	1682420553692
USER	MultipleRequests	END	1682420553692
REQUEST		T20_Home	1682420553699	1682420553705	KO	j.n.UnknownHostException: onlineboutique.dev
USER	MultipleRequests	START	1682420553706
REQUEST		T10_Home	1682420553707	1682420553707	KO	j.n.UnknownHostException: onlineboutique.dev
REQUEST		T20_Home	1682420553708	1682420553708	KO	j.n.UnknownHostException: onlineboutique.dev
USER	MultipleRequests	END	1682420553708
USER	MultipleRequests	START	1682420553708
REQUEST		T10_Home	1682420553709	1682420553709	KO	j.n.UnknownHostException: onlineboutique.dev
REQUEST		T20_Home	1682420553709	1682420553709	KO	j.n.UnknownHostException: onlineboutique.dev
USER	MultipleRequests	START	1682420553709
USER	MultipleRequests	END	1682420553709
USER	MultipleRequests	END	1682420553709
REQUEST		T20_Home	1682420553502	1682420553502	KO	j.n.UnknownHostException: onlineboutique.dev
USER	MultipleRequests	START	1682420553710
REQUEST		T10_Home	1682420553711	1682420553711	KO	j.n.UnknownHostException: onlineboutique.dev
REQUEST		T20_Home	1682420553711	1682420553711	KO	j.n.UnknownHostException: onlineboutique.dev
USER	MultipleRequests	START	1682420553712
REQUEST		T10_Home	1682420553712	1682420553712	KO	j.n.UnknownHostException: onlineboutique.dev
REQUEST		T20_Home	1682420553713	1682420553713	KO	j.n.UnknownHostException: onlineboutique.dev
USER	MultipleRequests	START	1682420553713
REQUEST		T10_Home	1682420553713	1682420553713	KO	j.n.UnknownHostException: onlineboutique.dev
REQUEST		T20_Home	1682420553714	1682420553714	KO	j.n.UnknownHostException: onlineboutique.dev
USER	MultipleRequests	START	1682420553714
REQUEST		T10_Home	1682420553714	1682420553714	KO	j.n.UnknownHostException: onlineboutique.dev
REQUEST		T20_Home	1682420553715	1682420553715	KO	j.n.UnknownHostException: onlineboutique.dev
USER	MultipleRequests	START	1682420553715
REQUEST		T10_Home	1682420553715	1682420553715	KO	j.n.UnknownHostException: onlineboutique.dev
REQUEST		T20_Home	1682420553716	1682420553716	KO	j.n.UnknownHostException: onlineboutique.dev
USER	MultipleRequests	START	1682420553716
REQUEST		T10_Home	1682420553716	1682420553716	KO	j.n.UnknownHostException: onlineboutique.dev
REQUEST		T20_Home	1682420553717	1682420553717	KO	j.n.UnknownHostException: onlineboutique.dev
USER	MultipleRequests	START	1682420553717
REQUEST		T10_Home	1682420553717	1682420553717	KO	j.n.UnknownHostException: onlineboutique.dev
REQUEST		T20_Home	1682420553718	1682420553718	KO	j.n.UnknownHostException: onlineboutique.dev
USER	MultipleRequests	START	1682420553718
REQUEST		T20_Home	1682420553539	1682420553718	KO	j.n.UnknownHostException: onlineboutique.dev
USER	MultipleRequests	START	1682420553718
REQUEST		T10_Home	1682420553718	1682420553718	KO	j.n.UnknownHostException: onlineboutique.dev
REQUEST		T20_Home	1682420553719	1682420553719	KO	j.n.UnknownHostException: onlineboutique.dev
USER	MultipleRequests	START	1682420553719
REQUEST		T10_Home	1682420553719	1682420553719	KO	j.n.UnknownHostException: onlineboutique.dev
REQUEST		T20_Home	1682420553719	1682420553719	KO	j.n.UnknownHostException: onlineboutique.dev
USER	MultipleRequests	START	1682420553719
REQUEST		T10_Home	1682420553719	1682420553719	KO	j.n.UnknownHostException: onlineboutique.dev
REQUEST		T20_Home	1682420553719	1682420553719	KO	j.n.UnknownHostException: onlineboutique.dev
USER	MultipleRequests	START	1682420553719
REQUEST		T10_Home	1682420553719	1682420553719	KO	j.n.UnknownHostException: onlineboutique.dev
REQUEST		T20_Home	1682420553720	1682420553720	KO	j.n.UnknownHostException: onlineboutique.dev
USER	MultipleRequests	START	1682420553720
REQUEST		T10_Home	1682420553720	1682420553720	KO	j.n.UnknownHostException: onlineboutique.dev
REQUEST		T20_Home	1682420553720	1682420553720	KO	j.n.UnknownHostException: onlineboutique.dev
USER	MultipleRequests	START	1682420553720
REQUEST		T10_Home	1682420553720	1682420553720	KO	j.n.UnknownHostException: onlineboutique.dev
REQUEST		T20_Home	1682420553720	1682420553720	KO	j.n.UnknownHostException: onlineboutique.dev
USER	MultipleRequests	START	1682420553721
REQUEST		T10_Home	1682420553721	1682420553721	KO	j.n.UnknownHostException: onlineboutique.dev
REQUEST		T20_Home	1682420553721	1682420553721	KO	j.n.UnknownHostException: onlineboutique.dev
USER	MultipleRequests	START	1682420553722
USER	MultipleRequests	END	1682420553722
USER	MultipleRequests	END	1682420553722
USER	MultipleRequests	END	1682420553722
USER	MultipleRequests	END	1682420553722
USER	MultipleRequests	END	1682420553722
USER	MultipleRequests	END	1682420553722
USER	MultipleRequests	END	1682420553722
USER	MultipleRequests	END	1682420553722
USER	MultipleRequests	END	1682420553722
USER	MultipleRequests	END	1682420553722
USER	MultipleRequests	END	1682420553722
USER	MultipleRequests	END	1682420553722
USER	MultipleRequests	END	1682420553722
USER	MultipleRequests	END	1682420553722
USER	MultipleRequests	END	1682420553722
USER	MultipleRequests	END	1682420553722
REQUEST		T10_Home	1682420553723	1682420553723	KO	j.n.UnknownHostException: onlineboutique.dev
REQUEST		T20_Home	1682420553723	1682420553723	KO	j.n.UnknownHostException: onlineboutique.dev
USER	MultipleRequests	START	1682420553723
REQUEST		T10_Home	1682420553723	1682420553723	KO	j.n.UnknownHostException: onlineboutique.dev
REQUEST		T10_Home	1682420553723	1682420553724	KO	j.n.UnknownHostException: onlineboutique.dev
REQUEST		T20_Home	1682420553723	1682420553724	KO	j.n.UnknownHostException: onlineboutique.dev
REQUEST		T20_Home	1682420553724	1682420553724	KO	j.n.UnknownHostException: onlineboutique.dev
USER	MultipleRequests	START	1682420553724
USER	MultipleRequests	END	1682420553724
USER	MultipleRequests	END	1682420553724
USER	MultipleRequests	START	1682420553724
USER	MultipleRequests	END	1682420553724
REQUEST		T10_Home	1682420553725	1682420553725	KO	j.n.UnknownHostException: onlineboutique.dev
REQUEST		T20_Home	1682420553725	1682420553725	KO	j.n.UnknownHostException: onlineboutique.dev
USER	MultipleRequests	START	1682420553725
REQUEST		T10_Home	1682420553726	1682420553726	KO	j.n.UnknownHostException: onlineboutique.dev
REQUEST		T20_Home	1682420553726	1682420553726	KO	j.n.UnknownHostException: onlineboutique.dev
USER	MultipleRequests	START	1682420553726
REQUEST		T10_Home	1682420553727	1682420553727	KO	j.n.UnknownHostException: onlineboutique.dev
REQUEST		T20_Home	1682420553727	1682420553727	KO	j.n.UnknownHostException: onlineboutique.dev
USER	MultipleRequests	START	1682420553727
REQUEST		T10_Home	1682420553728	1682420553728	KO	j.n.UnknownHostException: onlineboutique.dev
REQUEST		T20_Home	1682420553728	1682420553728	KO	j.n.UnknownHostException: onlineboutique.dev
USER	MultipleRequests	START	1682420553729
REQUEST		T10_Home	1682420553729	1682420553729	KO	j.n.UnknownHostException: onlineboutique.dev
REQUEST		T20_Home	1682420553729	1682420553729	KO	j.n.UnknownHostException: onlineboutique.dev
USER	MultipleRequests	START	1682420553730
REQUEST		T10_Home	1682420553730	1682420553730	KO	j.n.UnknownHostException: onlineboutique.dev
REQUEST		T20_Home	1682420553730	1682420553730	KO	j.n.UnknownHostException: onlineboutique.dev
USER	MultipleRequests	START	1682420553730
REQUEST		T10_Home	1682420553731	1682420553731	KO	j.n.UnknownHostException: onlineboutique.dev
REQUEST		T20_Home	1682420553731	1682420553731	KO	j.n.UnknownHostException: onlineboutique.dev
USER	MultipleRequests	START	1682420553731
REQUEST		T10_Home	1682420553732	1682420553732	KO	j.n.UnknownHostException: onlineboutique.dev
REQUEST		T20_Home	1682420553732	1682420553732	KO	j.n.UnknownHostException: onlineboutique.dev
USER	MultipleRequests	START	1682420553733
REQUEST		T10_Home	1682420553733	1682420553733	KO	j.n.UnknownHostException: onlineboutique.dev
USER	MultipleRequests	END	1682420553733
REQUEST		T20_Home	1682420553733	1682420553733	KO	j.n.UnknownHostException: onlineboutique.dev
USER	MultipleRequests	END	1682420553733
USER	MultipleRequests	END	1682420553733
USER	MultipleRequests	END	1682420553733
USER	MultipleRequests	END	1682420553733
USER	MultipleRequests	END	1682420553733
USER	MultipleRequests	END	1682420553733
USER	MultipleRequests	END	1682420553733
USER	MultipleRequests	START	1682420553734
USER	MultipleRequests	END	1682420553734
REQUEST		T10_Home	1682420553734	1682420553734	KO	j.n.UnknownHostException: onlineboutique.dev
REQUEST		T10_Home	1682420553734	1682420553735	KO	j.n.UnknownHostException: onlineboutique.dev
REQUEST		T20_Home	1682420553734	1682420553734	KO	j.n.UnknownHostException: onlineboutique.dev
USER	MultipleRequests	START	1682420553735
REQUEST		T20_Home	1682420553735	1682420553735	KO	j.n.UnknownHostException: onlineboutique.dev
USER	MultipleRequests	START	1682420553735
REQUEST		T10_Home	1682420553735	1682420553735	KO	j.n.UnknownHostException: onlineboutique.dev
REQUEST		T20_Home	1682420553736	1682420553736	KO	j.n.UnknownHostException: onlineboutique.dev
USER	MultipleRequests	START	1682420553736
REQUEST		T10_Home	1682420553736	1682420553736	KO	j.n.UnknownHostException: onlineboutique.dev
REQUEST		T20_Home	1682420553737	1682420553737	KO	j.n.UnknownHostException: onlineboutique.dev
USER	MultipleRequests	END	1682420553737
USER	MultipleRequests	END	1682420553737
USER	MultipleRequests	END	1682420553737
USER	MultipleRequests	START	1682420553737
USER	MultipleRequests	END	1682420553737
REQUEST		T10_Home	1682420553738	1682420553738	KO	j.n.UnknownHostException: onlineboutique.dev
REQUEST		T20_Home	1682420553738	1682420553738	KO	j.n.UnknownHostException: onlineboutique.dev
USER	MultipleRequests	START	1682420553738
USER	MultipleRequests	END	1682420553738
REQUEST		T10_Home	1682420553739	1682420553739	KO	j.n.UnknownHostException: onlineboutique.dev
REQUEST		T20_Home	1682420553739	1682420553739	KO	j.n.UnknownHostException: onlineboutique.dev
USER	MultipleRequests	END	1682420553739
USER	MultipleRequests	START	1682420553739
REQUEST		T10_Home	1682420553740	1682420553740	KO	j.n.UnknownHostException: onlineboutique.dev
REQUEST		T20_Home	1682420553740	1682420553740	KO	j.n.UnknownHostException: onlineboutique.dev
USER	MultipleRequests	START	1682420553740
REQUEST		T10_Home	1682420553741	1682420553741	KO	j.n.UnknownHostException: onlineboutique.dev
REQUEST		T20_Home	1682420553741	1682420553741	KO	j.n.UnknownHostException: onlineboutique.dev
USER	MultipleRequests	END	1682420553741
USER	MultipleRequests	END	1682420553741
USER	MultipleRequests	START	1682420553741
REQUEST		T10_Home	1682420553742	1682420553742	KO	j.n.UnknownHostException: onlineboutique.dev
REQUEST		T20_Home	1682420553742	1682420553742	KO	j.n.UnknownHostException: onlineboutique.dev
USER	MultipleRequests	START	1682420553743
USER	MultipleRequests	END	1682420553743
REQUEST		T10_Home	1682420553743	1682420553743	KO	j.n.UnknownHostException: onlineboutique.dev
REQUEST		T20_Home	1682420553743	1682420553743	KO	j.n.UnknownHostException: onlineboutique.dev
USER	MultipleRequests	START	1682420553744
REQUEST		T10_Home	1682420553744	1682420553744	KO	j.n.UnknownHostException: onlineboutique.dev
REQUEST		T20_Home	1682420553744	1682420553744	KO	j.n.UnknownHostException: onlineboutique.dev
USER	MultipleRequests	START	1682420553745
REQUEST		T10_Home	1682420553745	1682420553745	KO	j.n.UnknownHostException: onlineboutique.dev
REQUEST		T20_Home	1682420553745	1682420553745	KO	j.n.UnknownHostException: onlineboutique.dev
USER	MultipleRequests	START	1682420553746
REQUEST		T10_Home	1682420553746	1682420553746	KO	j.n.UnknownHostException: onlineboutique.dev
REQUEST		T20_Home	1682420553746	1682420553747	KO	j.n.UnknownHostException: onlineboutique.dev
USER	MultipleRequests	START	1682420553747
REQUEST		T10_Home	1682420553747	1682420553747	KO	j.n.UnknownHostException: onlineboutique.dev
USER	MultipleRequests	END	1682420553748
USER	MultipleRequests	END	1682420553748
USER	MultipleRequests	END	1682420553748
USER	MultipleRequests	END	1682420553748
REQUEST		T20_Home	1682420553748	1682420553748	KO	j.n.UnknownHostException: onlineboutique.dev
USER	MultipleRequests	START	1682420553748
USER	MultipleRequests	END	1682420553748
REQUEST		T10_Home	1682420553748	1682420553749	KO	j.n.UnknownHostException: onlineboutique.dev
REQUEST		T20_Home	1682420553749	1682420553749	KO	j.n.UnknownHostException: onlineboutique.dev
USER	MultipleRequests	END	1682420553749
USER	MultipleRequests	START	1682420553749
REQUEST		T10_Home	1682420553750	1682420553750	KO	j.n.UnknownHostException: onlineboutique.dev
REQUEST		T20_Home	1682420553750	1682420553750	KO	j.n.UnknownHostException: onlineboutique.dev
USER	MultipleRequests	START	1682420553751
USER	MultipleRequests	END	1682420553751
REQUEST		T10_Home	1682420553751	1682420553751	KO	j.n.UnknownHostException: onlineboutique.dev
REQUEST		T20_Home	1682420553751	1682420553752	KO	j.n.UnknownHostException: onlineboutique.dev
USER	MultipleRequests	START	1682420553752
REQUEST		T10_Home	1682420553752	1682420553752	KO	j.n.UnknownHostException: onlineboutique.dev
REQUEST		T20_Home	1682420553752	1682420553752	KO	j.n.UnknownHostException: onlineboutique.dev
USER	MultipleRequests	START	1682420553753
USER	MultipleRequests	END	1682420553753
REQUEST		T10_Home	1682420553753	1682420553753	KO	j.n.UnknownHostException: onlineboutique.dev
USER	MultipleRequests	END	1682420553753
REQUEST		T20_Home	1682420553753	1682420553754	KO	j.n.UnknownHostException: onlineboutique.dev
USER	MultipleRequests	START	1682420553754
REQUEST		T10_Home	1682420553754	1682420553754	KO	j.n.UnknownHostException: onlineboutique.dev
REQUEST		T20_Home	1682420553755	1682420553755	KO	j.n.UnknownHostException: onlineboutique.dev
USER	MultipleRequests	START	1682420553755
REQUEST		T10_Home	1682420553755	1682420553755	KO	j.n.UnknownHostException: onlineboutique.dev
REQUEST		T20_Home	1682420553756	1682420553756	KO	j.n.UnknownHostException: onlineboutique.dev
USER	MultipleRequests	END	1682420553756
USER	MultipleRequests	END	1682420553756
USER	MultipleRequests	END	1682420553756
USER	MultipleRequests	START	1682420553756
REQUEST		T10_Home	1682420553757	1682420553757	KO	j.n.UnknownHostException: onlineboutique.dev
REQUEST		T20_Home	1682420553757	1682420553757	KO	j.n.UnknownHostException: onlineboutique.dev
USER	MultipleRequests	START	1682420553757
REQUEST		T10_Home	1682420553758	1682420553758	KO	j.n.UnknownHostException: onlineboutique.dev
REQUEST		T20_Home	1682420553758	1682420553758	KO	j.n.UnknownHostException: onlineboutique.dev
USER	MultipleRequests	START	1682420553758
REQUEST		T10_Home	1682420553759	1682420553759	KO	j.n.UnknownHostException: onlineboutique.dev
REQUEST		T20_Home	1682420553759	1682420553759	KO	j.n.UnknownHostException: onlineboutique.dev
USER	MultipleRequests	START	1682420553760
REQUEST		T10_Home	1682420553760	1682420553760	KO	j.n.UnknownHostException: onlineboutique.dev
REQUEST		T20_Home	1682420553760	1682420553760	KO	j.n.UnknownHostException: onlineboutique.dev
USER	MultipleRequests	START	1682420553761
USER	MultipleRequests	END	1682420553761
USER	MultipleRequests	END	1682420553761
USER	MultipleRequests	END	1682420553761
USER	MultipleRequests	END	1682420553761
REQUEST		T10_Home	1682420553762	1682420553762	KO	j.n.UnknownHostException: onlineboutique.dev
REQUEST		T20_Home	1682420553762	1682420553762	KO	j.n.UnknownHostException: onlineboutique.dev
USER	MultipleRequests	END	1682420553763
USER	MultipleRequests	START	1682420553763
