RUN	botiqueClass.Boutiquee	boutiquee	1683105116948	testing purpose	3.9.0
USER	MultipleRequests	START	1683105118406
USER	MultipleRequests	START	1683105118406
USER	MultipleRequests	START	1683105118408
USER	MultipleRequests	START	1683105118408
USER	MultipleRequests	START	1683105118409
USER	MultipleRequests	START	1683105118409
USER	MultipleRequests	START	1683105118410
USER	MultipleRequests	START	1683105118410
USER	MultipleRequests	START	1683105118411
USER	MultipleRequests	START	1683105118411
USER	MultipleRequests	START	1683105118412
USER	MultipleRequests	START	1683105118414
USER	MultipleRequests	START	1683105118414
USER	MultipleRequests	START	1683105118414
USER	MultipleRequests	START	1683105118415
USER	MultipleRequests	START	1683105118416
USER	MultipleRequests	START	1683105118416
USER	MultipleRequests	START	1683105118417
USER	MultipleRequests	START	1683105118417
USER	MultipleRequests	START	1683105118418
USER	MultipleRequests	START	1683105118418
USER	MultipleRequests	START	1683105118419
USER	MultipleRequests	START	1683105118419
USER	MultipleRequests	START	1683105118419
USER	MultipleRequests	START	1683105118420
USER	MultipleRequests	START	1683105118421
USER	MultipleRequests	START	1683105118421
USER	MultipleRequests	START	1683105118422
USER	MultipleRequests	START	1683105118422
USER	MultipleRequests	START	1683105118422
USER	MultipleRequests	START	1683105118422
USER	MultipleRequests	START	1683105118423
USER	MultipleRequests	START	1683105118423
USER	MultipleRequests	START	1683105118423
USER	MultipleRequests	START	1683105118424
USER	MultipleRequests	START	1683105118424
USER	MultipleRequests	START	1683105118424
USER	MultipleRequests	START	1683105118424
USER	MultipleRequests	START	1683105118425
USER	MultipleRequests	START	1683105118425
USER	MultipleRequests	START	1683105118425
USER	MultipleRequests	START	1683105118425
USER	MultipleRequests	START	1683105118426
USER	MultipleRequests	START	1683105118426
USER	MultipleRequests	START	1683105118426
USER	MultipleRequests	START	1683105118426
USER	MultipleRequests	START	1683105118427
USER	MultipleRequests	START	1683105118427
USER	MultipleRequests	START	1683105118428
USER	MultipleRequests	START	1683105118428
USER	MultipleRequests	START	1683105118428
USER	MultipleRequests	START	1683105118428
USER	MultipleRequests	START	1683105118429
USER	MultipleRequests	START	1683105118429
USER	MultipleRequests	START	1683105118429
USER	MultipleRequests	START	1683105118429
USER	MultipleRequests	START	1683105118430
USER	MultipleRequests	START	1683105118430
USER	MultipleRequests	START	1683105118430
USER	MultipleRequests	START	1683105118431
USER	MultipleRequests	START	1683105118431
USER	MultipleRequests	START	1683105118431
USER	MultipleRequests	START	1683105118431
USER	MultipleRequests	START	1683105118432
USER	MultipleRequests	START	1683105118432
USER	MultipleRequests	START	1683105118432
USER	MultipleRequests	START	1683105118433
USER	MultipleRequests	START	1683105118433
USER	MultipleRequests	START	1683105118433
USER	MultipleRequests	START	1683105118433
USER	MultipleRequests	START	1683105118434
USER	MultipleRequests	START	1683105118434
USER	MultipleRequests	START	1683105118434
USER	MultipleRequests	START	1683105118434
USER	MultipleRequests	START	1683105118435
USER	MultipleRequests	START	1683105118435
USER	MultipleRequests	START	1683105118435
USER	MultipleRequests	START	1683105118435
USER	MultipleRequests	START	1683105118406
USER	MultipleRequests	START	1683105118436
USER	MultipleRequests	START	1683105118436
USER	MultipleRequests	START	1683105118437
USER	MultipleRequests	START	1683105118437
USER	MultipleRequests	START	1683105118435
USER	MultipleRequests	START	1683105118439
USER	MultipleRequests	START	1683105118439
USER	MultipleRequests	START	1683105118436
USER	MultipleRequests	START	1683105118439
USER	MultipleRequests	START	1683105118440
USER	MultipleRequests	START	1683105118440
USER	MultipleRequests	START	1683105118440
USER	MultipleRequests	START	1683105118441
USER	MultipleRequests	START	1683105118441
USER	MultipleRequests	START	1683105118441
USER	MultipleRequests	START	1683105118441
USER	MultipleRequests	START	1683105118442
USER	MultipleRequests	START	1683105118442
USER	MultipleRequests	START	1683105118442
USER	MultipleRequests	START	1683105118442
USER	MultipleRequests	START	1683105118443
USER	MultipleRequests	START	1683105118443
USER	MultipleRequests	START	1683105118444
USER	MultipleRequests	START	1683105118444
USER	MultipleRequests	START	1683105118445
USER	MultipleRequests	START	1683105118445
USER	MultipleRequests	START	1683105118445
USER	MultipleRequests	START	1683105118446
USER	MultipleRequests	START	1683105118446
USER	MultipleRequests	START	1683105118447
USER	MultipleRequests	START	1683105118447
USER	MultipleRequests	START	1683105118447
USER	MultipleRequests	START	1683105118447
USER	MultipleRequests	START	1683105118447
USER	MultipleRequests	START	1683105118448
USER	MultipleRequests	START	1683105118448
USER	MultipleRequests	START	1683105118449
USER	MultipleRequests	START	1683105118449
USER	MultipleRequests	START	1683105118449
USER	MultipleRequests	START	1683105118450
USER	MultipleRequests	START	1683105118450
USER	MultipleRequests	START	1683105118451
USER	MultipleRequests	START	1683105118451
USER	MultipleRequests	START	1683105118452
USER	MultipleRequests	START	1683105118452
USER	MultipleRequests	START	1683105118453
USER	MultipleRequests	START	1683105118453
USER	MultipleRequests	START	1683105118454
USER	MultipleRequests	START	1683105118455
USER	MultipleRequests	START	1683105118455
USER	MultipleRequests	START	1683105118456
USER	MultipleRequests	START	1683105118456
USER	MultipleRequests	START	1683105118456
USER	MultipleRequests	START	1683105118456
USER	MultipleRequests	START	1683105118457
USER	MultipleRequests	START	1683105118457
USER	MultipleRequests	START	1683105118457
USER	MultipleRequests	START	1683105118458
USER	MultipleRequests	START	1683105118458
USER	MultipleRequests	START	1683105118458
USER	MultipleRequests	START	1683105118458
USER	MultipleRequests	START	1683105118459
USER	MultipleRequests	START	1683105118459
USER	MultipleRequests	START	1683105118459
USER	MultipleRequests	START	1683105118459
USER	MultipleRequests	START	1683105118460
USER	MultipleRequests	START	1683105118460
USER	MultipleRequests	START	1683105118460
USER	MultipleRequests	START	1683105118461
USER	MultipleRequests	START	1683105118461
USER	MultipleRequests	START	1683105118461
USER	MultipleRequests	START	1683105118462
USER	MultipleRequests	START	1683105118462
USER	MultipleRequests	START	1683105118462
USER	MultipleRequests	START	1683105118462
USER	MultipleRequests	START	1683105118463
USER	MultipleRequests	START	1683105118463
USER	MultipleRequests	START	1683105118463
USER	MultipleRequests	START	1683105118464
USER	MultipleRequests	START	1683105118464
USER	MultipleRequests	START	1683105118464
USER	MultipleRequests	START	1683105118464
USER	MultipleRequests	START	1683105118465
USER	MultipleRequests	START	1683105118465
USER	MultipleRequests	START	1683105118465
USER	MultipleRequests	START	1683105118466
USER	MultipleRequests	START	1683105118466
USER	MultipleRequests	START	1683105118466
USER	MultipleRequests	START	1683105118466
USER	MultipleRequests	START	1683105118467
USER	MultipleRequests	START	1683105118467
USER	MultipleRequests	START	1683105118468
USER	MultipleRequests	START	1683105118468
USER	MultipleRequests	START	1683105118469
USER	MultipleRequests	START	1683105118469
USER	MultipleRequests	START	1683105118469
USER	MultipleRequests	START	1683105118469
USER	MultipleRequests	START	1683105118470
USER	MultipleRequests	START	1683105118471
USER	MultipleRequests	START	1683105118471
USER	MultipleRequests	START	1683105118471
USER	MultipleRequests	START	1683105118471
USER	MultipleRequests	START	1683105118472
USER	MultipleRequests	START	1683105118472
USER	MultipleRequests	START	1683105118472
USER	MultipleRequests	START	1683105118473
USER	MultipleRequests	START	1683105118473
USER	MultipleRequests	START	1683105118473
USER	MultipleRequests	START	1683105118474
USER	MultipleRequests	START	1683105118474
USER	MultipleRequests	START	1683105118474
USER	MultipleRequests	START	1683105118473
USER	MultipleRequests	START	1683105118475
USER	MultipleRequests	START	1683105118475
USER	MultipleRequests	START	1683105118475
USER	MultipleRequests	START	1683105118475
USER	MultipleRequests	START	1683105118475
USER	MultipleRequests	START	1683105118475
USER	MultipleRequests	START	1683105118476
USER	MultipleRequests	START	1683105118476
USER	MultipleRequests	START	1683105118477
USER	MultipleRequests	START	1683105118477
USER	MultipleRequests	START	1683105118479
USER	MultipleRequests	START	1683105118479
USER	MultipleRequests	START	1683105118479
USER	MultipleRequests	START	1683105118480
USER	MultipleRequests	START	1683105118485
USER	MultipleRequests	START	1683105118487
USER	MultipleRequests	START	1683105118488
USER	MultipleRequests	START	1683105118489
USER	MultipleRequests	START	1683105118491
USER	MultipleRequests	START	1683105118493
USER	MultipleRequests	START	1683105118495
USER	MultipleRequests	START	1683105118496
USER	MultipleRequests	START	1683105118496
USER	MultipleRequests	START	1683105118497
USER	MultipleRequests	START	1683105118498
USER	MultipleRequests	START	1683105118498
USER	MultipleRequests	START	1683105118500
USER	MultipleRequests	START	1683105118500
USER	MultipleRequests	START	1683105118501
USER	MultipleRequests	START	1683105118502
USER	MultipleRequests	START	1683105118502
USER	MultipleRequests	START	1683105118504
USER	MultipleRequests	START	1683105118504
USER	MultipleRequests	START	1683105118512
USER	MultipleRequests	START	1683105118513
USER	MultipleRequests	START	1683105118529
USER	MultipleRequests	START	1683105118530
USER	MultipleRequests	START	1683105118532
USER	MultipleRequests	START	1683105118533
USER	MultipleRequests	START	1683105118536
USER	MultipleRequests	START	1683105118542
USER	MultipleRequests	START	1683105118545
USER	MultipleRequests	START	1683105118588
USER	MultipleRequests	START	1683105118588
USER	MultipleRequests	START	1683105118590
USER	MultipleRequests	START	1683105118591
USER	MultipleRequests	START	1683105118657
USER	MultipleRequests	START	1683105118659
USER	MultipleRequests	START	1683105118661
USER	MultipleRequests	START	1683105118664
USER	MultipleRequests	START	1683105118666
USER	MultipleRequests	START	1683105118667
USER	MultipleRequests	START	1683105118668
USER	MultipleRequests	START	1683105118669
USER	MultipleRequests	START	1683105118670
USER	MultipleRequests	START	1683105118673
USER	MultipleRequests	START	1683105118676
USER	MultipleRequests	START	1683105118677
USER	MultipleRequests	START	1683105118679
REQUEST		T10_Home	1683105118402	1683105119049	OK	 
REQUEST		T10_Home	1683105118408	1683105119116	OK	 
REQUEST		T10_Home	1683105118407	1683105119049	OK	 
REQUEST		T10_Home	1683105118407	1683105119118	OK	 
REQUEST		T10_Home	1683105118412	1683105119120	OK	 
REQUEST		T10_Home	1683105118402	1683105119121	OK	 
REQUEST		T10_Home	1683105118410	1683105119148	OK	 
REQUEST		T10_Home	1683105118411	1683105119151	OK	 
REQUEST		T10_Home	1683105118410	1683105119230	OK	 
REQUEST		T20_Home	1683105119119	1683105119531	KO	status.find.in([200, 209], 304), found 404
REQUEST		T20_Home	1683105119094	1683105119531	KO	status.find.in([200, 209], 304), found 404
USER	MultipleRequests	END	1683105119539
USER	MultipleRequests	END	1683105119539
REQUEST		T20_Home	1683105119117	1683105119539	KO	status.find.in([200, 209], 304), found 404
USER	MultipleRequests	END	1683105119540
REQUEST		T20_Home	1683105119151	1683105119730	KO	status.find.in([200, 209], 304), found 404
USER	MultipleRequests	END	1683105119732
REQUEST		T10_Home	1683105118411	1683105119826	OK	 
REQUEST		T20_Home	1683105119120	1683105119833	KO	status.find.in([200, 209], 304), found 404
USER	MultipleRequests	END	1683105119836
REQUEST		T20_Home	1683105119149	1683105119919	KO	status.find.in([200, 209], 304), found 404
USER	MultipleRequests	END	1683105119922
REQUEST		T10_Home	1683105118402	1683105119932	OK	 
REQUEST		T20_Home	1683105119231	1683105119938	KO	status.find.in([200, 209], 304), found 404
USER	MultipleRequests	END	1683105119942
REQUEST		T20_Home	1683105119146	1683105119943	KO	status.find.in([200, 209], 304), found 404
USER	MultipleRequests	END	1683105119947
REQUEST		T20_Home	1683105119121	1683105119948	KO	status.find.in([200, 209], 304), found 404
USER	MultipleRequests	END	1683105119950
REQUEST		T10_Home	1683105118455	1683105120024	OK	 
REQUEST		T10_Home	1683105118416	1683105120029	OK	 
REQUEST		T10_Home	1683105118420	1683105120032	OK	 
REQUEST		T10_Home	1683105118423	1683105120032	OK	 
REQUEST		T10_Home	1683105118423	1683105120041	OK	 
REQUEST		T10_Home	1683105118432	1683105120042	OK	 
REQUEST		T10_Home	1683105118417	1683105120043	OK	 
REQUEST		T10_Home	1683105118430	1683105120046	OK	 
REQUEST		T10_Home	1683105118465	1683105120046	OK	 
REQUEST		T10_Home	1683105118423	1683105120048	OK	 
REQUEST		T20_Home	1683105119828	1683105120116	KO	status.find.in([200, 209], 304), found 404
USER	MultipleRequests	END	1683105120117
REQUEST		T10_Home	1683105118448	1683105120124	OK	 
REQUEST		T10_Home	1683105118430	1683105120125	OK	 
REQUEST		T20_Home	1683105119934	1683105120231	KO	status.find.in([200, 209], 304), found 404
REQUEST		T10_Home	1683105118434	1683105120244	OK	 
USER	MultipleRequests	END	1683105120248
REQUEST		T20_Home	1683105120034	1683105120328	KO	status.find.in([200, 209], 304), found 404
REQUEST		T20_Home	1683105120027	1683105120328	KO	status.find.in([200, 209], 304), found 404
REQUEST		T10_Home	1683105118432	1683105120330	OK	 
REQUEST		T10_Home	1683105118412	1683105120334	OK	 
REQUEST		T20_Home	1683105120031	1683105120336	KO	status.find.in([200, 209], 304), found 404
REQUEST		T20_Home	1683105120036	1683105120338	KO	status.find.in([200, 209], 304), found 404
REQUEST		T20_Home	1683105120045	1683105120339	KO	status.find.in([200, 209], 304), found 404
REQUEST		T10_Home	1683105118440	1683105120341	OK	 
REQUEST		T20_Home	1683105120047	1683105120342	KO	status.find.in([200, 209], 304), found 404
REQUEST		T10_Home	1683105118422	1683105120346	OK	 
REQUEST		T10_Home	1683105118424	1683105120346	OK	 
REQUEST		T20_Home	1683105120043	1683105120350	KO	status.find.in([200, 209], 304), found 404
REQUEST		T20_Home	1683105120047	1683105120349	KO	status.find.in([200, 209], 304), found 404
REQUEST		T20_Home	1683105120045	1683105120352	KO	status.find.in([200, 209], 304), found 404
REQUEST		T10_Home	1683105118432	1683105120352	OK	 
REQUEST		T10_Home	1683105118435	1683105120355	OK	 
REQUEST		T10_Home	1683105118438	1683105120358	OK	 
USER	MultipleRequests	END	1683105120362
USER	MultipleRequests	END	1683105120362
USER	MultipleRequests	END	1683105120362
USER	MultipleRequests	END	1683105120362
USER	MultipleRequests	END	1683105120363
USER	MultipleRequests	END	1683105120363
USER	MultipleRequests	END	1683105120363
USER	MultipleRequests	END	1683105120363
USER	MultipleRequests	END	1683105120363
REQUEST		T20_Home	1683105120126	1683105120418	KO	status.find.in([200, 209], 304), found 404
REQUEST		T20_Home	1683105120050	1683105120419	KO	status.find.in([200, 209], 304), found 404
USER	MultipleRequests	END	1683105120419
USER	MultipleRequests	END	1683105120419
REQUEST		T20_Home	1683105120124	1683105120420	KO	status.find.in([200, 209], 304), found 404
USER	MultipleRequests	END	1683105120421
REQUEST		T10_Home	1683105118415	1683105120436	OK	 
REQUEST		T10_Home	1683105118451	1683105120439	OK	 
REQUEST		T10_Home	1683105118471	1683105120446	OK	 
REQUEST		T10_Home	1683105118471	1683105120446	OK	 
REQUEST		T10_Home	1683105118427	1683105120449	OK	 
REQUEST		T10_Home	1683105118413	1683105120450	OK	 
REQUEST		T10_Home	1683105118460	1683105120452	OK	 
REQUEST		T10_Home	1683105118460	1683105120453	OK	 
REQUEST		T10_Home	1683105118463	1683105120456	OK	 
REQUEST		T10_Home	1683105118465	1683105120458	OK	 
REQUEST		T10_Home	1683105118425	1683105120459	OK	 
REQUEST		T10_Home	1683105118441	1683105120542	OK	 
REQUEST		T10_Home	1683105118422	1683105120548	OK	 
REQUEST		T10_Home	1683105118446	1683105120548	OK	 
REQUEST		T10_Home	1683105118445	1683105120552	OK	 
REQUEST		T10_Home	1683105118458	1683105120555	OK	 
REQUEST		T10_Home	1683105118433	1683105120559	OK	 
REQUEST		T20_Home	1683105120246	1683105120560	KO	status.find.in([200, 209], 304), found 404
REQUEST		T10_Home	1683105118426	1683105120562	OK	 
REQUEST		T10_Home	1683105118466	1683105120562	OK	 
REQUEST		T10_Home	1683105118459	1683105120564	OK	 
REQUEST		T10_Home	1683105118434	1683105120565	OK	 
REQUEST		T10_Home	1683105118474	1683105120566	OK	 
REQUEST		T10_Home	1683105118456	1683105120568	OK	 
REQUEST		T10_Home	1683105118444	1683105120571	OK	 
REQUEST		T10_Home	1683105118427	1683105120573	OK	 
REQUEST		T10_Home	1683105118426	1683105120576	OK	 
REQUEST		T10_Home	1683105118459	1683105120577	OK	 
USER	MultipleRequests	END	1683105120581
REQUEST		T20_Home	1683105120334	1683105120622	KO	status.find.in([200, 209], 304), found 404
USER	MultipleRequests	END	1683105120625
REQUEST		T20_Home	1683105120336	1683105120628	KO	status.find.in([200, 209], 304), found 404
REQUEST		T20_Home	1683105120343	1683105120631	KO	status.find.in([200, 209], 304), found 404
REQUEST		T20_Home	1683105120348	1683105120631	KO	status.find.in([200, 209], 304), found 404
USER	MultipleRequests	END	1683105120632
USER	MultipleRequests	END	1683105120635
USER	MultipleRequests	END	1683105120636
REQUEST		T10_Home	1683105118467	1683105120648	OK	 
REQUEST		T10_Home	1683105118430	1683105120657	OK	 
REQUEST		T10_Home	1683105118464	1683105120662	OK	 
REQUEST		T10_Home	1683105118443	1683105120663	OK	 
REQUEST		T10_Home	1683105118418	1683105120663	OK	 
REQUEST		T10_Home	1683105118435	1683105120665	OK	 
REQUEST		T10_Home	1683105118463	1683105120666	OK	 
REQUEST		T20_Home	1683105120360	1683105120740	KO	status.find.in([200, 209], 304), found 404
REQUEST		T10_Home	1683105118435	1683105120745	OK	 
REQUEST		T20_Home	1683105120354	1683105120751	KO	status.find.in([200, 209], 304), found 404
REQUEST		T10_Home	1683105118432	1683105120754	OK	 
REQUEST		T10_Home	1683105118430	1683105120754	OK	 
REQUEST		T10_Home	1683105118428	1683105120756	OK	 
REQUEST		T20_Home	1683105120348	1683105120756	KO	status.find.in([200, 209], 304), found 404
REQUEST		T10_Home	1683105118466	1683105120757	OK	 
REQUEST		T10_Home	1683105118468	1683105120758	OK	 
REQUEST		T10_Home	1683105118491	1683105120758	OK	 
REQUEST		T10_Home	1683105118431	1683105120759	OK	 
REQUEST		T10_Home	1683105118418	1683105120760	OK	 
REQUEST		T10_Home	1683105118591	1683105120760	OK	 
REQUEST		T10_Home	1683105118441	1683105120761	OK	 
REQUEST		T10_Home	1683105118429	1683105120761	OK	 
REQUEST		T10_Home	1683105118408	1683105120762	OK	 
REQUEST		T10_Home	1683105118476	1683105120763	OK	 
REQUEST		T10_Home	1683105118448	1683105120764	OK	 
REQUEST		T10_Home	1683105118477	1683105120766	OK	 
REQUEST		T10_Home	1683105118435	1683105120767	OK	 
REQUEST		T10_Home	1683105118446	1683105120768	OK	 
REQUEST		T10_Home	1683105118479	1683105120767	OK	 
REQUEST		T10_Home	1683105118433	1683105120770	OK	 
REQUEST		T10_Home	1683105118432	1683105120770	OK	 
USER	MultipleRequests	END	1683105120773
USER	MultipleRequests	END	1683105120773
USER	MultipleRequests	END	1683105120773
REQUEST		T20_Home	1683105120455	1683105120827	KO	status.find.in([200, 209], 304), found 404
REQUEST		T10_Home	1683105118456	1683105120829	OK	 
REQUEST		T20_Home	1683105120454	1683105120829	KO	status.find.in([200, 209], 304), found 404
REQUEST		T10_Home	1683105118472	1683105120832	OK	 
REQUEST		T10_Home	1683105118466	1683105120832	OK	 
REQUEST		T10_Home	1683105118414	1683105120835	OK	 
REQUEST		T10_Home	1683105118402	1683105120835	OK	 
REQUEST		T20_Home	1683105120460	1683105120838	KO	status.find.in([200, 209], 304), found 404
USER	MultipleRequests	END	1683105120841
USER	MultipleRequests	END	1683105120842
USER	MultipleRequests	END	1683105120842
REQUEST		T20_Home	1683105120545	1683105120926	KO	status.find.in([200, 209], 304), found 404
USER	MultipleRequests	END	1683105120931
REQUEST		T20_Home	1683105120558	1683105120932	KO	status.find.in([200, 209], 304), found 404
REQUEST		T10_Home	1683105118440	1683105120933	OK	 
REQUEST		T20_Home	1683105120569	1683105120938	KO	status.find.in([200, 209], 304), found 404
REQUEST		T20_Home	1683105120356	1683105120939	KO	status.find.in([200, 209], 304), found 404
REQUEST		T20_Home	1683105120567	1683105120942	KO	status.find.in([200, 209], 304), found 404
REQUEST		T20_Home	1683105120551	1683105120942	KO	status.find.in([200, 209], 304), found 404
REQUEST		T20_Home	1683105120565	1683105120946	KO	status.find.in([200, 209], 304), found 404
REQUEST		T20_Home	1683105120566	1683105120946	KO	status.find.in([200, 209], 304), found 404
REQUEST		T20_Home	1683105120551	1683105120949	KO	status.find.in([200, 209], 304), found 404
REQUEST		T20_Home	1683105120650	1683105120950	KO	status.find.in([200, 209], 304), found 404
REQUEST		T10_Home	1683105118432	1683105120953	OK	 
REQUEST		T10_Home	1683105118450	1683105120954	OK	 
REQUEST		T10_Home	1683105118442	1683105120957	OK	 
REQUEST		T20_Home	1683105120567	1683105120941	KO	status.find.in([200, 209], 304), found 404
REQUEST		T10_Home	1683105118427	1683105120960	OK	 
REQUEST		T10_Home	1683105118490	1683105120961	OK	 
REQUEST		T10_Home	1683105118422	1683105120962	OK	 
REQUEST		T10_Home	1683105118494	1683105120964	OK	 
REQUEST		T20_Home	1683105120572	1683105120966	KO	status.find.in([200, 209], 304), found 404
REQUEST		T10_Home	1683105118543	1683105120967	OK	 
REQUEST		T10_Home	1683105118415	1683105120969	OK	 
REQUEST		T10_Home	1683105118665	1683105120969	OK	 
REQUEST		T10_Home	1683105118529	1683105120971	OK	 
REQUEST		T10_Home	1683105118439	1683105120973	OK	 
USER	MultipleRequests	END	1683105120975
USER	MultipleRequests	END	1683105120975
USER	MultipleRequests	END	1683105120975
USER	MultipleRequests	END	1683105120975
USER	MultipleRequests	END	1683105120975
USER	MultipleRequests	END	1683105120975
USER	MultipleRequests	END	1683105120975
USER	MultipleRequests	END	1683105120975
USER	MultipleRequests	END	1683105120975
USER	MultipleRequests	END	1683105120975
USER	MultipleRequests	END	1683105120976
REQUEST		T20_Home	1683105120442	1683105121016	KO	status.find.in([200, 209], 304), found 404
REQUEST		T20_Home	1683105120448	1683105121016	KO	status.find.in([200, 209], 304), found 404
REQUEST		T20_Home	1683105120558	1683105121016	KO	status.find.in([200, 209], 304), found 404
USER	MultipleRequests	END	1683105121018
USER	MultipleRequests	END	1683105121018
USER	MultipleRequests	END	1683105121018
REQUEST		T20_Home	1683105120448	1683105121025	KO	status.find.in([200, 209], 304), found 404
REQUEST		T20_Home	1683105120456	1683105121027	KO	status.find.in([200, 209], 304), found 404
REQUEST		T20_Home	1683105120459	1683105121028	KO	status.find.in([200, 209], 304), found 404
USER	MultipleRequests	END	1683105121030
USER	MultipleRequests	END	1683105121030
USER	MultipleRequests	END	1683105121030
REQUEST		T20_Home	1683105120458	1683105121029	KO	status.find.in([200, 209], 304), found 404
USER	MultipleRequests	END	1683105121031
REQUEST		T20_Home	1683105120667	1683105121032	KO	status.find.in([200, 209], 304), found 404
USER	MultipleRequests	END	1683105121033
REQUEST		T20_Home	1683105120665	1683105121035	KO	status.find.in([200, 209], 304), found 404
REQUEST		T20_Home	1683105120749	1683105121036	KO	status.find.in([200, 209], 304), found 404
REQUEST		T10_Home	1683105118442	1683105121038	OK	 
REQUEST		T10_Home	1683105118459	1683105121039	OK	 
REQUEST		T10_Home	1683105118446	1683105121039	OK	 
REQUEST		T20_Home	1683105120667	1683105121040	KO	status.find.in([200, 209], 304), found 404
REQUEST		T10_Home	1683105118425	1683105121042	OK	 
REQUEST		T20_Home	1683105120563	1683105121042	KO	status.find.in([200, 209], 304), found 404
REQUEST		T20_Home	1683105120659	1683105121042	KO	status.find.in([200, 209], 304), found 404
REQUEST		T20_Home	1683105120578	1683105121043	KO	status.find.in([200, 209], 304), found 404
REQUEST		T20_Home	1683105120576	1683105121043	KO	status.find.in([200, 209], 304), found 404
REQUEST		T10_Home	1683105118426	1683105121045	OK	 
REQUEST		T20_Home	1683105120665	1683105121044	KO	status.find.in([200, 209], 304), found 404
REQUEST		T10_Home	1683105118443	1683105121046	OK	 
USER	MultipleRequests	END	1683105121046
USER	MultipleRequests	END	1683105121046
USER	MultipleRequests	END	1683105121046
USER	MultipleRequests	END	1683105121046
USER	MultipleRequests	END	1683105121046
USER	MultipleRequests	END	1683105121046
USER	MultipleRequests	END	1683105121046
USER	MultipleRequests	END	1683105121047
REQUEST		T20_Home	1683105120664	1683105121047	KO	status.find.in([200, 209], 304), found 404
REQUEST		T10_Home	1683105118437	1683105121048	OK	 
REQUEST		T10_Home	1683105118462	1683105121049	OK	 
REQUEST		T20_Home	1683105120574	1683105121050	KO	status.find.in([200, 209], 304), found 404
REQUEST		T20_Home	1683105120560	1683105121051	KO	status.find.in([200, 209], 304), found 404
REQUEST		T10_Home	1683105118458	1683105121052	OK	 
REQUEST		T20_Home	1683105120451	1683105121053	KO	status.find.in([200, 209], 304), found 404
REQUEST		T20_Home	1683105120438	1683105121053	KO	status.find.in([200, 209], 304), found 404
REQUEST		T10_Home	1683105118452	1683105121053	OK	 
REQUEST		T20_Home	1683105120758	1683105121054	KO	status.find.in([200, 209], 304), found 404
REQUEST		T10_Home	1683105118443	1683105121056	OK	 
REQUEST		T10_Home	1683105118534	1683105121056	OK	 
REQUEST		T10_Home	1683105118472	1683105121057	OK	 
REQUEST		T10_Home	1683105118434	1683105121057	OK	 
REQUEST		T10_Home	1683105118422	1683105121057	OK	 
REQUEST		T10_Home	1683105118448	1683105121058	OK	 
REQUEST		T10_Home	1683105118467	1683105121058	OK	 
REQUEST		T10_Home	1683105118523	1683105121058	OK	 
USER	MultipleRequests	END	1683105121061
USER	MultipleRequests	END	1683105121061
USER	MultipleRequests	END	1683105121061
USER	MultipleRequests	END	1683105121061
USER	MultipleRequests	END	1683105121061
USER	MultipleRequests	END	1683105121061
REQUEST		T20_Home	1683105120769	1683105121115	KO	status.find.in([200, 209], 304), found 404
USER	MultipleRequests	END	1683105121116
REQUEST		T20_Home	1683105120762	1683105121117	KO	status.find.in([200, 209], 304), found 404
USER	MultipleRequests	END	1683105121118
REQUEST		T20_Home	1683105120833	1683105121122	KO	status.find.in([200, 209], 304), found 404
REQUEST		T20_Home	1683105120755	1683105121122	KO	status.find.in([200, 209], 304), found 404
REQUEST		T20_Home	1683105120763	1683105121122	KO	status.find.in([200, 209], 304), found 404
REQUEST		T20_Home	1683105120759	1683105121123	KO	status.find.in([200, 209], 304), found 404
REQUEST		T20_Home	1683105120755	1683105121124	KO	status.find.in([200, 209], 304), found 404
USER	MultipleRequests	END	1683105121124
USER	MultipleRequests	END	1683105121124
USER	MultipleRequests	END	1683105121124
USER	MultipleRequests	END	1683105121124
USER	MultipleRequests	END	1683105121125
REQUEST		T20_Home	1683105120764	1683105121125	KO	status.find.in([200, 209], 304), found 404
USER	MultipleRequests	END	1683105121126
REQUEST		T10_Home	1683105118450	1683105121133	OK	 
REQUEST		T20_Home	1683105120833	1683105121133	KO	status.find.in([200, 209], 304), found 404
REQUEST		T20_Home	1683105120761	1683105121134	KO	status.find.in([200, 209], 304), found 404
REQUEST		T20_Home	1683105120771	1683105121134	KO	status.find.in([200, 209], 304), found 404
REQUEST		T20_Home	1683105120761	1683105121135	KO	status.find.in([200, 209], 304), found 404
REQUEST		T20_Home	1683105120837	1683105121135	KO	status.find.in([200, 209], 304), found 404
REQUEST		T20_Home	1683105120760	1683105121136	KO	status.find.in([200, 209], 304), found 404
REQUEST		T20_Home	1683105120762	1683105121137	KO	status.find.in([200, 209], 304), found 404
USER	MultipleRequests	END	1683105121140
USER	MultipleRequests	END	1683105121140
USER	MultipleRequests	END	1683105121140
USER	MultipleRequests	END	1683105121140
USER	MultipleRequests	END	1683105121140
USER	MultipleRequests	END	1683105121140
USER	MultipleRequests	END	1683105121140
REQUEST		T10_Home	1683105118463	1683105121146	OK	 
REQUEST		T10_Home	1683105118416	1683105121150	OK	 
REQUEST		T20_Home	1683105120771	1683105121159	KO	status.find.in([200, 209], 304), found 404
REQUEST		T20_Home	1683105120770	1683105121160	KO	status.find.in([200, 209], 304), found 404
REQUEST		T20_Home	1683105120766	1683105121159	KO	status.find.in([200, 209], 304), found 404
REQUEST		T20_Home	1683105120768	1683105121163	KO	status.find.in([200, 209], 304), found 404
REQUEST		T10_Home	1683105118447	1683105121163	OK	 
USER	MultipleRequests	END	1683105121165
USER	MultipleRequests	END	1683105121165
USER	MultipleRequests	END	1683105121165
USER	MultipleRequests	END	1683105121165
REQUEST		T10_Home	1683105118514	1683105121166	OK	 
REQUEST		T10_Home	1683105118449	1683105121167	OK	 
REQUEST		T10_Home	1683105118460	1683105121167	OK	 
REQUEST		T10_Home	1683105118531	1683105121168	OK	 
REQUEST		T10_Home	1683105118453	1683105121169	OK	 
REQUEST		T10_Home	1683105118476	1683105121169	OK	 
REQUEST		T10_Home	1683105118402	1683105121170	OK	 
REQUEST		T10_Home	1683105118417	1683105121171	OK	 
REQUEST		T10_Home	1683105118425	1683105121173	OK	 
REQUEST		T10_Home	1683105118444	1683105121173	OK	 
REQUEST		T20_Home	1683105120831	1683105121223	KO	status.find.in([200, 209], 304), found 404
USER	MultipleRequests	END	1683105121225
REQUEST		T20_Home	1683105120838	1683105121240	KO	status.find.in([200, 209], 304), found 404
REQUEST		T20_Home	1683105120756	1683105121244	KO	status.find.in([200, 209], 304), found 404
USER	MultipleRequests	END	1683105121246
USER	MultipleRequests	END	1683105121248
REQUEST		T10_Home	1683105118423	1683105121251	OK	 
REQUEST		T20_Home	1683105120765	1683105121263	KO	status.find.in([200, 209], 304), found 404
USER	MultipleRequests	END	1683105121265
REQUEST		T10_Home	1683105118449	1683105121266	OK	 
REQUEST		T10_Home	1683105118437	1683105121268	OK	 
REQUEST		T10_Home	1683105118474	1683105121279	OK	 
REQUEST		T10_Home	1683105118474	1683105121280	OK	 
REQUEST		T10_Home	1683105118666	1683105121283	OK	 
REQUEST		T20_Home	1683105120763	1683105121289	KO	status.find.in([200, 209], 304), found 404
REQUEST		T10_Home	1683105118434	1683105121290	OK	 
REQUEST		T10_Home	1683105118669	1683105121286	OK	 
REQUEST		T10_Home	1683105118456	1683105121294	OK	 
REQUEST		T10_Home	1683105118402	1683105121297	OK	 
USER	MultipleRequests	END	1683105121303
REQUEST		T10_Home	1683105118403	1683105121316	OK	 
REQUEST		T10_Home	1683105118468	1683105121317	OK	 
REQUEST		T10_Home	1683105118423	1683105121318	OK	 
REQUEST		T10_Home	1683105118471	1683105121319	OK	 
REQUEST		T10_Home	1683105118478	1683105121321	OK	 
REQUEST		T10_Home	1683105118454	1683105121321	OK	 
REQUEST		T10_Home	1683105118463	1683105121323	OK	 
REQUEST		T10_Home	1683105118498	1683105121324	OK	 
REQUEST		T10_Home	1683105118439	1683105121325	OK	 
REQUEST		T10_Home	1683105118472	1683105121325	OK	 
REQUEST		T10_Home	1683105118430	1683105121326	OK	 
REQUEST		T10_Home	1683105118458	1683105121326	OK	 
REQUEST		T10_Home	1683105118461	1683105121327	OK	 
REQUEST		T10_Home	1683105118476	1683105121327	OK	 
REQUEST		T10_Home	1683105118466	1683105121327	OK	 
REQUEST		T10_Home	1683105118425	1683105121328	OK	 
REQUEST		T10_Home	1683105118503	1683105121328	OK	 
REQUEST		T10_Home	1683105118536	1683105121329	OK	 
REQUEST		T10_Home	1683105118668	1683105121329	OK	 
REQUEST		T10_Home	1683105118436	1683105121330	OK	 
REQUEST		T10_Home	1683105118418	1683105121330	OK	 
REQUEST		T10_Home	1683105118442	1683105121331	OK	 
REQUEST		T10_Home	1683105118439	1683105121331	OK	 
REQUEST		T10_Home	1683105118588	1683105121331	OK	 
REQUEST		T20_Home	1683105120970	1683105121331	KO	status.find.in([200, 209], 304), found 404
REQUEST		T10_Home	1683105118503	1683105121332	OK	 
REQUEST		T20_Home	1683105120970	1683105121334	KO	status.find.in([200, 209], 304), found 404
REQUEST		T20_Home	1683105120965	1683105121335	KO	status.find.in([200, 209], 304), found 404
REQUEST		T10_Home	1683105118499	1683105121335	OK	 
REQUEST		T20_Home	1683105120963	1683105121336	KO	status.find.in([200, 209], 304), found 404
REQUEST		T10_Home	1683105118475	1683105121336	OK	 
REQUEST		T20_Home	1683105121042	1683105121337	KO	status.find.in([200, 209], 304), found 404
REQUEST		T20_Home	1683105121040	1683105121338	KO	status.find.in([200, 209], 304), found 404
REQUEST		T10_Home	1683105118489	1683105121339	OK	 
REQUEST		T10_Home	1683105118429	1683105121341	OK	 
REQUEST		T20_Home	1683105120954	1683105121337	KO	status.find.in([200, 209], 304), found 404
USER	MultipleRequests	END	1683105121347
USER	MultipleRequests	END	1683105121347
USER	MultipleRequests	END	1683105121347
USER	MultipleRequests	END	1683105121347
USER	MultipleRequests	END	1683105121347
USER	MultipleRequests	END	1683105121347
USER	MultipleRequests	END	1683105121347
REQUEST		T20_Home	1683105120961	1683105121416	KO	status.find.in([200, 209], 304), found 404
USER	MultipleRequests	END	1683105121417
REQUEST		T20_Home	1683105120968	1683105121421	KO	status.find.in([200, 209], 304), found 404
REQUEST		T20_Home	1683105120972	1683105121422	KO	status.find.in([200, 209], 304), found 404
REQUEST		T20_Home	1683105120955	1683105121422	KO	status.find.in([200, 209], 304), found 404
REQUEST		T20_Home	1683105121041	1683105121422	KO	status.find.in([200, 209], 304), found 404
REQUEST		T20_Home	1683105120974	1683105121423	KO	status.find.in([200, 209], 304), found 404
REQUEST		T20_Home	1683105120977	1683105121423	KO	status.find.in([200, 209], 304), found 404
USER	MultipleRequests	END	1683105121424
USER	MultipleRequests	END	1683105121424
USER	MultipleRequests	END	1683105121424
USER	MultipleRequests	END	1683105121424
USER	MultipleRequests	END	1683105121424
USER	MultipleRequests	END	1683105121424
REQUEST		T20_Home	1683105121049	1683105121425	KO	status.find.in([200, 209], 304), found 404
REQUEST		T20_Home	1683105120964	1683105121425	KO	status.find.in([200, 209], 304), found 404
USER	MultipleRequests	END	1683105121426
USER	MultipleRequests	END	1683105121426
REQUEST		T20_Home	1683105120958	1683105121426	KO	status.find.in([200, 209], 304), found 404
USER	MultipleRequests	END	1683105121427
REQUEST		T20_Home	1683105121039	1683105121429	KO	status.find.in([200, 209], 304), found 404
USER	MultipleRequests	END	1683105121430
REQUEST		T10_Home	1683105118473	1683105121435	OK	 
REQUEST		T20_Home	1683105121053	1683105121520	KO	status.find.in([200, 209], 304), found 404
USER	MultipleRequests	END	1683105121522
REQUEST		T20_Home	1683105121172	1683105121523	KO	status.find.in([200, 209], 304), found 404
USER	MultipleRequests	END	1683105121525
REQUEST		T20_Home	1683105121056	1683105121528	KO	status.find.in([200, 209], 304), found 404
REQUEST		T20_Home	1683105121168	1683105121529	KO	status.find.in([200, 209], 304), found 404
REQUEST		T20_Home	1683105121151	1683105121537	KO	status.find.in([200, 209], 304), found 404
USER	MultipleRequests	END	1683105121545
USER	MultipleRequests	END	1683105121545
USER	MultipleRequests	END	1683105121545
REQUEST		T10_Home	1683105118486	1683105121547	OK	 
REQUEST		T10_Home	1683105118476	1683105121554	OK	 
REQUEST		T10_Home	1683105118431	1683105121558	OK	 
REQUEST		T10_Home	1683105118533	1683105121561	OK	 
REQUEST		T10_Home	1683105118427	1683105121564	OK	 
REQUEST		T10_Home	1683105118467	1683105121564	OK	 
REQUEST		T10_Home	1683105118454	1683105121567	OK	 
REQUEST		T10_Home	1683105118677	1683105121567	OK	 
REQUEST		T10_Home	1683105118459	1683105121569	OK	 
REQUEST		T20_Home	1683105121336	1683105121620	KO	status.find.in([200, 209], 304), found 404
REQUEST		T20_Home	1683105121045	1683105121620	KO	status.find.in([200, 209], 304), found 404
REQUEST		T20_Home	1683105121322	1683105121620	KO	status.find.in([200, 209], 304), found 404
REQUEST		T20_Home	1683105121337	1683105121623	KO	status.find.in([200, 209], 304), found 404
REQUEST		T20_Home	1683105121326	1683105121623	KO	status.find.in([200, 209], 304), found 404
REQUEST		T20_Home	1683105121296	1683105121625	KO	status.find.in([200, 209], 304), found 404
REQUEST		T20_Home	1683105121321	1683105121625	KO	status.find.in([200, 209], 304), found 404
REQUEST		T20_Home	1683105121299	1683105121625	KO	status.find.in([200, 209], 304), found 404
REQUEST		T20_Home	1683105121325	1683105121623	KO	status.find.in([200, 209], 304), found 404
REQUEST		T20_Home	1683105121328	1683105121626	KO	status.find.in([200, 209], 304), found 404
REQUEST		T20_Home	1683105121327	1683105121627	KO	status.find.in([200, 209], 304), found 404
REQUEST		T20_Home	1683105121329	1683105121627	KO	status.find.in([200, 209], 304), found 404
REQUEST		T20_Home	1683105121325	1683105121628	KO	status.find.in([200, 209], 304), found 404
REQUEST		T20_Home	1683105121282	1683105121629	KO	status.find.in([200, 209], 304), found 404
REQUEST		T20_Home	1683105121324	1683105121629	KO	status.find.in([200, 209], 304), found 404
REQUEST		T20_Home	1683105121293	1683105121629	KO	status.find.in([200, 209], 304), found 404
REQUEST		T20_Home	1683105121327	1683105121631	KO	status.find.in([200, 209], 304), found 404
REQUEST		T20_Home	1683105121280	1683105121631	KO	status.find.in([200, 209], 304), found 404
REQUEST		T20_Home	1683105121328	1683105121632	KO	status.find.in([200, 209], 304), found 404
REQUEST		T20_Home	1683105121341	1683105121632	KO	status.find.in([200, 209], 304), found 404
REQUEST		T20_Home	1683105121269	1683105121626	KO	status.find.in([200, 209], 304), found 404
REQUEST		T20_Home	1683105121320	1683105121634	KO	status.find.in([200, 209], 304), found 404
REQUEST		T20_Home	1683105121317	1683105121635	KO	status.find.in([200, 209], 304), found 404
REQUEST		T20_Home	1683105121317	1683105121635	KO	status.find.in([200, 209], 304), found 404
REQUEST		T20_Home	1683105121329	1683105121636	KO	status.find.in([200, 209], 304), found 404
REQUEST		T10_Home	1683105118675	1683105121636	OK	 
REQUEST		T20_Home	1683105121318	1683105121636	KO	status.find.in([200, 209], 304), found 404
REQUEST		T20_Home	1683105121331	1683105121637	KO	status.find.in([200, 209], 304), found 404
REQUEST		T20_Home	1683105121330	1683105121637	KO	status.find.in([200, 209], 304), found 404
REQUEST		T20_Home	1683105121147	1683105121638	KO	status.find.in([200, 209], 304), found 404
REQUEST		T20_Home	1683105121290	1683105121634	KO	status.find.in([200, 209], 304), found 404
REQUEST		T20_Home	1683105121047	1683105121639	KO	status.find.in([200, 209], 304), found 404
REQUEST		T20_Home	1683105121332	1683105121640	KO	status.find.in([200, 209], 304), found 404
REQUEST		T20_Home	1683105121330	1683105121641	KO	status.find.in([200, 209], 304), found 404
USER	MultipleRequests	END	1683105121642
USER	MultipleRequests	END	1683105121642
USER	MultipleRequests	END	1683105121642
USER	MultipleRequests	END	1683105121642
USER	MultipleRequests	END	1683105121642
USER	MultipleRequests	END	1683105121642
USER	MultipleRequests	END	1683105121642
USER	MultipleRequests	END	1683105121642
USER	MultipleRequests	END	1683105121642
USER	MultipleRequests	END	1683105121642
USER	MultipleRequests	END	1683105121642
USER	MultipleRequests	END	1683105121642
USER	MultipleRequests	END	1683105121643
USER	MultipleRequests	END	1683105121643
USER	MultipleRequests	END	1683105121643
USER	MultipleRequests	END	1683105121643
USER	MultipleRequests	END	1683105121643
USER	MultipleRequests	END	1683105121643
USER	MultipleRequests	END	1683105121643
USER	MultipleRequests	END	1683105121643
USER	MultipleRequests	END	1683105121643
USER	MultipleRequests	END	1683105121643
USER	MultipleRequests	END	1683105121643
USER	MultipleRequests	END	1683105121643
USER	MultipleRequests	END	1683105121643
USER	MultipleRequests	END	1683105121643
USER	MultipleRequests	END	1683105121643
USER	MultipleRequests	END	1683105121643
USER	MultipleRequests	END	1683105121643
USER	MultipleRequests	END	1683105121643
USER	MultipleRequests	END	1683105121643
USER	MultipleRequests	END	1683105121643
USER	MultipleRequests	END	1683105121643
REQUEST		T20_Home	1683105121326	1683105121647	KO	status.find.in([200, 209], 304), found 404
REQUEST		T20_Home	1683105121331	1683105121649	KO	status.find.in([200, 209], 304), found 404
REQUEST		T20_Home	1683105121059	1683105121649	KO	status.find.in([200, 209], 304), found 404
REQUEST		T20_Home	1683105121049	1683105121649	KO	status.find.in([200, 209], 304), found 404
REQUEST		T20_Home	1683105121328	1683105121649	KO	status.find.in([200, 209], 304), found 404
REQUEST		T20_Home	1683105121169	1683105121650	KO	status.find.in([200, 209], 304), found 404
REQUEST		T20_Home	1683105121058	1683105121650	KO	status.find.in([200, 209], 304), found 404
REQUEST		T20_Home	1683105121252	1683105121650	KO	status.find.in([200, 209], 304), found 404
REQUEST		T10_Home	1683105118500	1683105121651	OK	 
REQUEST		T20_Home	1683105121058	1683105121651	KO	status.find.in([200, 209], 304), found 404
REQUEST		T10_Home	1683105118470	1683105121651	OK	 
REQUEST		T20_Home	1683105121059	1683105121652	KO	status.find.in([200, 209], 304), found 404
REQUEST		T20_Home	1683105121057	1683105121652	KO	status.find.in([200, 209], 304), found 404
REQUEST		T20_Home	1683105121058	1683105121653	KO	status.find.in([200, 209], 304), found 404
REQUEST		T20_Home	1683105121054	1683105121654	KO	status.find.in([200, 209], 304), found 404
REQUEST		T20_Home	1683105121059	1683105121653	KO	status.find.in([200, 209], 304), found 404
REQUEST		T10_Home	1683105118471	1683105121654	OK	 
REQUEST		T10_Home	1683105118402	1683105121655	OK	 
USER	MultipleRequests	END	1683105121648
USER	MultipleRequests	END	1683105121656
USER	MultipleRequests	END	1683105121656
USER	MultipleRequests	END	1683105121656
USER	MultipleRequests	END	1683105121656
USER	MultipleRequests	END	1683105121656
USER	MultipleRequests	END	1683105121656
USER	MultipleRequests	END	1683105121656
USER	MultipleRequests	END	1683105121656
USER	MultipleRequests	END	1683105121656
USER	MultipleRequests	END	1683105121656
USER	MultipleRequests	END	1683105121656
USER	MultipleRequests	END	1683105121656
USER	MultipleRequests	END	1683105121656
REQUEST		T20_Home	1683105121134	1683105121656	KO	status.find.in([200, 209], 304), found 404
REQUEST		T20_Home	1683105121267	1683105121656	KO	status.find.in([200, 209], 304), found 404
REQUEST		T10_Home	1683105118670	1683105121657	OK	 
REQUEST		T10_Home	1683105118662	1683105121658	OK	 
USER	MultipleRequests	END	1683105121659
USER	MultipleRequests	END	1683105121659
REQUEST		T10_Home	1683105118671	1683105121659	OK	 
REQUEST		T20_Home	1683105121168	1683105121718	KO	status.find.in([200, 209], 304), found 404
REQUEST		T20_Home	1683105121170	1683105121718	KO	status.find.in([200, 209], 304), found 404
REQUEST		T20_Home	1683105121173	1683105121737	KO	status.find.in([200, 209], 304), found 404
REQUEST		T20_Home	1683105121340	1683105121737	KO	status.find.in([200, 209], 304), found 404
REQUEST		T10_Home	1683105118465	1683105121741	OK	 
REQUEST		T20_Home	1683105121173	1683105121743	KO	status.find.in([200, 209], 304), found 404
REQUEST		T20_Home	1683105121436	1683105121749	KO	status.find.in([200, 209], 304), found 404
REQUEST		T20_Home	1683105121284	1683105121749	KO	status.find.in([200, 209], 304), found 404
REQUEST		T20_Home	1683105121167	1683105121749	KO	status.find.in([200, 209], 304), found 404
REQUEST		T20_Home	1683105121164	1683105121757	KO	status.find.in([200, 209], 304), found 404
REQUEST		T20_Home	1683105121328	1683105121760	KO	status.find.in([200, 209], 304), found 404
REQUEST		T20_Home	1683105121171	1683105121761	KO	status.find.in([200, 209], 304), found 404
REQUEST		T20_Home	1683105121333	1683105121764	KO	status.find.in([200, 209], 304), found 404
REQUEST		T20_Home	1683105121170	1683105121768	KO	status.find.in([200, 209], 304), found 404
REQUEST		T10_Home	1683105118465	1683105121771	OK	 
REQUEST		T10_Home	1683105118421	1683105121773	OK	 
REQUEST		T10_Home	1683105118429	1683105121775	OK	 
REQUEST		T10_Home	1683105118496	1683105121776	OK	 
REQUEST		T10_Home	1683105118433	1683105121777	OK	 
REQUEST		T10_Home	1683105118479	1683105121778	OK	 
REQUEST		T10_Home	1683105118441	1683105121775	OK	 
REQUEST		T10_Home	1683105118433	1683105121780	OK	 
REQUEST		T10_Home	1683105118453	1683105121781	OK	 
REQUEST		T10_Home	1683105118464	1683105121781	OK	 
REQUEST		T10_Home	1683105118473	1683105121781	OK	 
REQUEST		T10_Home	1683105118464	1683105121781	OK	 
REQUEST		T10_Home	1683105118447	1683105121781	OK	 
REQUEST		T10_Home	1683105118451	1683105121781	OK	 
REQUEST		T10_Home	1683105118431	1683105121783	OK	 
REQUEST		T10_Home	1683105118497	1683105121783	OK	 
REQUEST		T10_Home	1683105118465	1683105121784	OK	 
USER	MultipleRequests	END	1683105121787
USER	MultipleRequests	END	1683105121787
USER	MultipleRequests	END	1683105121787
USER	MultipleRequests	END	1683105121787
USER	MultipleRequests	END	1683105121787
USER	MultipleRequests	END	1683105121787
USER	MultipleRequests	END	1683105121787
USER	MultipleRequests	END	1683105121787
USER	MultipleRequests	END	1683105121787
USER	MultipleRequests	END	1683105121787
USER	MultipleRequests	END	1683105121787
USER	MultipleRequests	END	1683105121787
USER	MultipleRequests	END	1683105121787
REQUEST		T10_Home	1683105118478	1683105121844	OK	 
REQUEST		T10_Home	1683105118456	1683105121850	OK	 
REQUEST		T10_Home	1683105118467	1683105121859	OK	 
REQUEST		T10_Home	1683105118467	1683105121860	OK	 
REQUEST		T10_Home	1683105118473	1683105121862	OK	 
REQUEST		T10_Home	1683105118451	1683105121862	OK	 
REQUEST		T10_Home	1683105118461	1683105121863	OK	 
REQUEST		T10_Home	1683105118589	1683105121864	OK	 
REQUEST		T10_Home	1683105118474	1683105121865	OK	 
REQUEST		T10_Home	1683105118592	1683105121866	OK	 
REQUEST		T10_Home	1683105118481	1683105121866	OK	 
REQUEST		T10_Home	1683105118466	1683105121866	OK	 
REQUEST		T10_Home	1683105118487	1683105121866	OK	 
REQUEST		T10_Home	1683105118500	1683105121867	OK	 
REQUEST		T10_Home	1683105118470	1683105121867	OK	 
REQUEST		T10_Home	1683105118461	1683105121867	OK	 
REQUEST		T10_Home	1683105118443	1683105121868	OK	 
REQUEST		T10_Home	1683105118420	1683105121868	OK	 
REQUEST		T10_Home	1683105118470	1683105121869	OK	 
REQUEST		T20_Home	1683105121553	1683105121871	KO	status.find.in([200, 209], 304), found 404
REQUEST		T10_Home	1683105118504	1683105121872	OK	 
REQUEST		T20_Home	1683105121566	1683105121872	KO	status.find.in([200, 209], 304), found 404
REQUEST		T20_Home	1683105121560	1683105121872	KO	status.find.in([200, 209], 304), found 404
REQUEST		T20_Home	1683105121563	1683105121872	KO	status.find.in([200, 209], 304), found 404
USER	MultipleRequests	END	1683105121872
USER	MultipleRequests	END	1683105121873
USER	MultipleRequests	END	1683105121873
USER	MultipleRequests	END	1683105121873
REQUEST		T10_Home	1683105118431	1683105121873	OK	 
REQUEST		T20_Home	1683105121570	1683105121917	KO	status.find.in([200, 209], 304), found 404
USER	MultipleRequests	END	1683105121920
REQUEST		T20_Home	1683105121562	1683105121928	KO	status.find.in([200, 209], 304), found 404
USER	MultipleRequests	END	1683105121930
REQUEST		T20_Home	1683105121568	1683105121938	KO	status.find.in([200, 209], 304), found 404
USER	MultipleRequests	END	1683105121940
REQUEST		T20_Home	1683105121651	1683105121950	KO	status.find.in([200, 209], 304), found 404
REQUEST		T20_Home	1683105121566	1683105121950	KO	status.find.in([200, 209], 304), found 404
USER	MultipleRequests	END	1683105121952
USER	MultipleRequests	END	1683105121952
REQUEST		T10_Home	1683105118497	1683105121954	OK	 
REQUEST		T20_Home	1683105121570	1683105121954	KO	status.find.in([200, 209], 304), found 404
REQUEST		T20_Home	1683105121637	1683105121954	KO	status.find.in([200, 209], 304), found 404
USER	MultipleRequests	END	1683105121957
USER	MultipleRequests	END	1683105121957
REQUEST		T10_Home	1683105118473	1683105121959	OK	 
REQUEST		T10_Home	1683105118442	1683105121963	OK	 
REQUEST		T10_Home	1683105118660	1683105121964	OK	 
REQUEST		T10_Home	1683105118477	1683105121964	OK	 
REQUEST		T10_Home	1683105118450	1683105121964	OK	 
REQUEST		T20_Home	1683105121655	1683105121965	KO	status.find.in([200, 209], 304), found 404
REQUEST		T10_Home	1683105118457	1683105121965	OK	 
REQUEST		T10_Home	1683105118426	1683105121966	OK	 
REQUEST		T20_Home	1683105121660	1683105121967	KO	status.find.in([200, 209], 304), found 404
REQUEST		T10_Home	1683105118460	1683105121967	OK	 
REQUEST		T10_Home	1683105118440	1683105121968	OK	 
REQUEST		T10_Home	1683105118499	1683105121969	OK	 
REQUEST		T20_Home	1683105121658	1683105121969	KO	status.find.in([200, 209], 304), found 404
REQUEST		T20_Home	1683105121652	1683105121967	KO	status.find.in([200, 209], 304), found 404
REQUEST		T10_Home	1683105118445	1683105121970	OK	 
REQUEST		T20_Home	1683105121659	1683105121970	KO	status.find.in([200, 209], 304), found 404
REQUEST		T10_Home	1683105118430	1683105121971	OK	 
REQUEST		T10_Home	1683105118479	1683105121971	OK	 
REQUEST		T10_Home	1683105118447	1683105121972	OK	 
REQUEST		T20_Home	1683105121655	1683105121973	KO	status.find.in([200, 209], 304), found 404
USER	MultipleRequests	END	1683105121974
USER	MultipleRequests	END	1683105121974
USER	MultipleRequests	END	1683105121974
USER	MultipleRequests	END	1683105121974
USER	MultipleRequests	END	1683105121974
REQUEST		T10_Home	1683105118456	1683105121974	OK	 
REQUEST		T10_Home	1683105118448	1683105121976	OK	 
USER	MultipleRequests	END	1683105121977
REQUEST		T20_Home	1683105121745	1683105122025	KO	status.find.in([200, 209], 304), found 404
USER	MultipleRequests	END	1683105122026
REQUEST		T20_Home	1683105121773	1683105122053	KO	status.find.in([200, 209], 304), found 404
USER	MultipleRequests	END	1683105122054
REQUEST		T20_Home	1683105121777	1683105122055	KO	status.find.in([200, 209], 304), found 404
USER	MultipleRequests	END	1683105122055
REQUEST		T20_Home	1683105121782	1683105122060	KO	status.find.in([200, 209], 304), found 404
USER	MultipleRequests	END	1683105122061
REQUEST		T20_Home	1683105121781	1683105122062	KO	status.find.in([200, 209], 304), found 404
REQUEST		T20_Home	1683105121776	1683105122063	KO	status.find.in([200, 209], 304), found 404
REQUEST		T20_Home	1683105121782	1683105122063	KO	status.find.in([200, 209], 304), found 404
REQUEST		T20_Home	1683105121782	1683105122063	KO	status.find.in([200, 209], 304), found 404
USER	MultipleRequests	END	1683105122064
USER	MultipleRequests	END	1683105122064
USER	MultipleRequests	END	1683105122064
REQUEST		T20_Home	1683105121784	1683105122064	KO	status.find.in([200, 209], 304), found 404
REQUEST		T20_Home	1683105121781	1683105122063	KO	status.find.in([200, 209], 304), found 404
USER	MultipleRequests	END	1683105122064
USER	MultipleRequests	END	1683105122065
USER	MultipleRequests	END	1683105122065
REQUEST		T20_Home	1683105121783	1683105122067	KO	status.find.in([200, 209], 304), found 404
REQUEST		T20_Home	1683105121782	1683105122067	KO	status.find.in([200, 209], 304), found 404
REQUEST		T20_Home	1683105121781	1683105122068	KO	status.find.in([200, 209], 304), found 404
REQUEST		T20_Home	1683105121780	1683105122068	KO	status.find.in([200, 209], 304), found 404
REQUEST		T20_Home	1683105121783	1683105122067	KO	status.find.in([200, 209], 304), found 404
REQUEST		T20_Home	1683105121778	1683105122069	KO	status.find.in([200, 209], 304), found 404
REQUEST		T20_Home	1683105121775	1683105122069	KO	status.find.in([200, 209], 304), found 404
REQUEST		T20_Home	1683105121780	1683105122069	KO	status.find.in([200, 209], 304), found 404
USER	MultipleRequests	END	1683105122070
USER	MultipleRequests	END	1683105122070
USER	MultipleRequests	END	1683105122070
USER	MultipleRequests	END	1683105122070
USER	MultipleRequests	END	1683105122070
USER	MultipleRequests	END	1683105122070
USER	MultipleRequests	END	1683105122070
USER	MultipleRequests	END	1683105122070
REQUEST		T20_Home	1683105121845	1683105122124	KO	status.find.in([200, 209], 304), found 404
USER	MultipleRequests	END	1683105122125
REQUEST		T20_Home	1683105121851	1683105122146	KO	status.find.in([200, 209], 304), found 404
REQUEST		T20_Home	1683105121865	1683105122147	KO	status.find.in([200, 209], 304), found 404
REQUEST		T20_Home	1683105121860	1683105122147	KO	status.find.in([200, 209], 304), found 404
REQUEST		T20_Home	1683105121868	1683105122148	KO	status.find.in([200, 209], 304), found 404
REQUEST		T20_Home	1683105121866	1683105122148	KO	status.find.in([200, 209], 304), found 404
REQUEST		T20_Home	1683105121864	1683105122148	KO	status.find.in([200, 209], 304), found 404
REQUEST		T20_Home	1683105121868	1683105122150	KO	status.find.in([200, 209], 304), found 404
REQUEST		T20_Home	1683105121863	1683105122150	KO	status.find.in([200, 209], 304), found 404
REQUEST		T20_Home	1683105121873	1683105122152	KO	status.find.in([200, 209], 304), found 404
REQUEST		T20_Home	1683105121870	1683105122152	KO	status.find.in([200, 209], 304), found 404
REQUEST		T20_Home	1683105121867	1683105122152	KO	status.find.in([200, 209], 304), found 404
REQUEST		T20_Home	1683105121872	1683105122155	KO	status.find.in([200, 209], 304), found 404
REQUEST		T20_Home	1683105121865	1683105122154	KO	status.find.in([200, 209], 304), found 404
REQUEST		T20_Home	1683105121868	1683105122158	KO	status.find.in([200, 209], 304), found 404
REQUEST		T20_Home	1683105121866	1683105122159	KO	status.find.in([200, 209], 304), found 404
REQUEST		T20_Home	1683105121867	1683105122161	KO	status.find.in([200, 209], 304), found 404
REQUEST		T20_Home	1683105121866	1683105122163	KO	status.find.in([200, 209], 304), found 404
REQUEST		T20_Home	1683105121863	1683105122164	KO	status.find.in([200, 209], 304), found 404
REQUEST		T20_Home	1683105121867	1683105122164	KO	status.find.in([200, 209], 304), found 404
REQUEST		T20_Home	1683105121861	1683105122169	KO	status.find.in([200, 209], 304), found 404
USER	MultipleRequests	END	1683105122173
USER	MultipleRequests	END	1683105122174
USER	MultipleRequests	END	1683105122174
USER	MultipleRequests	END	1683105122174
USER	MultipleRequests	END	1683105122174
USER	MultipleRequests	END	1683105122174
USER	MultipleRequests	END	1683105122174
USER	MultipleRequests	END	1683105122174
USER	MultipleRequests	END	1683105122174
USER	MultipleRequests	END	1683105122174
USER	MultipleRequests	END	1683105122174
USER	MultipleRequests	END	1683105122175
USER	MultipleRequests	END	1683105122178
USER	MultipleRequests	END	1683105122178
USER	MultipleRequests	END	1683105122178
USER	MultipleRequests	END	1683105122178
USER	MultipleRequests	END	1683105122178
USER	MultipleRequests	END	1683105122178
USER	MultipleRequests	END	1683105122178
USER	MultipleRequests	END	1683105122178
REQUEST		T20_Home	1683105121955	1683105122233	KO	status.find.in([200, 209], 304), found 404
REQUEST		T20_Home	1683105121962	1683105122242	KO	status.find.in([200, 209], 304), found 404
REQUEST		T20_Home	1683105121964	1683105122248	KO	status.find.in([200, 209], 304), found 404
REQUEST		T20_Home	1683105121965	1683105122249	KO	status.find.in([200, 209], 304), found 404
REQUEST		T20_Home	1683105121967	1683105122250	KO	status.find.in([200, 209], 304), found 404
REQUEST		T20_Home	1683105121969	1683105122251	KO	status.find.in([200, 209], 304), found 404
REQUEST		T20_Home	1683105121972	1683105122252	KO	status.find.in([200, 209], 304), found 404
REQUEST		T20_Home	1683105121966	1683105122252	KO	status.find.in([200, 209], 304), found 404
REQUEST		T20_Home	1683105121968	1683105122254	KO	status.find.in([200, 209], 304), found 404
REQUEST		T20_Home	1683105121972	1683105122256	KO	status.find.in([200, 209], 304), found 404
REQUEST		T20_Home	1683105121975	1683105122257	KO	status.find.in([200, 209], 304), found 404
REQUEST		T20_Home	1683105121977	1683105122258	KO	status.find.in([200, 209], 304), found 404
REQUEST		T20_Home	1683105121973	1683105122262	KO	status.find.in([200, 209], 304), found 404
REQUEST		T20_Home	1683105121970	1683105122263	KO	status.find.in([200, 209], 304), found 404
REQUEST		T20_Home	1683105121964	1683105122265	KO	status.find.in([200, 209], 304), found 404
REQUEST		T20_Home	1683105121972	1683105122266	KO	status.find.in([200, 209], 304), found 404
REQUEST		T20_Home	1683105121966	1683105122267	KO	status.find.in([200, 209], 304), found 404
USER	MultipleRequests	END	1683105122318
USER	MultipleRequests	END	1683105122318
USER	MultipleRequests	END	1683105122318
USER	MultipleRequests	END	1683105122318
USER	MultipleRequests	END	1683105122318
USER	MultipleRequests	END	1683105122318
USER	MultipleRequests	END	1683105122318
USER	MultipleRequests	END	1683105122324
USER	MultipleRequests	END	1683105122339
USER	MultipleRequests	END	1683105122358
USER	MultipleRequests	END	1683105122393
USER	MultipleRequests	END	1683105122393
USER	MultipleRequests	END	1683105122393
USER	MultipleRequests	END	1683105122393
USER	MultipleRequests	END	1683105122393
USER	MultipleRequests	END	1683105122393
USER	MultipleRequests	END	1683105122393
