RUN	botiqueClass.Boutiquee	boutiquee	1681725046579	test	3.9.0
USER	Online Boutique Home Page	START	1681725047874
USER	Online Boutique Home Page	START	1681725047876
USER	Online Boutique Home Page	START	1681725047878
USER	Online Boutique Home Page	START	1681725047879
USER	Online Boutique Home Page	START	1681725047880
USER	Online Boutique Home Page	START	1681725047881
USER	MultipleRequests	START	1681725047883
USER	MultipleRequests	START	1681725047884
USER	Online Boutique Home Page	START	1681725047884
USER	Online Boutique Home Page	START	1681725047885
USER	Online Boutique Home Page	START	1681725047886
USER	Online Boutique Home Page	START	1681725047888
USER	Online Boutique Home Page	START	1681725047888
USER	MultipleRequests	START	1681725047888
USER	Online Boutique Home Page	START	1681725047889
USER	Online Boutique Home Page	START	1681725047889
USER	Online Boutique Home Page	START	1681725047889
USER	MultipleRequests	START	1681725047889
USER	Online Boutique Home Page	START	1681725047890
USER	MultipleRequests	START	1681725047890
USER	Online Boutique Home Page	START	1681725047890
USER	Online Boutique Home Page	START	1681725047890
USER	Online Boutique Home Page	START	1681725047891
USER	MultipleRequests	START	1681725047891
USER	Online Boutique Home Page	START	1681725047891
USER	Online Boutique Home Page	START	1681725047891
USER	Online Boutique Home Page	START	1681725047892
USER	Online Boutique Home Page	START	1681725047892
USER	Online Boutique Home Page	START	1681725047892
USER	Online Boutique Home Page	START	1681725047893
USER	Online Boutique Home Page	START	1681725047893
USER	Online Boutique Home Page	START	1681725047893
USER	Online Boutique Home Page	START	1681725047895
USER	Online Boutique Home Page	START	1681725047895
USER	Online Boutique Home Page	START	1681725047895
USER	Online Boutique Home Page	START	1681725047895
USER	Online Boutique Home Page	START	1681725047896
USER	Online Boutique Home Page	START	1681725047896
USER	MultipleRequests	START	1681725047897
USER	Online Boutique Home Page	START	1681725047897
USER	Online Boutique Home Page	START	1681725047897
USER	Online Boutique Home Page	START	1681725047897
USER	Online Boutique Home Page	START	1681725047897
USER	Online Boutique Home Page	START	1681725047898
USER	MultipleRequests	START	1681725047898
USER	Online Boutique Home Page	START	1681725047898
USER	MultipleRequests	START	1681725047898
USER	Online Boutique Home Page	START	1681725047899
USER	Online Boutique Home Page	START	1681725047900
USER	MultipleRequests	START	1681725047900
USER	MultipleRequests	START	1681725047901
USER	MultipleRequests	START	1681725047901
USER	Online Boutique Home Page	START	1681725047902
USER	MultipleRequests	START	1681725047902
USER	Online Boutique Home Page	START	1681725047903
USER	MultipleRequests	START	1681725047903
USER	MultipleRequests	START	1681725047904
USER	MultipleRequests	START	1681725047904
USER	Online Boutique Home Page	START	1681725047905
USER	Online Boutique Home Page	START	1681725047905
USER	MultipleRequests	START	1681725047905
USER	MultipleRequests	START	1681725047906
USER	MultipleRequests	START	1681725047906
USER	Online Boutique Home Page	START	1681725047906
USER	MultipleRequests	START	1681725047907
USER	Online Boutique Home Page	START	1681725047907
USER	MultipleRequests	START	1681725047907
USER	MultipleRequests	START	1681725047908
USER	MultipleRequests	START	1681725047908
USER	MultipleRequests	START	1681725047908
USER	MultipleRequests	START	1681725047909
USER	Online Boutique Home Page	START	1681725047909
USER	MultipleRequests	START	1681725047909
USER	MultipleRequests	START	1681725047909
USER	MultipleRequests	START	1681725047909
USER	MultipleRequests	START	1681725047910
USER	Online Boutique Home Page	START	1681725047910
USER	MultipleRequests	START	1681725047910
USER	MultipleRequests	START	1681725047911
USER	Online Boutique Home Page	START	1681725047912
USER	MultipleRequests	START	1681725047912
USER	Online Boutique Home Page	START	1681725047913
USER	MultipleRequests	START	1681725047914
USER	MultipleRequests	START	1681725047914
USER	MultipleRequests	START	1681725047914
USER	MultipleRequests	START	1681725047916
USER	MultipleRequests	START	1681725047916
USER	MultipleRequests	START	1681725047916
USER	MultipleRequests	START	1681725047920
USER	MultipleRequests	START	1681725047920
USER	MultipleRequests	START	1681725047921
USER	MultipleRequests	START	1681725047921
USER	MultipleRequests	START	1681725047923
USER	MultipleRequests	START	1681725047923
USER	MultipleRequests	START	1681725047924
USER	MultipleRequests	START	1681725047924
USER	MultipleRequests	START	1681725047926
USER	MultipleRequests	START	1681725047926
USER	MultipleRequests	START	1681725047927
USER	MultipleRequests	START	1681725047927
REQUEST		T10_Home	1681725047883	1681725048464	OK	 
REQUEST		T10_Home	1681725047882	1681725048659	OK	 
REQUEST		T10_Home	1681725047890	1681725048758	OK	 
REQUEST		T20_Home	1681725048520	1681725048858	KO	status.find.in([200, 209], 304), found 404
REQUEST		T10_Home	1681725047889	1681725048876	OK	 
REQUEST		To_Home	1681725047881	1681725048879	OK	 
USER	Online Boutique Home Page	END	1681725048886
REQUEST		T10_Home	1681725047906	1681725048889	OK	 
REQUEST		T10_Home	1681725047909	1681725048891	OK	 
REQUEST		T10_Home	1681725047890	1681725048894	OK	 
REQUEST		T10_Home	1681725047888	1681725048897	OK	 
REQUEST		T10_Home	1681725047904	1681725048898	OK	 
REQUEST		T10_Home	1681725047901	1681725048899	OK	 
REQUEST		T10_Home	1681725047902	1681725048899	OK	 
REQUEST		T10_Home	1681725047897	1681725048901	OK	 
REQUEST		To_Home	1681725047879	1681725048902	OK	 
REQUEST		T10_Home	1681725047906	1681725048903	OK	 
USER	Online Boutique Home Page	END	1681725048904
REQUEST		To_Home	1681725047878	1681725048904	OK	 
USER	Online Boutique Home Page	END	1681725048905
REQUEST		To_Home	1681725047876	1681725048906	OK	 
USER	Online Boutique Home Page	END	1681725048907
REQUEST		T10_Home	1681725047899	1681725048951	OK	 
REQUEST		To_Home	1681725047872	1681725048951	OK	 
USER	Online Boutique Home Page	END	1681725048953
REQUEST		T20_Home	1681725048661	1681725048953	KO	status.find.in([200, 209], 304), found 404
REQUEST		T10_Home	1681725047925	1681725048967	OK	 
REQUEST		T10_Home	1681725047907	1681725048967	OK	 
REQUEST		T10_Home	1681725047926	1681725048970	OK	 
REQUEST		T10_Home	1681725047915	1681725048970	OK	 
REQUEST		T10_Home	1681725047898	1681725048970	OK	 
REQUEST		T10_Home	1681725047907	1681725048973	OK	 
REQUEST		T20_Home	1681725048760	1681725049072	KO	status.find.in([200, 209], 304), found 404
REQUEST		T10_Home	1681725047913	1681725049086	OK	 
REQUEST		T10_Home	1681725047909	1681725049110	OK	 
REQUEST		T10_Home	1681725047908	1681725049110	OK	 
REQUEST		T10_Home	1681725047916	1681725049114	OK	 
REQUEST		T10_Home	1681725047915	1681725049114	OK	 
REQUEST		T10_Home	1681725047911	1681725049114	OK	 
REQUEST		T10_Home	1681725047920	1681725049117	OK	 
REQUEST		T10_Home	1681725047906	1681725049117	OK	 
REQUEST		T10_Home	1681725047913	1681725049119	OK	 
REQUEST		T10_Home	1681725047896	1681725049121	OK	 
REQUEST		T10_Home	1681725047914	1681725049122	OK	 
REQUEST		T10_Home	1681725047900	1681725049127	OK	 
REQUEST		To_Home	1681725047877	1681725049127	OK	 
REQUEST		T10_Home	1681725047908	1681725049130	OK	 
REQUEST		T10_Home	1681725047922	1681725049130	OK	 
USER	Online Boutique Home Page	END	1681725049132
REQUEST		T10_Home	1681725047908	1681725049157	OK	 
REQUEST		T10_Home	1681725047925	1681725049158	OK	 
REQUEST		T10_Home	1681725047897	1681725049160	OK	 
REQUEST		T10_Home	1681725047911	1681725049176	OK	 
REQUEST		T10_Home	1681725047901	1681725049176	OK	 
REQUEST		T20_Home	1681725048878	1681725049177	KO	status.find.in([200, 209], 304), found 404
REQUEST		T10_Home	1681725047920	1681725049178	OK	 
REQUEST		T10_Home	1681725047899	1681725049178	OK	 
REQUEST		T10_Home	1681725047906	1681725049179	OK	 
REQUEST		T20_Home	1681725048971	1681725049244	KO	status.find.in([200, 209], 304), found 404
REQUEST		T20_Home	1681725048892	1681725049247	KO	status.find.in([200, 209], 304), found 404
REQUEST		T20_Home	1681725048900	1681725049247	KO	status.find.in([200, 209], 304), found 404
REQUEST		T20_Home	1681725048890	1681725049250	KO	status.find.in([200, 209], 304), found 404
REQUEST		T20_Home	1681725048973	1681725049251	KO	status.find.in([200, 209], 304), found 404
REQUEST		T20_Home	1681725048901	1681725049253	KO	status.find.in([200, 209], 304), found 404
REQUEST		T10_Home	1681725047924	1681725049255	OK	 
REQUEST		T20_Home	1681725048899	1681725049258	KO	status.find.in([200, 209], 304), found 404
REQUEST		T20_Home	1681725048895	1681725049267	KO	status.find.in([200, 209], 304), found 404
REQUEST		T20_Home	1681725048898	1681725049274	KO	status.find.in([200, 209], 304), found 404
REQUEST		T20_Home	1681725048971	1681725049261	KO	status.find.in([200, 209], 304), found 404
REQUEST		T20_Home	1681725048952	1681725049284	KO	status.find.in([200, 209], 304), found 404
REQUEST		T10_Home	1681725047908	1681725049285	OK	 
REQUEST		T10_Home	1681725047896	1681725049287	OK	 
REQUEST		T20_Home	1681725048968	1681725049291	KO	status.find.in([200, 209], 304), found 404
REQUEST		T20_Home	1681725048972	1681725049290	KO	status.find.in([200, 209], 304), found 404
REQUEST		T20_Home	1681725048903	1681725049261	KO	status.find.in([200, 209], 304), found 404
REQUEST		T20_Home	1681725048902	1681725049292	KO	status.find.in([200, 209], 304), found 404
REQUEST		T20_Home	1681725048969	1681725049294	KO	status.find.in([200, 209], 304), found 404
REQUEST		T10_Home	1681725047909	1681725049352	OK	 
REQUEST		T10_Home	1681725047926	1681725049352	OK	 
REQUEST		T10_Home	1681725047924	1681725049353	OK	 
REQUEST		T10_Home	1681725047910	1681725049356	OK	 
REQUEST		T10_Home	1681725047919	1681725049356	OK	 
REQUEST		T20_Home	1681725049088	1681725049358	KO	status.find.in([200, 209], 304), found 404
REQUEST		To_Home	1681725047886	1681725049377	OK	 
USER	Online Boutique Home Page	END	1681725049379
REQUEST		T20_Home	1681725049113	1681725049384	KO	status.find.in([200, 209], 304), found 404
REQUEST		T20_Home	1681725049116	1681725049386	KO	status.find.in([200, 209], 304), found 404
REQUEST		T20_Home	1681725049112	1681725049387	KO	status.find.in([200, 209], 304), found 404
REQUEST		T20_Home	1681725049116	1681725049387	KO	status.find.in([200, 209], 304), found 404
REQUEST		T20_Home	1681725049119	1681725049388	KO	status.find.in([200, 209], 304), found 404
REQUEST		T20_Home	1681725049116	1681725049390	KO	status.find.in([200, 209], 304), found 404
REQUEST		T20_Home	1681725049124	1681725049392	KO	status.find.in([200, 209], 304), found 404
REQUEST		T20_Home	1681725049122	1681725049394	KO	status.find.in([200, 209], 304), found 404
REQUEST		T20_Home	1681725049123	1681725049399	KO	status.find.in([200, 209], 304), found 404
REQUEST		T20_Home	1681725049160	1681725049441	KO	status.find.in([200, 209], 304), found 404
REQUEST		T20_Home	1681725049119	1681725049443	KO	status.find.in([200, 209], 304), found 404
REQUEST		T20_Home	1681725049129	1681725049444	KO	status.find.in([200, 209], 304), found 404
REQUEST		T20_Home	1681725049158	1681725049444	KO	status.find.in([200, 209], 304), found 404
REQUEST		T20_Home	1681725049131	1681725049445	KO	status.find.in([200, 209], 304), found 404
REQUEST		T20_Home	1681725049131	1681725049445	KO	status.find.in([200, 209], 304), found 404
REQUEST		T20_Home	1681725049161	1681725049447	KO	status.find.in([200, 209], 304), found 404
REQUEST		T20_Home	1681725049180	1681725049450	KO	status.find.in([200, 209], 304), found 404
REQUEST		T20_Home	1681725049179	1681725049452	KO	status.find.in([200, 209], 304), found 404
REQUEST		T20_Home	1681725049178	1681725049453	KO	status.find.in([200, 209], 304), found 404
REQUEST		T20_Home	1681725049178	1681725049453	KO	status.find.in([200, 209], 304), found 404
REQUEST		T20_Home	1681725049179	1681725049464	KO	status.find.in([200, 209], 304), found 404
REQUEST		To_Home	1681725047887	1681725049468	OK	 
REQUEST		To_Home	1681725047888	1681725049470	OK	 
USER	Online Boutique Home Page	END	1681725049472
USER	Online Boutique Home Page	END	1681725049473
REQUEST		To_Home	1681725047886	1681725049473	OK	 
USER	Online Boutique Home Page	END	1681725049476
REQUEST		To_Home	1681725047888	1681725049551	OK	 
REQUEST		T20_Home	1681725049259	1681725049551	KO	status.find.in([200, 209], 304), found 404
USER	Online Boutique Home Page	END	1681725049555
REQUEST		To_Home	1681725047889	1681725049566	OK	 
USER	Online Boutique Home Page	END	1681725049569
REQUEST		To_Home	1681725047885	1681725049570	OK	 
REQUEST		To_Home	1681725047894	1681725049573	OK	 
USER	Online Boutique Home Page	END	1681725049576
USER	Online Boutique Home Page	END	1681725049576
REQUEST		To_Home	1681725047889	1681725049577	OK	 
USER	Online Boutique Home Page	END	1681725049580
REQUEST		T20_Home	1681725049354	1681725049644	KO	status.find.in([200, 209], 304), found 404
REQUEST		T20_Home	1681725049291	1681725049644	KO	status.find.in([200, 209], 304), found 404
REQUEST		To_Home	1681725047906	1681725049649	OK	 
USER	Online Boutique Home Page	END	1681725049651
REQUEST		T20_Home	1681725049357	1681725049655	KO	status.find.in([200, 209], 304), found 404
REQUEST		To_Home	1681725047896	1681725049656	OK	 
USER	Online Boutique Home Page	END	1681725049663
REQUEST		T20_Home	1681725049352	1681725049670	KO	status.find.in([200, 209], 304), found 404
REQUEST		T20_Home	1681725049352	1681725049696	KO	status.find.in([200, 209], 304), found 404
REQUEST		T20_Home	1681725049357	1681725049697	KO	status.find.in([200, 209], 304), found 404
REQUEST		T20_Home	1681725049289	1681725049700	KO	status.find.in([200, 209], 304), found 404
REQUEST		To_Home	1681725047894	1681725049706	OK	 
USER	Online Boutique Home Page	END	1681725049707
REQUEST		To_Home	1681725047890	1681725049712	OK	 
USER	Online Boutique Home Page	END	1681725049713
REQUEST		To_Home	1681725047899	1681725049714	OK	 
USER	Online Boutique Home Page	END	1681725049715
REQUEST		To_Home	1681725047883	1681725049718	OK	 
REQUEST		To_Home	1681725047898	1681725049718	OK	 
USER	Online Boutique Home Page	END	1681725049719
USER	Online Boutique Home Page	END	1681725049719
REQUEST		To_Home	1681725047899	1681725049722	OK	 
REQUEST		To_Home	1681725047895	1681725049723	OK	 
USER	Online Boutique Home Page	END	1681725049723
USER	Online Boutique Home Page	END	1681725049724
REQUEST		To_Home	1681725047894	1681725049724	OK	 
USER	Online Boutique Home Page	END	1681725049725
REQUEST		To_Home	1681725047891	1681725049725	OK	 
REQUEST		To_Home	1681725047890	1681725049727	OK	 
REQUEST		To_Home	1681725047891	1681725049727	OK	 
REQUEST		To_Home	1681725047911	1681725049727	OK	 
REQUEST		To_Home	1681725047892	1681725049728	OK	 
REQUEST		To_Home	1681725047890	1681725049728	OK	 
USER	Online Boutique Home Page	END	1681725049729
USER	Online Boutique Home Page	END	1681725049730
REQUEST		To_Home	1681725047894	1681725049730	OK	 
USER	Online Boutique Home Page	END	1681725049730
USER	Online Boutique Home Page	END	1681725049730
USER	Online Boutique Home Page	END	1681725049730
USER	Online Boutique Home Page	END	1681725049730
USER	Online Boutique Home Page	END	1681725049731
REQUEST		To_Home	1681725047892	1681725049731	OK	 
REQUEST		To_Home	1681725047909	1681725049731	OK	 
USER	Online Boutique Home Page	END	1681725049732
USER	Online Boutique Home Page	END	1681725049732
REQUEST		To_Home	1681725047890	1681725049734	OK	 
REQUEST		To_Home	1681725047900	1681725049734	OK	 
REQUEST		To_Home	1681725047890	1681725049734	OK	 
REQUEST		To_Home	1681725047885	1681725049735	OK	 
USER	Online Boutique Home Page	END	1681725049736
USER	Online Boutique Home Page	END	1681725049737
USER	Online Boutique Home Page	END	1681725049737
USER	Online Boutique Home Page	END	1681725049737
REQUEST		To_Home	1681725047898	1681725049738	OK	 
REQUEST		To_Home	1681725047907	1681725049738	OK	 
USER	Online Boutique Home Page	END	1681725049739
USER	Online Boutique Home Page	END	1681725049739
REQUEST		To_Home	1681725047910	1681725049739	OK	 
USER	Online Boutique Home Page	END	1681725049740
REQUEST		To_Home	1681725047891	1681725049744	OK	 
USER	Online Boutique Home Page	END	1681725049745
REQUEST		To_Home	1681725047896	1681725049765	OK	 
REQUEST		To_Home	1681725047897	1681725049765	OK	 
REQUEST		To_Home	1681725047886	1681725049766	OK	 
REQUEST		To_Home	1681725047898	1681725049767	OK	 
REQUEST		To_Home	1681725047904	1681725049767	OK	 
REQUEST		To_Home	1681725047897	1681725049767	OK	 
REQUEST		To_Home	1681725047902	1681725049768	OK	 
REQUEST		To_Home	1681725047892	1681725049769	OK	 
USER	Online Boutique Home Page	END	1681725049770
USER	Online Boutique Home Page	END	1681725049770
USER	Online Boutique Home Page	END	1681725049770
USER	Online Boutique Home Page	END	1681725049770
USER	Online Boutique Home Page	END	1681725049770
USER	Online Boutique Home Page	END	1681725049770
USER	Online Boutique Home Page	END	1681725049770
USER	Online Boutique Home Page	END	1681725049770
USER	MultipleRequests	END	1681725051884
USER	MultipleRequests	END	1681725051963
USER	MultipleRequests	END	1681725052088
USER	MultipleRequests	END	1681725052183
USER	MultipleRequests	END	1681725052261
USER	MultipleRequests	END	1681725052261
USER	MultipleRequests	END	1681725052263
USER	MultipleRequests	END	1681725052268
USER	MultipleRequests	END	1681725052269
USER	MultipleRequests	END	1681725052271
USER	MultipleRequests	END	1681725052272
USER	MultipleRequests	END	1681725052274
USER	MultipleRequests	END	1681725052290
USER	MultipleRequests	END	1681725052290
USER	MultipleRequests	END	1681725052291
USER	MultipleRequests	END	1681725052306
USER	MultipleRequests	END	1681725052306
USER	MultipleRequests	END	1681725052306
USER	MultipleRequests	END	1681725052307
USER	MultipleRequests	END	1681725052308
USER	MultipleRequests	END	1681725052367
USER	MultipleRequests	END	1681725052398
USER	MultipleRequests	END	1681725052399
USER	MultipleRequests	END	1681725052399
USER	MultipleRequests	END	1681725052399
USER	MultipleRequests	END	1681725052399
USER	MultipleRequests	END	1681725052399
USER	MultipleRequests	END	1681725052400
USER	MultipleRequests	END	1681725052400
USER	MultipleRequests	END	1681725052414
USER	MultipleRequests	END	1681725052447
USER	MultipleRequests	END	1681725052447
USER	MultipleRequests	END	1681725052447
USER	MultipleRequests	END	1681725052448
USER	MultipleRequests	END	1681725052449
USER	MultipleRequests	END	1681725052449
USER	MultipleRequests	END	1681725052462
USER	MultipleRequests	END	1681725052462
USER	MultipleRequests	END	1681725052463
USER	MultipleRequests	END	1681725052464
USER	MultipleRequests	END	1681725052465
USER	MultipleRequests	END	1681725052478
USER	MultipleRequests	END	1681725052555
USER	MultipleRequests	END	1681725052648
USER	MultipleRequests	END	1681725052649
USER	MultipleRequests	END	1681725052663
USER	MultipleRequests	END	1681725052679
USER	MultipleRequests	END	1681725052710
USER	MultipleRequests	END	1681725052711
USER	MultipleRequests	END	1681725052712
