RUN	botiqueClass.Boutiquee	boutiquee	1682420487814	test	3.9.0
REQUEST		To_Home	1682420488528	1682420488530	KO	j.n.UnknownHostException: onlineboutique.dev
REQUEST		To_Home	1682420488528	1682420488530	KO	j.n.UnknownHostException: onlineboutique.dev
REQUEST		To_Home	1682420488528	1682420488530	KO	j.n.UnknownHostException: onlineboutique.dev
REQUEST		To_Home	1682420488528	1682420488530	KO	j.n.UnknownHostException: onlineboutique.dev
REQUEST		To_Home	1682420488528	1682420488530	KO	j.n.UnknownHostException: onlineboutique.dev
REQUEST		To_Home	1682420488528	1682420488530	KO	j.n.UnknownHostException: onlineboutique.dev
REQUEST		To_Home	1682420488529	1682420488530	KO	j.n.UnknownHostException: onlineboutique.dev
REQUEST		To_Home	1682420488529	1682420488530	KO	j.n.UnknownHostException: onlineboutique.dev
USER	Online Boutique Home Page	END	1682420488552
USER	Online Boutique Home Page	END	1682420488553
USER	Online Boutique Home Page	END	1682420488553
USER	Online Boutique Home Page	END	1682420488553
USER	Online Boutique Home Page	END	1682420488553
USER	Online Boutique Home Page	END	1682420488553
USER	Online Boutique Home Page	END	1682420488553
USER	Online Boutique Home Page	END	1682420488553
USER	Online Boutique Home Page	START	1682420488553
USER	Online Boutique Home Page	START	1682420488554
USER	Online Boutique Home Page	START	1682420488554
USER	Online Boutique Home Page	START	1682420488554
REQUEST		To_Home	1682420488554	1682420488554	KO	j.n.UnknownHostException: onlineboutique.dev
REQUEST		To_Home	1682420488554	1682420488554	KO	j.n.UnknownHostException: onlineboutique.dev
REQUEST		To_Home	1682420488554	1682420488554	KO	j.n.UnknownHostException: onlineboutique.dev
USER	Online Boutique Home Page	START	1682420488555
USER	Online Boutique Home Page	START	1682420488555
USER	Online Boutique Home Page	START	1682420488555
REQUEST		To_Home	1682420488554	1682420488555	KO	j.n.UnknownHostException: onlineboutique.dev
USER	Online Boutique Home Page	START	1682420488555
REQUEST		To_Home	1682420488555	1682420488555	KO	j.n.UnknownHostException: onlineboutique.dev
REQUEST		To_Home	1682420488555	1682420488555	KO	j.n.UnknownHostException: onlineboutique.dev
REQUEST		To_Home	1682420488555	1682420488555	KO	j.n.UnknownHostException: onlineboutique.dev
USER	Online Boutique Home Page	START	1682420488555
USER	Online Boutique Home Page	START	1682420488555
USER	Online Boutique Home Page	START	1682420488556
REQUEST		To_Home	1682420488555	1682420488556	KO	j.n.UnknownHostException: onlineboutique.dev
USER	Online Boutique Home Page	START	1682420488556
REQUEST		To_Home	1682420488556	1682420488556	KO	j.n.UnknownHostException: onlineboutique.dev
REQUEST		To_Home	1682420488556	1682420488556	KO	j.n.UnknownHostException: onlineboutique.dev
REQUEST		To_Home	1682420488556	1682420488556	KO	j.n.UnknownHostException: onlineboutique.dev
USER	Online Boutique Home Page	START	1682420488556
USER	Online Boutique Home Page	START	1682420488556
USER	Online Boutique Home Page	START	1682420488556
REQUEST		To_Home	1682420488556	1682420488556	KO	j.n.UnknownHostException: onlineboutique.dev
USER	Online Boutique Home Page	START	1682420488556
REQUEST		To_Home	1682420488557	1682420488557	KO	j.n.UnknownHostException: onlineboutique.dev
REQUEST		To_Home	1682420488557	1682420488557	KO	j.n.UnknownHostException: onlineboutique.dev
REQUEST		To_Home	1682420488557	1682420488557	KO	j.n.UnknownHostException: onlineboutique.dev
REQUEST		To_Home	1682420488557	1682420488557	KO	j.n.UnknownHostException: onlineboutique.dev
USER	Online Boutique Home Page	START	1682420488557
USER	Online Boutique Home Page	START	1682420488557
USER	Online Boutique Home Page	START	1682420488557
USER	Online Boutique Home Page	START	1682420488557
REQUEST		To_Home	1682420488558	1682420488558	KO	j.n.UnknownHostException: onlineboutique.dev
REQUEST		To_Home	1682420488558	1682420488558	KO	j.n.UnknownHostException: onlineboutique.dev
REQUEST		To_Home	1682420488558	1682420488558	KO	j.n.UnknownHostException: onlineboutique.dev
REQUEST		To_Home	1682420488558	1682420488558	KO	j.n.UnknownHostException: onlineboutique.dev
USER	Online Boutique Home Page	START	1682420488558
USER	Online Boutique Home Page	START	1682420488558
USER	Online Boutique Home Page	START	1682420488558
USER	Online Boutique Home Page	START	1682420488558
REQUEST		To_Home	1682420488559	1682420488559	KO	j.n.UnknownHostException: onlineboutique.dev
REQUEST		To_Home	1682420488559	1682420488559	KO	j.n.UnknownHostException: onlineboutique.dev
REQUEST		To_Home	1682420488559	1682420488559	KO	j.n.UnknownHostException: onlineboutique.dev
REQUEST		To_Home	1682420488559	1682420488559	KO	j.n.UnknownHostException: onlineboutique.dev
USER	Online Boutique Home Page	START	1682420488559
USER	Online Boutique Home Page	START	1682420488559
USER	Online Boutique Home Page	START	1682420488559
USER	Online Boutique Home Page	START	1682420488559
REQUEST		To_Home	1682420488559	1682420488559	KO	j.n.UnknownHostException: onlineboutique.dev
REQUEST		To_Home	1682420488559	1682420488559	KO	j.n.UnknownHostException: onlineboutique.dev
REQUEST		To_Home	1682420488559	1682420488559	KO	j.n.UnknownHostException: onlineboutique.dev
REQUEST		To_Home	1682420488559	1682420488559	KO	j.n.UnknownHostException: onlineboutique.dev
USER	Online Boutique Home Page	START	1682420488560
USER	Online Boutique Home Page	START	1682420488560
USER	Online Boutique Home Page	START	1682420488560
USER	Online Boutique Home Page	START	1682420488560
REQUEST		To_Home	1682420488560	1682420488560	KO	j.n.UnknownHostException: onlineboutique.dev
REQUEST		To_Home	1682420488560	1682420488560	KO	j.n.UnknownHostException: onlineboutique.dev
REQUEST		To_Home	1682420488560	1682420488560	KO	j.n.UnknownHostException: onlineboutique.dev
REQUEST		To_Home	1682420488560	1682420488560	KO	j.n.UnknownHostException: onlineboutique.dev
USER	Online Boutique Home Page	START	1682420488561
USER	Online Boutique Home Page	START	1682420488561
USER	Online Boutique Home Page	START	1682420488561
USER	Online Boutique Home Page	START	1682420488561
REQUEST		To_Home	1682420488561	1682420488561	KO	j.n.UnknownHostException: onlineboutique.dev
REQUEST		To_Home	1682420488561	1682420488561	KO	j.n.UnknownHostException: onlineboutique.dev
REQUEST		To_Home	1682420488561	1682420488561	KO	j.n.UnknownHostException: onlineboutique.dev
REQUEST		To_Home	1682420488561	1682420488561	KO	j.n.UnknownHostException: onlineboutique.dev
USER	Online Boutique Home Page	START	1682420488561
USER	Online Boutique Home Page	START	1682420488561
USER	Online Boutique Home Page	START	1682420488561
USER	Online Boutique Home Page	START	1682420488561
REQUEST		To_Home	1682420488562	1682420488562	KO	j.n.UnknownHostException: onlineboutique.dev
REQUEST		To_Home	1682420488562	1682420488562	KO	j.n.UnknownHostException: onlineboutique.dev
REQUEST		To_Home	1682420488562	1682420488562	KO	j.n.UnknownHostException: onlineboutique.dev
REQUEST		To_Home	1682420488562	1682420488562	KO	j.n.UnknownHostException: onlineboutique.dev
USER	Online Boutique Home Page	START	1682420488562
USER	Online Boutique Home Page	START	1682420488562
USER	Online Boutique Home Page	START	1682420488562
USER	Online Boutique Home Page	START	1682420488562
REQUEST		To_Home	1682420488563	1682420488563	KO	j.n.UnknownHostException: onlineboutique.dev
REQUEST		To_Home	1682420488563	1682420488563	KO	j.n.UnknownHostException: onlineboutique.dev
REQUEST		To_Home	1682420488563	1682420488563	KO	j.n.UnknownHostException: onlineboutique.dev
REQUEST		To_Home	1682420488563	1682420488563	KO	j.n.UnknownHostException: onlineboutique.dev
USER	Online Boutique Home Page	START	1682420488563
USER	Online Boutique Home Page	START	1682420488563
USER	Online Boutique Home Page	START	1682420488563
USER	Online Boutique Home Page	START	1682420488563
REQUEST		To_Home	1682420488564	1682420488564	KO	j.n.UnknownHostException: onlineboutique.dev
REQUEST		To_Home	1682420488564	1682420488564	KO	j.n.UnknownHostException: onlineboutique.dev
REQUEST		To_Home	1682420488564	1682420488564	KO	j.n.UnknownHostException: onlineboutique.dev
REQUEST		To_Home	1682420488564	1682420488564	KO	j.n.UnknownHostException: onlineboutique.dev
USER	Online Boutique Home Page	START	1682420488564
USER	Online Boutique Home Page	START	1682420488564
USER	Online Boutique Home Page	START	1682420488564
USER	Online Boutique Home Page	START	1682420488564
REQUEST		To_Home	1682420488565	1682420488565	KO	j.n.UnknownHostException: onlineboutique.dev
REQUEST		To_Home	1682420488565	1682420488565	KO	j.n.UnknownHostException: onlineboutique.dev
REQUEST		To_Home	1682420488565	1682420488565	KO	j.n.UnknownHostException: onlineboutique.dev
USER	Online Boutique Home Page	START	1682420488565
USER	Online Boutique Home Page	START	1682420488565
USER	Online Boutique Home Page	START	1682420488565
USER	Online Boutique Home Page	START	1682420488565
USER	Online Boutique Home Page	END	1682420488565
USER	Online Boutique Home Page	END	1682420488565
USER	Online Boutique Home Page	END	1682420488565
USER	Online Boutique Home Page	END	1682420488565
USER	Online Boutique Home Page	END	1682420488566
USER	Online Boutique Home Page	END	1682420488566
REQUEST		To_Home	1682420488566	1682420488566	KO	j.n.UnknownHostException: onlineboutique.dev
REQUEST		To_Home	1682420488566	1682420488566	KO	j.n.UnknownHostException: onlineboutique.dev
USER	Online Boutique Home Page	END	1682420488566
REQUEST		To_Home	1682420488566	1682420488566	KO	j.n.UnknownHostException: onlineboutique.dev
USER	Online Boutique Home Page	END	1682420488566
USER	Online Boutique Home Page	START	1682420488566
USER	Online Boutique Home Page	START	1682420488566
USER	Online Boutique Home Page	END	1682420488566
USER	Online Boutique Home Page	START	1682420488566
USER	Online Boutique Home Page	END	1682420488566
USER	Online Boutique Home Page	END	1682420488566
USER	Online Boutique Home Page	END	1682420488566
USER	Online Boutique Home Page	END	1682420488566
USER	Online Boutique Home Page	END	1682420488566
USER	Online Boutique Home Page	END	1682420488566
USER	Online Boutique Home Page	END	1682420488566
REQUEST		To_Home	1682420488566	1682420488567	KO	j.n.UnknownHostException: onlineboutique.dev
REQUEST		To_Home	1682420488566	1682420488567	KO	j.n.UnknownHostException: onlineboutique.dev
USER	Online Boutique Home Page	END	1682420488567
USER	Online Boutique Home Page	END	1682420488567
REQUEST		To_Home	1682420488567	1682420488567	KO	j.n.UnknownHostException: onlineboutique.dev
USER	Online Boutique Home Page	END	1682420488567
USER	Online Boutique Home Page	START	1682420488567
USER	Online Boutique Home Page	START	1682420488567
USER	Online Boutique Home Page	START	1682420488567
USER	Online Boutique Home Page	END	1682420488567
USER	Online Boutique Home Page	END	1682420488567
USER	Online Boutique Home Page	END	1682420488567
USER	Online Boutique Home Page	END	1682420488567
USER	Online Boutique Home Page	END	1682420488567
USER	Online Boutique Home Page	END	1682420488567
USER	Online Boutique Home Page	END	1682420488567
REQUEST		To_Home	1682420488567	1682420488567	KO	j.n.UnknownHostException: onlineboutique.dev
REQUEST		To_Home	1682420488567	1682420488567	KO	j.n.UnknownHostException: onlineboutique.dev
USER	Online Boutique Home Page	END	1682420488567
REQUEST		To_Home	1682420488567	1682420488567	KO	j.n.UnknownHostException: onlineboutique.dev
USER	Online Boutique Home Page	END	1682420488568
USER	Online Boutique Home Page	END	1682420488568
USER	Online Boutique Home Page	START	1682420488568
USER	Online Boutique Home Page	START	1682420488568
USER	Online Boutique Home Page	START	1682420488568
USER	Online Boutique Home Page	END	1682420488568
USER	Online Boutique Home Page	END	1682420488568
USER	Online Boutique Home Page	END	1682420488568
USER	Online Boutique Home Page	END	1682420488568
USER	Online Boutique Home Page	END	1682420488568
USER	Online Boutique Home Page	END	1682420488568
USER	Online Boutique Home Page	END	1682420488568
USER	Online Boutique Home Page	END	1682420488568
USER	Online Boutique Home Page	END	1682420488568
REQUEST		To_Home	1682420488568	1682420488568	KO	j.n.UnknownHostException: onlineboutique.dev
REQUEST		To_Home	1682420488568	1682420488568	KO	j.n.UnknownHostException: onlineboutique.dev
REQUEST		To_Home	1682420488568	1682420488568	KO	j.n.UnknownHostException: onlineboutique.dev
USER	Online Boutique Home Page	END	1682420488568
USER	Online Boutique Home Page	END	1682420488568
USER	Online Boutique Home Page	START	1682420488569
USER	Online Boutique Home Page	START	1682420488569
USER	Online Boutique Home Page	START	1682420488569
USER	Online Boutique Home Page	START	1682420488569
USER	Online Boutique Home Page	END	1682420488569
USER	Online Boutique Home Page	END	1682420488569
USER	Online Boutique Home Page	END	1682420488569
USER	Online Boutique Home Page	END	1682420488569
USER	Online Boutique Home Page	END	1682420488569
USER	Online Boutique Home Page	END	1682420488569
USER	Online Boutique Home Page	END	1682420488569
USER	Online Boutique Home Page	END	1682420488569
USER	Online Boutique Home Page	END	1682420488569
REQUEST		To_Home	1682420488569	1682420488569	KO	j.n.UnknownHostException: onlineboutique.dev
REQUEST		To_Home	1682420488569	1682420488569	KO	j.n.UnknownHostException: onlineboutique.dev
USER	Online Boutique Home Page	START	1682420488569
USER	Online Boutique Home Page	END	1682420488569
USER	Online Boutique Home Page	END	1682420488569
USER	Online Boutique Home Page	START	1682420488569
USER	Online Boutique Home Page	START	1682420488569
USER	Online Boutique Home Page	END	1682420488570
USER	Online Boutique Home Page	END	1682420488570
USER	Online Boutique Home Page	END	1682420488570
USER	Online Boutique Home Page	END	1682420488570
USER	Online Boutique Home Page	END	1682420488570
USER	Online Boutique Home Page	END	1682420488570
REQUEST		To_Home	1682420488570	1682420488570	KO	j.n.UnknownHostException: onlineboutique.dev
USER	Online Boutique Home Page	END	1682420488570
REQUEST		To_Home	1682420488570	1682420488570	KO	j.n.UnknownHostException: onlineboutique.dev
REQUEST		To_Home	1682420488570	1682420488570	KO	j.n.UnknownHostException: onlineboutique.dev
USER	Online Boutique Home Page	END	1682420488570
USER	Online Boutique Home Page	END	1682420488570
USER	Online Boutique Home Page	START	1682420488570
USER	Online Boutique Home Page	START	1682420488570
USER	Online Boutique Home Page	START	1682420488570
USER	Online Boutique Home Page	END	1682420488570
USER	Online Boutique Home Page	END	1682420488571
USER	Online Boutique Home Page	END	1682420488571
USER	Online Boutique Home Page	END	1682420488571
USER	Online Boutique Home Page	END	1682420488571
USER	Online Boutique Home Page	END	1682420488571
REQUEST		To_Home	1682420488571	1682420488571	KO	j.n.UnknownHostException: onlineboutique.dev
REQUEST		To_Home	1682420488571	1682420488571	KO	j.n.UnknownHostException: onlineboutique.dev
USER	Online Boutique Home Page	END	1682420488571
REQUEST		To_Home	1682420488571	1682420488571	KO	j.n.UnknownHostException: onlineboutique.dev
USER	Online Boutique Home Page	END	1682420488571
USER	Online Boutique Home Page	START	1682420488571
USER	Online Boutique Home Page	START	1682420488571
USER	Online Boutique Home Page	START	1682420488571
USER	Online Boutique Home Page	END	1682420488571
USER	Online Boutique Home Page	END	1682420488571
USER	Online Boutique Home Page	END	1682420488571
USER	Online Boutique Home Page	START	1682420488572
REQUEST		To_Home	1682420488572	1682420488572	KO	j.n.UnknownHostException: onlineboutique.dev
REQUEST		To_Home	1682420488572	1682420488572	KO	j.n.UnknownHostException: onlineboutique.dev
REQUEST		To_Home	1682420488572	1682420488572	KO	j.n.UnknownHostException: onlineboutique.dev
USER	Online Boutique Home Page	START	1682420488572
USER	Online Boutique Home Page	START	1682420488572
USER	Online Boutique Home Page	START	1682420488572
REQUEST		To_Home	1682420488572	1682420488572	KO	j.n.UnknownHostException: onlineboutique.dev
REQUEST		To_Home	1682420488569	1682420488569	KO	j.n.UnknownHostException: onlineboutique.dev
USER	Online Boutique Home Page	START	1682420488572
USER	Online Boutique Home Page	START	1682420488572
REQUEST		To_Home	1682420488573	1682420488573	KO	j.n.UnknownHostException: onlineboutique.dev
REQUEST		To_Home	1682420488573	1682420488573	KO	j.n.UnknownHostException: onlineboutique.dev
REQUEST		To_Home	1682420488573	1682420488573	KO	j.n.UnknownHostException: onlineboutique.dev
REQUEST		To_Home	1682420488573	1682420488573	KO	j.n.UnknownHostException: onlineboutique.dev
USER	Online Boutique Home Page	START	1682420488573
USER	Online Boutique Home Page	START	1682420488573
USER	Online Boutique Home Page	START	1682420488573
USER	Online Boutique Home Page	START	1682420488573
REQUEST		To_Home	1682420488574	1682420488574	KO	j.n.UnknownHostException: onlineboutique.dev
REQUEST		To_Home	1682420488574	1682420488574	KO	j.n.UnknownHostException: onlineboutique.dev
REQUEST		To_Home	1682420488574	1682420488574	KO	j.n.UnknownHostException: onlineboutique.dev
REQUEST		To_Home	1682420488574	1682420488574	KO	j.n.UnknownHostException: onlineboutique.dev
USER	Online Boutique Home Page	START	1682420488574
USER	Online Boutique Home Page	START	1682420488574
USER	Online Boutique Home Page	START	1682420488574
USER	Online Boutique Home Page	START	1682420488574
USER	Online Boutique Home Page	END	1682420488574
USER	Online Boutique Home Page	END	1682420488575
USER	Online Boutique Home Page	END	1682420488575
REQUEST		To_Home	1682420488575	1682420488575	KO	j.n.UnknownHostException: onlineboutique.dev
REQUEST		To_Home	1682420488575	1682420488575	KO	j.n.UnknownHostException: onlineboutique.dev
REQUEST		To_Home	1682420488575	1682420488575	KO	j.n.UnknownHostException: onlineboutique.dev
USER	Online Boutique Home Page	END	1682420488575
USER	Online Boutique Home Page	END	1682420488575
USER	Online Boutique Home Page	START	1682420488575
USER	Online Boutique Home Page	START	1682420488575
USER	Online Boutique Home Page	END	1682420488575
USER	Online Boutique Home Page	END	1682420488575
USER	Online Boutique Home Page	END	1682420488575
USER	Online Boutique Home Page	END	1682420488575
USER	Online Boutique Home Page	END	1682420488575
USER	Online Boutique Home Page	END	1682420488575
USER	Online Boutique Home Page	END	1682420488575
USER	Online Boutique Home Page	END	1682420488575
REQUEST		To_Home	1682420488575	1682420488575	KO	j.n.UnknownHostException: onlineboutique.dev
REQUEST		To_Home	1682420488575	1682420488575	KO	j.n.UnknownHostException: onlineboutique.dev
USER	Online Boutique Home Page	END	1682420488576
USER	Online Boutique Home Page	START	1682420488576
USER	Online Boutique Home Page	START	1682420488576
REQUEST		To_Home	1682420488575	1682420488575	KO	j.n.UnknownHostException: onlineboutique.dev
USER	Online Boutique Home Page	END	1682420488576
USER	Online Boutique Home Page	END	1682420488576
USER	Online Boutique Home Page	END	1682420488576
USER	Online Boutique Home Page	START	1682420488576
USER	Online Boutique Home Page	END	1682420488576
USER	Online Boutique Home Page	START	1682420488576
REQUEST		To_Home	1682420488576	1682420488576	KO	j.n.UnknownHostException: onlineboutique.dev
REQUEST		To_Home	1682420488576	1682420488576	KO	j.n.UnknownHostException: onlineboutique.dev
USER	Online Boutique Home Page	START	1682420488577
USER	Online Boutique Home Page	START	1682420488577
REQUEST		To_Home	1682420488577	1682420488577	KO	j.n.UnknownHostException: onlineboutique.dev
USER	Online Boutique Home Page	START	1682420488577
REQUEST		To_Home	1682420488577	1682420488577	KO	j.n.UnknownHostException: onlineboutique.dev
USER	Online Boutique Home Page	START	1682420488577
REQUEST		To_Home	1682420488577	1682420488577	KO	j.n.UnknownHostException: onlineboutique.dev
REQUEST		To_Home	1682420488577	1682420488577	KO	j.n.UnknownHostException: onlineboutique.dev
USER	Online Boutique Home Page	START	1682420488577
USER	Online Boutique Home Page	START	1682420488577
REQUEST		To_Home	1682420488577	1682420488577	KO	j.n.UnknownHostException: onlineboutique.dev
USER	Online Boutique Home Page	END	1682420488578
USER	Online Boutique Home Page	START	1682420488578
USER	Online Boutique Home Page	END	1682420488578
USER	Online Boutique Home Page	END	1682420488578
REQUEST		To_Home	1682420488578	1682420488578	KO	j.n.UnknownHostException: onlineboutique.dev
REQUEST		To_Home	1682420488578	1682420488578	KO	j.n.UnknownHostException: onlineboutique.dev
USER	Online Boutique Home Page	END	1682420488578
USER	Online Boutique Home Page	END	1682420488578
USER	Online Boutique Home Page	START	1682420488578
USER	Online Boutique Home Page	START	1682420488578
USER	Online Boutique Home Page	END	1682420488578
USER	Online Boutique Home Page	END	1682420488578
USER	Online Boutique Home Page	END	1682420488578
USER	Online Boutique Home Page	END	1682420488578
REQUEST		To_Home	1682420488578	1682420488578	KO	j.n.UnknownHostException: onlineboutique.dev
USER	Online Boutique Home Page	END	1682420488578
REQUEST		To_Home	1682420488579	1682420488579	KO	j.n.UnknownHostException: onlineboutique.dev
REQUEST		To_Home	1682420488579	1682420488579	KO	j.n.UnknownHostException: onlineboutique.dev
USER	Online Boutique Home Page	START	1682420488579
USER	Online Boutique Home Page	START	1682420488579
REQUEST		To_Home	1682420488579	1682420488580	KO	j.n.UnknownHostException: onlineboutique.dev
REQUEST		To_Home	1682420488579	1682420488580	KO	j.n.UnknownHostException: onlineboutique.dev
USER	Online Boutique Home Page	START	1682420488580
USER	Online Boutique Home Page	START	1682420488580
REQUEST		To_Home	1682420488580	1682420488581	KO	j.n.UnknownHostException: onlineboutique.dev
REQUEST		To_Home	1682420488580	1682420488581	KO	j.n.UnknownHostException: onlineboutique.dev
USER	Online Boutique Home Page	START	1682420488581
USER	Online Boutique Home Page	START	1682420488581
REQUEST		To_Home	1682420488581	1682420488582	KO	j.n.UnknownHostException: onlineboutique.dev
USER	Online Boutique Home Page	START	1682420488582
REQUEST		To_Home	1682420488624	1682420488624	KO	j.n.UnknownHostException: onlineboutique.dev
USER	Online Boutique Home Page	START	1682420488624
REQUEST		To_Home	1682420488625	1682420488625	KO	j.n.UnknownHostException: onlineboutique.dev
USER	Online Boutique Home Page	START	1682420488626
REQUEST		To_Home	1682420488627	1682420488627	KO	j.n.UnknownHostException: onlineboutique.dev
USER	Online Boutique Home Page	START	1682420488627
REQUEST		To_Home	1682420488628	1682420488628	KO	j.n.UnknownHostException: onlineboutique.dev
USER	Online Boutique Home Page	START	1682420488628
REQUEST		To_Home	1682420488629	1682420488629	KO	j.n.UnknownHostException: onlineboutique.dev
USER	Online Boutique Home Page	START	1682420488633
REQUEST		To_Home	1682420488634	1682420488634	KO	j.n.UnknownHostException: onlineboutique.dev
USER	Online Boutique Home Page	START	1682420488635
REQUEST		To_Home	1682420488636	1682420488636	KO	j.n.UnknownHostException: onlineboutique.dev
USER	Online Boutique Home Page	START	1682420488636
REQUEST		To_Home	1682420488578	1682420488637	KO	j.n.UnknownHostException: onlineboutique.dev
USER	Online Boutique Home Page	END	1682420488637
REQUEST		To_Home	1682420488637	1682420488637	KO	j.n.UnknownHostException: onlineboutique.dev
USER	Online Boutique Home Page	END	1682420488637
USER	Online Boutique Home Page	END	1682420488637
USER	Online Boutique Home Page	END	1682420488637
USER	Online Boutique Home Page	START	1682420488637
USER	Online Boutique Home Page	END	1682420488637
USER	Online Boutique Home Page	END	1682420488637
USER	Online Boutique Home Page	END	1682420488637
USER	Online Boutique Home Page	END	1682420488637
USER	Online Boutique Home Page	END	1682420488638
USER	Online Boutique Home Page	END	1682420488638
USER	Online Boutique Home Page	END	1682420488638
USER	Online Boutique Home Page	END	1682420488638
REQUEST		To_Home	1682420488638	1682420488638	KO	j.n.UnknownHostException: onlineboutique.dev
USER	Online Boutique Home Page	END	1682420488639
USER	Online Boutique Home Page	START	1682420488639
USER	Online Boutique Home Page	END	1682420488639
USER	Online Boutique Home Page	END	1682420488639
USER	Online Boutique Home Page	END	1682420488639
USER	Online Boutique Home Page	END	1682420488639
REQUEST		To_Home	1682420488640	1682420488640	KO	j.n.UnknownHostException: onlineboutique.dev
USER	Online Boutique Home Page	START	1682420488640
REQUEST		To_Home	1682420488641	1682420488641	KO	j.n.UnknownHostException: onlineboutique.dev
USER	Online Boutique Home Page	START	1682420488642
USER	Online Boutique Home Page	END	1682420488642
USER	Online Boutique Home Page	END	1682420488642
USER	Online Boutique Home Page	END	1682420488642
REQUEST		To_Home	1682420488642	1682420488642	KO	j.n.UnknownHostException: onlineboutique.dev
USER	Online Boutique Home Page	START	1682420488643
USER	Online Boutique Home Page	END	1682420488643
USER	Online Boutique Home Page	START	1682420488642
REQUEST		To_Home	1682420488643	1682420488643	KO	j.n.UnknownHostException: onlineboutique.dev
USER	Online Boutique Home Page	START	1682420488644
USER	Online Boutique Home Page	END	1682420488644
REQUEST		To_Home	1682420488643	1682420488644	KO	j.n.UnknownHostException: onlineboutique.dev
USER	Online Boutique Home Page	END	1682420488644
USER	Online Boutique Home Page	START	1682420488644
USER	Online Boutique Home Page	START	1682420488644
REQUEST		To_Home	1682420488645	1682420488645	KO	j.n.UnknownHostException: onlineboutique.dev
REQUEST		To_Home	1682420488645	1682420488645	KO	j.n.UnknownHostException: onlineboutique.dev
USER	Online Boutique Home Page	END	1682420488646
USER	Online Boutique Home Page	START	1682420488646
REQUEST		To_Home	1682420488647	1682420488647	KO	j.n.UnknownHostException: onlineboutique.dev
USER	Online Boutique Home Page	END	1682420488648
USER	Online Boutique Home Page	START	1682420488648
USER	Online Boutique Home Page	END	1682420488649
USER	Online Boutique Home Page	START	1682420488650
REQUEST		To_Home	1682420488650	1682420488651	KO	j.n.UnknownHostException: onlineboutique.dev
USER	Online Boutique Home Page	END	1682420488651
USER	Online Boutique Home Page	START	1682420488651
REQUEST		To_Home	1682420488652	1682420488652	KO	j.n.UnknownHostException: onlineboutique.dev
USER	Online Boutique Home Page	END	1682420488653
USER	Online Boutique Home Page	START	1682420488653
REQUEST		To_Home	1682420488581	1682420488645	KO	j.n.UnknownHostException: onlineboutique.dev
USER	Online Boutique Home Page	END	1682420488654
USER	Online Boutique Home Page	START	1682420488654
REQUEST		To_Home	1682420488655	1682420488655	KO	j.n.UnknownHostException: onlineboutique.dev
REQUEST		To_Home	1682420488655	1682420488655	KO	j.n.UnknownHostException: onlineboutique.dev
USER	Online Boutique Home Page	END	1682420488656
USER	Online Boutique Home Page	START	1682420488656
USER	Online Boutique Home Page	END	1682420488656
USER	Online Boutique Home Page	START	1682420488656
REQUEST		To_Home	1682420488649	1682420488649	KO	j.n.UnknownHostException: onlineboutique.dev
USER	Online Boutique Home Page	END	1682420488657
USER	Online Boutique Home Page	START	1682420488657
REQUEST		To_Home	1682420488657	1682420488657	KO	j.n.UnknownHostException: onlineboutique.dev
USER	Online Boutique Home Page	END	1682420488658
USER	Online Boutique Home Page	START	1682420488658
REQUEST		To_Home	1682420488659	1682420488659	KO	j.n.UnknownHostException: onlineboutique.dev
USER	Online Boutique Home Page	END	1682420488660
USER	Online Boutique Home Page	START	1682420488660
REQUEST		To_Home	1682420488661	1682420488661	KO	j.n.UnknownHostException: onlineboutique.dev
USER	Online Boutique Home Page	START	1682420488662
USER	Online Boutique Home Page	END	1682420488663
REQUEST		To_Home	1682420488663	1682420488663	KO	j.n.UnknownHostException: onlineboutique.dev
USER	Online Boutique Home Page	START	1682420488664
USER	Online Boutique Home Page	END	1682420488664
REQUEST		To_Home	1682420488664	1682420488665	KO	j.n.UnknownHostException: onlineboutique.dev
USER	Online Boutique Home Page	START	1682420488665
REQUEST		To_Home	1682420488666	1682420488666	KO	j.n.UnknownHostException: onlineboutique.dev
USER	Online Boutique Home Page	START	1682420488666
USER	Online Boutique Home Page	END	1682420488666
USER	Online Boutique Home Page	END	1682420488666
REQUEST		To_Home	1682420488668	1682420488668	KO	j.n.UnknownHostException: onlineboutique.dev
USER	Online Boutique Home Page	START	1682420488668
REQUEST		To_Home	1682420488669	1682420488669	KO	j.n.UnknownHostException: onlineboutique.dev
USER	Online Boutique Home Page	START	1682420488669
REQUEST		To_Home	1682420488670	1682420488670	KO	j.n.UnknownHostException: onlineboutique.dev
USER	Online Boutique Home Page	START	1682420488671
USER	Online Boutique Home Page	END	1682420488672
USER	Online Boutique Home Page	END	1682420488672
USER	Online Boutique Home Page	END	1682420488672
REQUEST		To_Home	1682420488672	1682420488672	KO	j.n.UnknownHostException: onlineboutique.dev
USER	Online Boutique Home Page	START	1682420488673
REQUEST		To_Home	1682420488673	1682420488674	KO	j.n.UnknownHostException: onlineboutique.dev
USER	Online Boutique Home Page	END	1682420488674
USER	Online Boutique Home Page	START	1682420488674
USER	Online Boutique Home Page	END	1682420488674
REQUEST		To_Home	1682420488675	1682420488675	KO	j.n.UnknownHostException: onlineboutique.dev
USER	Online Boutique Home Page	START	1682420488676
USER	Online Boutique Home Page	END	1682420488676
REQUEST		To_Home	1682420488677	1682420488677	KO	j.n.UnknownHostException: onlineboutique.dev
USER	Online Boutique Home Page	START	1682420488678
USER	Online Boutique Home Page	END	1682420488678
REQUEST		To_Home	1682420488678	1682420488678	KO	j.n.UnknownHostException: onlineboutique.dev
USER	Online Boutique Home Page	END	1682420488679
USER	Online Boutique Home Page	START	1682420488679
REQUEST		To_Home	1682420488680	1682420488680	KO	j.n.UnknownHostException: onlineboutique.dev
USER	Online Boutique Home Page	END	1682420488680
USER	Online Boutique Home Page	START	1682420488681
REQUEST		To_Home	1682420488681	1682420488681	KO	j.n.UnknownHostException: onlineboutique.dev
USER	Online Boutique Home Page	END	1682420488682
USER	Online Boutique Home Page	START	1682420488682
REQUEST		To_Home	1682420488683	1682420488683	KO	j.n.UnknownHostException: onlineboutique.dev
USER	Online Boutique Home Page	START	1682420488683
REQUEST		To_Home	1682420488684	1682420488684	KO	j.n.UnknownHostException: onlineboutique.dev
USER	Online Boutique Home Page	START	1682420488684
USER	Online Boutique Home Page	END	1682420488685
USER	Online Boutique Home Page	END	1682420488685
REQUEST		To_Home	1682420488685	1682420488685	KO	j.n.UnknownHostException: onlineboutique.dev
USER	Online Boutique Home Page	START	1682420488686
REQUEST		To_Home	1682420488686	1682420488686	KO	j.n.UnknownHostException: onlineboutique.dev
USER	Online Boutique Home Page	START	1682420488687
USER	Online Boutique Home Page	END	1682420488688
USER	Online Boutique Home Page	END	1682420488688
REQUEST		To_Home	1682420488688	1682420488688	KO	j.n.UnknownHostException: onlineboutique.dev
USER	Online Boutique Home Page	START	1682420488688
REQUEST		To_Home	1682420488689	1682420488689	KO	j.n.UnknownHostException: onlineboutique.dev
USER	Online Boutique Home Page	START	1682420488689
USER	Online Boutique Home Page	END	1682420488690
USER	Online Boutique Home Page	END	1682420488690
REQUEST		To_Home	1682420488691	1682420488691	KO	j.n.UnknownHostException: onlineboutique.dev
USER	Online Boutique Home Page	START	1682420488691
REQUEST		To_Home	1682420488692	1682420488692	KO	j.n.UnknownHostException: onlineboutique.dev
USER	Online Boutique Home Page	START	1682420488692
REQUEST		To_Home	1682420488693	1682420488693	KO	j.n.UnknownHostException: onlineboutique.dev
USER	Online Boutique Home Page	START	1682420488693
REQUEST		To_Home	1682420488694	1682420488694	KO	j.n.UnknownHostException: onlineboutique.dev
USER	Online Boutique Home Page	START	1682420488694
REQUEST		To_Home	1682420488695	1682420488695	KO	j.n.UnknownHostException: onlineboutique.dev
USER	Online Boutique Home Page	START	1682420488695
USER	Online Boutique Home Page	END	1682420488695
USER	Online Boutique Home Page	END	1682420488695
USER	Online Boutique Home Page	END	1682420488696
USER	Online Boutique Home Page	END	1682420488696
USER	Online Boutique Home Page	END	1682420488696
REQUEST		To_Home	1682420488696	1682420488696	KO	j.n.UnknownHostException: onlineboutique.dev
USER	Online Boutique Home Page	START	1682420488696
REQUEST		To_Home	1682420488696	1682420488696	KO	j.n.UnknownHostException: onlineboutique.dev
USER	Online Boutique Home Page	START	1682420488697
REQUEST		To_Home	1682420488697	1682420488697	KO	j.n.UnknownHostException: onlineboutique.dev
USER	Online Boutique Home Page	START	1682420488698
REQUEST		To_Home	1682420488698	1682420488698	KO	j.n.UnknownHostException: onlineboutique.dev
USER	Online Boutique Home Page	START	1682420488699
REQUEST		To_Home	1682420488699	1682420488699	KO	j.n.UnknownHostException: onlineboutique.dev
USER	Online Boutique Home Page	START	1682420488699
REQUEST		To_Home	1682420488700	1682420488700	KO	j.n.UnknownHostException: onlineboutique.dev
USER	Online Boutique Home Page	START	1682420488700
REQUEST		To_Home	1682420488701	1682420488701	KO	j.n.UnknownHostException: onlineboutique.dev
USER	Online Boutique Home Page	START	1682420488701
USER	Online Boutique Home Page	END	1682420488701
USER	Online Boutique Home Page	END	1682420488701
USER	Online Boutique Home Page	END	1682420488701
USER	Online Boutique Home Page	END	1682420488702
USER	Online Boutique Home Page	END	1682420488702
USER	Online Boutique Home Page	END	1682420488702
USER	Online Boutique Home Page	END	1682420488702
REQUEST		To_Home	1682420488704	1682420488704	KO	j.n.UnknownHostException: onlineboutique.dev
REQUEST		To_Home	1682420488704	1682420488704	KO	j.n.UnknownHostException: onlineboutique.dev
USER	Online Boutique Home Page	START	1682420488704
USER	Online Boutique Home Page	START	1682420488704
REQUEST		To_Home	1682420488705	1682420488705	KO	j.n.UnknownHostException: onlineboutique.dev
USER	Online Boutique Home Page	START	1682420488705
REQUEST		To_Home	1682420488705	1682420488705	KO	j.n.UnknownHostException: onlineboutique.dev
USER	Online Boutique Home Page	START	1682420488706
REQUEST		To_Home	1682420488706	1682420488706	KO	j.n.UnknownHostException: onlineboutique.dev
USER	Online Boutique Home Page	START	1682420488706
REQUEST		To_Home	1682420488707	1682420488707	KO	j.n.UnknownHostException: onlineboutique.dev
USER	Online Boutique Home Page	START	1682420488707
REQUEST		To_Home	1682420488708	1682420488708	KO	j.n.UnknownHostException: onlineboutique.dev
USER	Online Boutique Home Page	START	1682420488708
REQUEST		To_Home	1682420488709	1682420488709	KO	j.n.UnknownHostException: onlineboutique.dev
USER	Online Boutique Home Page	START	1682420488709
REQUEST		To_Home	1682420488711	1682420488711	KO	j.n.UnknownHostException: onlineboutique.dev
USER	Online Boutique Home Page	START	1682420488712
REQUEST		To_Home	1682420488712	1682420488712	KO	j.n.UnknownHostException: onlineboutique.dev
USER	Online Boutique Home Page	START	1682420488712
REQUEST		To_Home	1682420488713	1682420488713	KO	j.n.UnknownHostException: onlineboutique.dev
USER	Online Boutique Home Page	START	1682420488713
REQUEST		To_Home	1682420488714	1682420488714	KO	j.n.UnknownHostException: onlineboutique.dev
USER	Online Boutique Home Page	START	1682420488714
USER	Online Boutique Home Page	END	1682420488715
USER	Online Boutique Home Page	END	1682420488715
USER	Online Boutique Home Page	END	1682420488715
USER	Online Boutique Home Page	END	1682420488715
USER	Online Boutique Home Page	END	1682420488715
USER	Online Boutique Home Page	END	1682420488715
USER	Online Boutique Home Page	END	1682420488715
USER	Online Boutique Home Page	END	1682420488715
USER	Online Boutique Home Page	END	1682420488715
USER	Online Boutique Home Page	END	1682420488715
USER	Online Boutique Home Page	END	1682420488715
USER	Online Boutique Home Page	END	1682420488715
REQUEST		To_Home	1682420488716	1682420488716	KO	j.n.UnknownHostException: onlineboutique.dev
REQUEST		To_Home	1682420488716	1682420488716	KO	j.n.UnknownHostException: onlineboutique.dev
USER	Online Boutique Home Page	START	1682420488716
USER	Online Boutique Home Page	START	1682420488717
REQUEST		To_Home	1682420488717	1682420488718	KO	j.n.UnknownHostException: onlineboutique.dev
USER	Online Boutique Home Page	START	1682420488718
REQUEST		To_Home	1682420488718	1682420488718	KO	j.n.UnknownHostException: onlineboutique.dev
REQUEST		To_Home	1682420488718	1682420488718	KO	j.n.UnknownHostException: onlineboutique.dev
USER	Online Boutique Home Page	START	1682420488719
USER	Online Boutique Home Page	START	1682420488719
REQUEST		To_Home	1682420488719	1682420488719	KO	j.n.UnknownHostException: onlineboutique.dev
USER	Online Boutique Home Page	START	1682420488720
REQUEST		To_Home	1682420488720	1682420488720	KO	j.n.UnknownHostException: onlineboutique.dev
USER	Online Boutique Home Page	START	1682420488721
REQUEST		To_Home	1682420488721	1682420488721	KO	j.n.UnknownHostException: onlineboutique.dev
USER	Online Boutique Home Page	START	1682420488722
REQUEST		To_Home	1682420488722	1682420488723	KO	j.n.UnknownHostException: onlineboutique.dev
USER	Online Boutique Home Page	START	1682420488723
REQUEST		To_Home	1682420488723	1682420488723	KO	j.n.UnknownHostException: onlineboutique.dev
USER	Online Boutique Home Page	START	1682420488724
REQUEST		To_Home	1682420488724	1682420488724	KO	j.n.UnknownHostException: onlineboutique.dev
USER	Online Boutique Home Page	START	1682420488725
REQUEST		To_Home	1682420488723	1682420488725	KO	j.n.UnknownHostException: onlineboutique.dev
USER	Online Boutique Home Page	START	1682420488725
USER	Online Boutique Home Page	END	1682420488725
USER	Online Boutique Home Page	END	1682420488725
USER	Online Boutique Home Page	END	1682420488725
USER	Online Boutique Home Page	END	1682420488725
USER	Online Boutique Home Page	END	1682420488725
USER	Online Boutique Home Page	END	1682420488725
USER	Online Boutique Home Page	END	1682420488725
USER	Online Boutique Home Page	END	1682420488725
REQUEST		To_Home	1682420488726	1682420488726	KO	j.n.UnknownHostException: onlineboutique.dev
USER	Online Boutique Home Page	START	1682420488726
REQUEST		To_Home	1682420488726	1682420488727	KO	j.n.UnknownHostException: onlineboutique.dev
USER	Online Boutique Home Page	START	1682420488727
REQUEST		To_Home	1682420488727	1682420488727	KO	j.n.UnknownHostException: onlineboutique.dev
USER	Online Boutique Home Page	START	1682420488728
USER	Online Boutique Home Page	END	1682420488728
REQUEST		To_Home	1682420488728	1682420488728	KO	j.n.UnknownHostException: onlineboutique.dev
USER	Online Boutique Home Page	START	1682420488729
USER	Online Boutique Home Page	END	1682420488729
REQUEST		To_Home	1682420488729	1682420488729	KO	j.n.UnknownHostException: onlineboutique.dev
USER	Online Boutique Home Page	START	1682420488729
REQUEST		To_Home	1682420488730	1682420488730	KO	j.n.UnknownHostException: onlineboutique.dev
USER	Online Boutique Home Page	END	1682420488730
USER	Online Boutique Home Page	START	1682420488730
REQUEST		To_Home	1682420488731	1682420488731	KO	j.n.UnknownHostException: onlineboutique.dev
USER	Online Boutique Home Page	END	1682420488731
USER	Online Boutique Home Page	END	1682420488731
USER	Online Boutique Home Page	START	1682420488731
REQUEST		To_Home	1682420488732	1682420488732	KO	j.n.UnknownHostException: onlineboutique.dev
USER	Online Boutique Home Page	START	1682420488732
USER	Online Boutique Home Page	END	1682420488733
REQUEST		To_Home	1682420488733	1682420488733	KO	j.n.UnknownHostException: onlineboutique.dev
USER	Online Boutique Home Page	START	1682420488733
USER	Online Boutique Home Page	END	1682420488733
USER	Online Boutique Home Page	END	1682420488733
REQUEST		To_Home	1682420488734	1682420488734	KO	j.n.UnknownHostException: onlineboutique.dev
USER	Online Boutique Home Page	START	1682420488734
USER	Online Boutique Home Page	END	1682420488734
REQUEST		To_Home	1682420488734	1682420488735	KO	j.n.UnknownHostException: onlineboutique.dev
USER	Online Boutique Home Page	START	1682420488735
REQUEST		To_Home	1682420488735	1682420488735	KO	j.n.UnknownHostException: onlineboutique.dev
USER	Online Boutique Home Page	START	1682420488736
REQUEST		To_Home	1682420488736	1682420488736	KO	j.n.UnknownHostException: onlineboutique.dev
USER	Online Boutique Home Page	START	1682420488736
REQUEST		To_Home	1682420488737	1682420488737	KO	j.n.UnknownHostException: onlineboutique.dev
USER	Online Boutique Home Page	START	1682420488737
USER	Online Boutique Home Page	END	1682420488737
REQUEST		To_Home	1682420488739	1682420488739	KO	j.n.UnknownHostException: onlineboutique.dev
USER	Online Boutique Home Page	START	1682420488739
REQUEST		To_Home	1682420488740	1682420488740	KO	j.n.UnknownHostException: onlineboutique.dev
USER	Online Boutique Home Page	START	1682420488740
REQUEST		To_Home	1682420488741	1682420488741	KO	j.n.UnknownHostException: onlineboutique.dev
USER	Online Boutique Home Page	START	1682420488741
USER	Online Boutique Home Page	END	1682420488742
USER	Online Boutique Home Page	END	1682420488742
USER	Online Boutique Home Page	END	1682420488742
USER	Online Boutique Home Page	END	1682420488742
USER	Online Boutique Home Page	END	1682420488742
USER	Online Boutique Home Page	END	1682420488742
USER	Online Boutique Home Page	END	1682420488742
USER	Online Boutique Home Page	END	1682420488742
USER	Online Boutique Home Page	END	1682420488742
USER	Online Boutique Home Page	END	1682420488742
USER	Online Boutique Home Page	END	1682420488742
REQUEST		To_Home	1682420488742	1682420488743	KO	j.n.UnknownHostException: onlineboutique.dev
USER	Online Boutique Home Page	START	1682420488743
REQUEST		To_Home	1682420488743	1682420488743	KO	j.n.UnknownHostException: onlineboutique.dev
USER	Online Boutique Home Page	START	1682420488744
REQUEST		To_Home	1682420488744	1682420488744	KO	j.n.UnknownHostException: onlineboutique.dev
USER	Online Boutique Home Page	START	1682420488745
REQUEST		To_Home	1682420488745	1682420488745	KO	j.n.UnknownHostException: onlineboutique.dev
USER	Online Boutique Home Page	START	1682420488746
REQUEST		To_Home	1682420488746	1682420488746	KO	j.n.UnknownHostException: onlineboutique.dev
USER	Online Boutique Home Page	START	1682420488747
REQUEST		To_Home	1682420488747	1682420488747	KO	j.n.UnknownHostException: onlineboutique.dev
USER	Online Boutique Home Page	START	1682420488747
REQUEST		To_Home	1682420488748	1682420488748	KO	j.n.UnknownHostException: onlineboutique.dev
USER	Online Boutique Home Page	START	1682420488748
REQUEST		To_Home	1682420488749	1682420488749	KO	j.n.UnknownHostException: onlineboutique.dev
USER	Online Boutique Home Page	START	1682420488749
REQUEST		To_Home	1682420488750	1682420488750	KO	j.n.UnknownHostException: onlineboutique.dev
USER	Online Boutique Home Page	START	1682420488750
REQUEST		To_Home	1682420488751	1682420488751	KO	j.n.UnknownHostException: onlineboutique.dev
USER	Online Boutique Home Page	START	1682420488751
REQUEST		To_Home	1682420488742	1682420488751	KO	j.n.UnknownHostException: onlineboutique.dev
REQUEST		To_Home	1682420488752	1682420488752	KO	j.n.UnknownHostException: onlineboutique.dev
USER	Online Boutique Home Page	START	1682420488752
REQUEST		To_Home	1682420488753	1682420488753	KO	j.n.UnknownHostException: onlineboutique.dev
USER	Online Boutique Home Page	START	1682420488753
USER	Online Boutique Home Page	START	1682420488753
REQUEST		To_Home	1682420488754	1682420488754	KO	j.n.UnknownHostException: onlineboutique.dev
USER	Online Boutique Home Page	START	1682420488754
REQUEST		To_Home	1682420488755	1682420488755	KO	j.n.UnknownHostException: onlineboutique.dev
USER	Online Boutique Home Page	START	1682420488755
REQUEST		To_Home	1682420488755	1682420488755	KO	j.n.UnknownHostException: onlineboutique.dev
USER	Online Boutique Home Page	START	1682420488755
REQUEST		To_Home	1682420488756	1682420488756	KO	j.n.UnknownHostException: onlineboutique.dev
USER	Online Boutique Home Page	START	1682420488756
REQUEST		To_Home	1682420488756	1682420488756	KO	j.n.UnknownHostException: onlineboutique.dev
USER	Online Boutique Home Page	START	1682420488756
REQUEST		To_Home	1682420488757	1682420488757	KO	j.n.UnknownHostException: onlineboutique.dev
USER	Online Boutique Home Page	START	1682420488757
REQUEST		To_Home	1682420488758	1682420488758	KO	j.n.UnknownHostException: onlineboutique.dev
USER	Online Boutique Home Page	START	1682420488758
REQUEST		To_Home	1682420488758	1682420488759	KO	j.n.UnknownHostException: onlineboutique.dev
USER	Online Boutique Home Page	START	1682420488759
USER	Online Boutique Home Page	END	1682420488759
USER	Online Boutique Home Page	END	1682420488759
REQUEST		To_Home	1682420488759	1682420488759	KO	j.n.UnknownHostException: onlineboutique.dev
USER	Online Boutique Home Page	END	1682420488760
USER	Online Boutique Home Page	END	1682420488760
USER	Online Boutique Home Page	END	1682420488760
USER	Online Boutique Home Page	END	1682420488760
USER	Online Boutique Home Page	END	1682420488760
USER	Online Boutique Home Page	START	1682420488760
USER	Online Boutique Home Page	END	1682420488760
USER	Online Boutique Home Page	END	1682420488760
USER	Online Boutique Home Page	END	1682420488760
USER	Online Boutique Home Page	END	1682420488760
USER	Online Boutique Home Page	END	1682420488760
USER	Online Boutique Home Page	END	1682420488760
USER	Online Boutique Home Page	END	1682420488760
USER	Online Boutique Home Page	END	1682420488760
USER	Online Boutique Home Page	END	1682420488760
USER	Online Boutique Home Page	END	1682420488760
USER	Online Boutique Home Page	END	1682420488760
USER	Online Boutique Home Page	END	1682420488760
USER	Online Boutique Home Page	END	1682420488760
USER	Online Boutique Home Page	END	1682420488760
USER	Online Boutique Home Page	END	1682420488760
REQUEST		To_Home	1682420488762	1682420488762	KO	j.n.UnknownHostException: onlineboutique.dev
USER	Online Boutique Home Page	END	1682420488762
USER	Online Boutique Home Page	START	1682420488763
REQUEST		To_Home	1682420488771	1682420488771	KO	j.n.UnknownHostException: onlineboutique.dev
USER	Online Boutique Home Page	END	1682420488771
USER	Online Boutique Home Page	START	1682420488772
REQUEST		To_Home	1682420488772	1682420488772	KO	j.n.UnknownHostException: onlineboutique.dev
USER	Online Boutique Home Page	END	1682420488773
USER	Online Boutique Home Page	START	1682420488773
REQUEST		To_Home	1682420488774	1682420488774	KO	j.n.UnknownHostException: onlineboutique.dev
USER	Online Boutique Home Page	START	1682420488774
REQUEST		To_Home	1682420488775	1682420488775	KO	j.n.UnknownHostException: onlineboutique.dev
USER	Online Boutique Home Page	START	1682420488775
USER	Online Boutique Home Page	END	1682420488775
USER	Online Boutique Home Page	END	1682420488775
REQUEST		To_Home	1682420488776	1682420488776	KO	j.n.UnknownHostException: onlineboutique.dev
USER	Online Boutique Home Page	END	1682420488777
USER	Online Boutique Home Page	START	1682420488777
REQUEST		To_Home	1682420488778	1682420488778	KO	j.n.UnknownHostException: onlineboutique.dev
USER	Online Boutique Home Page	END	1682420488778
USER	Online Boutique Home Page	START	1682420488778
REQUEST		To_Home	1682420488779	1682420488779	KO	j.n.UnknownHostException: onlineboutique.dev
USER	Online Boutique Home Page	END	1682420488780
USER	Online Boutique Home Page	START	1682420488780
REQUEST		To_Home	1682420488780	1682420488780	KO	j.n.UnknownHostException: onlineboutique.dev
USER	Online Boutique Home Page	END	1682420488781
USER	Online Boutique Home Page	START	1682420488781
REQUEST		To_Home	1682420488782	1682420488782	KO	j.n.UnknownHostException: onlineboutique.dev
USER	Online Boutique Home Page	END	1682420488782
USER	Online Boutique Home Page	START	1682420488782
REQUEST		To_Home	1682420488783	1682420488783	KO	j.n.UnknownHostException: onlineboutique.dev
USER	Online Boutique Home Page	END	1682420488784
USER	Online Boutique Home Page	START	1682420488784
REQUEST		To_Home	1682420488784	1682420488784	KO	j.n.UnknownHostException: onlineboutique.dev
USER	Online Boutique Home Page	END	1682420488785
USER	Online Boutique Home Page	START	1682420488785
REQUEST		To_Home	1682420488786	1682420488786	KO	j.n.UnknownHostException: onlineboutique.dev
USER	Online Boutique Home Page	END	1682420488786
USER	Online Boutique Home Page	START	1682420488787
REQUEST		To_Home	1682420488788	1682420488788	KO	j.n.UnknownHostException: onlineboutique.dev
USER	Online Boutique Home Page	END	1682420488788
USER	Online Boutique Home Page	START	1682420488788
