RUN	botiqueClass.Boutiquee	boutiquee	1681724980719	test	3.9.0
USER	Online Boutique Home Page	START	1681724982481
USER	Online Boutique Home Page	START	1681724982484
USER	Online Boutique Home Page	START	1681724982485
USER	Online Boutique Home Page	START	1681724982486
USER	Online Boutique Home Page	START	1681724982487
USER	MultipleRequests	START	1681724982489
USER	Online Boutique Home Page	START	1681724982490
USER	MultipleRequests	START	1681724982490
USER	MultipleRequests	START	1681724982492
USER	MultipleRequests	START	1681724982493
USER	Online Boutique Home Page	START	1681724982493
USER	Online Boutique Home Page	START	1681724982494
USER	Online Boutique Home Page	START	1681724982495
USER	Online Boutique Home Page	START	1681724982496
USER	Online Boutique Home Page	START	1681724982496
USER	MultipleRequests	START	1681724982496
USER	Online Boutique Home Page	START	1681724982496
USER	Online Boutique Home Page	START	1681724982497
USER	Online Boutique Home Page	START	1681724982497
USER	MultipleRequests	START	1681724982497
USER	Online Boutique Home Page	START	1681724982498
USER	Online Boutique Home Page	START	1681724982498
USER	Online Boutique Home Page	START	1681724982499
USER	MultipleRequests	START	1681724982499
USER	Online Boutique Home Page	START	1681724982499
USER	Online Boutique Home Page	START	1681724982500
USER	MultipleRequests	START	1681724982500
USER	Online Boutique Home Page	START	1681724982500
USER	MultipleRequests	START	1681724982501
USER	Online Boutique Home Page	START	1681724982501
USER	Online Boutique Home Page	START	1681724982502
USER	MultipleRequests	START	1681724982502
USER	Online Boutique Home Page	START	1681724982503
USER	Online Boutique Home Page	START	1681724982504
USER	MultipleRequests	START	1681724982504
USER	MultipleRequests	START	1681724982505
USER	MultipleRequests	START	1681724982507
USER	Online Boutique Home Page	START	1681724982508
USER	Online Boutique Home Page	START	1681724982509
USER	MultipleRequests	START	1681724982509
USER	Online Boutique Home Page	START	1681724982509
USER	Online Boutique Home Page	START	1681724982510
USER	Online Boutique Home Page	START	1681724982510
USER	Online Boutique Home Page	START	1681724982510
USER	Online Boutique Home Page	START	1681724982510
USER	MultipleRequests	START	1681724982511
USER	MultipleRequests	START	1681724982513
USER	Online Boutique Home Page	START	1681724982513
USER	Online Boutique Home Page	START	1681724982514
USER	Online Boutique Home Page	START	1681724982514
USER	Online Boutique Home Page	START	1681724982515
USER	MultipleRequests	START	1681724982515
USER	MultipleRequests	START	1681724982517
USER	Online Boutique Home Page	START	1681724982520
USER	MultipleRequests	START	1681724982521
USER	MultipleRequests	START	1681724982522
USER	MultipleRequests	START	1681724982522
USER	MultipleRequests	START	1681724982525
USER	MultipleRequests	START	1681724982526
USER	Online Boutique Home Page	START	1681724982527
USER	Online Boutique Home Page	START	1681724982528
USER	MultipleRequests	START	1681724982530
USER	Online Boutique Home Page	START	1681724982531
USER	MultipleRequests	START	1681724982531
USER	MultipleRequests	START	1681724982532
USER	MultipleRequests	START	1681724982536
USER	MultipleRequests	START	1681724982537
USER	Online Boutique Home Page	START	1681724982538
USER	MultipleRequests	START	1681724982540
USER	MultipleRequests	START	1681724982540
USER	MultipleRequests	START	1681724982541
USER	MultipleRequests	START	1681724982543
USER	MultipleRequests	START	1681724982544
USER	MultipleRequests	START	1681724982546
USER	MultipleRequests	START	1681724982546
USER	MultipleRequests	START	1681724982547
USER	MultipleRequests	START	1681724982548
USER	MultipleRequests	START	1681724982549
USER	MultipleRequests	START	1681724982550
USER	MultipleRequests	START	1681724982551
REQUEST		T10_Home	1681724982488	1681724983063	OK	 
REQUEST		T10_Home	1681724982502	1681724983162	OK	 
REQUEST		T10_Home	1681724982497	1681724983166	OK	 
REQUEST		T10_Home	1681724982502	1681724983172	OK	 
REQUEST		T10_Home	1681724982500	1681724983173	OK	 
REQUEST		T10_Home	1681724982491	1681724983173	OK	 
REQUEST		T10_Home	1681724982498	1681724983258	OK	 
REQUEST		T10_Home	1681724982499	1681724983380	OK	 
REQUEST		T10_Home	1681724982496	1681724983382	OK	 
REQUEST		T10_Home	1681724982510	1681724983387	OK	 
REQUEST		T10_Home	1681724982506	1681724983390	OK	 
REQUEST		T10_Home	1681724982492	1681724983396	OK	 
REQUEST		T20_Home	1681724983097	1681724983404	KO	status.find.in([200, 209], 304), found 404
REQUEST		T20_Home	1681724983175	1681724983441	KO	status.find.in([200, 209], 304), found 404
REQUEST		T20_Home	1681724983164	1681724983442	KO	status.find.in([200, 209], 304), found 404
REQUEST		T20_Home	1681724983174	1681724983442	KO	status.find.in([200, 209], 304), found 404
REQUEST		T10_Home	1681724982545	1681724983447	OK	 
REQUEST		T20_Home	1681724983168	1681724983447	KO	status.find.in([200, 209], 304), found 404
REQUEST		T20_Home	1681724983175	1681724983457	KO	status.find.in([200, 209], 304), found 404
REQUEST		T10_Home	1681724982507	1681724983458	OK	 
REQUEST		T10_Home	1681724982512	1681724983462	OK	 
REQUEST		T10_Home	1681724982500	1681724983464	OK	 
REQUEST		T10_Home	1681724982516	1681724983466	OK	 
REQUEST		T10_Home	1681724982513	1681724983468	OK	 
REQUEST		T10_Home	1681724982502	1681724983470	OK	 
REQUEST		T10_Home	1681724982515	1681724983472	OK	 
REQUEST		T10_Home	1681724982522	1681724983473	OK	 
REQUEST		T10_Home	1681724982489	1681724983475	OK	 
REQUEST		To_Home	1681724982499	1681724983474	OK	 
USER	Online Boutique Home Page	END	1681724983479
REQUEST		T20_Home	1681724983260	1681724983559	KO	status.find.in([200, 209], 304), found 404
REQUEST		T10_Home	1681724982549	1681724983575	OK	 
REQUEST		To_Home	1681724982476	1681724983574	OK	 
USER	Online Boutique Home Page	END	1681724983580
REQUEST		To_Home	1681724982476	1681724983585	OK	 
REQUEST		T10_Home	1681724982539	1681724983587	OK	 
USER	Online Boutique Home Page	END	1681724983590
REQUEST		T10_Home	1681724982528	1681724983597	OK	 
REQUEST		T10_Home	1681724982530	1681724983601	OK	 
REQUEST		T10_Home	1681724982544	1681724983601	OK	 
REQUEST		T10_Home	1681724982522	1681724983601	OK	 
REQUEST		T10_Home	1681724982542	1681724983605	OK	 
REQUEST		T10_Home	1681724982532	1681724983694	OK	 
REQUEST		T10_Home	1681724982537	1681724983696	OK	 
REQUEST		T10_Home	1681724982532	1681724983705	OK	 
REQUEST		T10_Home	1681724982551	1681724983707	OK	 
REQUEST		T10_Home	1681724982541	1681724983711	OK	 
REQUEST		T10_Home	1681724982549	1681724983712	OK	 
REQUEST		T10_Home	1681724982538	1681724983714	OK	 
REQUEST		T10_Home	1681724982526	1681724983716	OK	 
REQUEST		T10_Home	1681724982521	1681724983719	OK	 
REQUEST		T10_Home	1681724982546	1681724983720	OK	 
REQUEST		To_Home	1681724982497	1681724983719	OK	 
REQUEST		T10_Home	1681724982516	1681724983722	OK	 
REQUEST		T20_Home	1681724983382	1681724983724	KO	status.find.in([200, 209], 304), found 404
USER	Online Boutique Home Page	END	1681724983729
REQUEST		T20_Home	1681724983388	1681724983814	KO	status.find.in([200, 209], 304), found 404
REQUEST		T20_Home	1681724983448	1681724983815	KO	status.find.in([200, 209], 304), found 404
REQUEST		T20_Home	1681724983463	1681724983816	KO	status.find.in([200, 209], 304), found 404
REQUEST		T20_Home	1681724983465	1681724983820	KO	status.find.in([200, 209], 304), found 404
REQUEST		T20_Home	1681724983473	1681724983819	KO	status.find.in([200, 209], 304), found 404
REQUEST		T20_Home	1681724983474	1681724983820	KO	status.find.in([200, 209], 304), found 404
REQUEST		T20_Home	1681724983394	1681724983822	KO	status.find.in([200, 209], 304), found 404
REQUEST		T20_Home	1681724983467	1681724983823	KO	status.find.in([200, 209], 304), found 404
REQUEST		T20_Home	1681724983471	1681724983822	KO	status.find.in([200, 209], 304), found 404
REQUEST		T20_Home	1681724983384	1681724983824	KO	status.find.in([200, 209], 304), found 404
REQUEST		T20_Home	1681724983459	1681724983825	KO	status.find.in([200, 209], 304), found 404
REQUEST		T20_Home	1681724983398	1681724983826	KO	status.find.in([200, 209], 304), found 404
REQUEST		T20_Home	1681724983469	1681724983828	KO	status.find.in([200, 209], 304), found 404
REQUEST		T20_Home	1681724983475	1681724983832	KO	status.find.in([200, 209], 304), found 404
REQUEST		To_Home	1681724982497	1681724983833	OK	 
USER	Online Boutique Home Page	END	1681724983836
REQUEST		To_Home	1681724982486	1681724983873	OK	 
REQUEST		To_Home	1681724982495	1681724983874	OK	 
REQUEST		To_Home	1681724982476	1681724983878	OK	 
USER	Online Boutique Home Page	END	1681724983881
USER	Online Boutique Home Page	END	1681724983881
USER	Online Boutique Home Page	END	1681724983882
REQUEST		To_Home	1681724982499	1681724983946	OK	 
USER	Online Boutique Home Page	END	1681724983947
REQUEST		To_Home	1681724982509	1681724983954	OK	 
REQUEST		To_Home	1681724982505	1681724983954	OK	 
REQUEST		T20_Home	1681724983576	1681724983955	KO	status.find.in([200, 209], 304), found 404
REQUEST		To_Home	1681724982503	1681724983956	OK	 
REQUEST		T20_Home	1681724983589	1681724983956	KO	status.find.in([200, 209], 304), found 404
REQUEST		To_Home	1681724982484	1681724983957	OK	 
REQUEST		T20_Home	1681724983606	1681724983957	KO	status.find.in([200, 209], 304), found 404
REQUEST		T20_Home	1681724983599	1681724983959	KO	status.find.in([200, 209], 304), found 404
REQUEST		To_Home	1681724982483	1681724983959	OK	 
USER	Online Boutique Home Page	END	1681724983960
USER	Online Boutique Home Page	END	1681724983960
USER	Online Boutique Home Page	END	1681724983960
USER	Online Boutique Home Page	END	1681724983960
USER	Online Boutique Home Page	END	1681724983961
REQUEST		T20_Home	1681724983603	1681724983962	KO	status.find.in([200, 209], 304), found 404
REQUEST		T20_Home	1681724983603	1681724983968	KO	status.find.in([200, 209], 304), found 404
REQUEST		To_Home	1681724982476	1681724983970	OK	 
USER	Online Boutique Home Page	END	1681724983971
REQUEST		T20_Home	1681724983603	1681724983975	KO	status.find.in([200, 209], 304), found 404
REQUEST		To_Home	1681724982529	1681724983988	OK	 
REQUEST		To_Home	1681724982511	1681724983991	OK	 
REQUEST		To_Home	1681724982509	1681724983992	OK	 
REQUEST		To_Home	1681724982476	1681724983995	OK	 
REQUEST		To_Home	1681724982494	1681724983996	OK	 
REQUEST		To_Home	1681724982496	1681724984000	OK	 
REQUEST		To_Home	1681724982476	1681724984001	OK	 
REQUEST		To_Home	1681724982491	1681724984003	OK	 
REQUEST		To_Home	1681724982501	1681724984004	OK	 
REQUEST		To_Home	1681724982498	1681724984001	OK	 
REQUEST		To_Home	1681724982487	1681724984007	OK	 
REQUEST		To_Home	1681724982496	1681724984008	OK	 
REQUEST		To_Home	1681724982476	1681724984008	OK	 
USER	Online Boutique Home Page	END	1681724984010
USER	Online Boutique Home Page	END	1681724984010
USER	Online Boutique Home Page	END	1681724984012
USER	Online Boutique Home Page	END	1681724984012
USER	Online Boutique Home Page	END	1681724984013
USER	Online Boutique Home Page	END	1681724984013
USER	Online Boutique Home Page	END	1681724984013
USER	Online Boutique Home Page	END	1681724984013
USER	Online Boutique Home Page	END	1681724984013
USER	Online Boutique Home Page	END	1681724984013
USER	Online Boutique Home Page	END	1681724984014
USER	Online Boutique Home Page	END	1681724984014
USER	Online Boutique Home Page	END	1681724984014
REQUEST		T20_Home	1681724983709	1681724984044	KO	status.find.in([200, 209], 304), found 404
REQUEST		T20_Home	1681724983697	1681724984045	KO	status.find.in([200, 209], 304), found 404
REQUEST		T20_Home	1681724983707	1681724984053	KO	status.find.in([200, 209], 304), found 404
REQUEST		T20_Home	1681724983716	1681724984056	KO	status.find.in([200, 209], 304), found 404
REQUEST		T20_Home	1681724983714	1681724984058	KO	status.find.in([200, 209], 304), found 404
REQUEST		T20_Home	1681724983698	1681724984056	KO	status.find.in([200, 209], 304), found 404
REQUEST		T20_Home	1681724983713	1681724984058	KO	status.find.in([200, 209], 304), found 404
REQUEST		T20_Home	1681724983724	1681724984060	KO	status.find.in([200, 209], 304), found 404
REQUEST		T20_Home	1681724983720	1681724984066	KO	status.find.in([200, 209], 304), found 404
REQUEST		T20_Home	1681724983721	1681724984072	KO	status.find.in([200, 209], 304), found 404
REQUEST		T20_Home	1681724983718	1681724984076	KO	status.find.in([200, 209], 304), found 404
REQUEST		To_Home	1681724982518	1681724984083	OK	 
USER	Online Boutique Home Page	END	1681724984084
REQUEST		To_Home	1681724982517	1681724984087	OK	 
REQUEST		To_Home	1681724982477	1681724984087	OK	 
REQUEST		To_Home	1681724982496	1681724984089	OK	 
REQUEST		To_Home	1681724982498	1681724984089	OK	 
USER	Online Boutique Home Page	END	1681724984090
USER	Online Boutique Home Page	END	1681724984091
USER	Online Boutique Home Page	END	1681724984091
USER	Online Boutique Home Page	END	1681724984091
REQUEST		To_Home	1681724982511	1681724984092	OK	 
REQUEST		To_Home	1681724982510	1681724984093	OK	 
REQUEST		To_Home	1681724982528	1681724984092	OK	 
REQUEST		To_Home	1681724982513	1681724984094	OK	 
REQUEST		To_Home	1681724982510	1681724984096	OK	 
USER	Online Boutique Home Page	END	1681724984096
USER	Online Boutique Home Page	END	1681724984096
USER	Online Boutique Home Page	END	1681724984096
USER	Online Boutique Home Page	END	1681724984097
USER	Online Boutique Home Page	END	1681724984097
REQUEST		To_Home	1681724982503	1681724984110	OK	 
USER	Online Boutique Home Page	END	1681724984113
REQUEST		To_Home	1681724982521	1681724984113	OK	 
USER	Online Boutique Home Page	END	1681724984116
USER	MultipleRequests	END	1681724986427
USER	MultipleRequests	END	1681724986444
USER	MultipleRequests	END	1681724986459
USER	MultipleRequests	END	1681724986459
USER	MultipleRequests	END	1681724986459
USER	MultipleRequests	END	1681724986460
USER	MultipleRequests	END	1681724986569
USER	MultipleRequests	END	1681724986739
USER	MultipleRequests	END	1681724986831
USER	MultipleRequests	END	1681724986832
USER	MultipleRequests	END	1681724986832
USER	MultipleRequests	END	1681724986833
USER	MultipleRequests	END	1681724986834
USER	MultipleRequests	END	1681724986835
USER	MultipleRequests	END	1681724986835
USER	MultipleRequests	END	1681724986835
USER	MultipleRequests	END	1681724986836
USER	MultipleRequests	END	1681724986836
USER	MultipleRequests	END	1681724986836
USER	MultipleRequests	END	1681724986837
USER	MultipleRequests	END	1681724986837
USER	MultipleRequests	END	1681724986837
USER	MultipleRequests	END	1681724986957
USER	MultipleRequests	END	1681724986972
USER	MultipleRequests	END	1681724986972
USER	MultipleRequests	END	1681724986972
USER	MultipleRequests	END	1681724986973
USER	MultipleRequests	END	1681724986973
USER	MultipleRequests	END	1681724986988
USER	MultipleRequests	END	1681724987050
USER	MultipleRequests	END	1681724987050
USER	MultipleRequests	END	1681724987065
USER	MultipleRequests	END	1681724987065
USER	MultipleRequests	END	1681724987066
USER	MultipleRequests	END	1681724987067
USER	MultipleRequests	END	1681724987068
USER	MultipleRequests	END	1681724987070
USER	MultipleRequests	END	1681724987070
USER	MultipleRequests	END	1681724987080
USER	MultipleRequests	END	1681724987081
