RUN	botiqueClass.Boutiquee	boutiquee	1682421042475	test	3.9.0
REQUEST		To_Home	1682421043115	1682421043116	KO	j.n.UnknownHostException: onlineboutique.dev
REQUEST		T10_Home	1682421043116	1682421043117	KO	j.n.UnknownHostException: onlineboutique.dev
REQUEST		To_Home	1682421043115	1682421043116	KO	j.n.UnknownHostException: onlineboutique.dev
REQUEST		T10_Home	1682421043115	1682421043116	KO	j.n.UnknownHostException: onlineboutique.dev
REQUEST		T10_Home	1682421043115	1682421043116	KO	j.n.UnknownHostException: onlineboutique.dev
REQUEST		T20_Home	1682421043130	1682421043130	KO	j.n.UnknownHostException: onlineboutique.dev
REQUEST		T20_Home	1682421043130	1682421043130	KO	j.n.UnknownHostException: onlineboutique.dev
REQUEST		To_Home	1682421043115	1682421043117	KO	j.n.UnknownHostException: onlineboutique.dev
REQUEST		To_Home	1682421043115	1682421043117	KO	j.n.UnknownHostException: onlineboutique.dev
REQUEST		T20_Home	1682421043131	1682421043131	KO	j.n.UnknownHostException: onlineboutique.dev
REQUEST		To_Home	1682421043115	1682421043117	KO	j.n.UnknownHostException: onlineboutique.dev
USER	MultipleRequests	START	1682421043141
USER	MultipleRequests	START	1682421043141
USER	Online Boutique Home Page	START	1682421043141
USER	MultipleRequests	START	1682421043141
USER	Online Boutique Home Page	START	1682421043141
USER	Online Boutique Home Page	START	1682421043142
USER	Online Boutique Home Page	START	1682421043142
USER	Online Boutique Home Page	START	1682421043142
REQUEST		T10_Home	1682421043142	1682421043142	KO	j.n.UnknownHostException: onlineboutique.dev
REQUEST		T20_Home	1682421043143	1682421043143	KO	j.n.UnknownHostException: onlineboutique.dev
USER	MultipleRequests	START	1682421043143
REQUEST		T10_Home	1682421043145	1682421043145	KO	j.n.UnknownHostException: onlineboutique.dev
USER	Online Boutique Home Page	END	1682421043145
REQUEST		T20_Home	1682421043145	1682421043145	KO	j.n.UnknownHostException: onlineboutique.dev
USER	MultipleRequests	START	1682421043145
USER	MultipleRequests	END	1682421043145
USER	Online Boutique Home Page	END	1682421043146
USER	MultipleRequests	END	1682421043146
USER	MultipleRequests	END	1682421043146
USER	Online Boutique Home Page	END	1682421043146
USER	Online Boutique Home Page	END	1682421043146
USER	Online Boutique Home Page	END	1682421043146
USER	MultipleRequests	END	1682421043147
USER	MultipleRequests	END	1682421043147
