RUN	botiqueClass.Boutiquee	boutiquee	1683038862591	test	3.9.0
USER	MultipleRequests	START	1683038864557
USER	MultipleRequests	START	1683038864556
USER	MultipleRequests	START	1683038864557
USER	MultipleRequests	START	1683038864556
USER	MultipleRequests	START	1683038864558
USER	MultipleRequests	START	1683038864558
USER	MultipleRequests	START	1683038864558
USER	MultipleRequests	START	1683038864559
USER	MultipleRequests	START	1683038864559
USER	MultipleRequests	START	1683038864559
USER	MultipleRequests	START	1683038864559
USER	MultipleRequests	START	1683038864557
USER	MultipleRequests	START	1683038864561
USER	MultipleRequests	START	1683038864561
USER	MultipleRequests	START	1683038864561
USER	MultipleRequests	START	1683038864562
USER	MultipleRequests	START	1683038864562
USER	MultipleRequests	START	1683038864562
USER	MultipleRequests	START	1683038864562
USER	MultipleRequests	START	1683038864563
USER	MultipleRequests	START	1683038864563
USER	MultipleRequests	START	1683038864563
USER	MultipleRequests	START	1683038864563
USER	MultipleRequests	START	1683038864564
USER	MultipleRequests	START	1683038864564
USER	MultipleRequests	START	1683038864564
USER	MultipleRequests	START	1683038864564
USER	MultipleRequests	START	1683038864565
USER	MultipleRequests	START	1683038864565
USER	MultipleRequests	START	1683038864565
USER	MultipleRequests	START	1683038864566
USER	MultipleRequests	START	1683038864566
USER	MultipleRequests	START	1683038864567
USER	MultipleRequests	START	1683038864567
USER	MultipleRequests	START	1683038864567
USER	MultipleRequests	START	1683038864567
USER	MultipleRequests	START	1683038864568
USER	MultipleRequests	START	1683038864568
USER	MultipleRequests	START	1683038864568
USER	MultipleRequests	START	1683038864569
USER	MultipleRequests	START	1683038864569
USER	MultipleRequests	START	1683038864569
USER	MultipleRequests	START	1683038864569
USER	MultipleRequests	START	1683038864570
USER	MultipleRequests	START	1683038864570
USER	MultipleRequests	START	1683038864570
USER	MultipleRequests	START	1683038864571
USER	MultipleRequests	START	1683038864571
USER	MultipleRequests	START	1683038864571
USER	MultipleRequests	START	1683038864571
USER	MultipleRequests	START	1683038864572
USER	MultipleRequests	START	1683038864572
USER	MultipleRequests	START	1683038864572
USER	MultipleRequests	START	1683038864572
USER	MultipleRequests	START	1683038864573
USER	MultipleRequests	START	1683038864573
USER	MultipleRequests	START	1683038864574
USER	MultipleRequests	START	1683038864574
USER	MultipleRequests	START	1683038864575
USER	MultipleRequests	START	1683038864575
USER	MultipleRequests	START	1683038864575
USER	MultipleRequests	START	1683038864576
USER	MultipleRequests	START	1683038864576
USER	MultipleRequests	START	1683038864576
USER	MultipleRequests	START	1683038864576
USER	MultipleRequests	START	1683038864577
USER	MultipleRequests	START	1683038864577
USER	MultipleRequests	START	1683038864577
USER	MultipleRequests	START	1683038864577
USER	MultipleRequests	START	1683038864578
USER	MultipleRequests	START	1683038864578
USER	MultipleRequests	START	1683038864578
USER	MultipleRequests	START	1683038864578
USER	MultipleRequests	START	1683038864579
USER	MultipleRequests	START	1683038864579
USER	MultipleRequests	START	1683038864579
USER	MultipleRequests	START	1683038864579
USER	MultipleRequests	START	1683038864581
USER	MultipleRequests	START	1683038864581
USER	MultipleRequests	START	1683038864581
USER	MultipleRequests	START	1683038864581
USER	MultipleRequests	START	1683038864582
USER	MultipleRequests	START	1683038864582
USER	MultipleRequests	START	1683038864582
USER	MultipleRequests	START	1683038864582
USER	MultipleRequests	START	1683038864583
USER	MultipleRequests	START	1683038864583
USER	MultipleRequests	START	1683038864583
USER	MultipleRequests	START	1683038864583
USER	MultipleRequests	START	1683038864584
USER	MultipleRequests	START	1683038864584
USER	MultipleRequests	START	1683038864584
USER	MultipleRequests	START	1683038864584
USER	MultipleRequests	START	1683038864556
USER	MultipleRequests	START	1683038864585
USER	MultipleRequests	START	1683038864585
USER	MultipleRequests	START	1683038864585
USER	MultipleRequests	START	1683038864587
USER	MultipleRequests	START	1683038864587
USER	MultipleRequests	START	1683038864587
USER	MultipleRequests	START	1683038864587
USER	MultipleRequests	START	1683038864588
USER	MultipleRequests	START	1683038864588
USER	MultipleRequests	START	1683038864588
USER	MultipleRequests	START	1683038864589
USER	MultipleRequests	START	1683038864589
USER	MultipleRequests	START	1683038864589
USER	MultipleRequests	START	1683038864590
USER	MultipleRequests	START	1683038864590
USER	MultipleRequests	START	1683038864591
USER	MultipleRequests	START	1683038864591
USER	MultipleRequests	START	1683038864557
USER	MultipleRequests	START	1683038864591
USER	MultipleRequests	START	1683038864593
USER	MultipleRequests	START	1683038864593
USER	MultipleRequests	START	1683038864593
USER	MultipleRequests	START	1683038864593
USER	MultipleRequests	START	1683038864557
USER	MultipleRequests	START	1683038864594
USER	MultipleRequests	START	1683038864594
USER	MultipleRequests	START	1683038864594
USER	MultipleRequests	START	1683038864596
USER	MultipleRequests	START	1683038864597
USER	MultipleRequests	START	1683038864599
USER	MultipleRequests	START	1683038864600
USER	MultipleRequests	START	1683038864600
USER	MultipleRequests	START	1683038864600
USER	MultipleRequests	START	1683038864601
USER	MultipleRequests	START	1683038864601
USER	MultipleRequests	START	1683038864602
USER	MultipleRequests	START	1683038864602
USER	MultipleRequests	START	1683038864603
USER	MultipleRequests	START	1683038864603
USER	MultipleRequests	START	1683038864605
USER	MultipleRequests	START	1683038864605
USER	MultipleRequests	START	1683038864607
USER	MultipleRequests	START	1683038864607
USER	MultipleRequests	START	1683038864608
USER	MultipleRequests	START	1683038864608
USER	MultipleRequests	START	1683038864610
USER	MultipleRequests	START	1683038864610
USER	MultipleRequests	START	1683038864612
USER	MultipleRequests	START	1683038864613
USER	MultipleRequests	START	1683038864616
USER	MultipleRequests	START	1683038864617
USER	MultipleRequests	START	1683038864618
USER	MultipleRequests	START	1683038864618
USER	MultipleRequests	START	1683038864619
USER	MultipleRequests	START	1683038864619
USER	MultipleRequests	START	1683038864621
USER	MultipleRequests	START	1683038864623
USER	MultipleRequests	START	1683038864625
USER	MultipleRequests	START	1683038864626
USER	MultipleRequests	START	1683038864628
USER	MultipleRequests	START	1683038864630
USER	MultipleRequests	START	1683038864631
USER	MultipleRequests	START	1683038864633
USER	MultipleRequests	START	1683038864634
USER	MultipleRequests	START	1683038864636
USER	MultipleRequests	START	1683038864644
USER	MultipleRequests	START	1683038864646
USER	MultipleRequests	START	1683038864652
USER	MultipleRequests	START	1683038864654
USER	MultipleRequests	START	1683038864656
USER	MultipleRequests	START	1683038864670
USER	MultipleRequests	START	1683038864675
USER	MultipleRequests	START	1683038864675
USER	MultipleRequests	START	1683038864676
USER	MultipleRequests	START	1683038864678
USER	MultipleRequests	START	1683038864680
USER	MultipleRequests	START	1683038864681
USER	MultipleRequests	START	1683038864695
USER	MultipleRequests	START	1683038864713
USER	MultipleRequests	START	1683038864721
USER	MultipleRequests	START	1683038864737
USER	MultipleRequests	START	1683038864745
USER	MultipleRequests	START	1683038864747
USER	MultipleRequests	START	1683038864766
USER	MultipleRequests	START	1683038864775
USER	MultipleRequests	START	1683038864789
USER	MultipleRequests	START	1683038864790
USER	MultipleRequests	START	1683038864792
USER	MultipleRequests	START	1683038864796
USER	MultipleRequests	START	1683038864797
USER	MultipleRequests	START	1683038864799
USER	MultipleRequests	START	1683038864812
USER	MultipleRequests	START	1683038864814
USER	MultipleRequests	START	1683038864815
USER	MultipleRequests	START	1683038864820
USER	MultipleRequests	START	1683038864822
USER	MultipleRequests	START	1683038864841
USER	MultipleRequests	START	1683038864846
USER	MultipleRequests	START	1683038864854
USER	MultipleRequests	START	1683038864859
USER	MultipleRequests	START	1683038864861
USER	MultipleRequests	START	1683038864862
USER	MultipleRequests	START	1683038864864
USER	MultipleRequests	START	1683038864866
USER	MultipleRequests	START	1683038864868
USER	MultipleRequests	START	1683038864870
USER	MultipleRequests	START	1683038864872
USER	MultipleRequests	START	1683038864874
USER	MultipleRequests	START	1683038864875
USER	MultipleRequests	START	1683038864877
USER	MultipleRequests	START	1683038864878
USER	MultipleRequests	START	1683038864880
USER	MultipleRequests	START	1683038864882
USER	MultipleRequests	START	1683038864883
USER	MultipleRequests	START	1683038864885
USER	MultipleRequests	START	1683038864887
USER	MultipleRequests	START	1683038864888
USER	MultipleRequests	START	1683038864894
USER	MultipleRequests	START	1683038864896
USER	MultipleRequests	START	1683038864898
USER	MultipleRequests	START	1683038864912
USER	MultipleRequests	START	1683038864913
USER	MultipleRequests	START	1683038864916
USER	MultipleRequests	START	1683038864922
USER	MultipleRequests	START	1683038864924
USER	MultipleRequests	START	1683038864925
USER	MultipleRequests	START	1683038864927
USER	MultipleRequests	START	1683038864929
USER	MultipleRequests	START	1683038864930
USER	MultipleRequests	START	1683038864932
USER	MultipleRequests	START	1683038864934
USER	MultipleRequests	START	1683038864937
USER	MultipleRequests	START	1683038864937
USER	MultipleRequests	START	1683038864938
USER	MultipleRequests	START	1683038864940
USER	MultipleRequests	START	1683038864941
USER	MultipleRequests	START	1683038864942
USER	MultipleRequests	START	1683038864943
USER	MultipleRequests	START	1683038864945
USER	MultipleRequests	START	1683038864946
USER	MultipleRequests	START	1683038864946
USER	MultipleRequests	START	1683038864947
USER	MultipleRequests	START	1683038864949
USER	MultipleRequests	START	1683038864951
USER	MultipleRequests	START	1683038864955
USER	MultipleRequests	START	1683038864956
USER	MultipleRequests	START	1683038865054
USER	MultipleRequests	START	1683038865055
USER	MultipleRequests	START	1683038865057
USER	MultipleRequests	START	1683038865058
USER	MultipleRequests	START	1683038865059
USER	MultipleRequests	START	1683038865060
USER	MultipleRequests	START	1683038865062
USER	MultipleRequests	START	1683038865063
USER	MultipleRequests	START	1683038865064
USER	MultipleRequests	START	1683038865066
REQUEST		T10_Home	1683038864550	1683038865456	OK	 
REQUEST		T10_Home	1683038864564	1683038865426	OK	 
REQUEST		T10_Home	1683038864550	1683038865434	OK	 
REQUEST		T10_Home	1683038864550	1683038865500	OK	 
REQUEST		T10_Home	1683038864561	1683038865502	OK	 
REQUEST		T10_Home	1683038864569	1683038865792	OK	 
REQUEST		T10_Home	1683038864577	1683038865794	OK	 
REQUEST		T10_Home	1683038864569	1683038865898	OK	 
REQUEST		T10_Home	1683038864565	1683038865899	OK	 
REQUEST		T10_Home	1683038864564	1683038865903	OK	 
REQUEST		T10_Home	1683038864558	1683038865903	OK	 
REQUEST		T10_Home	1683038864559	1683038865908	OK	 
REQUEST		T10_Home	1683038864567	1683038865909	OK	 
REQUEST		T10_Home	1683038864565	1683038865902	OK	 
REQUEST		T10_Home	1683038864572	1683038865916	OK	 
REQUEST		T10_Home	1683038864571	1683038865979	OK	 
REQUEST		T20_Home	1683038865502	1683038865990	KO	status.find.in([200, 209], 304), found 404
USER	MultipleRequests	END	1683038866027
REQUEST		T10_Home	1683038864563	1683038866032	OK	 
REQUEST		T10_Home	1683038864568	1683038866081	OK	 
REQUEST		T20_Home	1683038865905	1683038866180	KO	status.find.in([200, 209], 304), found 404
USER	MultipleRequests	END	1683038866183
REQUEST		T20_Home	1683038865910	1683038866184	KO	status.find.in([200, 209], 304), found 404
REQUEST		T20_Home	1683038865495	1683038866188	KO	status.find.in([200, 209], 304), found 404
USER	MultipleRequests	END	1683038866189
USER	MultipleRequests	END	1683038866191
REQUEST		T20_Home	1683038865794	1683038866281	KO	status.find.in([200, 209], 304), found 404
REQUEST		T20_Home	1683038865501	1683038866281	KO	status.find.in([200, 209], 304), found 404
USER	MultipleRequests	END	1683038866287
USER	MultipleRequests	END	1683038866287
REQUEST		T10_Home	1683038864560	1683038866287	OK	 
REQUEST		T20_Home	1683038865905	1683038866288	KO	status.find.in([200, 209], 304), found 404
REQUEST		T10_Home	1683038864564	1683038866289	OK	 
REQUEST		T20_Home	1683038865491	1683038866291	KO	status.find.in([200, 209], 304), found 404
REQUEST		T20_Home	1683038865901	1683038866292	KO	status.find.in([200, 209], 304), found 404
REQUEST		T10_Home	1683038864567	1683038866292	OK	 
USER	MultipleRequests	END	1683038866295
USER	MultipleRequests	END	1683038866295
USER	MultipleRequests	END	1683038866296
REQUEST		T10_Home	1683038864559	1683038866388	OK	 
REQUEST		T10_Home	1683038864560	1683038866393	OK	 
REQUEST		T10_Home	1683038864573	1683038866396	OK	 
REQUEST		T10_Home	1683038864573	1683038866482	OK	 
REQUEST		T10_Home	1683038864571	1683038866492	OK	 
REQUEST		T10_Home	1683038864599	1683038866493	OK	 
REQUEST		T20_Home	1683038865910	1683038866494	KO	status.find.in([200, 209], 304), found 404
REQUEST		T20_Home	1683038865795	1683038866496	KO	status.find.in([200, 209], 304), found 404
REQUEST		T10_Home	1683038864566	1683038866498	OK	 
REQUEST		T10_Home	1683038864569	1683038866499	OK	 
USER	MultipleRequests	END	1683038866501
USER	MultipleRequests	END	1683038866502
REQUEST		T10_Home	1683038864558	1683038866504	OK	 
REQUEST		T20_Home	1683038866290	1683038866580	KO	status.find.in([200, 209], 304), found 404
REQUEST		T20_Home	1683038865918	1683038866581	KO	status.find.in([200, 209], 304), found 404
REQUEST		T20_Home	1683038865900	1683038866585	KO	status.find.in([200, 209], 304), found 404
REQUEST		T10_Home	1683038864579	1683038866585	OK	 
REQUEST		T10_Home	1683038864575	1683038866589	OK	 
REQUEST		T10_Home	1683038864576	1683038866593	OK	 
REQUEST		T10_Home	1683038864576	1683038866593	OK	 
REQUEST		T10_Home	1683038864565	1683038866597	OK	 
REQUEST		T10_Home	1683038864603	1683038866596	OK	 
REQUEST		T10_Home	1683038864589	1683038866600	OK	 
REQUEST		T10_Home	1683038864586	1683038866601	OK	 
REQUEST		T20_Home	1683038866293	1683038866605	KO	status.find.in([200, 209], 304), found 404
USER	MultipleRequests	END	1683038866608
USER	MultipleRequests	END	1683038866609
USER	MultipleRequests	END	1683038866609
USER	MultipleRequests	END	1683038866609
REQUEST		T10_Home	1683038864593	1683038866614	OK	 
REQUEST		T20_Home	1683038866391	1683038866684	KO	status.find.in([200, 209], 304), found 404
REQUEST		T10_Home	1683038864918	1683038866685	OK	 
REQUEST		T20_Home	1683038865981	1683038866688	KO	status.find.in([200, 209], 304), found 404
REQUEST		T20_Home	1683038866398	1683038866689	KO	status.find.in([200, 209], 304), found 404
REQUEST		T20_Home	1683038865912	1683038866692	KO	status.find.in([200, 209], 304), found 404
REQUEST		T10_Home	1683038864576	1683038866691	OK	 
USER	MultipleRequests	END	1683038866693
USER	MultipleRequests	END	1683038866693
USER	MultipleRequests	END	1683038866693
REQUEST		T10_Home	1683038864568	1683038866696	OK	 
REQUEST		T10_Home	1683038864580	1683038866696	OK	 
REQUEST		T20_Home	1683038866394	1683038866699	KO	status.find.in([200, 209], 304), found 404
REQUEST		T10_Home	1683038864570	1683038866700	OK	 
REQUEST		T10_Home	1683038864585	1683038866705	OK	 
USER	MultipleRequests	END	1683038866709
USER	MultipleRequests	END	1683038866709
REQUEST		T20_Home	1683038866289	1683038866876	KO	status.find.in([200, 209], 304), found 404
REQUEST		T20_Home	1683038866494	1683038866881	KO	status.find.in([200, 209], 304), found 404
USER	MultipleRequests	END	1683038866882
USER	MultipleRequests	END	1683038866883
REQUEST		T20_Home	1683038866494	1683038866887	KO	status.find.in([200, 209], 304), found 404
REQUEST		T20_Home	1683038866598	1683038866892	KO	status.find.in([200, 209], 304), found 404
REQUEST		T10_Home	1683038864859	1683038866892	OK	 
REQUEST		T20_Home	1683038866484	1683038866895	KO	status.find.in([200, 209], 304), found 404
REQUEST		T10_Home	1683038864869	1683038866895	OK	 
REQUEST		T20_Home	1683038866594	1683038866898	KO	status.find.in([200, 209], 304), found 404
REQUEST		T20_Home	1683038866594	1683038866899	KO	status.find.in([200, 209], 304), found 404
REQUEST		T20_Home	1683038866592	1683038866901	KO	status.find.in([200, 209], 304), found 404
REQUEST		T20_Home	1683038866598	1683038866901	KO	status.find.in([200, 209], 304), found 404
REQUEST		T10_Home	1683038864567	1683038866906	OK	 
REQUEST		T10_Home	1683038864595	1683038866906	OK	 
REQUEST		T20_Home	1683038865503	1683038866909	KO	status.find.in([200, 209], 304), found 404
REQUEST		T10_Home	1683038864602	1683038866909	OK	 
REQUEST		T10_Home	1683038864584	1683038866906	OK	 
REQUEST		T20_Home	1683038866083	1683038866912	KO	status.find.in([200, 209], 304), found 404
REQUEST		T10_Home	1683038864580	1683038866913	OK	 
REQUEST		T10_Home	1683038864579	1683038866913	OK	 
REQUEST		T10_Home	1683038864586	1683038866915	OK	 
REQUEST		T10_Home	1683038864589	1683038866917	OK	 
USER	MultipleRequests	END	1683038866925
USER	MultipleRequests	END	1683038866926
USER	MultipleRequests	END	1683038866926
USER	MultipleRequests	END	1683038866926
USER	MultipleRequests	END	1683038866926
USER	MultipleRequests	END	1683038866926
USER	MultipleRequests	END	1683038866926
USER	MultipleRequests	END	1683038866926
USER	MultipleRequests	END	1683038866926
REQUEST		T10_Home	1683038864593	1683038866977	OK	 
REQUEST		T20_Home	1683038866616	1683038866978	KO	status.find.in([200, 209], 304), found 404
REQUEST		T20_Home	1683038866698	1683038866980	KO	status.find.in([200, 209], 304), found 404
REQUEST		T20_Home	1683038866501	1683038866980	KO	status.find.in([200, 209], 304), found 404
REQUEST		T20_Home	1683038866687	1683038866982	KO	status.find.in([200, 209], 304), found 404
REQUEST		T10_Home	1683038864573	1683038866983	OK	 
USER	MultipleRequests	END	1683038866984
USER	MultipleRequests	END	1683038866984
USER	MultipleRequests	END	1683038866984
USER	MultipleRequests	END	1683038866984
REQUEST		T10_Home	1683038864867	1683038866990	OK	 
REQUEST		T20_Home	1683038866500	1683038866993	KO	status.find.in([200, 209], 304), found 404
REQUEST		T20_Home	1683038866603	1683038866993	KO	status.find.in([200, 209], 304), found 404
REQUEST		T20_Home	1683038866702	1683038866994	KO	status.find.in([200, 209], 304), found 404
REQUEST		T10_Home	1683038864609	1683038866995	OK	 
REQUEST		T20_Home	1683038866586	1683038866995	KO	status.find.in([200, 209], 304), found 404
USER	MultipleRequests	END	1683038866996
USER	MultipleRequests	END	1683038866996
USER	MultipleRequests	END	1683038866996
REQUEST		T10_Home	1683038864614	1683038866996	OK	 
USER	MultipleRequests	END	1683038866997
REQUEST		T10_Home	1683038864863	1683038867002	OK	 
REQUEST		T10_Home	1683038864862	1683038867004	OK	 
REQUEST		T20_Home	1683038866034	1683038867005	KO	status.find.in([200, 209], 304), found 404
REQUEST		T20_Home	1683038866601	1683038867006	KO	status.find.in([200, 209], 304), found 404
REQUEST		T10_Home	1683038864897	1683038867007	OK	 
REQUEST		T10_Home	1683038864755	1683038867008	OK	 
REQUEST		T10_Home	1683038864574	1683038867009	OK	 
REQUEST		T10_Home	1683038864581	1683038867009	OK	 
USER	MultipleRequests	END	1683038867009
USER	MultipleRequests	END	1683038867010
REQUEST		T20_Home	1683038866693	1683038867012	KO	status.find.in([200, 209], 304), found 404
REQUEST		T10_Home	1683038864576	1683038867013	OK	 
REQUEST		T10_Home	1683038864563	1683038867014	OK	 
REQUEST		T10_Home	1683038864950	1683038867014	OK	 
USER	MultipleRequests	END	1683038867015
REQUEST		T20_Home	1683038866506	1683038867017	KO	status.find.in([200, 209], 304), found 404
REQUEST		T10_Home	1683038864923	1683038867017	OK	 
REQUEST		T10_Home	1683038864572	1683038867018	OK	 
REQUEST		T10_Home	1683038864569	1683038867018	OK	 
USER	MultipleRequests	END	1683038867020
REQUEST		T10_Home	1683038864575	1683038867020	OK	 
REQUEST		T10_Home	1683038864571	1683038867024	OK	 
REQUEST		T20_Home	1683038866698	1683038867027	KO	status.find.in([200, 209], 304), found 404
REQUEST		T10_Home	1683038864600	1683038867027	OK	 
REQUEST		T10_Home	1683038864632	1683038867029	OK	 
REQUEST		T10_Home	1683038864560	1683038867029	OK	 
REQUEST		T20_Home	1683038866707	1683038867028	KO	status.find.in([200, 209], 304), found 404
REQUEST		T10_Home	1683038864873	1683038867031	OK	 
REQUEST		T10_Home	1683038864590	1683038867031	OK	 
USER	MultipleRequests	END	1683038867032
USER	MultipleRequests	END	1683038867032
REQUEST		T10_Home	1683038864611	1683038867032	OK	 
REQUEST		T10_Home	1683038864587	1683038867682	OK	 
REQUEST		T10_Home	1683038864599	1683038867685	OK	 
REQUEST		T10_Home	1683038864655	1683038867688	OK	 
REQUEST		T10_Home	1683038864613	1683038867690	OK	 
REQUEST		T10_Home	1683038864643	1683038867693	OK	 
REQUEST		T10_Home	1683038864622	1683038867693	OK	 
REQUEST		T10_Home	1683038864876	1683038867693	OK	 
REQUEST		T10_Home	1683038864652	1683038867696	OK	 
REQUEST		T20_Home	1683038866896	1683038867696	KO	status.find.in([200, 209], 304), found 404
REQUEST		T10_Home	1683038864634	1683038867699	OK	 
REQUEST		T10_Home	1683038864585	1683038867689	OK	 
REQUEST		T10_Home	1683038864575	1683038867699	OK	 
REQUEST		T10_Home	1683038864584	1683038867702	OK	 
REQUEST		T10_Home	1683038864573	1683038867705	OK	 
REQUEST		T10_Home	1683038864592	1683038867706	OK	 
REQUEST		T10_Home	1683038864568	1683038867706	OK	 
REQUEST		T10_Home	1683038864581	1683038867710	OK	 
REQUEST		T10_Home	1683038864565	1683038867710	OK	 
REQUEST		T10_Home	1683038864566	1683038867711	OK	 
REQUEST		T10_Home	1683038864571	1683038867713	OK	 
REQUEST		T10_Home	1683038864929	1683038867713	OK	 
REQUEST		T10_Home	1683038864550	1683038867713	OK	 
REQUEST		T20_Home	1683038866908	1683038867716	KO	status.find.in([200, 209], 304), found 404
REQUEST		T10_Home	1683038864934	1683038867717	OK	 
REQUEST		T10_Home	1683038864582	1683038867719	OK	 
REQUEST		T10_Home	1683038864620	1683038867720	OK	 
REQUEST		T10_Home	1683038864936	1683038867723	OK	 
REQUEST		T20_Home	1683038866914	1683038867725	KO	status.find.in([200, 209], 304), found 404
REQUEST		T10_Home	1683038864561	1683038867727	OK	 
REQUEST		T10_Home	1683038864626	1683038867727	OK	 
REQUEST		T10_Home	1683038864587	1683038867729	OK	 
REQUEST		T10_Home	1683038864865	1683038867700	OK	 
REQUEST		T10_Home	1683038864550	1683038867731	OK	 
REQUEST		T20_Home	1683038866908	1683038867731	KO	status.find.in([200, 209], 304), found 404
REQUEST		T10_Home	1683038864570	1683038867731	OK	 
REQUEST		T10_Home	1683038864927	1683038867734	OK	 
REQUEST		T10_Home	1683038864581	1683038867734	OK	 
REQUEST		T10_Home	1683038864582	1683038867734	OK	 
REQUEST		T20_Home	1683038866918	1683038867736	KO	status.find.in([200, 209], 304), found 404
REQUEST		T10_Home	1683038864606	1683038867737	OK	 
REQUEST		T10_Home	1683038864938	1683038867737	OK	 
REQUEST		T20_Home	1683038866978	1683038867739	KO	status.find.in([200, 209], 304), found 404
REQUEST		T10_Home	1683038864579	1683038867740	OK	 
REQUEST		T20_Home	1683038867018	1683038867740	KO	status.find.in([200, 209], 304), found 404
REQUEST		T10_Home	1683038864551	1683038867740	OK	 
REQUEST		T20_Home	1683038867028	1683038867743	KO	status.find.in([200, 209], 304), found 404
REQUEST		T20_Home	1683038866912	1683038867743	KO	status.find.in([200, 209], 304), found 404
REQUEST		T10_Home	1683038864582	1683038867745	OK	 
REQUEST		T10_Home	1683038864601	1683038867747	OK	 
REQUEST		T20_Home	1683038866914	1683038867755	KO	status.find.in([200, 209], 304), found 404
REQUEST		T10_Home	1683038864852	1683038867756	OK	 
REQUEST		T10_Home	1683038864645	1683038867758	OK	 
REQUEST		T10_Home	1683038864575	1683038867761	OK	 
REQUEST		T20_Home	1683038867009	1683038867767	KO	status.find.in([200, 209], 304), found 404
REQUEST		T10_Home	1683038864580	1683038867767	OK	 
REQUEST		T20_Home	1683038867008	1683038867768	KO	status.find.in([200, 209], 304), found 404
REQUEST		T20_Home	1683038867029	1683038867768	KO	status.find.in([200, 209], 304), found 404
REQUEST		T20_Home	1683038867009	1683038867769	KO	status.find.in([200, 209], 304), found 404
REQUEST		T20_Home	1683038867019	1683038867770	KO	status.find.in([200, 209], 304), found 404
REQUEST		T10_Home	1683038864550	1683038867771	OK	 
REQUEST		T20_Home	1683038867015	1683038867771	KO	status.find.in([200, 209], 304), found 404
REQUEST		T10_Home	1683038864577	1683038867772	OK	 
REQUEST		T10_Home	1683038864795	1683038867772	OK	 
REQUEST		T10_Home	1683038864584	1683038867773	OK	 
REQUEST		T10_Home	1683038864743	1683038867774	OK	 
REQUEST		T10_Home	1683038864681	1683038867774	OK	 
USER	MultipleRequests	END	1683038867775
USER	MultipleRequests	END	1683038867776
USER	MultipleRequests	END	1683038867776
USER	MultipleRequests	END	1683038867776
USER	MultipleRequests	END	1683038867776
USER	MultipleRequests	END	1683038867776
USER	MultipleRequests	END	1683038867776
USER	MultipleRequests	END	1683038867776
USER	MultipleRequests	END	1683038867776
USER	MultipleRequests	END	1683038867776
USER	MultipleRequests	END	1683038867776
USER	MultipleRequests	END	1683038867776
USER	MultipleRequests	END	1683038867776
USER	MultipleRequests	END	1683038867776
USER	MultipleRequests	END	1683038867776
USER	MultipleRequests	END	1683038867776
REQUEST		T20_Home	1683038867005	1683038867758	KO	status.find.in([200, 209], 304), found 404
REQUEST		T10_Home	1683038864912	1683038867780	OK	 
USER	MultipleRequests	END	1683038867780
REQUEST		T20_Home	1683038866991	1683038867780	KO	status.find.in([200, 209], 304), found 404
REQUEST		T10_Home	1683038864619	1683038867779	OK	 
REQUEST		T20_Home	1683038866893	1683038867781	KO	status.find.in([200, 209], 304), found 404
REQUEST		T10_Home	1683038864592	1683038867781	OK	 
REQUEST		T20_Home	1683038866912	1683038867782	KO	status.find.in([200, 209], 304), found 404
REQUEST		T20_Home	1683038867003	1683038867782	KO	status.find.in([200, 209], 304), found 404
REQUEST		T10_Home	1683038864931	1683038867781	OK	 
USER	MultipleRequests	END	1683038867783
USER	MultipleRequests	END	1683038867783
USER	MultipleRequests	END	1683038867784
REQUEST		T20_Home	1683038866996	1683038867784	KO	status.find.in([200, 209], 304), found 404
USER	MultipleRequests	END	1683038867784
REQUEST		T10_Home	1683038864616	1683038867784	OK	 
REQUEST		T20_Home	1683038867014	1683038867783	KO	status.find.in([200, 209], 304), found 404
REQUEST		T10_Home	1683038864860	1683038867785	OK	 
REQUEST		T20_Home	1683038866997	1683038867786	KO	status.find.in([200, 209], 304), found 404
REQUEST		T10_Home	1683038864561	1683038867788	OK	 
REQUEST		T20_Home	1683038867031	1683038867789	KO	status.find.in([200, 209], 304), found 404
REQUEST		T10_Home	1683038864563	1683038867789	OK	 
REQUEST		T20_Home	1683038867020	1683038867790	KO	status.find.in([200, 209], 304), found 404
REQUEST		T20_Home	1683038867033	1683038867790	KO	status.find.in([200, 209], 304), found 404
REQUEST		T20_Home	1683038867021	1683038867791	KO	status.find.in([200, 209], 304), found 404
USER	MultipleRequests	END	1683038867792
USER	MultipleRequests	END	1683038867792
USER	MultipleRequests	END	1683038867792
USER	MultipleRequests	END	1683038867792
USER	MultipleRequests	END	1683038867792
REQUEST		T10_Home	1683038864872	1683038867791	OK	 
REQUEST		T10_Home	1683038864845	1683038867793	OK	 
REQUEST		T10_Home	1683038864911	1683038867793	OK	 
REQUEST		T10_Home	1683038864574	1683038867794	OK	 
REQUEST		T20_Home	1683038867032	1683038867795	KO	status.find.in([200, 209], 304), found 404
REQUEST		T20_Home	1683038866984	1683038867795	KO	status.find.in([200, 209], 304), found 404
REQUEST		T20_Home	1683038866917	1683038867796	KO	status.find.in([200, 209], 304), found 404
REQUEST		T10_Home	1683038864584	1683038867796	OK	 
REQUEST		T20_Home	1683038867025	1683038867798	KO	status.find.in([200, 209], 304), found 404
REQUEST		T10_Home	1683038864619	1683038867798	OK	 
REQUEST		T20_Home	1683038867030	1683038867799	KO	status.find.in([200, 209], 304), found 404
USER	MultipleRequests	END	1683038867799
USER	MultipleRequests	END	1683038867799
USER	MultipleRequests	END	1683038867799
USER	MultipleRequests	END	1683038867799
USER	MultipleRequests	END	1683038867799
USER	MultipleRequests	END	1683038867799
REQUEST		T10_Home	1683038864627	1683038867799	OK	 
REQUEST		T20_Home	1683038867014	1683038867801	KO	status.find.in([200, 209], 304), found 404
REQUEST		T10_Home	1683038864558	1683038867801	OK	 
USER	MultipleRequests	END	1683038867802
USER	MultipleRequests	END	1683038867802
REQUEST		T20_Home	1683038867008	1683038867802	KO	status.find.in([200, 209], 304), found 404
USER	MultipleRequests	END	1683038867804
REQUEST		T10_Home	1683038864585	1683038867804	OK	 
REQUEST		T10_Home	1683038864595	1683038867806	OK	 
REQUEST		T10_Home	1683038864620	1683038867807	OK	 
REQUEST		T10_Home	1683038864567	1683038867808	OK	 
REQUEST		T10_Home	1683038864604	1683038867918	OK	 
REQUEST		T10_Home	1683038864587	1683038867921	OK	 
REQUEST		T10_Home	1683038864563	1683038867922	OK	 
REQUEST		T10_Home	1683038864624	1683038867923	OK	 
REQUEST		T10_Home	1683038864886	1683038867933	OK	 
REQUEST		T10_Home	1683038864582	1683038867938	OK	 
REQUEST		T10_Home	1683038864676	1683038867937	OK	 
REQUEST		T10_Home	1683038864590	1683038867939	OK	 
REQUEST		T10_Home	1683038864551	1683038867940	OK	 
REQUEST		T10_Home	1683038864577	1683038867940	OK	 
REQUEST		T10_Home	1683038864559	1683038867992	OK	 
REQUEST		T10_Home	1683038864602	1683038867992	OK	 
REQUEST		T10_Home	1683038864593	1683038867993	OK	 
REQUEST		T10_Home	1683038864592	1683038868015	OK	 
REQUEST		T10_Home	1683038864564	1683038868015	OK	 
REQUEST		T10_Home	1683038864574	1683038868017	OK	 
REQUEST		T10_Home	1683038864617	1683038868019	OK	 
REQUEST		T10_Home	1683038864566	1683038868021	OK	 
REQUEST		T10_Home	1683038864629	1683038868022	OK	 
REQUEST		T10_Home	1683038864654	1683038868023	OK	 
REQUEST		T10_Home	1683038864875	1683038868023	OK	 
REQUEST		T10_Home	1683038864580	1683038868025	OK	 
REQUEST		T10_Home	1683038864597	1683038868025	OK	 
REQUEST		T10_Home	1683038864585	1683038868030	OK	 
REQUEST		T10_Home	1683038864715	1683038868030	OK	 
REQUEST		T10_Home	1683038864586	1683038868030	OK	 
REQUEST		T10_Home	1683038864635	1683038868032	OK	 
REQUEST		T10_Home	1683038864606	1683038868032	OK	 
REQUEST		T10_Home	1683038864591	1683038868033	OK	 
REQUEST		T10_Home	1683038864877	1683038868033	OK	 
REQUEST		T10_Home	1683038864600	1683038868033	OK	 
REQUEST		T10_Home	1683038864746	1683038868035	OK	 
REQUEST		T10_Home	1683038864896	1683038868035	OK	 
REQUEST		T10_Home	1683038864579	1683038868035	OK	 
REQUEST		T10_Home	1683038864561	1683038868036	OK	 
REQUEST		T10_Home	1683038864602	1683038868037	OK	 
REQUEST		T10_Home	1683038864560	1683038868037	OK	 
REQUEST		T10_Home	1683038864674	1683038868037	OK	 
REQUEST		T10_Home	1683038864945	1683038868039	OK	 
REQUEST		T10_Home	1683038864589	1683038868039	OK	 
REQUEST		T10_Home	1683038864943	1683038868040	OK	 
REQUEST		T10_Home	1683038864616	1683038868040	OK	 
REQUEST		T10_Home	1683038864592	1683038868042	OK	 
REQUEST		T10_Home	1683038864559	1683038868044	OK	 
REQUEST		T10_Home	1683038864586	1683038868045	OK	 
REQUEST		T10_Home	1683038864587	1683038868046	OK	 
REQUEST		T10_Home	1683038864881	1683038868063	OK	 
REQUEST		T10_Home	1683038864608	1683038868066	OK	 
REQUEST		T10_Home	1683038864608	1683038868066	OK	 
REQUEST		T10_Home	1683038864948	1683038868076	OK	 
REQUEST		T10_Home	1683038864604	1683038868076	OK	 
REQUEST		T10_Home	1683038864617	1683038868078	OK	 
REQUEST		T10_Home	1683038864941	1683038868078	OK	 
REQUEST		T10_Home	1683038864591	1683038868079	OK	 
REQUEST		T10_Home	1683038864581	1683038868079	OK	 
REQUEST		T10_Home	1683038864601	1683038868078	OK	 
REQUEST		T10_Home	1683038864790	1683038868082	OK	 
REQUEST		T10_Home	1683038864593	1683038868084	OK	 
REQUEST		T10_Home	1683038864731	1683038868086	OK	 
REQUEST		T10_Home	1683038864678	1683038868081	OK	 
REQUEST		T10_Home	1683038865060	1683038868088	OK	 
REQUEST		T10_Home	1683038864797	1683038868089	OK	 
REQUEST		T10_Home	1683038865059	1683038868089	OK	 
REQUEST		T10_Home	1683038864947	1683038868090	OK	 
REQUEST		T10_Home	1683038864791	1683038868090	OK	 
REQUEST		T10_Home	1683038864788	1683038868091	OK	 
REQUEST		T10_Home	1683038864813	1683038868092	OK	 
REQUEST		T10_Home	1683038864956	1683038868093	OK	 
REQUEST		T10_Home	1683038864946	1683038868093	OK	 
REQUEST		T10_Home	1683038865061	1683038868094	OK	 
REQUEST		T10_Home	1683038864879	1683038868094	OK	 
REQUEST		T10_Home	1683038864941	1683038868094	OK	 
REQUEST		T10_Home	1683038864887	1683038868095	OK	 
REQUEST		T10_Home	1683038865055	1683038868095	OK	 
REQUEST		T20_Home	1683038867692	1683038868096	KO	status.find.in([200, 209], 304), found 404
REQUEST		T10_Home	1683038864953	1683038868096	OK	 
REQUEST		T10_Home	1683038864939	1683038868096	OK	 
REQUEST		T20_Home	1683038867694	1683038868097	KO	status.find.in([200, 209], 304), found 404
REQUEST		T20_Home	1683038867794	1683038868097	KO	status.find.in([200, 209], 304), found 404
REQUEST		T20_Home	1683038867687	1683038868097	KO	status.find.in([200, 209], 304), found 404
REQUEST		T20_Home	1683038867718	1683038868098	KO	status.find.in([200, 209], 304), found 404
REQUEST		T20_Home	1683038867734	1683038868099	KO	status.find.in([200, 209], 304), found 404
REQUEST		T20_Home	1683038867725	1683038868099	KO	status.find.in([200, 209], 304), found 404
REQUEST		T20_Home	1683038867729	1683038868100	KO	status.find.in([200, 209], 304), found 404
REQUEST		T10_Home	1683038864577	1683038868101	OK	 
REQUEST		T20_Home	1683038867715	1683038868101	KO	status.find.in([200, 209], 304), found 404
REQUEST		T20_Home	1683038867696	1683038868102	KO	status.find.in([200, 209], 304), found 404
REQUEST		T20_Home	1683038867689	1683038868102	KO	status.find.in([200, 209], 304), found 404
REQUEST		T20_Home	1683038867685	1683038868103	KO	status.find.in([200, 209], 304), found 404
REQUEST		T20_Home	1683038867715	1683038868103	KO	status.find.in([200, 209], 304), found 404
REQUEST		T20_Home	1683038867694	1683038868103	KO	status.find.in([200, 209], 304), found 404
REQUEST		T20_Home	1683038867702	1683038868104	KO	status.find.in([200, 209], 304), found 404
REQUEST		T20_Home	1683038867708	1683038868104	KO	status.find.in([200, 209], 304), found 404
REQUEST		T20_Home	1683038867704	1683038868104	KO	status.find.in([200, 209], 304), found 404
REQUEST		T20_Home	1683038867781	1683038868105	KO	status.find.in([200, 209], 304), found 404
REQUEST		T20_Home	1683038867706	1683038868105	KO	status.find.in([200, 209], 304), found 404
REQUEST		T20_Home	1683038867698	1683038868105	KO	status.find.in([200, 209], 304), found 404
REQUEST		T20_Home	1683038867782	1683038868106	KO	status.find.in([200, 209], 304), found 404
REQUEST		T20_Home	1683038867742	1683038868106	KO	status.find.in([200, 209], 304), found 404
REQUEST		T20_Home	1683038867700	1683038868106	KO	status.find.in([200, 209], 304), found 404
REQUEST		T20_Home	1683038867789	1683038868106	KO	status.find.in([200, 209], 304), found 404
REQUEST		T20_Home	1683038867729	1683038868106	KO	status.find.in([200, 209], 304), found 404
REQUEST		T20_Home	1683038867721	1683038868107	KO	status.find.in([200, 209], 304), found 404
REQUEST		T20_Home	1683038867732	1683038868107	KO	status.find.in([200, 209], 304), found 404
REQUEST		T20_Home	1683038867772	1683038868108	KO	status.find.in([200, 209], 304), found 404
REQUEST		T20_Home	1683038867712	1683038868108	KO	status.find.in([200, 209], 304), found 404
REQUEST		T20_Home	1683038867746	1683038868110	KO	status.find.in([200, 209], 304), found 404
REQUEST		T20_Home	1683038867773	1683038868110	KO	status.find.in([200, 209], 304), found 404
REQUEST		T20_Home	1683038867775	1683038868111	KO	status.find.in([200, 209], 304), found 404
REQUEST		T20_Home	1683038867735	1683038868112	KO	status.find.in([200, 209], 304), found 404
REQUEST		T20_Home	1683038867730	1683038868113	KO	status.find.in([200, 209], 304), found 404
USER	MultipleRequests	END	1683038868116
USER	MultipleRequests	END	1683038868116
USER	MultipleRequests	END	1683038868116
USER	MultipleRequests	END	1683038868116
USER	MultipleRequests	END	1683038868116
USER	MultipleRequests	END	1683038868116
USER	MultipleRequests	END	1683038868116
USER	MultipleRequests	END	1683038868116
USER	MultipleRequests	END	1683038868116
USER	MultipleRequests	END	1683038868116
USER	MultipleRequests	END	1683038868116
USER	MultipleRequests	END	1683038868116
USER	MultipleRequests	END	1683038868116
USER	MultipleRequests	END	1683038868116
USER	MultipleRequests	END	1683038868116
USER	MultipleRequests	END	1683038868116
USER	MultipleRequests	END	1683038868116
USER	MultipleRequests	END	1683038868116
USER	MultipleRequests	END	1683038868116
USER	MultipleRequests	END	1683038868116
USER	MultipleRequests	END	1683038868117
USER	MultipleRequests	END	1683038868117
USER	MultipleRequests	END	1683038868117
USER	MultipleRequests	END	1683038868117
USER	MultipleRequests	END	1683038868117
USER	MultipleRequests	END	1683038868117
USER	MultipleRequests	END	1683038868117
USER	MultipleRequests	END	1683038868117
USER	MultipleRequests	END	1683038868117
USER	MultipleRequests	END	1683038868117
USER	MultipleRequests	END	1683038868117
USER	MultipleRequests	END	1683038868117
USER	MultipleRequests	END	1683038868117
USER	MultipleRequests	END	1683038868117
REQUEST		T10_Home	1683038864679	1683038868121	OK	 
REQUEST		T20_Home	1683038867797	1683038868187	KO	status.find.in([200, 209], 304), found 404
USER	MultipleRequests	END	1683038868190
REQUEST		T20_Home	1683038867774	1683038868200	KO	status.find.in([200, 209], 304), found 404
REQUEST		T20_Home	1683038867801	1683038868199	KO	status.find.in([200, 209], 304), found 404
REQUEST		T20_Home	1683038867738	1683038868205	KO	status.find.in([200, 209], 304), found 404
REQUEST		T20_Home	1683038867768	1683038868205	KO	status.find.in([200, 209], 304), found 404
REQUEST		T20_Home	1683038867757	1683038868208	KO	status.find.in([200, 209], 304), found 404
REQUEST		T20_Home	1683038867805	1683038868208	KO	status.find.in([200, 209], 304), found 404
REQUEST		T20_Home	1683038867783	1683038868212	KO	status.find.in([200, 209], 304), found 404
REQUEST		T20_Home	1683038867762	1683038868212	KO	status.find.in([200, 209], 304), found 404
REQUEST		T10_Home	1683038865056	1683038868223	OK	 
REQUEST		T20_Home	1683038867732	1683038868224	KO	status.find.in([200, 209], 304), found 404
REQUEST		T20_Home	1683038867738	1683038868225	KO	status.find.in([200, 209], 304), found 404
USER	MultipleRequests	END	1683038868227
USER	MultipleRequests	END	1683038868227
USER	MultipleRequests	END	1683038868227
USER	MultipleRequests	END	1683038868227
USER	MultipleRequests	END	1683038868227
USER	MultipleRequests	END	1683038868227
USER	MultipleRequests	END	1683038868227
USER	MultipleRequests	END	1683038868227
USER	MultipleRequests	END	1683038868227
USER	MultipleRequests	END	1683038868227
REQUEST		T10_Home	1683038864798	1683038868235	OK	 
REQUEST		T10_Home	1683038864814	1683038868238	OK	 
REQUEST		T10_Home	1683038865065	1683038868238	OK	 
REQUEST		T10_Home	1683038864812	1683038868241	OK	 
REQUEST		T10_Home	1683038864914	1683038868241	OK	 
REQUEST		T10_Home	1683038864819	1683038868243	OK	 
REQUEST		T10_Home	1683038864884	1683038868243	OK	 
REQUEST		T10_Home	1683038865057	1683038868242	OK	 
REQUEST		T10_Home	1683038864883	1683038868245	OK	 
REQUEST		T10_Home	1683038864958	1683038868246	OK	 
REQUEST		T20_Home	1683038867759	1683038868245	KO	status.find.in([200, 209], 304), found 404
REQUEST		T10_Home	1683038864935	1683038868250	OK	 
USER	MultipleRequests	END	1683038868251
REQUEST		T20_Home	1683038867921	1683038868280	KO	status.find.in([200, 209], 304), found 404
REQUEST		T20_Home	1683038867919	1683038868281	KO	status.find.in([200, 209], 304), found 404
REQUEST		T20_Home	1683038867738	1683038868282	KO	status.find.in([200, 209], 304), found 404
REQUEST		T20_Home	1683038867923	1683038868282	KO	status.find.in([200, 209], 304), found 404
REQUEST		T20_Home	1683038867800	1683038868280	KO	status.find.in([200, 209], 304), found 404
REQUEST		T20_Home	1683038867712	1683038868286	KO	status.find.in([200, 209], 304), found 404
REQUEST		T20_Home	1683038867941	1683038868286	KO	status.find.in([200, 209], 304), found 404
REQUEST		T20_Home	1683038867790	1683038868288	KO	status.find.in([200, 209], 304), found 404
REQUEST		T20_Home	1683038867715	1683038868289	KO	status.find.in([200, 209], 304), found 404
REQUEST		T20_Home	1683038867799	1683038868289	KO	status.find.in([200, 209], 304), found 404
REQUEST		T20_Home	1683038867788	1683038868290	KO	status.find.in([200, 209], 304), found 404
REQUEST		T20_Home	1683038867794	1683038868290	KO	status.find.in([200, 209], 304), found 404
REQUEST		T20_Home	1683038867940	1683038868290	KO	status.find.in([200, 209], 304), found 404
REQUEST		T20_Home	1683038867934	1683038868291	KO	status.find.in([200, 209], 304), found 404
REQUEST		T20_Home	1683038867938	1683038868292	KO	status.find.in([200, 209], 304), found 404
REQUEST		T20_Home	1683038867924	1683038868288	KO	status.find.in([200, 209], 304), found 404
REQUEST		T20_Home	1683038867704	1683038868293	KO	status.find.in([200, 209], 304), found 404
USER	MultipleRequests	END	1683038868294
USER	MultipleRequests	END	1683038868294
USER	MultipleRequests	END	1683038868295
USER	MultipleRequests	END	1683038868295
USER	MultipleRequests	END	1683038868295
USER	MultipleRequests	END	1683038868295
USER	MultipleRequests	END	1683038868295
USER	MultipleRequests	END	1683038868295
USER	MultipleRequests	END	1683038868295
USER	MultipleRequests	END	1683038868295
USER	MultipleRequests	END	1683038868295
USER	MultipleRequests	END	1683038868295
USER	MultipleRequests	END	1683038868295
USER	MultipleRequests	END	1683038868295
USER	MultipleRequests	END	1683038868295
USER	MultipleRequests	END	1683038868295
USER	MultipleRequests	END	1683038868295
REQUEST		T20_Home	1683038867795	1683038868295	KO	status.find.in([200, 209], 304), found 404
USER	MultipleRequests	END	1683038868296
REQUEST		T20_Home	1683038867792	1683038868302	KO	status.find.in([200, 209], 304), found 404
REQUEST		T20_Home	1683038867807	1683038868303	KO	status.find.in([200, 209], 304), found 404
REQUEST		T20_Home	1683038867708	1683038868302	KO	status.find.in([200, 209], 304), found 404
REQUEST		T20_Home	1683038867742	1683038868304	KO	status.find.in([200, 209], 304), found 404
REQUEST		T20_Home	1683038867771	1683038868304	KO	status.find.in([200, 209], 304), found 404
REQUEST		T20_Home	1683038867807	1683038868305	KO	status.find.in([200, 209], 304), found 404
REQUEST		T20_Home	1683038867785	1683038868305	KO	status.find.in([200, 209], 304), found 404
REQUEST		T20_Home	1683038867809	1683038868307	KO	status.find.in([200, 209], 304), found 404
REQUEST		T20_Home	1683038867941	1683038868307	KO	status.find.in([200, 209], 304), found 404
REQUEST		T20_Home	1683038867994	1683038868309	KO	status.find.in([200, 209], 304), found 404
REQUEST		T10_Home	1683038865062	1683038868310	OK	 
REQUEST		T20_Home	1683038867993	1683038868311	KO	status.find.in([200, 209], 304), found 404
REQUEST		T10_Home	1683038864681	1683038868311	OK	 
REQUEST		T10_Home	1683038864697	1683038868312	OK	 
REQUEST		T10_Home	1683038864945	1683038868312	OK	 
REQUEST		T20_Home	1683038867993	1683038868313	KO	status.find.in([200, 209], 304), found 404
REQUEST		T10_Home	1683038864821	1683038868313	OK	 
REQUEST		T20_Home	1683038867712	1683038868314	KO	status.find.in([200, 209], 304), found 404
REQUEST		T20_Home	1683038867754	1683038868314	KO	status.find.in([200, 209], 304), found 404
REQUEST		T20_Home	1683038867938	1683038868314	KO	status.find.in([200, 209], 304), found 404
REQUEST		T20_Home	1683038867721	1683038868315	KO	status.find.in([200, 209], 304), found 404
REQUEST		T20_Home	1683038867735	1683038868316	KO	status.find.in([200, 209], 304), found 404
USER	MultipleRequests	END	1683038868316
USER	MultipleRequests	END	1683038868316
USER	MultipleRequests	END	1683038868316
USER	MultipleRequests	END	1683038868316
USER	MultipleRequests	END	1683038868316
USER	MultipleRequests	END	1683038868316
USER	MultipleRequests	END	1683038868316
USER	MultipleRequests	END	1683038868316
USER	MultipleRequests	END	1683038868316
USER	MultipleRequests	END	1683038868316
USER	MultipleRequests	END	1683038868316
USER	MultipleRequests	END	1683038868316
USER	MultipleRequests	END	1683038868316
USER	MultipleRequests	END	1683038868316
USER	MultipleRequests	END	1683038868317
USER	MultipleRequests	END	1683038868317
USER	MultipleRequests	END	1683038868317
REQUEST		T20_Home	1683038867780	1683038868317	KO	status.find.in([200, 209], 304), found 404
USER	MultipleRequests	END	1683038868319
REQUEST		T10_Home	1683038864609	1683038868320	OK	 
REQUEST		T10_Home	1683038864925	1683038868320	OK	 
REQUEST		T20_Home	1683038867775	1683038868321	KO	status.find.in([200, 209], 304), found 404
USER	MultipleRequests	END	1683038868322
REQUEST		T20_Home	1683038868037	1683038868407	KO	status.find.in([200, 209], 304), found 404
REQUEST		T20_Home	1683038868102	1683038868407	KO	status.find.in([200, 209], 304), found 404
REQUEST		T20_Home	1683038868032	1683038868407	KO	status.find.in([200, 209], 304), found 404
REQUEST		T20_Home	1683038868046	1683038868406	KO	status.find.in([200, 209], 304), found 404
REQUEST		T20_Home	1683038868021	1683038868409	KO	status.find.in([200, 209], 304), found 404
REQUEST		T20_Home	1683038868065	1683038868410	KO	status.find.in([200, 209], 304), found 404
REQUEST		T20_Home	1683038868018	1683038868412	KO	status.find.in([200, 209], 304), found 404
REQUEST		T20_Home	1683038868077	1683038868414	KO	status.find.in([200, 209], 304), found 404
REQUEST		T20_Home	1683038868033	1683038868415	KO	status.find.in([200, 209], 304), found 404
REQUEST		T20_Home	1683038868037	1683038868418	KO	status.find.in([200, 209], 304), found 404
REQUEST		T20_Home	1683038868040	1683038868418	KO	status.find.in([200, 209], 304), found 404
REQUEST		T10_Home	1683038864771	1683038868418	OK	 
REQUEST		T20_Home	1683038868085	1683038868421	KO	status.find.in([200, 209], 304), found 404
REQUEST		T20_Home	1683038868095	1683038868421	KO	status.find.in([200, 209], 304), found 404
REQUEST		T20_Home	1683038868033	1683038868422	KO	status.find.in([200, 209], 304), found 404
REQUEST		T20_Home	1683038868080	1683038868423	KO	status.find.in([200, 209], 304), found 404
REQUEST		T20_Home	1683038868077	1683038868423	KO	status.find.in([200, 209], 304), found 404
REQUEST		T20_Home	1683038868095	1683038868424	KO	status.find.in([200, 209], 304), found 404
REQUEST		T20_Home	1683038868047	1683038868425	KO	status.find.in([200, 209], 304), found 404
REQUEST		T20_Home	1683038868034	1683038868427	KO	status.find.in([200, 209], 304), found 404
REQUEST		T20_Home	1683038868083	1683038868427	KO	status.find.in([200, 209], 304), found 404
REQUEST		T20_Home	1683038868094	1683038868427	KO	status.find.in([200, 209], 304), found 404
REQUEST		T10_Home	1683038865064	1683038868429	OK	 
REQUEST		T20_Home	1683038868081	1683038868429	KO	status.find.in([200, 209], 304), found 404
REQUEST		T20_Home	1683038868016	1683038868430	KO	status.find.in([200, 209], 304), found 404
REQUEST		T20_Home	1683038868087	1683038868431	KO	status.find.in([200, 209], 304), found 404
REQUEST		T20_Home	1683038868089	1683038868431	KO	status.find.in([200, 209], 304), found 404
REQUEST		T20_Home	1683038868022	1683038868432	KO	status.find.in([200, 209], 304), found 404
REQUEST		T20_Home	1683038868031	1683038868433	KO	status.find.in([200, 209], 304), found 404
REQUEST		T20_Home	1683038868093	1683038868433	KO	status.find.in([200, 209], 304), found 404
REQUEST		T20_Home	1683038868041	1683038868435	KO	status.find.in([200, 209], 304), found 404
REQUEST		T20_Home	1683038868087	1683038868435	KO	status.find.in([200, 209], 304), found 404
REQUEST		T20_Home	1683038868088	1683038868435	KO	status.find.in([200, 209], 304), found 404
REQUEST		T20_Home	1683038868090	1683038868437	KO	status.find.in([200, 209], 304), found 404
REQUEST		T20_Home	1683038868038	1683038868438	KO	status.find.in([200, 209], 304), found 404
REQUEST		T20_Home	1683038868035	1683038868437	KO	status.find.in([200, 209], 304), found 404
REQUEST		T20_Home	1683038868078	1683038868440	KO	status.find.in([200, 209], 304), found 404
REQUEST		T20_Home	1683038868037	1683038868440	KO	status.find.in([200, 209], 304), found 404
REQUEST		T20_Home	1683038868078	1683038868441	KO	status.find.in([200, 209], 304), found 404
REQUEST		T20_Home	1683038868041	1683038868441	KO	status.find.in([200, 209], 304), found 404
REQUEST		T20_Home	1683038868093	1683038868443	KO	status.find.in([200, 209], 304), found 404
REQUEST		T20_Home	1683038868095	1683038868443	KO	status.find.in([200, 209], 304), found 404
REQUEST		T20_Home	1683038868080	1683038868443	KO	status.find.in([200, 209], 304), found 404
REQUEST		T20_Home	1683038868016	1683038868444	KO	status.find.in([200, 209], 304), found 404
REQUEST		T20_Home	1683038868045	1683038868445	KO	status.find.in([200, 209], 304), found 404
REQUEST		T20_Home	1683038868026	1683038868445	KO	status.find.in([200, 209], 304), found 404
REQUEST		T20_Home	1683038868097	1683038868447	KO	status.find.in([200, 209], 304), found 404
REQUEST		T20_Home	1683038868026	1683038868447	KO	status.find.in([200, 209], 304), found 404
REQUEST		T20_Home	1683038868022	1683038868449	KO	status.find.in([200, 209], 304), found 404
REQUEST		T20_Home	1683038868094	1683038868451	KO	status.find.in([200, 209], 304), found 404
USER	MultipleRequests	END	1683038868413
USER	MultipleRequests	END	1683038868453
USER	MultipleRequests	END	1683038868453
USER	MultipleRequests	END	1683038868453
USER	MultipleRequests	END	1683038868454
USER	MultipleRequests	END	1683038868454
USER	MultipleRequests	END	1683038868454
USER	MultipleRequests	END	1683038868454
USER	MultipleRequests	END	1683038868454
USER	MultipleRequests	END	1683038868454
USER	MultipleRequests	END	1683038868454
USER	MultipleRequests	END	1683038868454
USER	MultipleRequests	END	1683038868454
USER	MultipleRequests	END	1683038868454
USER	MultipleRequests	END	1683038868454
USER	MultipleRequests	END	1683038868454
USER	MultipleRequests	END	1683038868454
USER	MultipleRequests	END	1683038868454
USER	MultipleRequests	END	1683038868454
USER	MultipleRequests	END	1683038868454
USER	MultipleRequests	END	1683038868454
USER	MultipleRequests	END	1683038868454
USER	MultipleRequests	END	1683038868454
USER	MultipleRequests	END	1683038868454
USER	MultipleRequests	END	1683038868454
USER	MultipleRequests	END	1683038868454
USER	MultipleRequests	END	1683038868454
USER	MultipleRequests	END	1683038868454
USER	MultipleRequests	END	1683038868455
USER	MultipleRequests	END	1683038868455
USER	MultipleRequests	END	1683038868455
USER	MultipleRequests	END	1683038868455
USER	MultipleRequests	END	1683038868455
USER	MultipleRequests	END	1683038868455
USER	MultipleRequests	END	1683038868455
USER	MultipleRequests	END	1683038868455
USER	MultipleRequests	END	1683038868455
USER	MultipleRequests	END	1683038868455
USER	MultipleRequests	END	1683038868455
USER	MultipleRequests	END	1683038868455
USER	MultipleRequests	END	1683038868455
USER	MultipleRequests	END	1683038868455
USER	MultipleRequests	END	1683038868455
USER	MultipleRequests	END	1683038868455
USER	MultipleRequests	END	1683038868455
USER	MultipleRequests	END	1683038868455
USER	MultipleRequests	END	1683038868455
REQUEST		T20_Home	1683038868089	1683038868442	KO	status.find.in([200, 209], 304), found 404
REQUEST		T10_Home	1683038864695	1683038868466	OK	 
REQUEST		T20_Home	1683038868095	1683038868429	KO	status.find.in([200, 209], 304), found 404
REQUEST		T20_Home	1683038868067	1683038868468	KO	status.find.in([200, 209], 304), found 404
USER	MultipleRequests	END	1683038868470
USER	MultipleRequests	END	1683038868470
USER	MultipleRequests	END	1683038868470
USER	MultipleRequests	END	1683038868471
REQUEST		T20_Home	1683038868024	1683038868488	KO	status.find.in([200, 209], 304), found 404
REQUEST		T20_Home	1683038868121	1683038868489	KO	status.find.in([200, 209], 304), found 404
REQUEST		T20_Home	1683038868031	1683038868491	KO	status.find.in([200, 209], 304), found 404
REQUEST		T20_Home	1683038868043	1683038868492	KO	status.find.in([200, 209], 304), found 404
REQUEST		T20_Home	1683038868120	1683038868494	KO	status.find.in([200, 209], 304), found 404
REQUEST		T20_Home	1683038868034	1683038868494	KO	status.find.in([200, 209], 304), found 404
REQUEST		T20_Home	1683038868090	1683038868496	KO	status.find.in([200, 209], 304), found 404
REQUEST		T20_Home	1683038868091	1683038868496	KO	status.find.in([200, 209], 304), found 404
REQUEST		T20_Home	1683038868067	1683038868498	KO	status.find.in([200, 209], 304), found 404
REQUEST		T20_Home	1683038868024	1683038868499	KO	status.find.in([200, 209], 304), found 404
REQUEST		T20_Home	1683038868035	1683038868500	KO	status.find.in([200, 209], 304), found 404
REQUEST		T20_Home	1683038868038	1683038868503	KO	status.find.in([200, 209], 304), found 404
REQUEST		T20_Home	1683038868034	1683038868503	KO	status.find.in([200, 209], 304), found 404
REQUEST		T20_Home	1683038868224	1683038868503	KO	status.find.in([200, 209], 304), found 404
REQUEST		T20_Home	1683038868040	1683038868505	KO	status.find.in([200, 209], 304), found 404
USER	MultipleRequests	END	1683038868509
USER	MultipleRequests	END	1683038868509
USER	MultipleRequests	END	1683038868509
USER	MultipleRequests	END	1683038868510
USER	MultipleRequests	END	1683038868510
USER	MultipleRequests	END	1683038868510
USER	MultipleRequests	END	1683038868510
USER	MultipleRequests	END	1683038868510
USER	MultipleRequests	END	1683038868510
USER	MultipleRequests	END	1683038868510
USER	MultipleRequests	END	1683038868510
USER	MultipleRequests	END	1683038868510
USER	MultipleRequests	END	1683038868510
USER	MultipleRequests	END	1683038868510
USER	MultipleRequests	END	1683038868510
REQUEST		T20_Home	1683038868236	1683038868526	KO	status.find.in([200, 209], 304), found 404
USER	MultipleRequests	END	1683038868528
REQUEST		T20_Home	1683038868246	1683038868545	KO	status.find.in([200, 209], 304), found 404
USER	MultipleRequests	END	1683038868546
REQUEST		T20_Home	1683038868312	1683038868604	KO	status.find.in([200, 209], 304), found 404
REQUEST		T20_Home	1683038868320	1683038868604	KO	status.find.in([200, 209], 304), found 404
REQUEST		T20_Home	1683038868313	1683038868604	KO	status.find.in([200, 209], 304), found 404
REQUEST		T20_Home	1683038868313	1683038868606	KO	status.find.in([200, 209], 304), found 404
REQUEST		T20_Home	1683038868312	1683038868606	KO	status.find.in([200, 209], 304), found 404
REQUEST		T20_Home	1683038868311	1683038868609	KO	status.find.in([200, 209], 304), found 404
REQUEST		T20_Home	1683038868320	1683038868609	KO	status.find.in([200, 209], 304), found 404
USER	MultipleRequests	END	1683038868613
USER	MultipleRequests	END	1683038868613
USER	MultipleRequests	END	1683038868613
USER	MultipleRequests	END	1683038868613
USER	MultipleRequests	END	1683038868613
USER	MultipleRequests	END	1683038868613
USER	MultipleRequests	END	1683038868614
REQUEST		T20_Home	1683038868420	1683038868712	KO	status.find.in([200, 209], 304), found 404
USER	MultipleRequests	END	1683038868714
REQUEST		T20_Home	1683038868430	1683038868715	KO	status.find.in([200, 209], 304), found 404
USER	MultipleRequests	END	1683038868717
REQUEST		T20_Home	1683038868467	1683038868740	KO	status.find.in([200, 209], 304), found 404
USER	MultipleRequests	END	1683038868742
REQUEST		T20_Home	1683038868242	1683038868892	KO	status.find.in([200, 209], 304), found 404
USER	MultipleRequests	END	1683038868894
REQUEST		T20_Home	1683038868243	1683038868947	KO	status.find.in([200, 209], 304), found 404
USER	MultipleRequests	END	1683038868949
REQUEST		T20_Home	1683038868239	1683038869011	KO	status.find.in([200, 209], 304), found 404
USER	MultipleRequests	END	1683038869013
REQUEST		T20_Home	1683038868242	1683038869014	KO	status.find.in([200, 209], 304), found 404
USER	MultipleRequests	END	1683038869017
REQUEST		T20_Home	1683038868240	1683038869071	KO	status.find.in([200, 209], 304), found 404
REQUEST		T20_Home	1683038868243	1683038869072	KO	status.find.in([200, 209], 304), found 404
USER	MultipleRequests	END	1683038869074
USER	MultipleRequests	END	1683038869074
REQUEST		T20_Home	1683038868245	1683038869107	KO	status.find.in([200, 209], 304), found 404
USER	MultipleRequests	END	1683038869109
REQUEST		T20_Home	1683038868247	1683038869150	KO	status.find.in([200, 209], 304), found 404
USER	MultipleRequests	END	1683038869152
REQUEST		T20_Home	1683038868251	1683038869153	KO	status.find.in([200, 209], 304), found 404
USER	MultipleRequests	END	1683038869156
