RUN	botiqueClass.Boutiquee	boutiquee	1681466648992	testdata	3.9.0
USER	MultipleRequests	START	1681466650648
USER	Online Boutique Home Page	START	1681466650649
USER	Online Boutique Home Page	START	1681466650647
USER	MultipleRequests	START	1681466650648
USER	MultipleRequests	START	1681466650651
USER	Online Boutique Home Page	START	1681466650658
REQUEST		T10_Home	1681466650642	1681466651084	OK	 
REQUEST		T10_Home	1681466650642	1681466651138	OK	 
REQUEST		Too_Home	1681466650642	1681466651138	OK	 
REQUEST		Too_Home	1681466650642	1681466651144	OK	 
USER	Online Boutique Home Page	END	1681466651145
USER	Online Boutique Home Page	END	1681466651146
REQUEST		T10_Home	1681466650643	1681466651149	OK	 
REQUEST		Too_Home	1681466650642	1681466651214	OK	 
USER	Online Boutique Home Page	END	1681466651218
REQUEST		T20_Home	1681466651131	1681466651404	KO	status.find.in([200, 209], 304), found 405
REQUEST		T20_Home	1681466651149	1681466651424	KO	status.find.in([200, 209], 304), found 405
REQUEST		T20_Home	1681466651139	1681466651424	KO	status.find.in([200, 209], 304), found 405
USER	MultipleRequests	END	1681466654432
USER	MultipleRequests	END	1681466654432
USER	MultipleRequests	END	1681466654434
