RUN	botiqueClass.Boutiquee	boutiquee	1681805425146	test	3.9.0
USER	MultipleRequests	START	1681805426704
USER	MultipleRequests	START	1681805426704
USER	Online Boutique Home Page	START	1681805426704
USER	Online Boutique Home Page	START	1681805426704
USER	Online Boutique Home Page	START	1681805426706
USER	MultipleRequests	START	1681805426704
USER	Online Boutique Home Page	START	1681805426704
USER	Online Boutique Home Page	START	1681805426704
USER	MultipleRequests	START	1681805426706
USER	MultipleRequests	START	1681805426708
REQUEST		T10_Home	1681805426700	1681805427153	OK	 
REQUEST		T10_Home	1681805426700	1681805427241	OK	 
REQUEST		T10_Home	1681805426707	1681805427255	OK	 
REQUEST		T10_Home	1681805426706	1681805427260	OK	 
REQUEST		T10_Home	1681805426701	1681805427265	OK	 
REQUEST		To_Home	1681805426700	1681805427261	OK	 
REQUEST		To_Home	1681805426701	1681805427262	OK	 
REQUEST		To_Home	1681805426701	1681805427272	OK	 
REQUEST		To_Home	1681805426701	1681805427272	OK	 
USER	Online Boutique Home Page	END	1681805427280
USER	Online Boutique Home Page	END	1681805427281
USER	Online Boutique Home Page	END	1681805427281
USER	Online Boutique Home Page	END	1681805427281
REQUEST		To_Home	1681805426701	1681805427321	OK	 
USER	Online Boutique Home Page	END	1681805427323
REQUEST		T20_Home	1681805427174	1681805427454	KO	status.find.in([200, 209], 304), found 404
USER	MultipleRequests	END	1681805427457
REQUEST		T20_Home	1681805427242	1681805427548	KO	status.find.in([200, 209], 304), found 404
REQUEST		T20_Home	1681805427266	1681805427551	KO	status.find.in([200, 209], 304), found 404
REQUEST		T20_Home	1681805427262	1681805427551	KO	status.find.in([200, 209], 304), found 404
REQUEST		T20_Home	1681805427256	1681805427553	KO	status.find.in([200, 209], 304), found 404
USER	MultipleRequests	END	1681805427556
USER	MultipleRequests	END	1681805427556
USER	MultipleRequests	END	1681805427556
USER	MultipleRequests	END	1681805427557
