RUN	botiqueClass.Boutiquee	boutiquee	1681804845290	test	3.9.0
USER	Online Boutique Home Page	START	1681804847066
USER	Online Boutique Home Page	START	1681804847067
USER	MultipleRequests	START	1681804847067
USER	MultipleRequests	START	1681804847066
USER	MultipleRequests	START	1681804847066
USER	Online Boutique Home Page	START	1681804847067
USER	MultipleRequests	START	1681804847069
USER	Online Boutique Home Page	START	1681804847067
USER	Online Boutique Home Page	START	1681804847066
USER	MultipleRequests	START	1681804847077
REQUEST		T10_Home	1681804847062	1681804847529	OK	 
REQUEST		T10_Home	1681804847062	1681804847549	OK	 
REQUEST		T10_Home	1681804847062	1681804847544	OK	 
REQUEST		T10_Home	1681804847076	1681804847621	OK	 
REQUEST		T10_Home	1681804847068	1681804847621	OK	 
REQUEST		To_Home	1681804847062	1681804847635	KO	responseTimeInMillis.find.lessThanOrEqual(100), 573 is not less than or equal to 100
REQUEST		To_Home	1681804847062	1681804847635	KO	responseTimeInMillis.find.lessThanOrEqual(100), 573 is not less than or equal to 100
REQUEST		To_Home	1681804847062	1681804847636	KO	responseTimeInMillis.find.lessThanOrEqual(100), 574 is not less than or equal to 100
USER	Online Boutique Home Page	END	1681804847647
USER	Online Boutique Home Page	END	1681804847647
USER	Online Boutique Home Page	END	1681804847647
REQUEST		To_Home	1681804847062	1681804847722	KO	responseTimeInMillis.find.lessThanOrEqual(100), 660 is not less than or equal to 100
REQUEST		To_Home	1681804847062	1681804847725	KO	responseTimeInMillis.find.lessThanOrEqual(100), 663 is not less than or equal to 100
USER	Online Boutique Home Page	END	1681804847727
USER	Online Boutique Home Page	END	1681804847727
REQUEST		T20_Home	1681804847600	1681804847872	KO	status.find.in([200, 209], 304), found 404
REQUEST		T20_Home	1681804847600	1681804847872	KO	status.find.in([200, 209], 304), found 404
USER	MultipleRequests	END	1681804847874
USER	MultipleRequests	END	1681804847875
REQUEST		T20_Home	1681804847600	1681804847879	KO	status.find.in([200, 209], 304), found 404
USER	MultipleRequests	END	1681804847880
REQUEST		T20_Home	1681804847621	1681804847894	KO	status.find.in([200, 209], 304), found 404
USER	MultipleRequests	END	1681804847897
REQUEST		T20_Home	1681804847621	1681804847903	KO	status.find.in([200, 209], 304), found 404
USER	MultipleRequests	END	1681804847906
