RUN	botiqueClass.Boutiquee	boutiquee	1682421469703	test	3.9.0
USER	MultipleRequests	START	1682421471353
USER	MultipleRequests	START	1682421471352
USER	MultipleRequests	START	1682421471356
USER	MultipleRequests	START	1682421471353
USER	MultipleRequests	START	1682421471357
USER	MultipleRequests	START	1682421471358
USER	MultipleRequests	START	1682421471358
USER	MultipleRequests	START	1682421471359
USER	MultipleRequests	START	1682421471359
USER	MultipleRequests	START	1682421471359
USER	MultipleRequests	START	1682421471360
USER	MultipleRequests	START	1682421471364
USER	MultipleRequests	START	1682421471360
USER	MultipleRequests	START	1682421471368
USER	MultipleRequests	START	1682421471370
USER	MultipleRequests	START	1682421471372
USER	MultipleRequests	START	1682421471366
USER	MultipleRequests	START	1682421471374
USER	MultipleRequests	START	1682421471376
USER	MultipleRequests	START	1682421471383
USER	MultipleRequests	START	1682421471385
USER	MultipleRequests	START	1682421471385
USER	MultipleRequests	START	1682421471387
USER	MultipleRequests	START	1682421471389
USER	MultipleRequests	START	1682421471390
USER	MultipleRequests	START	1682421471392
USER	MultipleRequests	START	1682421471392
USER	MultipleRequests	START	1682421471394
USER	MultipleRequests	START	1682421471396
USER	MultipleRequests	START	1682421471396
USER	MultipleRequests	START	1682421471398
USER	MultipleRequests	START	1682421471400
USER	MultipleRequests	START	1682421471403
USER	MultipleRequests	START	1682421471406
USER	MultipleRequests	START	1682421471413
USER	MultipleRequests	START	1682421471421
USER	MultipleRequests	START	1682421471423
USER	MultipleRequests	START	1682421471425
USER	MultipleRequests	START	1682421471360
USER	MultipleRequests	START	1682421471430
USER	MultipleRequests	START	1682421471433
USER	MultipleRequests	START	1682421471435
USER	MultipleRequests	START	1682421471439
USER	MultipleRequests	START	1682421471444
USER	MultipleRequests	START	1682421471442
USER	MultipleRequests	START	1682421471449
USER	MultipleRequests	START	1682421471450
USER	MultipleRequests	START	1682421471452
USER	MultipleRequests	START	1682421471454
USER	MultipleRequests	START	1682421471456
USER	MultipleRequests	START	1682421471458
USER	MultipleRequests	START	1682421471460
USER	MultipleRequests	START	1682421471462
USER	MultipleRequests	START	1682421471465
USER	MultipleRequests	START	1682421471466
USER	MultipleRequests	START	1682421471468
USER	MultipleRequests	START	1682421471470
USER	MultipleRequests	START	1682421471472
USER	MultipleRequests	START	1682421471471
USER	MultipleRequests	START	1682421471475
USER	MultipleRequests	START	1682421471479
USER	MultipleRequests	START	1682421471481
USER	MultipleRequests	START	1682421471485
USER	MultipleRequests	START	1682421471503
USER	MultipleRequests	START	1682421471508
USER	MultipleRequests	START	1682421471515
USER	MultipleRequests	START	1682421471515
USER	MultipleRequests	START	1682421471515
USER	MultipleRequests	START	1682421471517
USER	MultipleRequests	START	1682421471517
USER	MultipleRequests	START	1682421471518
USER	MultipleRequests	START	1682421471518
USER	MultipleRequests	START	1682421471520
USER	MultipleRequests	START	1682421471520
USER	MultipleRequests	START	1682421471521
USER	MultipleRequests	START	1682421471521
USER	MultipleRequests	START	1682421471522
USER	MultipleRequests	START	1682421471522
USER	MultipleRequests	START	1682421471524
USER	MultipleRequests	START	1682421471525
USER	MultipleRequests	START	1682421471525
USER	MultipleRequests	START	1682421471527
USER	MultipleRequests	START	1682421471527
USER	MultipleRequests	START	1682421471529
USER	MultipleRequests	START	1682421471529
USER	MultipleRequests	START	1682421471531
USER	MultipleRequests	START	1682421471532
USER	MultipleRequests	START	1682421471534
USER	MultipleRequests	START	1682421471536
USER	MultipleRequests	START	1682421471538
USER	MultipleRequests	START	1682421471552
USER	MultipleRequests	START	1682421471553
USER	MultipleRequests	START	1682421471553
USER	MultipleRequests	START	1682421471555
USER	MultipleRequests	START	1682421471555
USER	MultipleRequests	START	1682421471556
USER	MultipleRequests	START	1682421471557
USER	MultipleRequests	START	1682421471558
USER	MultipleRequests	START	1682421471559
USER	MultipleRequests	START	1682421471556
USER	MultipleRequests	START	1682421471560
USER	MultipleRequests	START	1682421471560
USER	MultipleRequests	START	1682421471560
USER	MultipleRequests	START	1682421471561
USER	MultipleRequests	START	1682421471562
USER	MultipleRequests	START	1682421471564
USER	MultipleRequests	START	1682421471566
USER	MultipleRequests	START	1682421471567
USER	MultipleRequests	START	1682421471571
USER	MultipleRequests	START	1682421471573
USER	MultipleRequests	START	1682421471574
USER	MultipleRequests	START	1682421471576
USER	MultipleRequests	START	1682421471579
USER	MultipleRequests	START	1682421471581
USER	MultipleRequests	START	1682421471583
USER	MultipleRequests	START	1682421471584
USER	MultipleRequests	START	1682421471585
USER	MultipleRequests	START	1682421471586
USER	MultipleRequests	START	1682421471588
USER	MultipleRequests	START	1682421471590
USER	MultipleRequests	START	1682421471590
USER	MultipleRequests	START	1682421471591
USER	MultipleRequests	START	1682421471591
USER	MultipleRequests	START	1682421471592
USER	MultipleRequests	START	1682421471592
USER	MultipleRequests	START	1682421471590
USER	MultipleRequests	START	1682421471594
USER	MultipleRequests	START	1682421471594
USER	MultipleRequests	START	1682421471596
USER	MultipleRequests	START	1682421471598
USER	MultipleRequests	START	1682421471599
USER	MultipleRequests	START	1682421471601
USER	MultipleRequests	START	1682421471602
USER	MultipleRequests	START	1682421471597
USER	MultipleRequests	START	1682421471604
USER	MultipleRequests	START	1682421471606
USER	MultipleRequests	START	1682421471617
USER	MultipleRequests	START	1682421471622
USER	MultipleRequests	START	1682421471624
USER	MultipleRequests	START	1682421471628
USER	MultipleRequests	START	1682421471630
USER	MultipleRequests	START	1682421471631
USER	MultipleRequests	START	1682421471637
USER	MultipleRequests	START	1682421471641
USER	MultipleRequests	START	1682421471642
USER	MultipleRequests	START	1682421471644
USER	MultipleRequests	START	1682421471648
USER	MultipleRequests	START	1682421471650
USER	MultipleRequests	START	1682421471652
USER	MultipleRequests	START	1682421471656
USER	MultipleRequests	START	1682421471646
USER	MultipleRequests	START	1682421471660
USER	MultipleRequests	START	1682421471660
USER	MultipleRequests	START	1682421471661
USER	MultipleRequests	START	1682421471668
USER	MultipleRequests	START	1682421471694
USER	MultipleRequests	START	1682421471615
USER	MultipleRequests	START	1682421471717
USER	MultipleRequests	START	1682421471718
USER	MultipleRequests	START	1682421471719
USER	MultipleRequests	START	1682421471721
USER	MultipleRequests	START	1682421471722
USER	MultipleRequests	START	1682421471723
USER	MultipleRequests	START	1682421471724
USER	MultipleRequests	START	1682421471724
USER	MultipleRequests	START	1682421471726
USER	MultipleRequests	START	1682421471726
USER	MultipleRequests	START	1682421471728
USER	MultipleRequests	START	1682421471729
USER	MultipleRequests	START	1682421471731
USER	MultipleRequests	START	1682421471731
USER	MultipleRequests	START	1682421471732
USER	MultipleRequests	START	1682421471732
USER	MultipleRequests	START	1682421471733
USER	MultipleRequests	START	1682421471733
USER	MultipleRequests	START	1682421471734
USER	MultipleRequests	START	1682421471734
USER	MultipleRequests	START	1682421471736
USER	MultipleRequests	START	1682421471736
USER	MultipleRequests	START	1682421471737
USER	MultipleRequests	START	1682421471737
USER	MultipleRequests	START	1682421471738
USER	MultipleRequests	START	1682421471739
USER	MultipleRequests	START	1682421471739
USER	MultipleRequests	START	1682421471740
USER	MultipleRequests	START	1682421471741
USER	MultipleRequests	START	1682421471742
USER	MultipleRequests	START	1682421471743
USER	MultipleRequests	START	1682421471744
USER	MultipleRequests	START	1682421471746
USER	MultipleRequests	START	1682421471747
USER	MultipleRequests	START	1682421471749
USER	MultipleRequests	START	1682421471750
USER	MultipleRequests	START	1682421471751
USER	MultipleRequests	START	1682421471753
USER	MultipleRequests	START	1682421471754
USER	MultipleRequests	START	1682421471756
USER	MultipleRequests	START	1682421471757
USER	MultipleRequests	START	1682421471759
USER	MultipleRequests	START	1682421471760
USER	MultipleRequests	START	1682421471763
USER	MultipleRequests	START	1682421471765
USER	MultipleRequests	START	1682421471766
USER	MultipleRequests	START	1682421471767
USER	MultipleRequests	START	1682421471764
USER	MultipleRequests	START	1682421471768
USER	MultipleRequests	START	1682421471770
USER	MultipleRequests	START	1682421471770
USER	MultipleRequests	START	1682421471771
USER	MultipleRequests	START	1682421471772
USER	MultipleRequests	START	1682421471772
USER	MultipleRequests	START	1682421471773
USER	MultipleRequests	START	1682421471775
USER	MultipleRequests	START	1682421471776
USER	MultipleRequests	START	1682421471777
USER	MultipleRequests	START	1682421471778
USER	MultipleRequests	START	1682421471780
USER	MultipleRequests	START	1682421471780
USER	MultipleRequests	START	1682421471782
USER	MultipleRequests	START	1682421471782
USER	MultipleRequests	START	1682421471784
USER	MultipleRequests	START	1682421471784
USER	MultipleRequests	START	1682421471785
USER	MultipleRequests	START	1682421471786
USER	MultipleRequests	START	1682421471787
USER	MultipleRequests	START	1682421471789
USER	MultipleRequests	START	1682421471790
USER	MultipleRequests	START	1682421471791
USER	MultipleRequests	START	1682421471793
USER	MultipleRequests	START	1682421471794
USER	MultipleRequests	START	1682421471796
USER	MultipleRequests	START	1682421471800
USER	MultipleRequests	START	1682421471801
USER	MultipleRequests	START	1682421471802
USER	MultipleRequests	START	1682421471804
USER	MultipleRequests	START	1682421471805
USER	MultipleRequests	START	1682421471806
USER	MultipleRequests	START	1682421471807
USER	MultipleRequests	START	1682421471807
USER	MultipleRequests	START	1682421471810
USER	MultipleRequests	START	1682421471813
USER	MultipleRequests	START	1682421471815
USER	MultipleRequests	START	1682421471816
USER	MultipleRequests	START	1682421471818
USER	MultipleRequests	START	1682421471833
USER	MultipleRequests	START	1682421471836
USER	MultipleRequests	START	1682421471873
USER	MultipleRequests	START	1682421471875
USER	MultipleRequests	START	1682421471876
USER	MultipleRequests	START	1682421471877
REQUEST		T10_Home	1682421471357	1682421472266	OK	 
REQUEST		T10_Home	1682421471356	1682421472363	OK	 
REQUEST		T10_Home	1682421471360	1682421472367	OK	 
REQUEST		T10_Home	1682421471342	1682421472372	OK	 
REQUEST		T10_Home	1682421471361	1682421472374	OK	 
REQUEST		T10_Home	1682421471365	1682421472375	OK	 
REQUEST		T10_Home	1682421471358	1682421472386	OK	 
REQUEST		T10_Home	1682421471391	1682421472513	OK	 
REQUEST		T10_Home	1682421471387	1682421472521	OK	 
REQUEST		T10_Home	1682421471397	1682421472609	OK	 
REQUEST		T10_Home	1682421471395	1682421472613	OK	 
REQUEST		T10_Home	1682421471341	1682421472629	OK	 
REQUEST		T20_Home	1682421472370	1682421472704	KO	status.find.in([200, 209], 304), found 404
USER	MultipleRequests	END	1682421472723
REQUEST		T20_Home	1682421472632	1682421473046	KO	status.find.in([200, 209], 304), found 404
REQUEST		T10_Home	1682421471410	1682421473048	OK	 
REQUEST		T10_Home	1682421471375	1682421473052	OK	 
REQUEST		T10_Home	1682421471384	1682421473053	OK	 
USER	MultipleRequests	END	1682421473057
REQUEST		T10_Home	1682421471393	1682421473056	OK	 
REQUEST		T10_Home	1682421471399	1682421473059	OK	 
REQUEST		T20_Home	1682421472374	1682421473304	KO	status.find.in([200, 209], 304), found 404
USER	MultipleRequests	END	1682421473307
REQUEST		T20_Home	1682421472364	1682421473311	KO	status.find.in([200, 209], 304), found 404
USER	MultipleRequests	END	1682421473317
REQUEST		T20_Home	1682421472612	1682421473316	KO	status.find.in([200, 209], 304), found 404
REQUEST		T10_Home	1682421471357	1682421473318	OK	 
USER	MultipleRequests	END	1682421473320
REQUEST		T10_Home	1682421471371	1682421473323	OK	 
REQUEST		T20_Home	1682421472515	1682421473401	KO	status.find.in([200, 209], 304), found 404
USER	MultipleRequests	END	1682421473420
REQUEST		T20_Home	1682421473055	1682421473471	KO	status.find.in([200, 209], 304), found 404
REQUEST		T10_Home	1682421471377	1682421473475	OK	 
REQUEST		T10_Home	1682421471525	1682421473477	OK	 
REQUEST		T10_Home	1682421471514	1682421473480	OK	 
REQUEST		T10_Home	1682421471525	1682421473481	OK	 
REQUEST		T10_Home	1682421471517	1682421473484	OK	 
REQUEST		T10_Home	1682421471442	1682421473486	OK	 
REQUEST		T10_Home	1682421471424	1682421473490	OK	 
REQUEST		T10_Home	1682421471437	1682421473491	OK	 
REQUEST		T10_Home	1682421471369	1682421473489	OK	 
REQUEST		T10_Home	1682421471386	1682421473497	OK	 
USER	MultipleRequests	END	1682421473501
REQUEST		T20_Home	1682421473051	1682421473507	KO	status.find.in([200, 209], 304), found 404
REQUEST		T10_Home	1682421471422	1682421473510	OK	 
REQUEST		T20_Home	1682421472376	1682421473512	KO	status.find.in([200, 209], 304), found 404
REQUEST		T10_Home	1682421471356	1682421473518	OK	 
REQUEST		T20_Home	1682421472388	1682421473517	KO	status.find.in([200, 209], 304), found 404
REQUEST		T10_Home	1682421471464	1682421473521	OK	 
REQUEST		T10_Home	1682421471414	1682421473522	OK	 
REQUEST		T10_Home	1682421471341	1682421473524	OK	 
REQUEST		T10_Home	1682421471520	1682421473529	OK	 
USER	MultipleRequests	END	1682421473529
USER	MultipleRequests	END	1682421473530
USER	MultipleRequests	END	1682421473530
REQUEST		T20_Home	1682421472523	1682421473531	KO	status.find.in([200, 209], 304), found 404
REQUEST		T20_Home	1682421473054	1682421473532	KO	status.find.in([200, 209], 304), found 404
REQUEST		T10_Home	1682421471522	1682421473535	OK	 
REQUEST		T10_Home	1682421471534	1682421473537	OK	 
REQUEST		T10_Home	1682421471390	1682421473538	OK	 
USER	MultipleRequests	END	1682421473541
REQUEST		T20_Home	1682421472353	1682421473540	KO	status.find.in([200, 209], 304), found 404
USER	MultipleRequests	END	1682421473541
REQUEST		T10_Home	1682421471367	1682421473541	OK	 
REQUEST		T10_Home	1682421471517	1682421473543	OK	 
REQUEST		T10_Home	1682421471358	1682421473544	OK	 
REQUEST		T10_Home	1682421471450	1682421473547	OK	 
USER	MultipleRequests	END	1682421473547
REQUEST		T10_Home	1682421471528	1682421473548	OK	 
REQUEST		T10_Home	1682421471455	1682421473550	OK	 
REQUEST		T20_Home	1682421473058	1682421473550	KO	status.find.in([200, 209], 304), found 404
USER	MultipleRequests	END	1682421473552
REQUEST		T20_Home	1682421472615	1682421473552	KO	status.find.in([200, 209], 304), found 404
USER	MultipleRequests	END	1682421473554
REQUEST		T20_Home	1682421472373	1682421473605	KO	status.find.in([200, 209], 304), found 404
USER	MultipleRequests	END	1682421473607
REQUEST		T20_Home	1682421473061	1682421473609	KO	status.find.in([200, 209], 304), found 404
USER	MultipleRequests	END	1682421473611
REQUEST		T10_Home	1682421471516	1682421473637	OK	 
REQUEST		T10_Home	1682421471395	1682421473638	OK	 
REQUEST		T10_Home	1682421471522	1682421473640	OK	 
REQUEST		T10_Home	1682421471457	1682421473640	OK	 
REQUEST		T10_Home	1682421471399	1682421473640	OK	 
REQUEST		T10_Home	1682421471520	1682421473642	OK	 
REQUEST		T10_Home	1682421471535	1682421473644	OK	 
REQUEST		T10_Home	1682421471388	1682421473644	OK	 
REQUEST		T10_Home	1682421471526	1682421473646	OK	 
REQUEST		T10_Home	1682421471384	1682421473646	OK	 
REQUEST		T10_Home	1682421471519	1682421473648	OK	 
REQUEST		T10_Home	1682421471373	1682421473648	OK	 
REQUEST		T10_Home	1682421471531	1682421473649	OK	 
REQUEST		T10_Home	1682421471453	1682421473650	OK	 
REQUEST		T10_Home	1682421471537	1682421473653	OK	 
REQUEST		T10_Home	1682421471523	1682421473709	OK	 
REQUEST		T10_Home	1682421471553	1682421473713	OK	 
REQUEST		T10_Home	1682421471556	1682421473717	OK	 
REQUEST		T20_Home	1682421473482	1682421473822	KO	status.find.in([200, 209], 304), found 404
USER	MultipleRequests	END	1682421473825
REQUEST		T20_Home	1682421473325	1682421473849	KO	status.find.in([200, 209], 304), found 404
REQUEST		T20_Home	1682421473512	1682421473849	KO	status.find.in([200, 209], 304), found 404
USER	MultipleRequests	END	1682421473852
USER	MultipleRequests	END	1682421473852
REQUEST		T20_Home	1682421473320	1682421473880	KO	status.find.in([200, 209], 304), found 404
REQUEST		T20_Home	1682421473478	1682421473880	KO	status.find.in([200, 209], 304), found 404
USER	MultipleRequests	END	1682421473883
USER	MultipleRequests	END	1682421473883
REQUEST		T20_Home	1682421473483	1682421473884	KO	status.find.in([200, 209], 304), found 404
USER	MultipleRequests	END	1682421473886
REQUEST		T10_Home	1682421471405	1682421473895	OK	 
REQUEST		T20_Home	1682421473522	1682421473897	KO	status.find.in([200, 209], 304), found 404
REQUEST		T20_Home	1682421473477	1682421473895	KO	status.find.in([200, 209], 304), found 404
REQUEST		T10_Home	1682421471448	1682421473902	OK	 
REQUEST		T20_Home	1682421473496	1682421473909	KO	status.find.in([200, 209], 304), found 404
REQUEST		T10_Home	1682421471532	1682421473910	OK	 
REQUEST		T10_Home	1682421471402	1682421473913	OK	 
REQUEST		T10_Home	1682421471624	1682421473914	OK	 
REQUEST		T10_Home	1682421471360	1682421473917	OK	 
REQUEST		T20_Home	1682421473526	1682421473918	KO	status.find.in([200, 209], 304), found 404
REQUEST		T20_Home	1682421473548	1682421473921	KO	status.find.in([200, 209], 304), found 404
REQUEST		T20_Home	1682421473530	1682421473921	KO	status.find.in([200, 209], 304), found 404
REQUEST		T20_Home	1682421473486	1682421473924	KO	status.find.in([200, 209], 304), found 404
REQUEST		T20_Home	1682421473488	1682421473924	KO	status.find.in([200, 209], 304), found 404
REQUEST		T20_Home	1682421473491	1682421473927	KO	status.find.in([200, 209], 304), found 404
REQUEST		T20_Home	1682421473549	1682421473932	KO	status.find.in([200, 209], 304), found 404
REQUEST		T20_Home	1682421473545	1682421473935	KO	status.find.in([200, 209], 304), found 404
REQUEST		T20_Home	1682421473519	1682421473936	KO	status.find.in([200, 209], 304), found 404
REQUEST		T20_Home	1682421473492	1682421473939	KO	status.find.in([200, 209], 304), found 404
REQUEST		T20_Home	1682421473539	1682421473942	KO	status.find.in([200, 209], 304), found 404
REQUEST		T10_Home	1682421471473	1682421473944	OK	 
REQUEST		T20_Home	1682421473525	1682421473945	KO	status.find.in([200, 209], 304), found 404
REQUEST		T20_Home	1682421473546	1682421473944	KO	status.find.in([200, 209], 304), found 404
REQUEST		T20_Home	1682421473551	1682421473947	KO	status.find.in([200, 209], 304), found 404
USER	MultipleRequests	END	1682421473949
USER	MultipleRequests	END	1682421473950
USER	MultipleRequests	END	1682421473950
USER	MultipleRequests	END	1682421473950
USER	MultipleRequests	END	1682421473950
USER	MultipleRequests	END	1682421473950
REQUEST		T10_Home	1682421471582	1682421473949	OK	 
USER	MultipleRequests	END	1682421473950
USER	MultipleRequests	END	1682421473950
USER	MultipleRequests	END	1682421473950
USER	MultipleRequests	END	1682421473950
USER	MultipleRequests	END	1682421473950
REQUEST		T10_Home	1682421471742	1682421473949	OK	 
REQUEST		T10_Home	1682421471570	1682421473954	OK	 
REQUEST		T10_Home	1682421471578	1682421473958	OK	 
REQUEST		T20_Home	1682421473540	1682421473961	KO	status.find.in([200, 209], 304), found 404
REQUEST		T20_Home	1682421473543	1682421473971	KO	status.find.in([200, 209], 304), found 404
USER	MultipleRequests	END	1682421473950
USER	MultipleRequests	END	1682421473975
USER	MultipleRequests	END	1682421473975
REQUEST		T20_Home	1682421473537	1682421473974	KO	status.find.in([200, 209], 304), found 404
USER	MultipleRequests	END	1682421473975
USER	MultipleRequests	END	1682421473975
USER	MultipleRequests	END	1682421473975
USER	MultipleRequests	END	1682421473975
USER	MultipleRequests	END	1682421473975
REQUEST		T10_Home	1682421471461	1682421473977	OK	 
REQUEST		T10_Home	1682421471528	1682421473977	OK	 
REQUEST		T20_Home	1682421473499	1682421473980	KO	status.find.in([200, 209], 304), found 404
USER	MultipleRequests	END	1682421473983
USER	MultipleRequests	END	1682421473983
REQUEST		T20_Home	1682421473649	1682421474044	KO	status.find.in([200, 209], 304), found 404
USER	MultipleRequests	END	1682421474045
REQUEST		T20_Home	1682421473718	1682421474047	KO	status.find.in([200, 209], 304), found 404
REQUEST		T20_Home	1682421473711	1682421474048	KO	status.find.in([200, 209], 304), found 404
USER	MultipleRequests	END	1682421474048
USER	MultipleRequests	END	1682421474049
REQUEST		T20_Home	1682421473643	1682421474077	KO	status.find.in([200, 209], 304), found 404
USER	MultipleRequests	END	1682421474079
REQUEST		T20_Home	1682421473641	1682421474079	KO	status.find.in([200, 209], 304), found 404
USER	MultipleRequests	END	1682421474081
REQUEST		T20_Home	1682421473654	1682421474095	KO	status.find.in([200, 209], 304), found 404
REQUEST		T20_Home	1682421473652	1682421474099	KO	status.find.in([200, 209], 304), found 404
REQUEST		T10_Home	1682421471585	1682421474099	OK	 
REQUEST		T20_Home	1682421473645	1682421474099	KO	status.find.in([200, 209], 304), found 404
REQUEST		T10_Home	1682421471600	1682421474102	OK	 
REQUEST		T20_Home	1682421473639	1682421474103	KO	status.find.in([200, 209], 304), found 404
REQUEST		T10_Home	1682421471476	1682421474104	OK	 
REQUEST		T20_Home	1682421473650	1682421474106	KO	status.find.in([200, 209], 304), found 404
REQUEST		T20_Home	1682421473645	1682421474099	KO	status.find.in([200, 209], 304), found 404
REQUEST		T10_Home	1682421471643	1682421474108	OK	 
REQUEST		T20_Home	1682421473647	1682421474108	KO	status.find.in([200, 209], 304), found 404
REQUEST		T20_Home	1682421473641	1682421474109	KO	status.find.in([200, 209], 304), found 404
REQUEST		T10_Home	1682421471459	1682421474107	OK	 
REQUEST		T20_Home	1682421473643	1682421474111	KO	status.find.in([200, 209], 304), found 404
REQUEST		T20_Home	1682421473715	1682421474112	KO	status.find.in([200, 209], 304), found 404
REQUEST		T20_Home	1682421473647	1682421474113	KO	status.find.in([200, 209], 304), found 404
REQUEST		T20_Home	1682421473649	1682421474115	KO	status.find.in([200, 209], 304), found 404
REQUEST		T10_Home	1682421471466	1682421474115	OK	 
REQUEST		T10_Home	1682421471505	1682421474098	OK	 
REQUEST		T20_Home	1682421473640	1682421474116	KO	status.find.in([200, 209], 304), found 404
REQUEST		T10_Home	1682421471467	1682421474117	OK	 
REQUEST		T10_Home	1682421471555	1682421474120	OK	 
REQUEST		T10_Home	1682421471435	1682421474122	OK	 
REQUEST		T10_Home	1682421471441	1682421474124	OK	 
USER	MultipleRequests	END	1682421474126
USER	MultipleRequests	END	1682421474126
USER	MultipleRequests	END	1682421474126
USER	MultipleRequests	END	1682421474126
USER	MultipleRequests	END	1682421474126
USER	MultipleRequests	END	1682421474126
USER	MultipleRequests	END	1682421474126
USER	MultipleRequests	END	1682421474126
REQUEST		T10_Home	1682421471359	1682421474125	OK	 
USER	MultipleRequests	END	1682421474126
USER	MultipleRequests	END	1682421474126
USER	MultipleRequests	END	1682421474126
USER	MultipleRequests	END	1682421474127
USER	MultipleRequests	END	1682421474127
REQUEST		T10_Home	1682421471342	1682421474127	OK	 
REQUEST		T10_Home	1682421471558	1682421474151	OK	 
REQUEST		T10_Home	1682421471584	1682421474151	OK	 
REQUEST		T10_Home	1682421471768	1682421474151	OK	 
REQUEST		T10_Home	1682421471599	1682421474152	OK	 
REQUEST		T10_Home	1682421471593	1682421474153	OK	 
REQUEST		T10_Home	1682421471564	1682421474153	OK	 
REQUEST		T10_Home	1682421471603	1682421474155	OK	 
REQUEST		T10_Home	1682421471554	1682421474155	OK	 
REQUEST		T10_Home	1682421471558	1682421474157	OK	 
REQUEST		T10_Home	1682421471560	1682421474159	OK	 
REQUEST		T10_Home	1682421471561	1682421474160	OK	 
REQUEST		T20_Home	1682421473904	1682421474241	KO	status.find.in([200, 209], 304), found 404
REQUEST		T20_Home	1682421473913	1682421474240	KO	status.find.in([200, 209], 304), found 404
REQUEST		T20_Home	1682421473916	1682421474243	KO	status.find.in([200, 209], 304), found 404
REQUEST		T20_Home	1682421473918	1682421474240	KO	status.find.in([200, 209], 304), found 404
USER	MultipleRequests	END	1682421474247
USER	MultipleRequests	END	1682421474248
USER	MultipleRequests	END	1682421474248
USER	MultipleRequests	END	1682421474248
REQUEST		T20_Home	1682421473914	1682421474247	KO	status.find.in([200, 209], 304), found 404
USER	MultipleRequests	END	1682421474249
REQUEST		T10_Home	1682421471572	1682421474285	OK	 
REQUEST		T10_Home	1682421471631	1682421474285	OK	 
REQUEST		T10_Home	1682421471553	1682421474287	OK	 
REQUEST		T10_Home	1682421471627	1682421474288	OK	 
REQUEST		T10_Home	1682421471629	1682421474290	OK	 
REQUEST		T10_Home	1682421471724	1682421474290	OK	 
REQUEST		T10_Home	1682421471449	1682421474292	OK	 
REQUEST		T10_Home	1682421471514	1682421474303	OK	 
REQUEST		T10_Home	1682421471605	1682421474321	OK	 
REQUEST		T10_Home	1682421471636	1682421474321	OK	 
REQUEST		T20_Home	1682421474106	1682421474409	KO	status.find.in([200, 209], 304), found 404
REQUEST		T20_Home	1682421474116	1682421474415	KO	status.find.in([200, 209], 304), found 404
REQUEST		T20_Home	1682421474123	1682421474420	KO	status.find.in([200, 209], 304), found 404
REQUEST		T20_Home	1682421474103	1682421474421	KO	status.find.in([200, 209], 304), found 404
REQUEST		T20_Home	1682421474121	1682421474422	KO	status.find.in([200, 209], 304), found 404
REQUEST		T20_Home	1682421474100	1682421474421	KO	status.find.in([200, 209], 304), found 404
REQUEST		T20_Home	1682421474118	1682421474427	KO	status.find.in([200, 209], 304), found 404
REQUEST		T20_Home	1682421474114	1682421474431	KO	status.find.in([200, 209], 304), found 404
REQUEST		T20_Home	1682421474119	1682421474431	KO	status.find.in([200, 209], 304), found 404
USER	MultipleRequests	END	1682421474433
USER	MultipleRequests	END	1682421474433
USER	MultipleRequests	END	1682421474433
USER	MultipleRequests	END	1682421474434
USER	MultipleRequests	END	1682421474434
USER	MultipleRequests	END	1682421474434
USER	MultipleRequests	END	1682421474434
USER	MultipleRequests	END	1682421474434
USER	MultipleRequests	END	1682421474434
REQUEST		T10_Home	1682421471589	1682421474440	OK	 
REQUEST		T20_Home	1682421474129	1682421474441	KO	status.find.in([200, 209], 304), found 404
USER	MultipleRequests	END	1682421474443
REQUEST		T20_Home	1682421474125	1682421474444	KO	status.find.in([200, 209], 304), found 404
REQUEST		T10_Home	1682421471741	1682421474444	OK	 
REQUEST		T10_Home	1682421471484	1682421474446	OK	 
REQUEST		T10_Home	1682421471758	1682421474449	OK	 
REQUEST		T10_Home	1682421471467	1682421474450	OK	 
REQUEST		T10_Home	1682421471814	1682421474451	OK	 
REQUEST		T10_Home	1682421471429	1682421474452	OK	 
REQUEST		T20_Home	1682421474109	1682421474454	KO	status.find.in([200, 209], 304), found 404
REQUEST		T10_Home	1682421471787	1682421474455	OK	 
REQUEST		T10_Home	1682421471782	1682421474457	OK	 
REQUEST		T10_Home	1682421471597	1682421474459	OK	 
REQUEST		T10_Home	1682421471741	1682421474462	OK	 
REQUEST		T10_Home	1682421471737	1682421474461	OK	 
REQUEST		T10_Home	1682421471772	1682421474464	OK	 
REQUEST		T10_Home	1682421471590	1682421474465	OK	 
REQUEST		T10_Home	1682421471746	1682421474466	OK	 
REQUEST		T10_Home	1682421471803	1682421474467	OK	 
REQUEST		T20_Home	1682421473896	1682421474467	KO	status.find.in([200, 209], 304), found 404
USER	MultipleRequests	END	1682421474471
USER	MultipleRequests	END	1682421474471
USER	MultipleRequests	END	1682421474471
REQUEST		T10_Home	1682421471769	1682421474470	OK	 
REQUEST		T20_Home	1682421473960	1682421474502	KO	status.find.in([200, 209], 304), found 404
USER	MultipleRequests	END	1682421474503
REQUEST		T20_Home	1682421474152	1682421474508	KO	status.find.in([200, 209], 304), found 404
USER	MultipleRequests	END	1682421474510
REQUEST		T20_Home	1682421474161	1682421474514	KO	status.find.in([200, 209], 304), found 404
USER	MultipleRequests	END	1682421474515
REQUEST		T20_Home	1682421474159	1682421474517	KO	status.find.in([200, 209], 304), found 404
USER	MultipleRequests	END	1682421474518
REQUEST		T20_Home	1682421474156	1682421474518	KO	status.find.in([200, 209], 304), found 404
USER	MultipleRequests	END	1682421474520
REQUEST		T20_Home	1682421474154	1682421474520	KO	status.find.in([200, 209], 304), found 404
REQUEST		T20_Home	1682421473951	1682421474521	KO	status.find.in([200, 209], 304), found 404
USER	MultipleRequests	END	1682421474523
USER	MultipleRequests	END	1682421474523
REQUEST		T20_Home	1682421474154	1682421474524	KO	status.find.in([200, 209], 304), found 404
REQUEST		T20_Home	1682421473979	1682421474525	KO	status.find.in([200, 209], 304), found 404
REQUEST		T20_Home	1682421474152	1682421474526	KO	status.find.in([200, 209], 304), found 404
USER	MultipleRequests	END	1682421474527
USER	MultipleRequests	END	1682421474527
USER	MultipleRequests	END	1682421474527
REQUEST		T10_Home	1682421471736	1682421474532	OK	 
REQUEST		T20_Home	1682421474153	1682421474538	KO	status.find.in([200, 209], 304), found 404
USER	MultipleRequests	END	1682421474539
REQUEST		T20_Home	1682421473952	1682421474541	KO	status.find.in([200, 209], 304), found 404
REQUEST		T10_Home	1682421471587	1682421474541	OK	 
REQUEST		T10_Home	1682421471561	1682421474542	OK	 
REQUEST		T10_Home	1682421471625	1682421474542	OK	 
USER	MultipleRequests	END	1682421474544
REQUEST		T10_Home	1682421471726	1682421474548	OK	 
REQUEST		T10_Home	1682421471595	1682421474548	OK	 
REQUEST		T10_Home	1682421471823	1682421474548	OK	 
REQUEST		T10_Home	1682421471646	1682421474549	OK	 
REQUEST		T10_Home	1682421471771	1682421474549	OK	 
REQUEST		T10_Home	1682421471747	1682421474550	OK	 
REQUEST		T10_Home	1682421471763	1682421474549	OK	 
REQUEST		T10_Home	1682421471650	1682421474550	OK	 
REQUEST		T10_Home	1682421471807	1682421474551	OK	 
REQUEST		T10_Home	1682421471774	1682421474552	OK	 
REQUEST		T10_Home	1682421471875	1682421474552	OK	 
REQUEST		T10_Home	1682421471554	1682421474553	OK	 
REQUEST		T10_Home	1682421471469	1682421474553	OK	 
REQUEST		T10_Home	1682421471563	1682421474554	OK	 
REQUEST		T10_Home	1682421471798	1682421474554	OK	 
REQUEST		T20_Home	1682421474289	1682421474604	KO	status.find.in([200, 209], 304), found 404
REQUEST		T20_Home	1682421474304	1682421474604	KO	status.find.in([200, 209], 304), found 404
USER	MultipleRequests	END	1682421474606
USER	MultipleRequests	END	1682421474606
REQUEST		T20_Home	1682421474322	1682421474612	KO	status.find.in([200, 209], 304), found 404
REQUEST		T20_Home	1682421474291	1682421474611	KO	status.find.in([200, 209], 304), found 404
USER	MultipleRequests	END	1682421474613
USER	MultipleRequests	END	1682421474613
REQUEST		T20_Home	1682421474152	1682421474614	KO	status.find.in([200, 209], 304), found 404
USER	MultipleRequests	END	1682421474615
REQUEST		T20_Home	1682421474287	1682421474617	KO	status.find.in([200, 209], 304), found 404
REQUEST		T20_Home	1682421474287	1682421474617	KO	status.find.in([200, 209], 304), found 404
REQUEST		T20_Home	1682421474158	1682421474617	KO	status.find.in([200, 209], 304), found 404
REQUEST		T20_Home	1682421474291	1682421474618	KO	status.find.in([200, 209], 304), found 404
REQUEST		T20_Home	1682421474288	1682421474619	KO	status.find.in([200, 209], 304), found 404
REQUEST		T20_Home	1682421474156	1682421474620	KO	status.find.in([200, 209], 304), found 404
REQUEST		T20_Home	1682421474126	1682421474621	KO	status.find.in([200, 209], 304), found 404
USER	MultipleRequests	END	1682421474622
USER	MultipleRequests	END	1682421474622
USER	MultipleRequests	END	1682421474622
USER	MultipleRequests	END	1682421474622
USER	MultipleRequests	END	1682421474622
USER	MultipleRequests	END	1682421474623
USER	MultipleRequests	END	1682421474623
REQUEST		T20_Home	1682421474294	1682421474622	KO	status.find.in([200, 209], 304), found 404
REQUEST		T20_Home	1682421473978	1682421474624	KO	status.find.in([200, 209], 304), found 404
USER	MultipleRequests	END	1682421474625
USER	MultipleRequests	END	1682421474625
REQUEST		T10_Home	1682421471556	1682421474629	OK	 
REQUEST		T10_Home	1682421471597	1682421474632	OK	 
REQUEST		T10_Home	1682421471565	1682421474633	OK	 
REQUEST		T10_Home	1682421471642	1682421474635	OK	 
REQUEST		T10_Home	1682421471730	1682421474636	OK	 
REQUEST		T10_Home	1682421471740	1682421474638	OK	 
REQUEST		T10_Home	1682421471516	1682421474640	OK	 
REQUEST		T20_Home	1682421474322	1682421474641	KO	status.find.in([200, 209], 304), found 404
REQUEST		T10_Home	1682421471734	1682421474644	OK	 
REQUEST		T10_Home	1682421471788	1682421474646	OK	 
REQUEST		T10_Home	1682421471779	1682421474647	OK	 
REQUEST		T10_Home	1682421471602	1682421474646	OK	 
REQUEST		T10_Home	1682421471773	1682421474651	OK	 
REQUEST		T10_Home	1682421471786	1682421474652	OK	 
REQUEST		T10_Home	1682421471771	1682421474654	OK	 
REQUEST		T20_Home	1682421473955	1682421474650	KO	status.find.in([200, 209], 304), found 404
REQUEST		T10_Home	1682421471740	1682421474655	OK	 
REQUEST		T10_Home	1682421471559	1682421474655	OK	 
REQUEST		T10_Home	1682421471739	1682421474656	OK	 
REQUEST		T10_Home	1682421471738	1682421474657	OK	 
REQUEST		T10_Home	1682421471728	1682421474657	OK	 
REQUEST		T10_Home	1682421471730	1682421474659	OK	 
REQUEST		T10_Home	1682421471757	1682421474649	OK	 
REQUEST		T10_Home	1682421471432	1682421474660	OK	 
REQUEST		T10_Home	1682421471748	1682421474661	OK	 
REQUEST		T10_Home	1682421471692	1682421474662	OK	 
USER	MultipleRequests	END	1682421474664
USER	MultipleRequests	END	1682421474664
REQUEST		T20_Home	1682421473946	1682421474708	KO	status.find.in([200, 209], 304), found 404
USER	MultipleRequests	END	1682421474710
REQUEST		T10_Home	1682421471792	1682421474725	OK	 
REQUEST		T10_Home	1682421471800	1682421474731	OK	 
REQUEST		T10_Home	1682421471799	1682421474733	OK	 
REQUEST		T10_Home	1682421471816	1682421474733	OK	 
REQUEST		T10_Home	1682421471659	1682421474734	OK	 
REQUEST		T10_Home	1682421471811	1682421474736	OK	 
REQUEST		T10_Home	1682421471731	1682421474736	OK	 
REQUEST		T10_Home	1682421471877	1682421474737	OK	 
REQUEST		T10_Home	1682421471806	1682421474737	OK	 
REQUEST		T10_Home	1682421471592	1682421474738	OK	 
REQUEST		T10_Home	1682421471769	1682421474738	OK	 
REQUEST		T10_Home	1682421471599	1682421474739	OK	 
REQUEST		T10_Home	1682421471734	1682421474739	OK	 
REQUEST		T10_Home	1682421471765	1682421474740	OK	 
REQUEST		T10_Home	1682421471754	1682421474741	OK	 
REQUEST		T10_Home	1682421471777	1682421474742	OK	 
REQUEST		T20_Home	1682421474448	1682421474805	KO	status.find.in([200, 209], 304), found 404
USER	MultipleRequests	END	1682421474806
REQUEST		T20_Home	1682421474451	1682421474806	KO	status.find.in([200, 209], 304), found 404
USER	MultipleRequests	END	1682421474807
REQUEST		T20_Home	1682421474441	1682421474813	KO	status.find.in([200, 209], 304), found 404
REQUEST		T20_Home	1682421474448	1682421474816	KO	status.find.in([200, 209], 304), found 404
USER	MultipleRequests	END	1682421474818
USER	MultipleRequests	END	1682421474818
REQUEST		T10_Home	1682421471791	1682421474821	OK	 
REQUEST		T10_Home	1682421471764	1682421474832	OK	 
REQUEST		T10_Home	1682421471723	1682421474858	OK	 
REQUEST		T10_Home	1682421471725	1682421474862	OK	 
REQUEST		T10_Home	1682421471659	1682421474862	OK	 
REQUEST		T10_Home	1682421471592	1682421474863	OK	 
REQUEST		T10_Home	1682421471661	1682421474863	OK	 
REQUEST		T10_Home	1682421471493	1682421474864	OK	 
REQUEST		T10_Home	1682421471471	1682421474865	OK	 
REQUEST		T10_Home	1682421471561	1682421474866	OK	 
REQUEST		T10_Home	1682421471750	1682421474866	OK	 
REQUEST		T10_Home	1682421471760	1682421474868	OK	 
REQUEST		T10_Home	1682421471809	1682421474868	OK	 
REQUEST		T10_Home	1682421471835	1682421474869	OK	 
REQUEST		T10_Home	1682421471776	1682421474875	OK	 
REQUEST		T10_Home	1682421471807	1682421474875	OK	 
REQUEST		T10_Home	1682421471722	1682421474876	OK	 
REQUEST		T10_Home	1682421471721	1682421474877	OK	 
REQUEST		T10_Home	1682421471651	1682421474883	OK	 
REQUEST		T10_Home	1682421471662	1682421474885	OK	 
REQUEST		T10_Home	1682421471801	1682421474883	OK	 
REQUEST		T10_Home	1682421471751	1682421474886	OK	 
REQUEST		T10_Home	1682421471581	1682421474887	OK	 
REQUEST		T10_Home	1682421471727	1682421474892	OK	 
REQUEST		T10_Home	1682421471526	1682421474892	OK	 
REQUEST		T10_Home	1682421471593	1682421474893	OK	 
REQUEST		T10_Home	1682421471753	1682421474893	OK	 
REQUEST		T20_Home	1682421474459	1682421474900	KO	status.find.in([200, 209], 304), found 404
USER	MultipleRequests	END	1682421474901
REQUEST		T20_Home	1682421474549	1682421474905	KO	status.find.in([200, 209], 304), found 404
USER	MultipleRequests	END	1682421474908
REQUEST		T20_Home	1682421474552	1682421474908	KO	status.find.in([200, 209], 304), found 404
USER	MultipleRequests	END	1682421474909
REQUEST		T20_Home	1682421474467	1682421474924	KO	status.find.in([200, 209], 304), found 404
USER	MultipleRequests	END	1682421474925
REQUEST		T20_Home	1682421474454	1682421474932	KO	status.find.in([200, 209], 304), found 404
REQUEST		T20_Home	1682421474471	1682421474933	KO	status.find.in([200, 209], 304), found 404
REQUEST		T20_Home	1682421474463	1682421474935	KO	status.find.in([200, 209], 304), found 404
REQUEST		T20_Home	1682421474463	1682421474935	KO	status.find.in([200, 209], 304), found 404
REQUEST		T20_Home	1682421474533	1682421474935	KO	status.find.in([200, 209], 304), found 404
REQUEST		T20_Home	1682421474551	1682421474943	KO	status.find.in([200, 209], 304), found 404
REQUEST		T10_Home	1682421471733	1682421474944	OK	 
REQUEST		T10_Home	1682421471781	1682421474945	OK	 
REQUEST		T10_Home	1682421471770	1682421474946	OK	 
REQUEST		T20_Home	1682421474549	1682421474945	KO	status.find.in([200, 209], 304), found 404
REQUEST		T20_Home	1682421474453	1682421474947	KO	status.find.in([200, 209], 304), found 404
REQUEST		T10_Home	1682421471716	1682421474948	OK	 
REQUEST		T10_Home	1682421471761	1682421474949	OK	 
REQUEST		T20_Home	1682421474461	1682421474949	KO	status.find.in([200, 209], 304), found 404
REQUEST		T10_Home	1682421471789	1682421474951	OK	 
USER	MultipleRequests	END	1682421474952
USER	MultipleRequests	END	1682421474952
USER	MultipleRequests	END	1682421474952
USER	MultipleRequests	END	1682421474952
USER	MultipleRequests	END	1682421474952
USER	MultipleRequests	END	1682421474952
USER	MultipleRequests	END	1682421474952
USER	MultipleRequests	END	1682421474952
USER	MultipleRequests	END	1682421474953
REQUEST		T10_Home	1682421471755	1682421474952	OK	 
REQUEST		T20_Home	1682421474541	1682421474955	KO	status.find.in([200, 209], 304), found 404
REQUEST		T10_Home	1682421471720	1682421474956	OK	 
USER	MultipleRequests	END	1682421474957
REQUEST		T10_Home	1682421471717	1682421474957	OK	 
REQUEST		T10_Home	1682421471607	1682421474959	OK	 
REQUEST		T10_Home	1682421471735	1682421474960	OK	 
REQUEST		T20_Home	1682421474632	1682421475003	KO	status.find.in([200, 209], 304), found 404
REQUEST		T20_Home	1682421474554	1682421475005	KO	status.find.in([200, 209], 304), found 404
REQUEST		T20_Home	1682421474652	1682421475005	KO	status.find.in([200, 209], 304), found 404
REQUEST		T20_Home	1682421474549	1682421475006	KO	status.find.in([200, 209], 304), found 404
REQUEST		T20_Home	1682421474650	1682421475008	KO	status.find.in([200, 209], 304), found 404
REQUEST		T20_Home	1682421474453	1682421475009	KO	status.find.in([200, 209], 304), found 404
REQUEST		T20_Home	1682421474653	1682421475011	KO	status.find.in([200, 209], 304), found 404
REQUEST		T20_Home	1682421474658	1682421475011	KO	status.find.in([200, 209], 304), found 404
REQUEST		T20_Home	1682421474543	1682421475012	KO	status.find.in([200, 209], 304), found 404
REQUEST		T20_Home	1682421474662	1682421475013	KO	status.find.in([200, 209], 304), found 404
REQUEST		T20_Home	1682421474637	1682421475015	KO	status.find.in([200, 209], 304), found 404
REQUEST		T20_Home	1682421474658	1682421475017	KO	status.find.in([200, 209], 304), found 404
REQUEST		T20_Home	1682421474548	1682421475017	KO	status.find.in([200, 209], 304), found 404
REQUEST		T20_Home	1682421474650	1682421475018	KO	status.find.in([200, 209], 304), found 404
USER	MultipleRequests	END	1682421475020
USER	MultipleRequests	END	1682421475020
USER	MultipleRequests	END	1682421475020
USER	MultipleRequests	END	1682421475020
USER	MultipleRequests	END	1682421475020
USER	MultipleRequests	END	1682421475020
USER	MultipleRequests	END	1682421475020
USER	MultipleRequests	END	1682421475020
USER	MultipleRequests	END	1682421475020
USER	MultipleRequests	END	1682421475020
USER	MultipleRequests	END	1682421475020
USER	MultipleRequests	END	1682421475020
USER	MultipleRequests	END	1682421475020
USER	MultipleRequests	END	1682421475020
REQUEST		T20_Home	1682421474465	1682421475025	KO	status.find.in([200, 209], 304), found 404
REQUEST		T10_Home	1682421471641	1682421475027	OK	 
REQUEST		T20_Home	1682421474548	1682421475028	KO	status.find.in([200, 209], 304), found 404
REQUEST		T10_Home	1682421471737	1682421475029	OK	 
REQUEST		T10_Home	1682421471731	1682421475030	OK	 
REQUEST		T10_Home	1682421471559	1682421475031	OK	 
REQUEST		T20_Home	1682421474657	1682421475032	KO	status.find.in([200, 209], 304), found 404
REQUEST		T10_Home	1682421471795	1682421475033	OK	 
REQUEST		T10_Home	1682421471358	1682421475035	OK	 
REQUEST		T10_Home	1682421471519	1682421475036	OK	 
USER	MultipleRequests	END	1682421475038
USER	MultipleRequests	END	1682421475038
USER	MultipleRequests	END	1682421475038
REQUEST		T20_Home	1682421474456	1682421475100	KO	status.find.in([200, 209], 304), found 404
USER	MultipleRequests	END	1682421475102
REQUEST		T20_Home	1682421474654	1682421475103	KO	status.find.in([200, 209], 304), found 404
USER	MultipleRequests	END	1682421475105
REQUEST		T20_Home	1682421474466	1682421475121	KO	status.find.in([200, 209], 304), found 404
REQUEST		T20_Home	1682421474742	1682421475121	KO	status.find.in([200, 209], 304), found 404
USER	MultipleRequests	END	1682421475123
USER	MultipleRequests	END	1682421475124
REQUEST		T20_Home	1682421474743	1682421475124	KO	status.find.in([200, 209], 304), found 404
REQUEST		T20_Home	1682421474822	1682421475126	KO	status.find.in([200, 209], 304), found 404
REQUEST		T20_Home	1682421474740	1682421475127	KO	status.find.in([200, 209], 304), found 404
REQUEST		T20_Home	1682421474733	1682421475129	KO	status.find.in([200, 209], 304), found 404
REQUEST		T20_Home	1682421474645	1682421475127	KO	status.find.in([200, 209], 304), found 404
REQUEST		T20_Home	1682421474552	1682421475129	KO	status.find.in([200, 209], 304), found 404
REQUEST		T20_Home	1682421474468	1682421475131	KO	status.find.in([200, 209], 304), found 404
REQUEST		T20_Home	1682421474736	1682421475132	KO	status.find.in([200, 209], 304), found 404
REQUEST		T20_Home	1682421474636	1682421475133	KO	status.find.in([200, 209], 304), found 404
REQUEST		T20_Home	1682421474554	1682421475135	KO	status.find.in([200, 209], 304), found 404
REQUEST		T20_Home	1682421474656	1682421475136	KO	status.find.in([200, 209], 304), found 404
REQUEST		T10_Home	1682421471590	1682421475139	OK	 
REQUEST		T20_Home	1682421474639	1682421475139	KO	status.find.in([200, 209], 304), found 404
REQUEST		T20_Home	1682421474660	1682421475135	KO	status.find.in([200, 209], 304), found 404
REQUEST		T20_Home	1682421474634	1682421475141	KO	status.find.in([200, 209], 304), found 404
REQUEST		T20_Home	1682421474555	1682421475143	KO	status.find.in([200, 209], 304), found 404
REQUEST		T20_Home	1682421474640	1682421475143	KO	status.find.in([200, 209], 304), found 404
REQUEST		T20_Home	1682421474740	1682421475145	KO	status.find.in([200, 209], 304), found 404
REQUEST		T20_Home	1682421474544	1682421475146	KO	status.find.in([200, 209], 304), found 404
REQUEST		T20_Home	1682421474630	1682421475148	KO	status.find.in([200, 209], 304), found 404
REQUEST		T10_Home	1682421471478	1682421475148	OK	 
REQUEST		T20_Home	1682421474738	1682421475150	KO	status.find.in([200, 209], 304), found 404
REQUEST		T10_Home	1682421471620	1682421475152	OK	 
REQUEST		T10_Home	1682421471589	1682421475153	OK	 
REQUEST		T10_Home	1682421471520	1682421475154	OK	 
REQUEST		T20_Home	1682421474862	1682421475156	KO	status.find.in([200, 209], 304), found 404
REQUEST		T10_Home	1682421471727	1682421475156	OK	 
REQUEST		T20_Home	1682421474863	1682421475158	KO	status.find.in([200, 209], 304), found 404
REQUEST		T10_Home	1682421471576	1682421475158	OK	 
REQUEST		T20_Home	1682421474862	1682421475160	KO	status.find.in([200, 209], 304), found 404
REQUEST		T20_Home	1682421474865	1682421475161	KO	status.find.in([200, 209], 304), found 404
REQUEST		T20_Home	1682421474858	1682421475162	KO	status.find.in([200, 209], 304), found 404
REQUEST		T10_Home	1682421471574	1682421475164	OK	 
REQUEST		T20_Home	1682421474739	1682421475164	KO	status.find.in([200, 209], 304), found 404
REQUEST		T20_Home	1682421474863	1682421475166	KO	status.find.in([200, 209], 304), found 404
REQUEST		T20_Home	1682421474659	1682421475166	KO	status.find.in([200, 209], 304), found 404
REQUEST		T20_Home	1682421474833	1682421475167	KO	status.find.in([200, 209], 304), found 404
REQUEST		T20_Home	1682421474737	1682421475168	KO	status.find.in([200, 209], 304), found 404
REQUEST		T20_Home	1682421474737	1682421475168	KO	status.find.in([200, 209], 304), found 404
REQUEST		T10_Home	1682421471767	1682421475169	OK	 
REQUEST		T20_Home	1682421474663	1682421475170	KO	status.find.in([200, 209], 304), found 404
REQUEST		T20_Home	1682421474738	1682421475170	KO	status.find.in([200, 209], 304), found 404
REQUEST		T20_Home	1682421474732	1682421475170	KO	status.find.in([200, 209], 304), found 404
REQUEST		T20_Home	1682421474736	1682421475171	KO	status.find.in([200, 209], 304), found 404
REQUEST		T20_Home	1682421474553	1682421475172	KO	status.find.in([200, 209], 304), found 404
REQUEST		T20_Home	1682421474726	1682421475172	KO	status.find.in([200, 209], 304), found 404
REQUEST		T20_Home	1682421474733	1682421475173	KO	status.find.in([200, 209], 304), found 404
REQUEST		T10_Home	1682421471778	1682421475174	OK	 
REQUEST		T10_Home	1682421471783	1682421475174	OK	 
REQUEST		T10_Home	1682421471735	1682421475175	OK	 
REQUEST		T20_Home	1682421474661	1682421475175	KO	status.find.in([200, 209], 304), found 404
REQUEST		T10_Home	1682421471796	1682421475176	OK	 
REQUEST		T20_Home	1682421474735	1682421475177	KO	status.find.in([200, 209], 304), found 404
REQUEST		T10_Home	1682421471743	1682421475177	OK	 
REQUEST		T20_Home	1682421474656	1682421475178	KO	status.find.in([200, 209], 304), found 404
REQUEST		T20_Home	1682421474551	1682421475178	KO	status.find.in([200, 209], 304), found 404
REQUEST		T20_Home	1682421474648	1682421475179	KO	status.find.in([200, 209], 304), found 404
REQUEST		T20_Home	1682421474553	1682421475180	KO	status.find.in([200, 209], 304), found 404
REQUEST		T10_Home	1682421471655	1682421475180	OK	 
REQUEST		T10_Home	1682421471874	1682421475181	OK	 
REQUEST		T10_Home	1682421471719	1682421475182	OK	 
REQUEST		T10_Home	1682421471785	1682421475183	OK	 
REQUEST		T20_Home	1682421474555	1682421475184	KO	status.find.in([200, 209], 304), found 404
REQUEST		T20_Home	1682421474865	1682421475188	KO	status.find.in([200, 209], 304), found 404
USER	MultipleRequests	END	1682421475196
USER	MultipleRequests	END	1682421475196
USER	MultipleRequests	END	1682421475196
USER	MultipleRequests	END	1682421475196
USER	MultipleRequests	END	1682421475196
USER	MultipleRequests	END	1682421475196
USER	MultipleRequests	END	1682421475196
USER	MultipleRequests	END	1682421475196
USER	MultipleRequests	END	1682421475196
USER	MultipleRequests	END	1682421475196
USER	MultipleRequests	END	1682421475196
USER	MultipleRequests	END	1682421475196
USER	MultipleRequests	END	1682421475196
USER	MultipleRequests	END	1682421475196
USER	MultipleRequests	END	1682421475196
USER	MultipleRequests	END	1682421475197
USER	MultipleRequests	END	1682421475197
USER	MultipleRequests	END	1682421475197
USER	MultipleRequests	END	1682421475197
USER	MultipleRequests	END	1682421475197
USER	MultipleRequests	END	1682421475197
USER	MultipleRequests	END	1682421475197
USER	MultipleRequests	END	1682421475197
USER	MultipleRequests	END	1682421475197
USER	MultipleRequests	END	1682421475197
USER	MultipleRequests	END	1682421475197
USER	MultipleRequests	END	1682421475197
USER	MultipleRequests	END	1682421475197
USER	MultipleRequests	END	1682421475197
USER	MultipleRequests	END	1682421475197
USER	MultipleRequests	END	1682421475197
USER	MultipleRequests	END	1682421475197
USER	MultipleRequests	END	1682421475197
USER	MultipleRequests	END	1682421475197
USER	MultipleRequests	END	1682421475197
USER	MultipleRequests	END	1682421475197
USER	MultipleRequests	END	1682421475197
USER	MultipleRequests	END	1682421475197
USER	MultipleRequests	END	1682421475197
USER	MultipleRequests	END	1682421475197
USER	MultipleRequests	END	1682421475198
USER	MultipleRequests	END	1682421475198
USER	MultipleRequests	END	1682421475198
USER	MultipleRequests	END	1682421475198
USER	MultipleRequests	END	1682421475198
USER	MultipleRequests	END	1682421475198
REQUEST		T20_Home	1682421474868	1682421475200	KO	status.find.in([200, 209], 304), found 404
REQUEST		T20_Home	1682421474867	1682421475203	KO	status.find.in([200, 209], 304), found 404
REQUEST		T10_Home	1682421471858	1682421475205	OK	 
USER	MultipleRequests	END	1682421475208
REQUEST		T20_Home	1682421474884	1682421475208	KO	status.find.in([200, 209], 304), found 404
REQUEST		T20_Home	1682421474886	1682421475209	KO	status.find.in([200, 209], 304), found 404
REQUEST		T20_Home	1682421474893	1682421475210	KO	status.find.in([200, 209], 304), found 404
REQUEST		T20_Home	1682421474887	1682421475211	KO	status.find.in([200, 209], 304), found 404
REQUEST		T20_Home	1682421474885	1682421475212	KO	status.find.in([200, 209], 304), found 404
REQUEST		T20_Home	1682421474875	1682421475212	KO	status.find.in([200, 209], 304), found 404
USER	MultipleRequests	END	1682421475212
USER	MultipleRequests	END	1682421475212
USER	MultipleRequests	END	1682421475212
USER	MultipleRequests	END	1682421475212
USER	MultipleRequests	END	1682421475212
REQUEST		T20_Home	1682421474888	1682421475212	KO	status.find.in([200, 209], 304), found 404
REQUEST		T10_Home	1682421471793	1682421475212	OK	 
REQUEST		T20_Home	1682421474867	1682421475213	KO	status.find.in([200, 209], 304), found 404
REQUEST		T20_Home	1682421474893	1682421475213	KO	status.find.in([200, 209], 304), found 404
REQUEST		T20_Home	1682421474893	1682421475215	KO	status.find.in([200, 209], 304), found 404
REQUEST		T20_Home	1682421474869	1682421475216	KO	status.find.in([200, 209], 304), found 404
USER	MultipleRequests	END	1682421475217
USER	MultipleRequests	END	1682421475217
USER	MultipleRequests	END	1682421475217
USER	MultipleRequests	END	1682421475217
USER	MultipleRequests	END	1682421475217
REQUEST		T20_Home	1682421474868	1682421475217	KO	status.find.in([200, 209], 304), found 404
USER	MultipleRequests	END	1682421475217
USER	MultipleRequests	END	1682421475221
REQUEST		T20_Home	1682421474877	1682421475222	KO	status.find.in([200, 209], 304), found 404
USER	MultipleRequests	END	1682421475223
USER	MultipleRequests	END	1682421475223
REQUEST		T20_Home	1682421474875	1682421475223	KO	status.find.in([200, 209], 304), found 404
USER	MultipleRequests	END	1682421475224
REQUEST		T20_Home	1682421474893	1682421475224	KO	status.find.in([200, 209], 304), found 404
USER	MultipleRequests	END	1682421475226
REQUEST		T20_Home	1682421474876	1682421475238	KO	status.find.in([200, 209], 304), found 404
USER	MultipleRequests	END	1682421475238
REQUEST		T20_Home	1682421474953	1682421475332	KO	status.find.in([200, 209], 304), found 404
REQUEST		T20_Home	1682421475030	1682421475333	KO	status.find.in([200, 209], 304), found 404
REQUEST		T20_Home	1682421474952	1682421475333	KO	status.find.in([200, 209], 304), found 404
REQUEST		T20_Home	1682421474949	1682421475336	KO	status.find.in([200, 209], 304), found 404
REQUEST		T20_Home	1682421475029	1682421475336	KO	status.find.in([200, 209], 304), found 404
REQUEST		T20_Home	1682421474949	1682421475336	KO	status.find.in([200, 209], 304), found 404
REQUEST		T20_Home	1682421475034	1682421475338	KO	status.find.in([200, 209], 304), found 404
REQUEST		T20_Home	1682421475033	1682421475338	KO	status.find.in([200, 209], 304), found 404
REQUEST		T20_Home	1682421475030	1682421475338	KO	status.find.in([200, 209], 304), found 404
REQUEST		T20_Home	1682421475035	1682421475340	KO	status.find.in([200, 209], 304), found 404
REQUEST		T20_Home	1682421474958	1682421475341	KO	status.find.in([200, 209], 304), found 404
REQUEST		T20_Home	1682421474944	1682421475342	KO	status.find.in([200, 209], 304), found 404
REQUEST		T20_Home	1682421474960	1682421475344	KO	status.find.in([200, 209], 304), found 404
REQUEST		T20_Home	1682421475036	1682421475343	KO	status.find.in([200, 209], 304), found 404
REQUEST		T20_Home	1682421474959	1682421475346	KO	status.find.in([200, 209], 304), found 404
USER	MultipleRequests	END	1682421475348
USER	MultipleRequests	END	1682421475349
USER	MultipleRequests	END	1682421475349
USER	MultipleRequests	END	1682421475349
USER	MultipleRequests	END	1682421475349
REQUEST		T20_Home	1682421474957	1682421475348	KO	status.find.in([200, 209], 304), found 404
USER	MultipleRequests	END	1682421475349
USER	MultipleRequests	END	1682421475349
USER	MultipleRequests	END	1682421475349
USER	MultipleRequests	END	1682421475349
REQUEST		T20_Home	1682421474946	1682421475349	KO	status.find.in([200, 209], 304), found 404
USER	MultipleRequests	END	1682421475349
USER	MultipleRequests	END	1682421475349
USER	MultipleRequests	END	1682421475349
USER	MultipleRequests	END	1682421475349
USER	MultipleRequests	END	1682421475349
USER	MultipleRequests	END	1682421475349
USER	MultipleRequests	END	1682421475352
REQUEST		T20_Home	1682421474951	1682421475351	KO	status.find.in([200, 209], 304), found 404
USER	MultipleRequests	END	1682421475352
USER	MultipleRequests	END	1682421475353
REQUEST		T20_Home	1682421475140	1682421475422	KO	status.find.in([200, 209], 304), found 404
REQUEST		T20_Home	1682421475150	1682421475424	KO	status.find.in([200, 209], 304), found 404
USER	MultipleRequests	END	1682421475425
USER	MultipleRequests	END	1682421475426
REQUEST		T20_Home	1682421475153	1682421475427	KO	status.find.in([200, 209], 304), found 404
USER	MultipleRequests	END	1682421475429
REQUEST		T20_Home	1682421475159	1682421475429	KO	status.find.in([200, 209], 304), found 404
USER	MultipleRequests	END	1682421475431
REQUEST		T20_Home	1682421475155	1682421475430	KO	status.find.in([200, 209], 304), found 404
REQUEST		T20_Home	1682421475157	1682421475432	KO	status.find.in([200, 209], 304), found 404
USER	MultipleRequests	END	1682421475434
USER	MultipleRequests	END	1682421475434
REQUEST		T20_Home	1682421475155	1682421475435	KO	status.find.in([200, 209], 304), found 404
USER	MultipleRequests	END	1682421475436
REQUEST		T20_Home	1682421475170	1682421475491	KO	status.find.in([200, 209], 304), found 404
USER	MultipleRequests	END	1682421475493
REQUEST		T20_Home	1682421475176	1682421475497	KO	status.find.in([200, 209], 304), found 404
REQUEST		T20_Home	1682421475175	1682421475497	KO	status.find.in([200, 209], 304), found 404
REQUEST		T20_Home	1682421475165	1682421475497	KO	status.find.in([200, 209], 304), found 404
REQUEST		T20_Home	1682421475177	1682421475500	KO	status.find.in([200, 209], 304), found 404
REQUEST		T20_Home	1682421475178	1682421475500	KO	status.find.in([200, 209], 304), found 404
REQUEST		T20_Home	1682421475184	1682421475502	KO	status.find.in([200, 209], 304), found 404
REQUEST		T20_Home	1682421475181	1682421475503	KO	status.find.in([200, 209], 304), found 404
REQUEST		T20_Home	1682421475182	1682421475504	KO	status.find.in([200, 209], 304), found 404
USER	MultipleRequests	END	1682421475506
USER	MultipleRequests	END	1682421475506
USER	MultipleRequests	END	1682421475506
USER	MultipleRequests	END	1682421475506
USER	MultipleRequests	END	1682421475506
REQUEST		T20_Home	1682421475183	1682421475506	KO	status.find.in([200, 209], 304), found 404
USER	MultipleRequests	END	1682421475507
USER	MultipleRequests	END	1682421475507
USER	MultipleRequests	END	1682421475507
USER	MultipleRequests	END	1682421475508
REQUEST		T20_Home	1682421475175	1682421475508	KO	status.find.in([200, 209], 304), found 404
USER	MultipleRequests	END	1682421475510
REQUEST		T20_Home	1682421475206	1682421475510	KO	status.find.in([200, 209], 304), found 404
USER	MultipleRequests	END	1682421475513
REQUEST		T20_Home	1682421475213	1682421475514	KO	status.find.in([200, 209], 304), found 404
USER	MultipleRequests	END	1682421475516
