RUN	botiqueClass.Boutiquee	boutiquee	1681466853710	testdata	3.9.0
USER	Online Boutique Home Page	START	1681466855095
USER	Online Boutique Home Page	START	1681466855095
USER	MultipleRequests	START	1681466855096
USER	Online Boutique Home Page	START	1681466855096
USER	MultipleRequests	START	1681466855096
USER	MultipleRequests	START	1681466855094
REQUEST		T10_Home	1681466855091	1681466855565	OK	 
REQUEST		Too_Home	1681466855091	1681466855566	OK	 
REQUEST		Too_Home	1681466855091	1681466855567	OK	 
REQUEST		T10_Home	1681466855091	1681466855565	OK	 
REQUEST		Too_Home	1681466855091	1681466855567	OK	 
REQUEST		T10_Home	1681466855091	1681466855565	OK	 
USER	Online Boutique Home Page	END	1681466855615
USER	Online Boutique Home Page	END	1681466855615
USER	Online Boutique Home Page	END	1681466855615
REQUEST		T20_Home	1681466855612	1681466855901	KO	status.find.in([200, 209], 304), found 404
REQUEST		T20_Home	1681466855612	1681466855900	KO	status.find.in([200, 209], 304), found 404
REQUEST		T20_Home	1681466855612	1681466855900	KO	status.find.in([200, 209], 304), found 404
USER	MultipleRequests	END	1681466858909
USER	MultipleRequests	END	1681466858909
USER	MultipleRequests	END	1681466858910
